seed = -1
----------------------------------------------------------
runType=VPT2
model=GVPT2
----------------------------------------------------------

nFrequencies=3
VPT2 model : GVPT2

Gradients
END

Hessian
1 1      1642.7924150000
2 2      3833.9975130000
3 3      3943.9541210000
END

Cubic
1 1 1       392.7278850000
1 1 2       432.1510560000
1 1 3         1.5750560000
2 2 1      -116.2516770000
2 2 2     -1530.5279600000
2 2 3        -0.1885020000
3 3 1      -195.7283810000
3 3 2     -1539.6645480000
3 3 3        -0.0623970000
END

Quartic
1 1 1 1       143.0175610000
1 1 1 2        42.8620430000
1 1 1 3        -0.2026540000
2 2 1 1      -300.7051490000
2 2 2 1      -144.9470490000
2 2 2 2       459.4219610000
2 2 2 3        -0.0005110000
3 3 1 1      -311.7508370000
3 3 2 2       461.8092990000
3 3 3 1        -0.0513540000
3 3 3 2         0.0339760000
3 3 3 3       462.3011660000
END

Coriolis
END

Rotation constants
1         1.0000000000
2         1.0000000000
3         1.0000000000
END
nFrequencies=3
nDim=3
VPT2 Properties model : GVPT2 : Gaussian method

First derivatives
1 1        -1.0389030000
1 2        -0.7448480000
1 3        -0.8733810000
2 1        -1.1872920000
2 2        -0.8314230000
2 3         2.5624700000
3 1        -2.3971310000
3 2        -1.7155250000
3 3        -0.8877210000
END


Second derivatives
END


Cubic derivatives
1 2 2 3        -0.0000010000
1 2 3 2        -0.0000010000
1 2 3 3         0.0000010000
1 3 2 2        -0.0000010000
1 3 2 3         0.0000010000
1 3 3 2         0.0000010000
2 1 2 2         0.0000010000
2 1 3 3         0.0000010000
2 2 1 2         0.0000010000
2 2 2 1         0.0000010000
2 2 2 2         0.0000010000
2 2 3 3         0.0000010000
2 3 1 3         0.0000010000
2 3 2 3         0.0000010000
2 3 3 1         0.0000010000
2 3 3 2         0.0000010000
2 3 3 3        -0.0000020000
3 1 3 3         0.0000010000
3 2 3 3        -0.0000010000
3 3 1 3         0.0000010000
3 3 2 3        -0.0000010000
3 3 3 1         0.0000010000
3 3 3 2        -0.0000010000
3 3 3 3         0.0000010000
END

nFrequencies 3
nStates 10
State n 1	0 0 0 
State n 2	1 0 0 
State n 3	0 1 0 
State n 4	0 0 1 
State n 5	2 0 0 
State n 6	0 2 0 
State n 7	0 0 2 
State n 8	1 1 0 
State n 9	1 0 1 
State n 10	0 1 1 

Xkl (cm^-1) by VPT2+K model
1 1       -18.3916546967
1 2        13.7264792322
1 3       -24.1227260368
2 1        13.7264792322
2 2       -35.9340022894
2 3      -140.0427810951
3 1       -24.1227260368
3 2      -140.0427810951
3 3       -39.2888154601
END

C=19.473571

Diagonal of H (cm^-1) by VPT2+K model
     4649.3586494135         0.0000000000 
     6250.1696316178      1600.8109822043  1(1) 
     8348.3300069032      3698.9713574897  2(1) 
     8432.6523859274      3783.2937365139  3(1) 
     7814.1973044287      3164.8386550152  1(2) 
    11975.4333598139      7326.0747104004  2(2) 
    12137.3684915212      7488.0098421077  3(2) 
     9962.8674683397      5313.5088189262  1(1)  2(1) 
    10009.3406420949      5359.9819926814  1(1)  3(1) 
    11991.5809623220      7342.2223129084  2(1)  3(1) 
END


Resonance Matrix (cm^-1) by VPT2+K model
========================================
 Fermi Resonances terms :
 0 Fermi Resonances 
----------------------------------------------------------------------------------------------------

 Darling-Dennison Resonances terms :
 0 Darling-Dennison Resonances 
----------------------------------------------------------------------------------------------------

END



Results
========================
       E(harm)      E(anharm)     Mode(Quanta), Coef 
       -------      ---------     ---------------- 
    0.00000000     0.00000000     [ 1.000] 
 1642.79241500  1600.81098220     [ 1.000  1(1)] 
 3285.58483000  3164.83865502     [ 1.000  1(2)] 
 3833.99751300  3698.97135749     [ 1.000  2(1)] 
 3943.95412100  3783.29373651     [ 1.000  3(1)] 
 5476.78992800  5313.50881893     [ 1.000  1(1)  2(1)] 
 5586.74653600  5359.98199268     [ 1.000  1(1)  3(1)] 
 7667.99502600  7326.07471040     [ 1.000  2(2)] 
 7777.95163400  7342.22231291     [ 1.000  2(1)  3(1)] 
 7887.90824200  7488.00984211     [ 1.000  3(2)] 



Results With intensities
========================
       E(harm)      E(anharm)        I(harm)      I(anharm)     Coef Mode(Quanta) 
       -------      ---------        -------      ---------     ---------------- 
    0.00000000     0.00000000     0.00000000     0.00000000     [ 1.000] 
 1642.79241500  1600.81098220    66.68100252    67.91990809     [ 1.000  1(1)] 
 3285.58483000  3164.83865502     0.00000000     0.45054589     [ 1.000  1(2)] 
 3833.99751300  3698.97135749    33.91927367    31.54951252     [ 1.000  2(1)] 
 3943.95412100  3783.29373651    65.72455173    64.37948018     [ 1.000  3(1)] 
 5476.78992800  5313.50881893     0.00000000     0.01659498     [ 1.000  1(1)  2(1)] 
 5586.74653600  5359.98199268     0.00000000     0.10856532     [ 1.000  1(1)  3(1)] 
 7667.99502600  7326.07471040     0.00000000     0.31921328     [ 1.000  2(2)] 
 7777.95163400  7342.22231291     0.00000000     1.11688815     [ 1.000  2(1)  3(1)] 
 7887.90824200  7488.00984211     0.00000000     0.30539989     [ 1.000  3(2)] 



Results With intensities
========================

Fundamental Bands
-----------------
       E(harm)      E(anharm)        I(harm)      I(anharm)       Coef. Mode(Quanta) 
  ------------   ------------   ------------   ------------     -------------------- 
 1642.79241500  1600.81098220    66.68100252    67.91990809     [ 1.000  1(1)] 
 3833.99751300  3698.97135749    33.91927367    31.54951252     [ 1.000  2(1)] 
 3943.95412100  3783.29373651    65.72455173    64.37948018     [ 1.000  3(1)] 

Overtones
---------
       E(harm)      E(anharm)        I(harm)      I(anharm)       Coef. Mode(Quanta) 
  ------------   ------------   ------------   ------------     -------------------- 
 3285.58483000  3164.83865502     0.00000000     0.45054589     [ 1.000  1(2)] 
 7667.99502600  7326.07471040     0.00000000     0.31921328     [ 1.000  2(2)] 
 7887.90824200  7488.00984211     0.00000000     0.30539989     [ 1.000  3(2)] 

Combination Bands
----------------
       E(harm)      E(anharm)        I(harm)      I(anharm)       Coef. Mode(Quanta) 
  ------------   ------------   ------------   ------------     -------------------- 
 5476.78992800  5313.50881893     0.00000000     0.01659498     [ 1.000  1(1)  2(1)] 
 5586.74653600  5359.98199268     0.00000000     0.10856532     [ 1.000  1(1)  3(1)] 
 7777.95163400  7342.22231291     0.00000000     1.11688815     [ 1.000  2(1)  3(1)] 


