seed = -1
----------------------------------------------------------
runType=VPT2
model=GVPT2
----------------------------------------------------------

nFrequencies=3
VPT2 model : GVPT2

Gradients
END

Hessian
1 1      1642.7927630000
2 2      3833.9971290000
3 3      3943.9539900000
END

Cubic
1 1 1       392.7276220000
1 1 2       432.1510230000
1 1 3         1.5741680000
2 2 1      -116.2514780000
2 2 2     -1530.5282070000
2 2 3        -0.1839680000
3 3 1      -195.7279970000
3 3 2     -1539.6646900000
3 3 3        -0.0750630000
END

Quartic
1 1 1 1       143.0175570000
1 1 1 2        42.8619560000
1 1 1 3        -0.2018820000
2 2 1 1      -300.7051320000
2 2 2 1      -144.9469150000
2 2 2 2       459.4220650000
2 2 2 3         0.0019630000
3 3 1 1      -311.7508350000
3 3 2 2       461.8093730000
3 3 3 1        -0.0515850000
3 3 3 2         0.0312990000
3 3 3 3       462.3012250000
END

Coriolis
END

Rotation constants
1         1.0000000000
2         1.0000000000
3         1.0000000000
END
nFrequencies=3
nDim=3
VPT2 Properties model : GVPT2 : Gaussian method

First derivatives
1 1        -1.0389070000
1 2        -0.7448470000
1 3        -0.8733820000
2 1        -1.1872890000
2 2        -0.8314290000
2 3         2.5624670000
3 1        -2.3971310000
3 2        -1.7155220000
3 3        -0.8877260000
END


Second derivatives
END


Cubic derivatives
1 1 1 2        -0.0000010000
1 1 2 1        -0.0000010000
1 1 3 3         0.0000010000
1 2 1 1        -0.0000010000
1 2 2 2        -0.0000030000
1 2 3 3        -0.0000020000
1 3 1 3         0.0000010000
1 3 2 3        -0.0000020000
1 3 3 1         0.0000010000
1 3 3 2        -0.0000020000
1 3 3 3        -0.0000010000
2 1 1 1        -0.0000010000
2 1 2 2        -0.0000010000
2 1 3 3        -0.0000010000
2 2 1 2        -0.0000010000
2 2 2 1        -0.0000010000
2 2 2 2        -0.0000010000
2 2 3 3        -0.0000020000
2 3 1 3        -0.0000010000
2 3 2 3        -0.0000020000
2 3 3 1        -0.0000010000
2 3 3 2        -0.0000020000
2 3 3 3        -0.0000010000
3 2 2 2        -0.0000040000
3 2 3 3        -0.0000020000
3 3 2 3        -0.0000020000
3 3 3 2        -0.0000020000
END

nFrequencies 3
nStates 10
State n 1	0 0 0 
State n 2	1 0 0 
State n 3	0 1 0 
State n 4	0 0 1 
State n 5	2 0 0 
State n 6	0 2 0 
State n 7	0 0 2 
State n 8	1 1 0 
State n 9	1 0 1 
State n 10	0 1 1 

Xkl (cm^-1) by VPT2+K model
1 1       -18.3916583938
1 2        13.7265524804
1 3       -24.1227480764
2 1        13.7265524804
2 2       -35.9340189974
2 3      -140.0428208940
3 1       -24.1227480764
3 2      -140.0428208940
3 3       -39.2888206930
END

C=19.473560

Diagonal of H (cm^-1) by VPT2+K model
     4649.3585623565         0.0000000000 
     6250.1699107709      1600.8113484145  1(1) 
     8348.3295191548      3698.9709567984  2(1) 
     8432.6521264853      3783.2935641288  3(1) 
     7814.1979423978      3164.8393800414  1(2) 
    11975.4324379583      7326.0738756018  2(2) 
    12137.3680492281      7488.0094868716  3(2) 
     9962.8674200497      5313.5088576933  1(1)  2(1) 
    10009.3407268234      5359.9821644669  1(1)  3(1) 
    11991.5802623897      7342.2217000332  2(1)  3(1) 
END


Resonance Matrix (cm^-1) by VPT2+K model
========================================
 Fermi Resonances terms :
 0 Fermi Resonances 
----------------------------------------------------------------------------------------------------

 Darling-Dennison Resonances terms :
 0 Darling-Dennison Resonances 
----------------------------------------------------------------------------------------------------

END



Results
========================
       E(harm)      E(anharm)     Mode(Quanta), Coef 
       -------      ---------     ---------------- 
    0.00000000     0.00000000     [ 1.000] 
 1642.79276300  1600.81134841     [ 1.000  1(1)] 
 3285.58552600  3164.83938004     [ 1.000  1(2)] 
 3833.99712900  3698.97095680     [ 1.000  2(1)] 
 3943.95399000  3783.29356413     [ 1.000  3(1)] 
 5476.78989200  5313.50885769     [ 1.000  1(1)  2(1)] 
 5586.74675300  5359.98216447     [ 1.000  1(1)  3(1)] 
 7667.99425800  7326.07387560     [ 1.000  2(2)] 
 7777.95111900  7342.22170003     [ 1.000  2(1)  3(1)] 
 7887.90798000  7488.00948687     [ 1.000  3(2)] 



Results With intensities
========================
       E(harm)      E(anharm)        I(harm)      I(anharm)     Coef Mode(Quanta) 
       -------      ---------        -------      ---------     ---------------- 
    0.00000000     0.00000000     0.00000000     0.00000000     [ 1.000] 
 1642.79276300  1600.81134841    66.68101214    67.91991745     [ 1.000  1(1)] 
 3285.58552600  3164.83938004     0.00000000     0.45054880     [ 1.000  1(2)] 
 3833.99712900  3698.97095680    33.91925904    31.54949588     [ 1.000  2(1)] 
 3943.95399000  3783.29356413    65.72451326    64.37944200     [ 1.000  3(1)] 
 5476.78989200  5313.50885769     0.00000000     0.01659507     [ 1.000  1(1)  2(1)] 
 5586.74675300  5359.98216447     0.00000000     0.10856478     [ 1.000  1(1)  3(1)] 
 7667.99425800  7326.07387560     0.00000000     0.31921324     [ 1.000  2(2)] 
 7777.95111900  7342.22170003     0.00000000     1.11688789     [ 1.000  2(1)  3(1)] 
 7887.90798000  7488.00948687     0.00000000     0.30539976     [ 1.000  3(2)] 



Results With intensities
========================

Fundamental Bands
-----------------
       E(harm)      E(anharm)        I(harm)      I(anharm)       Coef. Mode(Quanta) 
  ------------   ------------   ------------   ------------     -------------------- 
 1642.79276300  1600.81134841    66.68101214    67.91991745     [ 1.000  1(1)] 
 3833.99712900  3698.97095680    33.91925904    31.54949588     [ 1.000  2(1)] 
 3943.95399000  3783.29356413    65.72451326    64.37944200     [ 1.000  3(1)] 

Overtones
---------
       E(harm)      E(anharm)        I(harm)      I(anharm)       Coef. Mode(Quanta) 
  ------------   ------------   ------------   ------------     -------------------- 
 3285.58552600  3164.83938004     0.00000000     0.45054880     [ 1.000  1(2)] 
 7667.99425800  7326.07387560     0.00000000     0.31921324     [ 1.000  2(2)] 
 7887.90798000  7488.00948687     0.00000000     0.30539976     [ 1.000  3(2)] 

Combination Bands
----------------
       E(harm)      E(anharm)        I(harm)      I(anharm)       Coef. Mode(Quanta) 
  ------------   ------------   ------------   ------------     -------------------- 
 5476.78989200  5313.50885769     0.00000000     0.01659507     [ 1.000  1(1)  2(1)] 
 5586.74675300  5359.98216447     0.00000000     0.10856478     [ 1.000  1(1)  3(1)] 
 7777.95111900  7342.22170003     0.00000000     1.11688789     [ 1.000  2(1)  3(1)] 


