seed = -1
----------------------------------------------------------
runType=VPT2
model=MOPAC
----------------------------------------------------------

nFrequencies=3
VPT2 model : GVPT2

Gradients
END

Hessian
1 1      1632.7707060000
2 2      3810.0418000000
3 3      3913.0694210000
END

Cubic
1 1 1       -81.6503180000
1 1 2       -72.2733850000
1 1 3        -0.0279800000
2 2 1      -387.2487990000
2 2 2       100.2607850000
2 2 3        -0.0279800000
3 3 1       -48.9097470000
3 3 2        29.0716400000
3 3 3        -0.0489660000
END

Quartic
1 1 1 1      -134.9681450000
1 1 1 2      -135.0544180000
1 1 1 3        -0.0244830000
2 2 1 1        -8.5060430000
2 2 2 1        -9.7686590000
2 2 2 2         7.7412450000
2 2 2 3        -0.0489660000
3 3 1 1       -74.4278760000
3 3 2 2       -68.2721870000
3 3 3 3       -79.3710810000
END

Coriolis
END

Rotation constants
1         1.0000000000
2         1.0000000000
3         1.0000000000
END
nFrequencies=3
nDim=3
VPT2 Properties model : GVPT2 : Gaussian method

First derivatives
1 1        -0.0000001054
1 2         0.0000059646
1 3         2.4609000147
2 1         2.9361889765
2 2         0.7484399828
2 3        -0.0000018043
3 1         0.0000000002
3 2         0.0000000005
3 3         0.0000000007
END


Second derivatives
1 1 3        27.8468150000
1 2 3       -15.1921680000
1 3 1        27.8468150000
1 3 2       -15.1921680000
2 1 1         6.4242330000
2 1 2        14.7202380000
2 2 1        14.7202380000
2 2 2        14.2246380000
2 3 3       -33.9400770000
END


Cubic derivatives
1 1 1 3       642.9838630000
1 1 3 1       642.9838630000
1 2 2 3       750.1957830000
1 2 3 2       750.1957830000
1 3 1 1       642.9838630000
1 3 2 2       750.1957830000
1 3 3 3      1926.2047060000
2 1 1 1       545.1339240000
2 1 1 2       158.6157010000
2 1 2 1       158.6157010000
2 1 2 2       726.8916850000
2 2 1 1       158.6157010000
2 2 1 2       726.8916850000
2 2 2 1       726.8916850000
2 2 2 2       -92.5317390000
2 2 3 3      -760.2711750000
2 3 2 3      -760.2711750000
2 3 3 2      -760.2711750000
END

nFrequencies 3
nStates 10
State n 1	0 0 0 
State n 2	1 0 0 
State n 3	0 1 0 
State n 4	0 0 1 
State n 5	2 0 0 
State n 6	0 2 0 
State n 7	0 0 2 
State n 8	1 1 0 
State n 9	1 0 1 
State n 10	0 1 1 

Xkl (cm^-1) by VPT2+K model
1 1        -9.3550574300
1 2       -10.5422002440
1 3       -19.1604560127
2 1       -10.5422002440
2 2       -10.9953762187
2 3       -20.1947008505
3 1       -19.1604560127
3 2       -20.1947008505
3 3        -5.1630838468
END

C=-2.528817

Diagonal of H (cm^-1) by VPT2+K model
     4659.0882448493         0.0000000000 
     6258.2975078610      1599.2092630116  1(1) 
     8431.7708418647      3772.6825970154  2(1) 
     8542.1539197242      3883.0656748749  3(1) 
     7838.7966560126      3179.7084111633  1(2) 
    12182.4626864427      7523.3744415933  2(2) 
    12414.8934269055      7755.8051820562  3(2) 
    10020.4379046323      5361.3496597830  1(1)  2(1) 
    10122.2027267232      5463.1144818739  1(1)  3(1) 
    12294.6418158891      7635.5535710398  2(1)  3(1) 
END


Resonance Matrix (cm^-1) by VPT2+K model
========================================
 Fermi Resonances terms :
 0 Fermi Resonances 
----------------------------------------------------------------------------------------------------

 Darling-Dennison Resonances terms :
 0 Darling-Dennison Resonances 
----------------------------------------------------------------------------------------------------

END



Results
========================
       E(harm)      E(anharm)     Mode(Quanta), Coef 
       -------      ---------     ---------------- 
    0.00000000     0.00000000     [ 1.000] 
 1632.77070600  1599.20926301     [ 1.000  1(1)] 
 3265.54141200  3179.70841116     [ 1.000  1(2)] 
 3810.04180000  3772.68259702     [ 1.000  2(1)] 
 3913.06942100  3883.06567487     [ 1.000  3(1)] 
 5442.81250600  5361.34965978     [ 1.000  1(1)  2(1)] 
 5545.84012700  5463.11448187     [ 1.000  1(1)  3(1)] 
 7620.08360000  7523.37444159     [ 1.000  2(2)] 
 7723.11122100  7635.55357104     [ 1.000  2(1)  3(1)] 
 7826.13884200  7755.80518206     [ 1.000  3(2)] 



Results With intensities
========================
       E(harm)      E(anharm)        I(harm)      I(anharm)     Coef Mode(Quanta) 
       -------      ---------        -------      ---------     ---------------- 
    0.00000000     0.00000000     0.00000000     0.00000000     [ 1.000] 
 1632.77070600  1599.20926301    69.80635920    77.19807938     [ 1.000  1(1)] 
 3265.54141200  3179.70841116     0.00000000     0.08295300     [ 1.000  1(2)] 
 3810.04180000  3772.68259702     4.53566468     4.41249833     [ 1.000  2(1)] 
 3913.06942100  3883.06567487    49.03598660    63.13661663     [ 1.000  3(1)] 
 5442.81250600  5361.34965978     0.00000000     0.42014332     [ 1.000  1(1)  2(1)] 
 5545.84012700  5463.11448187     0.00000000     2.45207002     [ 1.000  1(1)  3(1)] 
 7620.08360000  7523.37444159     0.00000000     0.13802338     [ 1.000  2(2)] 
 7723.11122100  7635.55357104     0.00000000     0.45431232     [ 1.000  2(1)  3(1)] 
 7826.13884200  7755.80518206     0.00000000     1.20032147     [ 1.000  3(2)] 



Results With intensities
========================

Fundamental Bands
-----------------
       E(harm)      E(anharm)        I(harm)      I(anharm)       Coef. Mode(Quanta) 
  ------------   ------------   ------------   ------------     -------------------- 
 1632.77070600  1599.20926301    69.80635920    77.19807938     [ 1.000  1(1)] 
 3810.04180000  3772.68259702     4.53566468     4.41249833     [ 1.000  2(1)] 
 3913.06942100  3883.06567487    49.03598660    63.13661663     [ 1.000  3(1)] 

Overtones
---------
       E(harm)      E(anharm)        I(harm)      I(anharm)       Coef. Mode(Quanta) 
  ------------   ------------   ------------   ------------     -------------------- 
 3265.54141200  3179.70841116     0.00000000     0.08295300     [ 1.000  1(2)] 
 7620.08360000  7523.37444159     0.00000000     0.13802338     [ 1.000  2(2)] 
 7826.13884200  7755.80518206     0.00000000     1.20032147     [ 1.000  3(2)] 

Combination Bands
----------------
       E(harm)      E(anharm)        I(harm)      I(anharm)       Coef. Mode(Quanta) 
  ------------   ------------   ------------   ------------     -------------------- 
 5442.81250600  5361.34965978     0.00000000     0.42014332     [ 1.000  1(1)  2(1)] 
 5545.84012700  5463.11448187     0.00000000     2.45207002     [ 1.000  1(1)  3(1)] 
 7723.11122100  7635.55357104     0.00000000     0.45431232     [ 1.000  2(1)  3(1)] 


