seed = -1
----------------------------------------------------------
runType=VPT2
model=GVPT2
----------------------------------------------------------

nFrequencies=7
VPT2 model : GVPT2

Gradients
END

Hessian
1 1       624.9800000000
2 2      1643.2800000000
3 3      1666.9700000000
4 4      3733.5500000000
5 5      3827.5100000000
6 6      3913.9200000000
7 7      3934.3200000000
END

Cubic
1 1 1         0.1902500000
1 1 2       -93.1821080000
1 1 3       -67.7880120000
1 1 4      1813.5960590000
1 1 5       113.1686570000
1 1 6      -577.0684840000
1 1 7        -0.1294960000
2 2 1        -0.0710260000
2 2 2       256.9573620000
2 2 3       -61.2610170000
2 2 4        37.2350390000
2 2 5       310.8494440000
2 2 6        14.5668770000
2 2 7        -0.0031950000
3 3 1         0.0399200000
3 3 2       -36.9958610000
3 3 3      -245.0432880000
3 3 4       286.6520880000
3 3 5       -17.3161270000
3 3 6       111.6232880000
3 3 7        -0.0093690000
4 4 1        -0.0272010000
4 4 2        37.8433870000
4 4 3        67.3913740000
4 4 4     -2333.8087510000
4 4 5       178.5428280000
4 4 6       500.2452390000
4 4 7        -0.0198220000
5 5 1        -0.0677040000
5 5 2       -65.6707050000
5 5 3         6.7486790000
5 5 4      -182.6941010000
5 5 5     -1781.4183890000
5 5 6       -57.2201090000
5 5 7        -0.0290980000
6 6 1        -0.0459300000
6 6 2        45.3650970000
6 6 3       215.8656460000
6 6 4      -908.9912630000
6 6 5       146.8093550000
6 6 6     -2177.6850550000
6 6 7         0.1427630000
7 7 1        -0.0295350000
7 7 2      -247.2222590000
7 7 3        41.4426110000
7 7 4      -170.3714070000
7 7 5     -1825.8085160000
7 7 6       -53.7495780000
7 7 7         0.1085120000
END

Quartic
1 1 1 1      2608.8521300000
1 1 1 2         0.0069230000
1 1 1 3         0.0390930000
1 1 1 4         0.0123020000
1 1 1 5         0.0234880000
1 1 1 6         0.0854080000
1 1 1 7        17.5426640000
2 2 1 1        41.9454760000
2 2 2 1         0.2994190000
2 2 2 2       -50.8114820000
2 2 2 3       -10.0816850000
2 2 2 4       -27.6148190000
2 2 2 5        56.8440140000
2 2 2 6       -28.7113890000
2 2 2 7        -0.0130410000
3 3 1 1        38.6663180000
3 3 2 2        -5.5548260000
3 3 3 1         0.7271790000
3 3 3 2         9.5198560000
3 3 3 3       -55.1031760000
3 3 3 4       -95.5869120000
3 3 3 5        -8.2202020000
3 3 3 6      -143.3303800000
3 3 3 7         0.0011130000
4 4 1 1     -1443.3774670000
4 4 2 2       -16.2141930000
4 4 3 3      -338.6437740000
4 4 4 1        -0.0333490000
4 4 4 2       -12.8181330000
4 4 4 3       116.7733940000
4 4 4 4      1300.5369100000
4 4 4 5        70.8830610000
4 4 4 6       365.5090880000
4 4 4 7         0.0024310000
5 5 1 1      -170.4723100000
5 5 2 2      -297.3194390000
5 5 3 3       -14.7780630000
5 5 4 4        16.0632140000
5 5 5 1        -0.0408530000
5 5 5 2      -137.3524450000
5 5 5 3       -10.9159830000
5 5 5 4      -113.7234750000
5 5 5 5       739.0495090000
5 5 5 6       -74.3699190000
5 5 5 7        -0.0332130000
6 6 1 1      -145.5800680000
6 6 2 2       -12.2776290000
6 6 3 3      -308.1247260000
6 6 4 4       241.7366510000
6 6 5 5         5.2486740000
6 6 6 1         0.0273480000
6 6 6 2        -3.3659960000
6 6 6 3        59.2361220000
6 6 6 4      -386.5890480000
6 6 6 5        22.5541070000
6 6 6 6      1289.7593060000
6 6 6 7         0.0511050000
7 7 1 1      -156.2740000000
7 7 2 2      -356.8608960000
7 7 3 3       -13.3974420000
7 7 4 4         6.3671130000
7 7 5 5       762.6284120000
7 7 6 6         0.7058130000
7 7 7 1         4.0584960000
7 7 7 2         0.0076750000
7 7 7 3        -0.0047040000
7 7 7 4         0.0163640000
7 7 7 5         0.0274980000
7 7 7 6        -0.0912720000
7 7 7 7       771.2694460000
END

Coriolis
END

Rotation constants
1         1.0000000000
2         1.0000000000
3         1.0000000000
END
nFrequencies=7
nDim=3
VPT2 Properties model : GVPT2 : Gaussian method

First derivatives
1 1        -0.0007420000
1 2        -3.0940600000
1 3        -1.8770960000
1 4        -0.3989840000
1 5        -1.2931950000
1 6         1.5690530000
2 1        -0.0022420000
2 2        -1.4658460000
2 3         1.6506720000
2 4        -6.0562140000
2 5        -0.5993510000
2 6         2.9158030000
2 7         0.0001670000
3 1         4.0605210000
3 2         0.0005950000
3 3         0.0010340000
3 7        -3.2820090000
END


Second derivatives
1 1 1        -2.5067540000
1 1 2        -0.0101350000
1 1 7        -2.7599370000
1 2 1        -0.0101350000
1 2 2         8.3608060000
1 2 3        -3.6578020000
1 2 4        -1.4118860000
1 2 5         5.7181700000
1 2 6         3.9056270000
1 2 7        -0.0254270000
1 3 2        -3.6578020000
1 3 3        -9.7293560000
1 3 4        -1.1476000000
1 3 5        -0.5557160000
1 3 6        15.6836210000
1 4 2        -1.4118860000
1 4 3        -1.1476000000
1 4 4        -9.6534680000
1 4 5        -2.4571990000
1 4 6       -12.0798600000
1 5 2         5.7181700000
1 5 3        -0.5557160000
1 5 4        -2.4571990000
1 5 5         6.8224510000
1 5 6         2.4384440000
1 6 2         3.9056270000
1 6 3        15.6836210000
1 6 4       -12.0798600000
1 6 5         2.4384440000
1 6 6        -6.1206170000
1 7 1        -2.7599370000
1 7 2        -0.0254270000
1 7 7        -7.5575320000
2 1 1        19.0864980000
2 1 3         0.0102070000
2 1 6         0.0156410000
2 1 7        -0.3763550000
2 2 2         6.4089170000
2 2 3        -1.6882160000
2 2 4        -2.5017630000
2 2 5         4.9657790000
2 2 6         3.7027380000
2 3 1         0.0102070000
2 3 2        -1.6882160000
2 3 3         3.1087710000
2 3 4       -21.2555430000
2 3 5         0.1262990000
2 3 6        19.7450150000
2 4 2        -2.5017630000
2 4 3       -21.2555430000
2 4 4       -77.1041180000
2 4 5         0.9450760000
2 4 6        20.0693880000
2 4 7         0.0383270000
2 5 2         4.9657790000
2 5 3         0.1262990000
2 5 4         0.9450760000
2 5 5         8.5082880000
2 5 6         0.6579930000
2 5 7        -0.0388060000
2 6 1         0.0156410000
2 6 2         3.7027380000
2 6 3        19.7450150000
2 6 4        20.0693880000
2 6 5         0.6579930000
2 6 6       -18.4740520000
2 7 1        -0.3763550000
2 7 4         0.0383270000
2 7 5        -0.0388060000
2 7 7        -3.8023720000
3 1 1        -0.0005560000
3 1 2         2.4627130000
3 1 3         5.7978070000
3 1 4       -12.2514270000
3 1 5        -3.7739800000
3 1 6         0.2658930000
3 2 1         2.4627130000
3 2 7        26.8765710000
3 3 1         5.7978070000
3 3 7        -4.7634290000
3 4 1       -12.2514270000
3 4 7        -4.5992270000
3 5 1        -3.7739800000
3 5 7         7.9552700000
3 6 1         0.2658930000
3 6 7         2.2760250000
3 7 2        26.8765710000
3 7 3        -4.7634290000
3 7 4        -4.5992270000
3 7 5         7.9552700000
3 7 6         2.2760250000
END


Cubic derivatives
1 1 1 1        -0.1562580000
1 1 1 2        -5.0673990000
1 1 1 3       -67.3700610000
1 1 1 4        73.3265250000
1 1 1 5        18.5608810000
1 1 1 6       -75.0769200000
1 1 2 1        -5.0673990000
1 1 2 2         1.6433410000
1 1 3 1       -67.3700610000
1 1 4 1        73.3265250000
1 1 5 1        18.5608810000
1 1 6 1       -75.0769200000
1 2 1 1        -5.0673990000
1 2 1 2         1.6433410000
1 2 2 1         1.6433410000
1 2 2 2      -184.5269450000
1 2 2 3        40.2567900000
1 2 2 4       -36.1482480000
1 2 2 5       -40.6670080000
1 2 2 7        -4.1230530000
1 2 3 2        40.2567900000
1 2 3 3       -56.7642690000
1 2 4 2       -36.1482480000
1 2 4 4       -30.2704920000
1 2 5 2       -40.6670080000
1 2 5 5       -62.0646670000
1 2 6 6       -12.6931720000
1 2 7 2        -4.1230530000
1 2 7 7        82.9356180000
1 3 1 1       -67.3700610000
1 3 2 2        40.2567900000
1 3 2 3       -56.7642690000
1 3 3 2       -56.7642690000
1 3 3 3      -254.5512540000
1 3 3 4       -24.4462210000
1 3 3 6       133.4921770000
1 3 4 3       -24.4462210000
1 3 4 4       -12.1951560000
1 3 5 5        25.0041610000
1 3 6 3       133.4921770000
1 3 6 6        63.9216600000
1 3 7 7       -12.8509610000
1 4 1 1        73.3265250000
1 4 2 2       -36.1482480000
1 4 2 4       -30.2704920000
1 4 3 3       -24.4462210000
1 4 3 4       -12.1951560000
1 4 4 2       -30.2704920000
1 4 4 3       -12.1951560000
1 4 4 4      -223.5734830000
1 4 4 5       -46.1978420000
1 4 4 6       -56.0597050000
1 4 5 4       -46.1978420000
1 4 5 5       -28.0653470000
1 4 6 4       -56.0597050000
1 4 6 6      -172.1937600000
1 4 7 7       -38.4647100000
1 5 1 1        18.5608810000
1 5 2 2       -40.6670080000
1 5 2 5       -62.0646670000
1 5 3 5        25.0041610000
1 5 4 4       -46.1978420000
1 5 4 5       -28.0653470000
1 5 5 2       -62.0646670000
1 5 5 3        25.0041610000
1 5 5 4       -28.0653470000
1 5 5 5       130.2414840000
1 5 5 6         9.5784340000
1 5 6 5         9.5784340000
1 5 6 6         9.6859530000
1 5 7 7       116.8372130000
1 6 1 1       -75.0769200000
1 6 2 6       -12.6931720000
1 6 3 3       133.4921770000
1 6 3 6        63.9216600000
1 6 4 4       -56.0597050000
1 6 4 6      -172.1937600000
1 6 5 5         9.5784340000
1 6 5 6         9.6859530000
1 6 6 2       -12.6931720000
1 6 6 3        63.9216600000
1 6 6 4      -172.1937600000
1 6 6 5         9.6859530000
1 6 6 6      -178.7529090000
1 6 7 7        19.6914550000
1 7 2 2        -4.1230530000
1 7 2 7        82.9356180000
1 7 3 7       -12.8509610000
1 7 4 7       -38.4647100000
1 7 5 7       116.8372130000
1 7 6 7        19.6914550000
1 7 7 2        82.9356180000
1 7 7 3       -12.8509610000
1 7 7 4       -38.4647100000
1 7 7 5       116.8372130000
1 7 7 6        19.6914550000
2 1 1 1        -0.1562580000
2 1 1 2        -2.0269600000
2 1 1 3       -23.4774460000
2 1 1 4       109.9897870000
2 1 1 5       -15.4674010000
2 1 1 6       -54.7435880000
2 1 1 7        -3.1363460000
2 1 2 1        -2.0269600000
2 1 3 1       -23.4774460000
2 1 3 3         1.6670300000
2 1 4 1       109.9897870000
2 1 5 1       -15.4674010000
2 1 6 1       -54.7435880000
2 1 6 6         3.9140620000
2 1 7 1        -3.1363460000
2 2 1 1        -2.0269600000
2 2 2 2      -127.9031530000
2 2 2 3        42.9405760000
2 2 2 4       -36.1482480000
2 2 2 5       -32.5336060000
2 2 2 6        16.4494010000
2 2 3 2        42.9405760000
2 2 3 3        32.4367250000
2 2 4 2       -36.1482480000
2 2 4 4        30.2704920000
2 2 5 2       -32.5336060000
2 2 5 5       -62.0646670000
2 2 6 2        16.4494010000
2 2 7 7        76.5559550000
2 3 1 1       -23.4774460000
2 3 1 3         1.6670300000
2 3 2 2        42.9405760000
2 3 2 3        32.4367250000
2 3 3 1         1.6670300000
2 3 3 2        32.4367250000
2 3 3 3       134.0818100000
2 3 3 4      -179.2722900000
2 3 3 5        12.3759690000
2 3 3 6       229.4396790000
2 3 4 3      -179.2722900000
2 3 4 4      -121.9515560000
2 3 5 3        12.3759690000
2 3 5 5        18.7531210000
2 3 6 3       229.4396790000
2 3 6 6       -44.7451620000
2 4 1 1       109.9897870000
2 4 2 2       -36.1482480000
2 4 2 4        30.2704920000
2 4 3 3      -179.2722900000
2 4 3 4      -121.9515560000
2 4 4 2        30.2704920000
2 4 4 3      -121.9515560000
2 4 4 4     -1181.7455530000
2 4 4 5         9.2395680000
2 4 4 6       270.9552400000
2 4 4 7        -9.3676000000
2 4 5 4         9.2395680000
2 4 5 5        46.7755780000
2 4 6 4       270.9552400000
2 4 6 6      -239.1579990000
2 4 7 4        -9.3676000000
2 4 7 7        -9.6161770000
2 5 1 1       -15.4674010000
2 5 2 2       -32.5336060000
2 5 2 5       -62.0646670000
2 5 3 3        12.3759690000
2 5 3 5        18.7531210000
2 5 4 4         9.2395680000
2 5 4 5        46.7755780000
2 5 5 2       -62.0646670000
2 5 5 3        18.7531210000
2 5 5 4        46.7755780000
2 5 5 5       104.1931870000
2 5 5 6        -9.5784340000
2 5 5 7        -9.6033620000
2 5 6 5        -9.5784340000
2 5 6 6         9.6859530000
2 5 7 5        -9.6033620000
2 5 7 7        87.6279100000
2 6 1 1       -54.7435880000
2 6 1 6         3.9140620000
2 6 2 2        16.4494010000
2 6 3 3       229.4396790000
2 6 3 6       -44.7451620000
2 6 4 4       270.9552400000
2 6 4 6      -239.1579990000
2 6 5 5        -9.5784340000
2 6 5 6         9.6859530000
2 6 6 1         3.9140620000
2 6 6 3       -44.7451620000
2 6 6 4      -239.1579990000
2 6 6 5         9.6859530000
2 6 6 6        78.3574400000
2 7 1 1        -3.1363460000
2 7 2 7        76.5559550000
2 7 4 4        -9.3676000000
2 7 4 7        -9.6161770000
2 7 5 5        -9.6033620000
2 7 5 7        87.6279100000
2 7 7 2        76.5559550000
2 7 7 4        -9.6161770000
2 7 7 5        87.6279100000
2 7 7 7       -17.2748640000
3 1 1 1      -187.8223070000
3 1 1 2         1.0134800000
3 1 1 3        -2.0415170000
3 1 1 6        -1.5641030000
3 1 1 7        18.8180770000
3 1 2 1         1.0134800000
3 1 2 2        27.9367890000
3 1 3 1        -2.0415170000
3 1 3 3        36.6746520000
3 1 4 4        37.3367950000
3 1 5 5       -15.3105920000
3 1 6 1        -1.5641030000
3 1 6 6        35.2265600000
3 1 7 1        18.8180770000
3 1 7 7       -62.9513830000
3 2 1 1         1.0134800000
3 2 1 2        27.9367890000
3 2 2 1        27.9367890000
3 2 2 2         9.3262720000
3 2 2 3        -5.3675720000
3 2 2 7      -259.7523130000
3 2 3 2        -5.3675720000
3 2 3 3         5.4061210000
3 2 7 2      -259.7523130000
3 2 7 7         6.3796630000
3 3 1 1        -2.0415170000
3 3 1 3        36.6746520000
3 3 2 2        -5.3675720000
3 3 2 3         5.4061210000
3 3 3 1        36.6746520000
3 3 3 2         5.4061210000
3 3 3 3        -9.5286570000
3 3 7 7       -12.8509610000
3 4 1 4        37.3367950000
3 4 4 1        37.3367950000
3 4 4 7       -74.9408000000
3 4 7 4       -74.9408000000
3 5 1 5       -15.3105920000
3 5 5 1       -15.3105920000
3 5 5 7       240.0840440000
3 5 7 5       240.0840440000
3 5 7 7        -9.7364340000
3 6 1 1        -1.5641030000
3 6 1 6        35.2265600000
3 6 6 1        35.2265600000
3 6 7 7       -19.6914550000
3 7 1 1        18.8180770000
3 7 1 7       -62.9513830000
3 7 2 2      -259.7523130000
3 7 2 7         6.3796630000
3 7 3 7       -12.8509610000
3 7 4 4       -74.9408000000
3 7 5 5       240.0840440000
3 7 5 7        -9.7364340000
3 7 6 7       -19.6914550000
3 7 7 1       -62.9513830000
3 7 7 2         6.3796630000
3 7 7 3       -12.8509610000
3 7 7 5        -9.7364340000
3 7 7 6       -19.6914550000
3 7 7 7       -93.7778350000
END

nFrequencies 7
nStates 36
State n 1	0 0 0 0 0 0 0 
State n 2	1 0 0 0 0 0 0 
State n 3	0 1 0 0 0 0 0 
State n 4	0 0 1 0 0 0 0 
State n 5	0 0 0 1 0 0 0 
State n 6	0 0 0 0 1 0 0 
State n 7	0 0 0 0 0 1 0 
State n 8	0 0 0 0 0 0 1 
State n 9	2 0 0 0 0 0 0 
State n 10	0 2 0 0 0 0 0 
State n 11	0 0 2 0 0 0 0 
State n 12	0 0 0 2 0 0 0 
State n 13	0 0 0 0 2 0 0 
State n 14	0 0 0 0 0 2 0 
State n 15	0 0 0 0 0 0 2 
State n 16	1 1 0 0 0 0 0 
State n 17	1 0 1 0 0 0 0 
State n 18	1 0 0 1 0 0 0 
State n 19	1 0 0 0 1 0 0 
State n 20	1 0 0 0 0 1 0 
State n 21	1 0 0 0 0 0 1 
State n 22	0 1 1 0 0 0 0 
State n 23	0 1 0 1 0 0 0 
State n 24	0 1 0 0 1 0 0 
State n 25	0 1 0 0 0 1 0 
State n 26	0 1 0 0 0 0 1 
State n 27	0 0 1 1 0 0 0 
State n 28	0 0 1 0 1 0 0 
State n 29	0 0 1 0 0 1 0 
State n 30	0 0 1 0 0 0 1 
State n 31	0 0 0 1 1 0 0 
State n 32	0 0 0 1 0 1 0 
State n 33	0 0 0 1 0 0 1 
State n 34	0 0 0 0 1 1 0 
State n 35	0 0 0 0 1 0 1 
State n 36	0 0 0 0 0 1 1 

Xkl (cm^-1) by VPT2+K model
1 1       -28.4700687550
1 2         9.6080252196
1 3       -22.7369165904
1 4        23.9550073282
1 5        -9.9296754191
1 6         3.0397019533
1 7        -9.9473145243
2 1         9.6080252196
2 2       -16.9237930751
2 3        -3.1806921012
2 4        -2.8728289109
2 5       -14.5399380386
2 6        -1.5778933654
2 7       -43.6550845823
3 1       -22.7369165904
3 2        -3.1806921012
3 3       -17.9767708496
3 4       -16.4504928818
3 5        -1.8471502889
3 6       -34.7910513277
3 7        -1.6865893199
4 1        23.9550073282
4 2        -2.8728289109
4 3       -16.4504928818
4 4       -78.4509969274
4 5        -4.4993947165
4 6       -61.8995702873
4 7        -2.2086285319
5 1        -9.9296754191
5 2       -14.5399380386
5 3        -1.8471502889
5 4        -4.4993947165
5 5       -41.5283010032
5 6        -1.4994767072
5 7      -165.3204799522
6 1         3.0397019533
6 2        -1.5778933654
6 3       -34.7910513277
6 4       -61.8995702873
6 5        -1.4994767072
6 6       -73.3516871779
6 7         0.0805037347
7 1        -9.9473145243
7 2       -43.6550845823
7 3        -1.6865893199
7 4        -2.2086285319
7 5      -165.3204799522
7 6         0.0805037347
7 7       -49.3694873807
END

C=69.471765

Diagonal of H (cm^-1) by VPT2+K model
     9505.2572388803         0.0000000000 
    10070.2915153539       565.0342764736  1(1) 
    11086.5804468406      1581.3232079603  2(1) 
    11095.9272509261      1590.6700120458  3(1) 
    13049.9172910254      3544.6600521451  4(1) 
    13150.8925793126      3645.6353404323  5(1) 
    13224.1499715247      3718.8927326444  6(1) 
    13229.4694675309      3724.2122286506  7(1) 
    10578.3856543175      1073.1284154372  1(2) 
    12634.0560686507      3128.7988297704  2(2) 
    12650.6437212727      3145.3864823924  3(2) 
    16437.6753493157      6932.4181104354  4(2) 
    16713.4713177386      7208.2140788583  5(2) 
    16796.3393298134      7291.0820909331  6(2) 
    16854.9427214202      7349.6854825399  7(2) 
    11661.2227485339      2155.9655096536  1(1)  2(1) 
    11638.2246108093      2132.9673719290  1(1)  3(1) 
    13638.9065748272      4133.6493359469  1(1)  4(1) 
    13705.9971803671      4200.7399414868  1(1)  5(1) 
    13792.2239499516      4286.9667110713  1(1)  6(1) 
    13784.5564294802      4279.2991905999  1(1)  7(1) 
    12674.0697667853      3168.8125279050  2(1)  3(1) 
    14628.3676700748      5123.1104311945  2(1)  4(1) 
    14717.6758492344      5212.4186103541  2(1)  5(1) 
    14803.8952861196      5298.6380472393  2(1)  6(1) 
    14767.1375909090      5261.8803520287  2(1)  7(1) 
    14624.1368101895      5118.8795713092  3(1)  4(1) 
    14739.7154410696      5234.4582021893  3(1)  5(1) 
    14780.0289322428      5274.7716933625  3(1)  6(1) 
    14818.4528902569      5313.1956513766  3(1)  7(1) 
    16691.0532367412      7185.7959978609  4(1)  5(1) 
    16706.9104533824      7201.6532145021  4(1)  6(1) 
    16771.9208911441      7266.6636522638  4(1)  7(1) 
    16868.2858352498      7363.0285963695  5(1)  6(1) 
    16709.7843280111      7204.5270891308  5(1)  7(1) 
    16948.4427039100      7443.1854650297  6(1)  7(1) 
END


Resonance Matrix (cm^-1) by VPT2+K model
========================================
 Fermi Resonances terms :
 0 Fermi Resonances 
----------------------------------------------------------------------------------------------------

 Darling-Dennison Resonances terms :
 0 Darling-Dennison Resonances 
----------------------------------------------------------------------------------------------------

END



Results
========================
       E(harm)      E(anharm)     Mode(Quanta), Coef 
       -------      ---------     ---------------- 
    0.00000000     0.00000000     [ 1.000] 
  624.98000000   565.03427647     [ 1.000  1(1)] 
 1249.96000000  1073.12841544     [ 1.000  1(2)] 
 1643.28000000  1581.32320796     [ 1.000  2(1)] 
 1666.97000000  1590.67001205     [ 1.000  3(1)] 
 2291.95000000  2132.96737193     [ 1.000  1(1)  3(1)] 
 2268.26000000  2155.96550965     [ 1.000  1(1)  2(1)] 
 3286.56000000  3128.79882977     [ 1.000  2(2)] 
 3333.94000000  3145.38648239     [ 1.000  3(2)] 
 3310.25000000  3168.81252791     [ 1.000  2(1)  3(1)] 
 3733.55000000  3544.66005215     [ 1.000  4(1)] 
 3827.51000000  3645.63534043     [ 1.000  5(1)] 
 3913.92000000  3718.89273264     [ 1.000  6(1)] 
 3934.32000000  3724.21222865     [ 1.000  7(1)] 
 4358.53000000  4133.64933595     [ 1.000  1(1)  4(1)] 
 4452.49000000  4200.73994149     [ 1.000  1(1)  5(1)] 
 4559.30000000  4279.29919060     [ 1.000  1(1)  7(1)] 
 4538.90000000  4286.96671107     [ 1.000  1(1)  6(1)] 
 5400.52000000  5118.87957131     [ 1.000  3(1)  4(1)] 
 5376.83000000  5123.11043119     [ 1.000  2(1)  4(1)] 
 5470.79000000  5212.41861035     [ 1.000  2(1)  5(1)] 
 5494.48000000  5234.45820219     [ 1.000  3(1)  5(1)] 
 5577.60000000  5261.88035203     [ 1.000  2(1)  7(1)] 
 5580.89000000  5274.77169336     [ 1.000  3(1)  6(1)] 
 5557.20000000  5298.63804724     [ 1.000  2(1)  6(1)] 
 5601.29000000  5313.19565138     [ 1.000  3(1)  7(1)] 
 7467.10000000  6932.41811044     [ 1.000  4(2)] 
 7561.06000000  7185.79599786     [ 1.000  4(1)  5(1)] 
 7647.47000000  7201.65321450     [ 1.000  4(1)  6(1)] 
 7761.83000000  7204.52708913     [ 1.000  5(1)  7(1)] 
 7655.02000000  7208.21407886     [ 1.000  5(2)] 
 7667.87000000  7266.66365226     [ 1.000  4(1)  7(1)] 
 7827.84000000  7291.08209093     [ 1.000  6(2)] 
 7868.64000000  7349.68548254     [ 1.000  7(2)] 
 7741.43000000  7363.02859637     [ 1.000  5(1)  6(1)] 
 7848.24000000  7443.18546503     [ 1.000  6(1)  7(1)] 



Results With intensities
========================
       E(harm)      E(anharm)        I(harm)      I(anharm)     Coef Mode(Quanta) 
       -------      ---------        -------      ---------     ---------------- 
    0.00000000     0.00000000     0.00000000     0.00000000     [ 1.000] 
  624.98000000   565.03427647   133.50288432   127.94339983     [ 1.000  1(1)] 
 1249.96000000  1073.12841544     0.00000000    18.46174758     [ 1.000  1(2)] 
 1643.28000000  1581.32320796    94.91294337    98.49771292     [ 1.000  2(1)] 
 1666.97000000  1590.67001205    50.59207526    51.82753787     [ 1.000  3(1)] 
 2291.95000000  2132.96737193     0.00000000     0.15708468     [ 1.000  1(1)  3(1)] 
 2268.26000000  2155.96550965     0.00000000     0.00169460     [ 1.000  1(1)  2(1)] 
 3286.56000000  3128.79882977     0.00000000     0.85479346     [ 1.000  2(2)] 
 3333.94000000  3145.38648239     0.00000000     6.87994740     [ 1.000  3(2)] 
 3310.25000000  3168.81252791     0.00000000     0.02118993     [ 1.000  2(1)  3(1)] 
 3733.55000000  3544.66005215   298.27046183   229.66727261     [ 1.000  4(1)] 
 3827.51000000  3645.63534043    16.44976980    10.40901481     [ 1.000  5(1)] 
 3913.92000000  3718.89273264    88.77474823   180.43058472     [ 1.000  6(1)] 
 3934.32000000  3724.21222865    87.21807889    81.79760189     [ 1.000  7(1)] 
 4358.53000000  4133.64933595     0.00000000     0.05878840     [ 1.000  1(1)  4(1)] 
 4452.49000000  4200.73994149     0.00000000     0.05814177     [ 1.000  1(1)  5(1)] 
 4559.30000000  4279.29919060     0.00000000     0.05466806     [ 1.000  1(1)  7(1)] 
 4538.90000000  4286.96671107     0.00000000     0.12919856     [ 1.000  1(1)  6(1)] 
 5400.52000000  5118.87957131     0.00000000     1.88190322     [ 1.000  3(1)  4(1)] 
 5376.83000000  5123.11043119     0.00000000     0.09906135     [ 1.000  2(1)  4(1)] 
 5470.79000000  5212.41861035     0.00000000     0.07503280     [ 1.000  2(1)  5(1)] 
 5494.48000000  5234.45820219     0.00000000     0.00090382     [ 1.000  3(1)  5(1)] 
 5577.60000000  5261.88035203     0.00000000     4.07232999     [ 1.000  2(1)  7(1)] 
 5580.89000000  5274.77169336     0.00000000     3.44697245     [ 1.000  3(1)  6(1)] 
 5557.20000000  5298.63804724     0.00000000     0.14904329     [ 1.000  2(1)  6(1)] 
 5601.29000000  5313.19565138     0.00000000     0.12356595     [ 1.000  3(1)  7(1)] 
 7467.10000000  6932.41811044     0.00000000     0.06838751     [ 1.000  4(2)] 
 7561.06000000  7185.79599786     0.00000000     0.04124558     [ 1.000  4(1)  5(1)] 
 7647.47000000  7201.65321450     0.00000000     1.10231614     [ 1.000  4(1)  6(1)] 
 7761.83000000  7204.52708913     0.00000000     3.18275430     [ 1.000  5(1)  7(1)] 
 7655.02000000  7208.21407886     0.00000000     0.76054033     [ 1.000  5(2)] 
 7667.87000000  7266.66365226     0.00000000     0.00448570     [ 1.000  4(1)  7(1)] 
 7827.84000000  7291.08209093     0.00000000     1.16280566     [ 1.000  6(2)] 
 7868.64000000  7349.68548254     0.00000000     0.09044494     [ 1.000  7(2)] 
 7741.43000000  7363.02859637     0.00000000     0.05303131     [ 1.000  5(1)  6(1)] 
 7848.24000000  7443.18546503     0.00000000     0.02025952     [ 1.000  6(1)  7(1)] 



Results With intensities
========================

Fundamental Bands
-----------------
       E(harm)      E(anharm)        I(harm)      I(anharm)       Coef. Mode(Quanta) 
  ------------   ------------   ------------   ------------     -------------------- 
  624.98000000   565.03427647   133.50288432   127.94339983     [ 1.000  1(1)] 
 1643.28000000  1581.32320796    94.91294337    98.49771292     [ 1.000  2(1)] 
 1666.97000000  1590.67001205    50.59207526    51.82753787     [ 1.000  3(1)] 
 3733.55000000  3544.66005215   298.27046183   229.66727261     [ 1.000  4(1)] 
 3827.51000000  3645.63534043    16.44976980    10.40901481     [ 1.000  5(1)] 
 3913.92000000  3718.89273264    88.77474823   180.43058472     [ 1.000  6(1)] 
 3934.32000000  3724.21222865    87.21807889    81.79760189     [ 1.000  7(1)] 

Overtones
---------
       E(harm)      E(anharm)        I(harm)      I(anharm)       Coef. Mode(Quanta) 
  ------------   ------------   ------------   ------------     -------------------- 
 1249.96000000  1073.12841544     0.00000000    18.46174758     [ 1.000  1(2)] 
 3286.56000000  3128.79882977     0.00000000     0.85479346     [ 1.000  2(2)] 
 3333.94000000  3145.38648239     0.00000000     6.87994740     [ 1.000  3(2)] 
 7467.10000000  6932.41811044     0.00000000     0.06838751     [ 1.000  4(2)] 
 7655.02000000  7208.21407886     0.00000000     0.76054033     [ 1.000  5(2)] 
 7827.84000000  7291.08209093     0.00000000     1.16280566     [ 1.000  6(2)] 
 7868.64000000  7349.68548254     0.00000000     0.09044494     [ 1.000  7(2)] 

Combination Bands
----------------
       E(harm)      E(anharm)        I(harm)      I(anharm)       Coef. Mode(Quanta) 
  ------------   ------------   ------------   ------------     -------------------- 
 2291.95000000  2132.96737193     0.00000000     0.15708468     [ 1.000  1(1)  3(1)] 
 2268.26000000  2155.96550965     0.00000000     0.00169460     [ 1.000  1(1)  2(1)] 
 3310.25000000  3168.81252791     0.00000000     0.02118993     [ 1.000  2(1)  3(1)] 
 4358.53000000  4133.64933595     0.00000000     0.05878840     [ 1.000  1(1)  4(1)] 
 4452.49000000  4200.73994149     0.00000000     0.05814177     [ 1.000  1(1)  5(1)] 
 4559.30000000  4279.29919060     0.00000000     0.05466806     [ 1.000  1(1)  7(1)] 
 4538.90000000  4286.96671107     0.00000000     0.12919856     [ 1.000  1(1)  6(1)] 
 5400.52000000  5118.87957131     0.00000000     1.88190322     [ 1.000  3(1)  4(1)] 
 5376.83000000  5123.11043119     0.00000000     0.09906135     [ 1.000  2(1)  4(1)] 
 5470.79000000  5212.41861035     0.00000000     0.07503280     [ 1.000  2(1)  5(1)] 
 5494.48000000  5234.45820219     0.00000000     0.00090382     [ 1.000  3(1)  5(1)] 
 5577.60000000  5261.88035203     0.00000000     4.07232999     [ 1.000  2(1)  7(1)] 
 5580.89000000  5274.77169336     0.00000000     3.44697245     [ 1.000  3(1)  6(1)] 
 5557.20000000  5298.63804724     0.00000000     0.14904329     [ 1.000  2(1)  6(1)] 
 5601.29000000  5313.19565138     0.00000000     0.12356595     [ 1.000  3(1)  7(1)] 
 7561.06000000  7185.79599786     0.00000000     0.04124558     [ 1.000  4(1)  5(1)] 
 7647.47000000  7201.65321450     0.00000000     1.10231614     [ 1.000  4(1)  6(1)] 
 7761.83000000  7204.52708913     0.00000000     3.18275430     [ 1.000  5(1)  7(1)] 
 7667.87000000  7266.66365226     0.00000000     0.00448570     [ 1.000  4(1)  7(1)] 
 7741.43000000  7363.02859637     0.00000000     0.05303131     [ 1.000  5(1)  6(1)] 
 7848.24000000  7443.18546503     0.00000000     0.02025952     [ 1.000  6(1)  7(1)] 


