seed = -1
----------------------------------------------------------
runType=VPT2
model=GVPT2
----------------------------------------------------------

nFrequencies=3
VPT2 model : GVPT2

Gradients
END

Hessian
1 1      1642.7924150000
2 2      3833.9975130000
3 3      3943.9541210000
END

Cubic
1 1 1      -129.2659710000
1 1 2       542.0503870000
1 1 3         1.3990200000
2 2 1      -177.6056180000
2 2 2     -1244.3025790000
2 2 3        -0.0419710000
3 3 1      -181.1451390000
3 3 2     -1337.7571310000
3 3 3         0.2902970000
END

Quartic
1 1 1 1      -189.7351230000
1 1 1 2       112.2818660000
1 1 1 3        -0.1608870000
2 2 1 1      -437.6694880000
2 2 2 1        63.3931040000
2 2 2 2        13.4305940000
2 2 2 3        -0.1049270000
3 3 1 1      -296.2565230000
3 3 2 2       138.5030020000
3 3 3 1         0.0384730000
3 3 3 2        -0.0489660000
3 3 3 3       136.6469690000
END

Coriolis
END

Rotation constants
1         1.0000000000
2         1.0000000000
3         1.0000000000
END
nFrequencies=3
nDim=3
VPT2 Properties model : GVPT2 : Gaussian method

First derivatives
1 1        -0.4566250000
1 2        -0.3110280000
1 3        -0.2536830000
2 1        -0.5166930000
2 2        -0.3597530000
2 3         0.6852740000
3 1        -1.0583700000
3 2        -0.7568620000
3 3        -0.2536830000
END


Second derivatives
1 1 1        -3.2174690000
1 1 2         0.9874460000
1 1 3         2.0030110000
1 2 1         0.9874460000
1 2 2         6.8050520000
1 2 3        -4.5899630000
1 3 1         2.0030110000
1 3 2        -4.5899630000
1 3 3         0.8620960000
2 1 1        -2.8871030000
2 1 2         2.9623380000
2 1 3        -6.0090340000
2 2 1         2.9623380000
2 2 2         6.8050520000
2 2 3         9.1799270000
2 3 1        -6.0090340000
2 3 2         9.1799270000
2 3 3         0.7241600000
3 1 1        -2.6141930000
3 1 2         3.9497840000
3 1 3         2.0030110000
3 2 1         3.9497840000
3 2 2         4.6260950000
3 2 3        -1.5299880000
3 3 1         2.0030110000
3 3 2        -1.5299880000
3 3 3         0.7241600000
END


Cubic derivatives
1 1 1 1      -235.7830920000
1 1 1 2      -160.0901860000
1 1 2 1      -160.0901860000
1 1 2 2      -244.5678000000
1 2 1 1      -160.0901860000
1 2 1 2      -244.5678000000
1 2 2 1      -244.5678000000
1 2 2 2      -560.4348140000
1 2 2 3       378.9429750000
1 2 3 2       378.9429750000
1 2 3 3      -384.3384850000
1 3 2 2       378.9429750000
1 3 2 3      -384.3384850000
1 3 3 2      -384.3384850000
1 3 3 3       682.1689320000
2 1 1 1      -392.9718190000
2 1 1 2      -160.0901860000
2 1 1 3       324.7392010000
2 1 2 1      -160.0901860000
2 1 2 2      -244.5678000000
2 1 3 1       324.7392010000
2 2 1 1      -160.0901860000
2 2 1 2      -244.5678000000
2 2 2 1      -244.5678000000
2 2 2 2      -560.4348140000
2 3 1 1       324.7392010000
2 3 3 3       682.1689320000
3 1 1 1      -392.9718190000
3 2 2 2       186.8116050000
3 2 2 3       378.9429750000
3 2 3 2       378.9429750000
3 2 3 3      -384.3384850000
3 3 2 2       378.9429750000
3 3 2 3      -384.3384850000
3 3 3 2      -384.3384850000
3 3 3 3       682.1689320000
END

nFrequencies 3
nStates 10
State n 1	0 0 0 
State n 2	1 0 0 
State n 3	0 1 0 
State n 4	0 0 1 
State n 5	2 0 0 
State n 6	0 2 0 
State n 7	0 0 2 
State n 8	1 1 0 
State n 9	1 0 1 
State n 10	0 1 1 

Xkl (cm^-1) by VPT2+K model
1 1       -40.5297421029
1 2        -8.1976040487
1 3       -31.4313897042
2 1        -8.1976040487
2 2       -43.5687983111
2 3      -153.0756194641
3 1       -31.4313897042
3 2      -153.0756194641
3 3       -43.2216563482
END

C=-2.910047

Diagonal of H (cm^-1) by VPT2+K model
     4630.3658220052         0.0000000000 
     6172.2842559230      1541.9184339178  1(1) 
     8296.5891266267      3666.2233046215  2(1) 
     8395.6231257247      3765.2573037195  3(1) 
     7633.1432056349      3002.7773836297  1(2) 
    11875.6748346261      7245.3090126209  2(2) 
    12074.4371167478      7444.0712947426  3(2) 
     9830.3099564958      5199.9441344905  1(1)  2(1) 
     9906.1101699383      5275.7443479331  1(1)  3(1) 
    11908.7708108821      7278.4049888769  2(1)  3(1) 
END


Resonance Matrix (cm^-1) by VPT2+K model
========================================
 Fermi Resonances terms :
 0 Fermi Resonances 
----------------------------------------------------------------------------------------------------

 Darling-Dennison Resonances terms :
 0 Darling-Dennison Resonances 
----------------------------------------------------------------------------------------------------

END



Results
========================
       E(harm)      E(anharm)     Mode(Quanta), Coef 
       -------      ---------     ---------------- 
    0.00000000     0.00000000     [ 1.000] 
 1642.79241500  1541.91843392     [ 1.000  1(1)] 
 3285.58483000  3002.77738363     [ 1.000  1(2)] 
 3833.99751300  3666.22330462     [ 1.000  2(1)] 
 3943.95412100  3765.25730372     [ 1.000  3(1)] 
 5476.78992800  5199.94413449     [ 1.000  1(1)  2(1)] 
 5586.74653600  5275.74434793     [ 1.000  1(1)  3(1)] 
 7667.99502600  7245.30901262     [ 1.000  2(2)] 
 7777.95163400  7278.40498888     [ 1.000  2(1)  3(1)] 
 7887.90824200  7444.07129474     [ 1.000  3(2)] 



Results With intensities
========================
       E(harm)      E(anharm)        I(harm)      I(anharm)     Coef Mode(Quanta) 
       -------      ---------        -------      ---------     ---------------- 
    0.00000000     0.00000000     0.00000000     0.00000000     [ 1.000] 
 1642.79241500  1541.91843392    12.91986097    14.73955839     [ 1.000  1(1)] 
 3285.58483000  3002.77738363     0.00000000     0.21386631     [ 1.000  1(2)] 
 3833.99751300  3666.22330462     6.46955119     6.80743885     [ 1.000  2(1)] 
 3943.95412100  3765.25730372     4.84455249     5.66051930     [ 1.000  3(1)] 
 5476.78992800  5199.94413449     0.00000000     0.05709810     [ 1.000  1(1)  2(1)] 
 5586.74653600  5275.74434793     0.00000000     0.21483864     [ 1.000  1(1)  3(1)] 
 7667.99502600  7245.30901262     0.00000000     0.27646684     [ 1.000  2(2)] 
 7777.95163400  7278.40498888     0.00000000     0.04923799     [ 1.000  2(1)  3(1)] 
 7887.90824200  7444.07129474     0.00000000     0.06178954     [ 1.000  3(2)] 



Results With intensities
========================

Fundamental Bands
-----------------
       E(harm)      E(anharm)        I(harm)      I(anharm)       Coef. Mode(Quanta) 
  ------------   ------------   ------------   ------------     -------------------- 
 1642.79241500  1541.91843392    12.91986097    14.73955839     [ 1.000  1(1)] 
 3833.99751300  3666.22330462     6.46955119     6.80743885     [ 1.000  2(1)] 
 3943.95412100  3765.25730372     4.84455249     5.66051930     [ 1.000  3(1)] 

Overtones
---------
       E(harm)      E(anharm)        I(harm)      I(anharm)       Coef. Mode(Quanta) 
  ------------   ------------   ------------   ------------     -------------------- 
 3285.58483000  3002.77738363     0.00000000     0.21386631     [ 1.000  1(2)] 
 7667.99502600  7245.30901262     0.00000000     0.27646684     [ 1.000  2(2)] 
 7887.90824200  7444.07129474     0.00000000     0.06178954     [ 1.000  3(2)] 

Combination Bands
----------------
       E(harm)      E(anharm)        I(harm)      I(anharm)       Coef. Mode(Quanta) 
  ------------   ------------   ------------   ------------     -------------------- 
 5476.78992800  5199.94413449     0.00000000     0.05709810     [ 1.000  1(1)  2(1)] 
 5586.74653600  5275.74434793     0.00000000     0.21483864     [ 1.000  1(1)  3(1)] 
 7777.95163400  7278.40498888     0.00000000     0.04923799     [ 1.000  2(1)  3(1)] 


