seed = -1
----------------------------------------------------------
runType=VPT2
model=MM
----------------------------------------------------------

nFrequencies=3
VPT2 model : GVPT2

Gradients
END

Hessian
1 1      2341.0202610000
2 2      3685.3606320000
3 3      3736.3490410000
END

Cubic
1 1 1       -13.1541000000
1 1 2       -88.8100240000
1 1 3        -0.0317780000
2 2 1        13.8556420000
2 2 2        -1.5965840000
2 2 3        -0.0005320000
3 2 1         0.0052260000
3 3 1       -23.3853270000
3 3 2         0.9411020000
3 3 3         0.0001330000
END

Quartic
1 1 1 1        -7.6001920000
1 1 1 2        -2.6778330000
1 1 1 3        -0.0010200000
2 2 1 1        10.9892770000
2 2 2 1         2.0224280000
2 2 2 2         0.4012890000
2 2 2 3         0.0001220000
3 3 1 1       -13.2231900000
3 3 2 1        -0.0251130000
3 3 2 2         0.1489240000
3 3 3 1         0.0006730000
3 3 3 2        -0.0000080000
3 3 3 3        -0.4568640000
END

Coriolis
END

Rotation constants
1         1.0000000000
2         1.0000000000
3         1.0000000000
END
nFrequencies=3
nDim=3
VPT2 Properties model : GVPT2 : Gaussian method

First derivatives
1 1        -1.6812440000
1 2         1.4944220000
1 3        -1.5333170000
2 1        -1.9074670000
2 2         1.6946900000
2 3         4.5061140000
3 1        -3.8718850000
3 2         3.4416900000
3 3        -1.5534670000
END


Second derivatives
END


Cubic derivatives
1 1 1 1        -0.0000010000
1 1 1 3        -0.0000010000
1 1 2 2        -0.0000020000
1 1 3 1        -0.0000010000
1 1 3 3        -0.0000010000
1 2 1 2        -0.0000020000
1 2 2 1        -0.0000020000
1 2 2 2        -0.0000010000
1 3 1 1        -0.0000010000
1 3 1 3        -0.0000010000
1 3 3 1        -0.0000010000
2 1 1 3         0.0000010000
2 1 3 1         0.0000010000
2 1 3 3        -0.0000010000
2 2 2 2         0.0000020000
2 3 1 1         0.0000010000
2 3 1 3        -0.0000010000
2 3 3 1        -0.0000010000
2 3 3 3         0.0000030000
3 1 1 1         0.0000010000
3 1 1 3         0.0000010000
3 1 3 1         0.0000010000
3 1 3 3         0.0000010000
3 2 2 2         0.0000020000
3 2 2 3        -0.0000010000
3 2 3 2        -0.0000010000
3 2 3 3         0.0000010000
3 3 1 1         0.0000010000
3 3 1 3         0.0000010000
3 3 2 2        -0.0000010000
3 3 2 3         0.0000010000
3 3 3 1         0.0000010000
3 3 3 2         0.0000010000
3 3 3 3        -0.0000030000
END

nFrequencies 3
nStates 10
State n 1	0 0 0 
State n 2	1 0 0 
State n 3	0 1 0 
State n 4	0 0 1 
State n 5	2 0 0 
State n 6	0 2 0 
State n 7	0 0 2 
State n 8	1 1 0 
State n 9	1 0 1 
State n 10	0 1 1 

Xkl (cm^-1) by VPT2+K model
1 1        -0.5323897817
1 2         1.6429087215
1 3        -3.3532649716
2 1         1.6429087215
2 2         0.0153327452
2 3         0.0718960685
3 1        -3.3532649716
3 2         0.0718960685
3 3        -0.0561909740
END

C=0.092206

Diagonal of H (cm^-1) by VPT2+K model
     4880.8120399520         0.0000000000 
     7219.9123432635      2339.1003033116  1(1) 
     8567.0607398373      3686.2486998853  2(1) 
     8615.4080145524      3734.5959746004  3(1) 
     9557.9478670118      4677.1358270598  1(2) 
    12253.3401052129      7372.5280652609  2(2) 
    12349.8916072048      7469.0795672529  3(2) 
    10907.8039518703      6026.9919119183  1(1)  2(1) 
    10951.1550528923      6070.3430129404  1(1)  3(1) 
    12301.7286105062      7420.9165705543  2(1)  3(1) 
END


Resonance Matrix (cm^-1) by VPT2+K model
========================================
 Fermi Resonances terms :
 0 Fermi Resonances 
----------------------------------------------------------------------------------------------------

 Darling-Dennison Resonances terms :
 0 Darling-Dennison Resonances 
----------------------------------------------------------------------------------------------------

END



Results
========================
       E(harm)      E(anharm)     Mode(Quanta), Coef 
       -------      ---------     ---------------- 
    0.00000000     0.00000000     [ 1.000] 
 2341.02026100  2339.10030331     [ 1.000  1(1)] 
 3685.36063200  3686.24869989     [ 1.000  2(1)] 
 3736.34904100  3734.59597460     [ 1.000  3(1)] 
 4682.04052200  4677.13582706     [ 1.000  1(2)] 
 6026.38089300  6026.99191192     [ 1.000  1(1)  2(1)] 
 6077.36930200  6070.34301294     [ 1.000  1(1)  3(1)] 
 7370.72126400  7372.52806526     [ 1.000  2(2)] 
 7421.70967300  7420.91657055     [ 1.000  2(1)  3(1)] 
 7472.69808200  7469.07956725     [ 1.000  3(2)] 



Results With intensities
========================
       E(harm)      E(anharm)        I(harm)      I(anharm)     Coef Mode(Quanta) 
       -------      ---------        -------      ---------     ---------------- 
    0.00000000     0.00000000     0.00000000     0.00000000     [ 1.000] 
 2341.02026100  2339.10030331   173.73445897   173.69430898     [ 1.000  1(1)] 
 3685.36063200  3686.24869989   137.24910731   137.21498953     [ 1.000  2(1)] 
 3736.34904100  3734.59597460   202.98813099   202.98570879     [ 1.000  3(1)] 
 4682.04052200  4677.13582706     0.00000000     0.05833914     [ 1.000  1(2)] 
 6026.38089300  6026.99191192     0.00000000     0.01552995     [ 1.000  1(1)  2(1)] 
 6077.36930200  6070.34301294     0.00000000     0.00238512     [ 1.000  1(1)  3(1)] 
 7370.72126400  7372.52806526     0.00000000     0.00008033     [ 1.000  2(2)] 
 7421.70967300  7420.91657055     0.00000000     0.00000147     [ 1.000  2(1)  3(1)] 
 7472.69808200  7469.07956725     0.00000000     0.00018174     [ 1.000  3(2)] 



Results With intensities
========================

Fundamental Bands
-----------------
       E(harm)      E(anharm)        I(harm)      I(anharm)       Coef. Mode(Quanta) 
  ------------   ------------   ------------   ------------     -------------------- 
 2341.02026100  2339.10030331   173.73445897   173.69430898     [ 1.000  1(1)] 
 3685.36063200  3686.24869989   137.24910731   137.21498953     [ 1.000  2(1)] 
 3736.34904100  3734.59597460   202.98813099   202.98570879     [ 1.000  3(1)] 

Overtones
---------
       E(harm)      E(anharm)        I(harm)      I(anharm)       Coef. Mode(Quanta) 
  ------------   ------------   ------------   ------------     -------------------- 
 4682.04052200  4677.13582706     0.00000000     0.05833914     [ 1.000  1(2)] 
 7370.72126400  7372.52806526     0.00000000     0.00008033     [ 1.000  2(2)] 
 7472.69808200  7469.07956725     0.00000000     0.00018174     [ 1.000  3(2)] 

Combination Bands
----------------
       E(harm)      E(anharm)        I(harm)      I(anharm)       Coef. Mode(Quanta) 
  ------------   ------------   ------------   ------------     -------------------- 
 6026.38089300  6026.99191192     0.00000000     0.01552995     [ 1.000  1(1)  2(1)] 
 6077.36930200  6070.34301294     0.00000000     0.00238512     [ 1.000  1(1)  3(1)] 
 7421.70967300  7420.91657055     0.00000000     0.00000147     [ 1.000  2(1)  3(1)] 


