
real	0m0.007s
user	0m0.004s
sys	0m0.000s
/home/allouche/shell/runCChemI : ligne 45 : 13184 Erreur de segmentation  /home/allouche/bin/cchemi $fileici >> $LOG

real	0m0.005s
user	0m0.000s
sys	0m0.004s
cp: impossible d'évaluer « *gab »: Aucun fichier ou dossier de ce type
Sorry, I cannot read the molecule from h2oVQFF_0.log.log file

real	0m0.004s
user	0m0.000s
sys	0m0.004s
cp: impossible d'évaluer « *gab »: Aucun fichier ou dossier de ce type
Sorry, I cannot read the molecule from h2oVQFF_0.log.log.log file

real	0m0.006s
user	0m0.004s
sys	0m0.000s
cp: impossible d'évaluer « *gab »: Aucun fichier ou dossier de ce type

real	0m0.006s
user	0m0.004s
sys	0m0.000s
/home/allouche/shell/runCChemI : ligne 45 : 13232 Erreur de segmentation  /home/allouche/bin/cchemi $fileici >> $LOG

real	0m0.005s
user	0m0.004s
sys	0m0.000s
cp: impossible d'évaluer « *gab »: Aucun fichier ou dossier de ce type
Sorry, I cannot read the molecule from h2oVQFF_10.log.log file

real	0m0.005s
user	0m0.000s
sys	0m0.004s
cp: impossible d'évaluer « *gab »: Aucun fichier ou dossier de ce type
Sorry, I cannot read the molecule from h2oVQFF_10.log.log.log file

real	0m0.005s
user	0m0.004s
sys	0m0.000s
cp: impossible d'évaluer « *gab »: Aucun fichier ou dossier de ce type

real	0m0.006s
user	0m0.004s
sys	0m0.000s
/home/allouche/shell/runCChemI : ligne 45 : 13280 Erreur de segmentation  /home/allouche/bin/cchemi $fileici >> $LOG

real	0m0.005s
user	0m0.004s
sys	0m0.000s
cp: impossible d'évaluer « *gab »: Aucun fichier ou dossier de ce type
Sorry, I cannot read the molecule from h2oVQFF_11.log.log file

real	0m0.004s
user	0m0.004s
sys	0m0.000s
cp: impossible d'évaluer « *gab »: Aucun fichier ou dossier de ce type
Sorry, I cannot read the molecule from h2oVQFF_11.log.log.log file

real	0m0.005s
user	0m0.004s
sys	0m0.000s
cp: impossible d'évaluer « *gab »: Aucun fichier ou dossier de ce type

real	0m0.005s
user	0m0.004s
sys	0m0.000s
/home/allouche/shell/runCChemI : ligne 45 : 13329 Erreur de segmentation  /home/allouche/bin/cchemi $fileici >> $LOG

real	0m0.005s
user	0m0.004s
sys	0m0.000s
cp: impossible d'évaluer « *gab »: Aucun fichier ou dossier de ce type
Sorry, I cannot read the molecule from h2oVQFF_12.log.log file

real	0m0.005s
user	0m0.004s
sys	0m0.000s
cp: impossible d'évaluer « *gab »: Aucun fichier ou dossier de ce type
Sorry, I cannot read the molecule from h2oVQFF_12.log.log.log file

real	0m0.005s
user	0m0.004s
sys	0m0.000s
cp: impossible d'évaluer « *gab »: Aucun fichier ou dossier de ce type

real	0m0.005s
user	0m0.004s
sys	0m0.000s
/home/allouche/shell/runCChemI : ligne 45 : 13377 Erreur de segmentation  /home/allouche/bin/cchemi $fileici >> $LOG

real	0m0.005s
user	0m0.004s
sys	0m0.000s
cp: impossible d'évaluer « *gab »: Aucun fichier ou dossier de ce type
Sorry, I cannot read the molecule from h2oVQFF_13.log.log file

real	0m0.005s
user	0m0.004s
sys	0m0.000s
cp: impossible d'évaluer « *gab »: Aucun fichier ou dossier de ce type
Sorry, I cannot read the molecule from h2oVQFF_13.log.log.log file

real	0m0.005s
user	0m0.004s
sys	0m0.000s
cp: impossible d'évaluer « *gab »: Aucun fichier ou dossier de ce type

real	0m0.007s
user	0m0.004s
sys	0m0.000s
/home/allouche/shell/runCChemI : ligne 45 : 13425 Erreur de segmentation  /home/allouche/bin/cchemi $fileici >> $LOG

real	0m0.005s
user	0m0.004s
sys	0m0.000s
cp: impossible d'évaluer « *gab »: Aucun fichier ou dossier de ce type
Sorry, I cannot read the molecule from h2oVQFF_14.log.log file

real	0m0.005s
user	0m0.004s
sys	0m0.000s
cp: impossible d'évaluer « *gab »: Aucun fichier ou dossier de ce type
Sorry, I cannot read the molecule from h2oVQFF_14.log.log.log file

real	0m0.005s
user	0m0.008s
sys	0m0.000s
cp: impossible d'évaluer « *gab »: Aucun fichier ou dossier de ce type
mkdir: impossible de créer le répertoire « /home/allouche/tmp/cchemi_27901 »: Le fichier existe

real	0m0.005s
user	0m0.004s
sys	0m0.000s
/home/allouche/shell/runCChemI : ligne 45 : 13473 Erreur de segmentation  /home/allouche/bin/cchemi $fileici >> $LOG

real	0m0.005s
user	0m0.004s
sys	0m0.000s
cp: impossible d'évaluer « *gab »: Aucun fichier ou dossier de ce type
Sorry, I cannot read the molecule from h2oVQFF_15.log.log file

real	0m0.004s
user	0m0.004s
sys	0m0.004s
cp: impossible d'évaluer « *gab »: Aucun fichier ou dossier de ce type
Sorry, I cannot read the molecule from h2oVQFF_15.log.log.log file

real	0m0.004s
user	0m0.000s
sys	0m0.000s
cp: impossible d'évaluer « *gab »: Aucun fichier ou dossier de ce type

real	0m0.005s
user	0m0.004s
sys	0m0.000s
/home/allouche/shell/runCChemI : ligne 45 : 13521 Erreur de segmentation  /home/allouche/bin/cchemi $fileici >> $LOG

real	0m0.004s
user	0m0.000s
sys	0m0.000s
cp: impossible d'évaluer « *gab »: Aucun fichier ou dossier de ce type
Sorry, I cannot read the molecule from h2oVQFF_16.log.log file

real	0m0.004s
user	0m0.004s
sys	0m0.000s
cp: impossible d'évaluer « *gab »: Aucun fichier ou dossier de ce type
mkdir: impossible de créer le répertoire « /home/allouche/tmp/cchemi_15706 »: Le fichier existe
Sorry, I cannot read the molecule from h2oVQFF_16.log.log.log file

real	0m0.004s
user	0m0.004s
sys	0m0.004s
cp: impossible d'évaluer « *gab »: Aucun fichier ou dossier de ce type

real	0m0.005s
user	0m0.004s
sys	0m0.000s
/home/allouche/shell/runCChemI : ligne 45 : 13569 Erreur de segmentation  /home/allouche/bin/cchemi $fileici >> $LOG

real	0m0.004s
user	0m0.004s
sys	0m0.000s
cp: impossible d'évaluer « *gab »: Aucun fichier ou dossier de ce type
Sorry, I cannot read the molecule from h2oVQFF_17.log.log file

real	0m0.004s
user	0m0.004s
sys	0m0.000s
cp: impossible d'évaluer « *gab »: Aucun fichier ou dossier de ce type
Sorry, I cannot read the molecule from h2oVQFF_17.log.log.log file

real	0m0.006s
user	0m0.004s
sys	0m0.000s
cp: impossible d'évaluer « *gab »: Aucun fichier ou dossier de ce type

real	0m0.007s
user	0m0.004s
sys	0m0.000s
/home/allouche/shell/runCChemI : ligne 45 : 13618 Erreur de segmentation  /home/allouche/bin/cchemi $fileici >> $LOG

real	0m0.006s
user	0m0.004s
sys	0m0.000s
cp: impossible d'évaluer « *gab »: Aucun fichier ou dossier de ce type
Sorry, I cannot read the molecule from h2oVQFF_18.log.log file

real	0m0.005s
user	0m0.004s
sys	0m0.000s
cp: impossible d'évaluer « *gab »: Aucun fichier ou dossier de ce type
Sorry, I cannot read the molecule from h2oVQFF_18.log.log.log file

real	0m0.005s
user	0m0.000s
sys	0m0.004s
cp: impossible d'évaluer « *gab »: Aucun fichier ou dossier de ce type

real	0m0.006s
user	0m0.004s
sys	0m0.000s
/home/allouche/shell/runCChemI : ligne 45 : 13668 Erreur de segmentation  /home/allouche/bin/cchemi $fileici >> $LOG

real	0m0.005s
user	0m0.004s
sys	0m0.000s
cp: impossible d'évaluer « *gab »: Aucun fichier ou dossier de ce type
Sorry, I cannot read the molecule from h2oVQFF_19.log.log file

real	0m0.005s
user	0m0.004s
sys	0m0.000s
cp: impossible d'évaluer « *gab »: Aucun fichier ou dossier de ce type

real	0m0.005s
user	0m0.004s
sys	0m0.000s
mkdir: impossible de créer le répertoire « /home/allouche/tmp/cchemi_6118 »: Le fichier existe
/home/allouche/shell/runCChemI : ligne 45 : 13706 Erreur de segmentation  /home/allouche/bin/cchemi $fileici >> $LOG

real	0m0.005s
user	0m0.004s
sys	0m0.000s
cp: impossible d'évaluer « *gab »: Aucun fichier ou dossier de ce type
Sorry, I cannot read the molecule from h2oVQFF_1.log.log file

real	0m0.004s
user	0m0.000s
sys	0m0.004s
cp: impossible d'évaluer « *gab »: Aucun fichier ou dossier de ce type
Sorry, I cannot read the molecule from h2oVQFF_1.log.log.log file

real	0m0.005s
user	0m0.004s
sys	0m0.000s
cp: impossible d'évaluer « *gab »: Aucun fichier ou dossier de ce type

real	0m0.005s
user	0m0.004s
sys	0m0.000s
/home/allouche/shell/runCChemI : ligne 45 : 13754 Erreur de segmentation  /home/allouche/bin/cchemi $fileici >> $LOG

real	0m0.005s
user	0m0.004s
sys	0m0.000s
cp: impossible d'évaluer « *gab »: Aucun fichier ou dossier de ce type
Sorry, I cannot read the molecule from h2oVQFF_20.log.log file

real	0m0.005s
user	0m0.004s
sys	0m0.000s
cp: impossible d'évaluer « *gab »: Aucun fichier ou dossier de ce type

real	0m0.005s
user	0m0.004s
sys	0m0.000s
/home/allouche/shell/runCChemI : ligne 45 : 13794 Erreur de segmentation  /home/allouche/bin/cchemi $fileici >> $LOG

real	0m0.005s
user	0m0.004s
sys	0m0.000s
cp: impossible d'évaluer « *gab »: Aucun fichier ou dossier de ce type
Sorry, I cannot read the molecule from h2oVQFF_21.log.log file

real	0m0.005s
user	0m0.004s
sys	0m0.000s
cp: impossible d'évaluer « *gab »: Aucun fichier ou dossier de ce type

real	0m0.005s
user	0m0.004s
sys	0m0.000s
/home/allouche/shell/runCChemI : ligne 45 : 13830 Erreur de segmentation  /home/allouche/bin/cchemi $fileici >> $LOG

real	0m0.006s
user	0m0.004s
sys	0m0.000s
cp: impossible d'évaluer « *gab »: Aucun fichier ou dossier de ce type
Sorry, I cannot read the molecule from h2oVQFF_22.log.log file

real	0m0.004s
user	0m0.000s
sys	0m0.008s
cp: impossible d'évaluer « *gab »: Aucun fichier ou dossier de ce type

real	0m0.007s
user	0m0.004s
sys	0m0.000s
/home/allouche/shell/runCChemI : ligne 45 : 13866 Erreur de segmentation  /home/allouche/bin/cchemi $fileici >> $LOG

real	0m0.006s
user	0m0.004s
sys	0m0.000s
cp: impossible d'évaluer « *gab »: Aucun fichier ou dossier de ce type
Sorry, I cannot read the molecule from h2oVQFF_23.log.log file

real	0m0.005s
user	0m0.004s
sys	0m0.000s
cp: impossible d'évaluer « *gab »: Aucun fichier ou dossier de ce type

real	0m0.006s
user	0m0.004s
sys	0m0.000s
/home/allouche/shell/runCChemI : ligne 45 : 13902 Erreur de segmentation  /home/allouche/bin/cchemi $fileici >> $LOG

real	0m0.005s
user	0m0.004s
sys	0m0.000s
cp: impossible d'évaluer « *gab »: Aucun fichier ou dossier de ce type
Sorry, I cannot read the molecule from h2oVQFF_24.log.log file

real	0m0.006s
user	0m0.000s
sys	0m0.004s
cp: impossible d'évaluer « *gab »: Aucun fichier ou dossier de ce type

real	0m0.005s
user	0m0.004s
sys	0m0.000s
mkdir: impossible de créer le répertoire « /home/allouche/tmp/cchemi_8463 »: Le fichier existe
/home/allouche/shell/runCChemI : ligne 45 : 13938 Erreur de segmentation  /home/allouche/bin/cchemi $fileici >> $LOG

real	0m0.006s
user	0m0.004s
sys	0m0.000s
cp: impossible d'évaluer « *gab »: Aucun fichier ou dossier de ce type
mkdir: impossible de créer le répertoire « /home/allouche/tmp/cchemi_13986 »: Le fichier existe
Sorry, I cannot read the molecule from h2oVQFF_25.log.log file

real	0m0.005s
user	0m0.004s
sys	0m0.000s
cp: impossible d'évaluer « *gab »: Aucun fichier ou dossier de ce type

real	0m0.006s
user	0m0.004s
sys	0m0.000s
/home/allouche/shell/runCChemI : ligne 45 : 13974 Erreur de segmentation  /home/allouche/bin/cchemi $fileici >> $LOG

real	0m0.005s
user	0m0.004s
sys	0m0.000s
cp: impossible d'évaluer « *gab »: Aucun fichier ou dossier de ce type
Sorry, I cannot read the molecule from h2oVQFF_26.log.log file

real	0m0.005s
user	0m0.004s
sys	0m0.000s
cp: impossible d'évaluer « *gab »: Aucun fichier ou dossier de ce type
mkdir: impossible de créer le répertoire « /home/allouche/tmp/cchemi_10784 »: Le fichier existe

real	0m0.006s
user	0m0.004s
sys	0m0.000s
/home/allouche/shell/runCChemI : ligne 45 : 14010 Erreur de segmentation  /home/allouche/bin/cchemi $fileici >> $LOG

real	0m0.005s
user	0m0.000s
sys	0m0.004s
cp: impossible d'évaluer « *gab »: Aucun fichier ou dossier de ce type
Sorry, I cannot read the molecule from h2oVQFF_27.log.log file

real	0m0.005s
user	0m0.000s
sys	0m0.004s
cp: impossible d'évaluer « *gab »: Aucun fichier ou dossier de ce type

real	0m0.005s
user	0m0.004s
sys	0m0.000s
/home/allouche/shell/runCChemI : ligne 45 : 14046 Erreur de segmentation  /home/allouche/bin/cchemi $fileici >> $LOG

real	0m0.006s
user	0m0.004s
sys	0m0.000s
cp: impossible d'évaluer « *gab »: Aucun fichier ou dossier de ce type
Sorry, I cannot read the molecule from h2oVQFF_28.log.log file

real	0m0.005s
user	0m0.004s
sys	0m0.000s
cp: impossible d'évaluer « *gab »: Aucun fichier ou dossier de ce type

real	0m0.006s
user	0m0.004s
sys	0m0.000s
/home/allouche/shell/runCChemI : ligne 45 : 14082 Erreur de segmentation  /home/allouche/bin/cchemi $fileici >> $LOG

real	0m0.005s
user	0m0.004s
sys	0m0.000s
cp: impossible d'évaluer « *gab »: Aucun fichier ou dossier de ce type
Sorry, I cannot read the molecule from h2oVQFF_29.log.log file

real	0m0.005s
user	0m0.004s
sys	0m0.000s
cp: impossible d'évaluer « *gab »: Aucun fichier ou dossier de ce type

real	0m0.007s
user	0m0.004s
sys	0m0.000s
/home/allouche/shell/runCChemI : ligne 45 : 14119 Erreur de segmentation  /home/allouche/bin/cchemi $fileici >> $LOG

real	0m0.006s
user	0m0.004s
sys	0m0.000s
cp: impossible d'évaluer « *gab »: Aucun fichier ou dossier de ce type
Sorry, I cannot read the molecule from h2oVQFF_2.log.log file

real	0m0.005s
user	0m0.004s
sys	0m0.000s
cp: impossible d'évaluer « *gab »: Aucun fichier ou dossier de ce type
Sorry, I cannot read the molecule from h2oVQFF_2.log.log.log file

real	0m0.006s
user	0m0.004s
sys	0m0.000s
cp: impossible d'évaluer « *gab »: Aucun fichier ou dossier de ce type

real	0m0.007s
user	0m0.004s
sys	0m0.000s
/home/allouche/shell/runCChemI : ligne 45 : 14167 Erreur de segmentation  /home/allouche/bin/cchemi $fileici >> $LOG

real	0m0.005s
user	0m0.004s
sys	0m0.000s
cp: impossible d'évaluer « *gab »: Aucun fichier ou dossier de ce type
Sorry, I cannot read the molecule from h2oVQFF_30.log.log file

real	0m0.006s
user	0m0.004s
sys	0m0.000s
cp: impossible d'évaluer « *gab »: Aucun fichier ou dossier de ce type

real	0m0.007s
user	0m0.004s
sys	0m0.000s
/home/allouche/shell/runCChemI : ligne 45 : 14203 Erreur de segmentation  /home/allouche/bin/cchemi $fileici >> $LOG

real	0m0.006s
user	0m0.004s
sys	0m0.000s
cp: impossible d'évaluer « *gab »: Aucun fichier ou dossier de ce type
Sorry, I cannot read the molecule from h2oVQFF_31.log.log file

real	0m0.005s
user	0m0.004s
sys	0m0.000s
cp: impossible d'évaluer « *gab »: Aucun fichier ou dossier de ce type

real	0m0.005s
user	0m0.004s
sys	0m0.000s
/home/allouche/shell/runCChemI : ligne 45 : 14239 Erreur de segmentation  /home/allouche/bin/cchemi $fileici >> $LOG

real	0m0.006s
user	0m0.004s
sys	0m0.000s
cp: impossible d'évaluer « *gab »: Aucun fichier ou dossier de ce type
mkdir: impossible de créer le répertoire « /home/allouche/tmp/cchemi_11674 »: Le fichier existe
Sorry, I cannot read the molecule from h2oVQFF_32.log.log file

real	0m0.005s
user	0m0.000s
sys	0m0.004s
cp: impossible d'évaluer « *gab »: Aucun fichier ou dossier de ce type

real	0m0.006s
user	0m0.004s
sys	0m0.000s
/home/allouche/shell/runCChemI : ligne 45 : 14277 Erreur de segmentation  /home/allouche/bin/cchemi $fileici >> $LOG

real	0m0.005s
user	0m0.008s
sys	0m0.000s
cp: impossible d'évaluer « *gab »: Aucun fichier ou dossier de ce type
Sorry, I cannot read the molecule from h2oVQFF_33.log.log file

real	0m0.005s
user	0m0.004s
sys	0m0.000s
cp: impossible d'évaluer « *gab »: Aucun fichier ou dossier de ce type

real	0m0.005s
user	0m0.004s
sys	0m0.000s
/home/allouche/shell/runCChemI : ligne 45 : 14313 Erreur de segmentation  /home/allouche/bin/cchemi $fileici >> $LOG

real	0m0.004s
user	0m0.004s
sys	0m0.004s
cp: impossible d'évaluer « *gab »: Aucun fichier ou dossier de ce type
Sorry, I cannot read the molecule from h2oVQFF_34.log.log file

real	0m0.006s
user	0m0.004s
sys	0m0.000s
cp: impossible d'évaluer « *gab »: Aucun fichier ou dossier de ce type

real	0m0.007s
user	0m0.004s
sys	0m0.000s
/home/allouche/shell/runCChemI : ligne 45 : 14349 Erreur de segmentation  /home/allouche/bin/cchemi $fileici >> $LOG

real	0m0.006s
user	0m0.004s
sys	0m0.000s
cp: impossible d'évaluer « *gab »: Aucun fichier ou dossier de ce type
Sorry, I cannot read the molecule from h2oVQFF_35.log.log file

real	0m0.005s
user	0m0.004s
sys	0m0.000s
cp: impossible d'évaluer « *gab »: Aucun fichier ou dossier de ce type

real	0m0.005s
user	0m0.004s
sys	0m0.000s
/home/allouche/shell/runCChemI : ligne 45 : 14385 Erreur de segmentation  /home/allouche/bin/cchemi $fileici >> $LOG

real	0m0.005s
user	0m0.008s
sys	0m0.000s
cp: impossible d'évaluer « *gab »: Aucun fichier ou dossier de ce type
Sorry, I cannot read the molecule from h2oVQFF_36.log.log file

real	0m0.005s
user	0m0.004s
sys	0m0.000s
cp: impossible d'évaluer « *gab »: Aucun fichier ou dossier de ce type

real	0m0.006s
user	0m0.004s
sys	0m0.000s
/home/allouche/shell/runCChemI : ligne 45 : 14421 Erreur de segmentation  /home/allouche/bin/cchemi $fileici >> $LOG

real	0m0.005s
user	0m0.004s
sys	0m0.000s
cp: impossible d'évaluer « *gab »: Aucun fichier ou dossier de ce type
Sorry, I cannot read the molecule from h2oVQFF_37.log.log file

real	0m0.004s
user	0m0.004s
sys	0m0.000s
cp: impossible d'évaluer « *gab »: Aucun fichier ou dossier de ce type

real	0m0.006s
user	0m0.004s
sys	0m0.000s
/home/allouche/shell/runCChemI : ligne 45 : 14457 Erreur de segmentation  /home/allouche/bin/cchemi $fileici >> $LOG

real	0m0.005s
user	0m0.000s
sys	0m0.004s
cp: impossible d'évaluer « *gab »: Aucun fichier ou dossier de ce type
Sorry, I cannot read the molecule from h2oVQFF_38.log.log file

real	0m0.005s
user	0m0.004s
sys	0m0.000s
cp: impossible d'évaluer « *gab »: Aucun fichier ou dossier de ce type

real	0m0.005s
user	0m0.004s
sys	0m0.000s
/home/allouche/shell/runCChemI : ligne 45 : 14493 Erreur de segmentation  /home/allouche/bin/cchemi $fileici >> $LOG

real	0m0.005s
user	0m0.004s
sys	0m0.000s
cp: impossible d'évaluer « *gab »: Aucun fichier ou dossier de ce type
Sorry, I cannot read the molecule from h2oVQFF_39.log.log file

real	0m0.004s
user	0m0.004s
sys	0m0.000s
cp: impossible d'évaluer « *gab »: Aucun fichier ou dossier de ce type

real	0m0.005s
user	0m0.004s
sys	0m0.000s
/home/allouche/shell/runCChemI : ligne 45 : 14529 Erreur de segmentation  /home/allouche/bin/cchemi $fileici >> $LOG

real	0m0.005s
user	0m0.008s
sys	0m0.000s
cp: impossible d'évaluer « *gab »: Aucun fichier ou dossier de ce type
Sorry, I cannot read the molecule from h2oVQFF_3.log.log file

real	0m0.004s
user	0m0.008s
sys	0m0.000s
cp: impossible d'évaluer « *gab »: Aucun fichier ou dossier de ce type
Sorry, I cannot read the molecule from h2oVQFF_3.log.log.log file

real	0m0.004s
user	0m0.004s
sys	0m0.000s
cp: impossible d'évaluer « *gab »: Aucun fichier ou dossier de ce type

real	0m0.005s
user	0m0.004s
sys	0m0.000s
/home/allouche/shell/runCChemI : ligne 45 : 14577 Erreur de segmentation  /home/allouche/bin/cchemi $fileici >> $LOG

real	0m0.004s
user	0m0.000s
sys	0m0.004s
cp: impossible d'évaluer « *gab »: Aucun fichier ou dossier de ce type
Sorry, I cannot read the molecule from h2oVQFF_40.log.log file

real	0m0.004s
user	0m0.000s
sys	0m0.000s
cp: impossible d'évaluer « *gab »: Aucun fichier ou dossier de ce type

real	0m0.005s
user	0m0.004s
sys	0m0.000s
/home/allouche/shell/runCChemI : ligne 45 : 14613 Erreur de segmentation  /home/allouche/bin/cchemi $fileici >> $LOG

real	0m0.005s
user	0m0.000s
sys	0m0.004s
cp: impossible d'évaluer « *gab »: Aucun fichier ou dossier de ce type
Sorry, I cannot read the molecule from h2oVQFF_41.log.log file

real	0m0.004s
user	0m0.000s
sys	0m0.004s
cp: impossible d'évaluer « *gab »: Aucun fichier ou dossier de ce type

real	0m0.007s
user	0m0.004s
sys	0m0.000s
/home/allouche/shell/runCChemI : ligne 45 : 14649 Erreur de segmentation  /home/allouche/bin/cchemi $fileici >> $LOG

real	0m0.005s
user	0m0.004s
sys	0m0.000s
cp: impossible d'évaluer « *gab »: Aucun fichier ou dossier de ce type
Sorry, I cannot read the molecule from h2oVQFF_42.log.log file

real	0m0.005s
user	0m0.000s
sys	0m0.004s
cp: impossible d'évaluer « *gab »: Aucun fichier ou dossier de ce type

real	0m0.005s
user	0m0.004s
sys	0m0.000s
/home/allouche/shell/runCChemI : ligne 45 : 14685 Erreur de segmentation  /home/allouche/bin/cchemi $fileici >> $LOG

real	0m0.005s
user	0m0.004s
sys	0m0.000s
cp: impossible d'évaluer « *gab »: Aucun fichier ou dossier de ce type
Sorry, I cannot read the molecule from h2oVQFF_43.log.log file

real	0m0.004s
user	0m0.000s
sys	0m0.000s
cp: impossible d'évaluer « *gab »: Aucun fichier ou dossier de ce type

real	0m0.005s
user	0m0.004s
sys	0m0.000s
/home/allouche/shell/runCChemI : ligne 45 : 14721 Erreur de segmentation  /home/allouche/bin/cchemi $fileici >> $LOG

real	0m0.004s
user	0m0.000s
sys	0m0.000s
cp: impossible d'évaluer « *gab »: Aucun fichier ou dossier de ce type
Sorry, I cannot read the molecule from h2oVQFF_44.log.log file

real	0m0.004s
user	0m0.000s
sys	0m0.000s
cp: impossible d'évaluer « *gab »: Aucun fichier ou dossier de ce type

real	0m0.005s
user	0m0.004s
sys	0m0.000s
/home/allouche/shell/runCChemI : ligne 45 : 14757 Erreur de segmentation  /home/allouche/bin/cchemi $fileici >> $LOG

real	0m0.004s
user	0m0.000s
sys	0m0.000s
cp: impossible d'évaluer « *gab »: Aucun fichier ou dossier de ce type
mkdir: impossible de créer le répertoire « /home/allouche/tmp/cchemi_28479 »: Le fichier existe
Sorry, I cannot read the molecule from h2oVQFF_45.log.log file

real	0m0.005s
user	0m0.004s
sys	0m0.000s
cp: impossible d'évaluer « *gab »: Aucun fichier ou dossier de ce type

real	0m0.005s
user	0m0.004s
sys	0m0.000s
/home/allouche/shell/runCChemI : ligne 45 : 14794 Erreur de segmentation  /home/allouche/bin/cchemi $fileici >> $LOG

real	0m0.004s
user	0m0.004s
sys	0m0.000s
cp: impossible d'évaluer « *gab »: Aucun fichier ou dossier de ce type
Sorry, I cannot read the molecule from h2oVQFF_46.log.log file

real	0m0.004s
user	0m0.004s
sys	0m0.000s
cp: impossible d'évaluer « *gab »: Aucun fichier ou dossier de ce type

real	0m0.005s
user	0m0.004s
sys	0m0.000s
/home/allouche/shell/runCChemI : ligne 45 : 14830 Erreur de segmentation  /home/allouche/bin/cchemi $fileici >> $LOG

real	0m0.005s
user	0m0.004s
sys	0m0.000s
cp: impossible d'évaluer « *gab »: Aucun fichier ou dossier de ce type
Sorry, I cannot read the molecule from h2oVQFF_47.log.log file

real	0m0.004s
user	0m0.000s
sys	0m0.000s
cp: impossible d'évaluer « *gab »: Aucun fichier ou dossier de ce type

real	0m0.007s
user	0m0.004s
sys	0m0.000s
/home/allouche/shell/runCChemI : ligne 45 : 14866 Erreur de segmentation  /home/allouche/bin/cchemi $fileici >> $LOG

real	0m0.005s
user	0m0.004s
sys	0m0.000s
cp: impossible d'évaluer « *gab »: Aucun fichier ou dossier de ce type
Sorry, I cannot read the molecule from h2oVQFF_48.log.log file

real	0m0.005s
user	0m0.004s
sys	0m0.000s
cp: impossible d'évaluer « *gab »: Aucun fichier ou dossier de ce type

real	0m0.007s
user	0m0.004s
sys	0m0.000s
/home/allouche/shell/runCChemI : ligne 45 : 14902 Erreur de segmentation  /home/allouche/bin/cchemi $fileici >> $LOG

real	0m0.006s
user	0m0.004s
sys	0m0.000s
cp: impossible d'évaluer « *gab »: Aucun fichier ou dossier de ce type
mkdir: impossible de créer le répertoire « /home/allouche/tmp/cchemi_13582 »: Le fichier existe
Sorry, I cannot read the molecule from h2oVQFF_49.log.log file

real	0m0.005s
user	0m0.004s
sys	0m0.000s
cp: impossible d'évaluer « *gab »: Aucun fichier ou dossier de ce type

real	0m0.006s
user	0m0.004s
sys	0m0.000s
/home/allouche/shell/runCChemI : ligne 45 : 14938 Erreur de segmentation  /home/allouche/bin/cchemi $fileici >> $LOG

real	0m0.005s
user	0m0.000s
sys	0m0.004s
cp: impossible d'évaluer « *gab »: Aucun fichier ou dossier de ce type
Sorry, I cannot read the molecule from h2oVQFF_4.log.log file

real	0m0.005s
user	0m0.004s
sys	0m0.000s
cp: impossible d'évaluer « *gab »: Aucun fichier ou dossier de ce type
Sorry, I cannot read the molecule from h2oVQFF_4.log.log.log file

real	0m0.005s
user	0m0.004s
sys	0m0.004s
cp: impossible d'évaluer « *gab »: Aucun fichier ou dossier de ce type

real	0m0.005s
user	0m0.004s
sys	0m0.000s
mkdir: impossible de créer le répertoire « /home/allouche/tmp/cchemi_20285 »: Le fichier existe
/home/allouche/shell/runCChemI : ligne 45 : 14986 Erreur de segmentation  /home/allouche/bin/cchemi $fileici >> $LOG

real	0m0.005s
user	0m0.004s
sys	0m0.004s
cp: impossible d'évaluer « *gab »: Aucun fichier ou dossier de ce type
Sorry, I cannot read the molecule from h2oVQFF_50.log.log file

real	0m0.005s
user	0m0.008s
sys	0m0.000s
cp: impossible d'évaluer « *gab »: Aucun fichier ou dossier de ce type

real	0m0.005s
user	0m0.004s
sys	0m0.000s
/home/allouche/shell/runCChemI : ligne 45 : 15022 Erreur de segmentation  /home/allouche/bin/cchemi $fileici >> $LOG

real	0m0.004s
user	0m0.004s
sys	0m0.000s
cp: impossible d'évaluer « *gab »: Aucun fichier ou dossier de ce type
Sorry, I cannot read the molecule from h2oVQFF_51.log.log file

real	0m0.004s
user	0m0.000s
sys	0m0.000s
cp: impossible d'évaluer « *gab »: Aucun fichier ou dossier de ce type

real	0m0.004s
user	0m0.004s
sys	0m0.000s
/home/allouche/shell/runCChemI : ligne 45 : 15058 Erreur de segmentation  /home/allouche/bin/cchemi $fileici >> $LOG

real	0m0.006s
user	0m0.000s
sys	0m0.008s
cp: impossible d'évaluer « *gab »: Aucun fichier ou dossier de ce type
Sorry, I cannot read the molecule from h2oVQFF_52.log.log file

real	0m0.006s
user	0m0.004s
sys	0m0.000s
cp: impossible d'évaluer « *gab »: Aucun fichier ou dossier de ce type

real	0m0.005s
user	0m0.004s
sys	0m0.000s
/home/allouche/shell/runCChemI : ligne 45 : 15094 Erreur de segmentation  /home/allouche/bin/cchemi $fileici >> $LOG

real	0m0.006s
user	0m0.004s
sys	0m0.000s
cp: impossible d'évaluer « *gab »: Aucun fichier ou dossier de ce type
Sorry, I cannot read the molecule from h2oVQFF_53.log.log file

real	0m0.006s
user	0m0.004s
sys	0m0.004s
cp: impossible d'évaluer « *gab »: Aucun fichier ou dossier de ce type

real	0m0.007s
user	0m0.004s
sys	0m0.000s
/home/allouche/shell/runCChemI : ligne 45 : 15130 Erreur de segmentation  /home/allouche/bin/cchemi $fileici >> $LOG

real	0m0.006s
user	0m0.000s
sys	0m0.004s
cp: impossible d'évaluer « *gab »: Aucun fichier ou dossier de ce type
Sorry, I cannot read the molecule from h2oVQFF_54.log.log file

real	0m0.005s
user	0m0.000s
sys	0m0.004s
cp: impossible d'évaluer « *gab »: Aucun fichier ou dossier de ce type

real	0m0.006s
user	0m0.004s
sys	0m0.000s
/home/allouche/shell/runCChemI : ligne 45 : 15166 Erreur de segmentation  /home/allouche/bin/cchemi $fileici >> $LOG

real	0m0.005s
user	0m0.004s
sys	0m0.000s
cp: impossible d'évaluer « *gab »: Aucun fichier ou dossier de ce type

real	0m0.006s
user	0m0.004s
sys	0m0.000s
/home/allouche/shell/runCChemI : ligne 45 : 15190 Erreur de segmentation  /home/allouche/bin/cchemi $fileici >> $LOG

real	0m0.005s
user	0m0.004s
sys	0m0.000s
cp: impossible d'évaluer « *gab »: Aucun fichier ou dossier de ce type

real	0m0.005s
user	0m0.004s
sys	0m0.000s
mkdir: impossible de créer le répertoire « /home/allouche/tmp/cchemi_11167 »: Le fichier existe
/home/allouche/shell/runCChemI : ligne 45 : 15214 Erreur de segmentation  /home/allouche/bin/cchemi $fileici >> $LOG

real	0m0.005s
user	0m0.004s
sys	0m0.000s
cp: impossible d'évaluer « *gab »: Aucun fichier ou dossier de ce type

real	0m0.005s
user	0m0.004s
sys	0m0.000s
/home/allouche/shell/runCChemI : ligne 45 : 15238 Erreur de segmentation  /home/allouche/bin/cchemi $fileici >> $LOG

real	0m0.004s
user	0m0.004s
sys	0m0.000s
cp: impossible d'évaluer « *gab »: Aucun fichier ou dossier de ce type

real	0m0.005s
user	0m0.004s
sys	0m0.004s
/home/allouche/shell/runCChemI : ligne 45 : 15262 Erreur de segmentation  /home/allouche/bin/cchemi $fileici >> $LOG

real	0m0.004s
user	0m0.008s
sys	0m0.000s
cp: impossible d'évaluer « *gab »: Aucun fichier ou dossier de ce type

real	0m0.005s
user	0m0.004s
sys	0m0.004s
/home/allouche/shell/runCChemI : ligne 45 : 15286 Erreur de segmentation  /home/allouche/bin/cchemi $fileici >> $LOG

real	0m0.005s
user	0m0.008s
sys	0m0.000s
cp: impossible d'évaluer « *gab »: Aucun fichier ou dossier de ce type
Sorry, I cannot read the molecule from h2oVQFF_5.log.log file

real	0m0.004s
user	0m0.004s
sys	0m0.004s
cp: impossible d'évaluer « *gab »: Aucun fichier ou dossier de ce type
Sorry, I cannot read the molecule from h2oVQFF_5.log.log.log file

real	0m0.004s
user	0m0.004s
sys	0m0.000s
cp: impossible d'évaluer « *gab »: Aucun fichier ou dossier de ce type

real	0m0.005s
user	0m0.004s
sys	0m0.000s
/home/allouche/shell/runCChemI : ligne 45 : 15334 Erreur de segmentation  /home/allouche/bin/cchemi $fileici >> $LOG

real	0m0.006s
user	0m0.004s
sys	0m0.000s
cp: impossible d'évaluer « *gab »: Aucun fichier ou dossier de ce type

real	0m0.006s
user	0m0.004s
sys	0m0.000s
/home/allouche/shell/runCChemI : ligne 45 : 15358 Erreur de segmentation  /home/allouche/bin/cchemi $fileici >> $LOG

real	0m0.006s
user	0m0.004s
sys	0m0.000s
cp: impossible d'évaluer « *gab »: Aucun fichier ou dossier de ce type

real	0m0.006s
user	0m0.004s
sys	0m0.000s
/home/allouche/shell/runCChemI : ligne 45 : 15382 Erreur de segmentation  /home/allouche/bin/cchemi $fileici >> $LOG

real	0m0.005s
user	0m0.000s
sys	0m0.004s
cp: impossible d'évaluer « *gab »: Aucun fichier ou dossier de ce type

real	0m0.005s
user	0m0.004s
sys	0m0.000s
/home/allouche/shell/runCChemI : ligne 45 : 15406 Erreur de segmentation  /home/allouche/bin/cchemi $fileici >> $LOG

real	0m0.006s
user	0m0.004s
sys	0m0.000s
cp: impossible d'évaluer « *gab »: Aucun fichier ou dossier de ce type
Sorry, I cannot read the molecule from h2oVQFF_6.log.log file

real	0m0.004s
user	0m0.004s
sys	0m0.000s
cp: impossible d'évaluer « *gab »: Aucun fichier ou dossier de ce type
mkdir: impossible de créer le répertoire « /home/allouche/tmp/cchemi_2830 »: Le fichier existe
Sorry, I cannot read the molecule from h2oVQFF_6.log.log.log file

real	0m0.004s
user	0m0.004s
sys	0m0.000s
cp: impossible d'évaluer « *gab »: Aucun fichier ou dossier de ce type

real	0m0.005s
user	0m0.004s
sys	0m0.000s
/home/allouche/shell/runCChemI : ligne 45 : 15454 Erreur de segmentation  /home/allouche/bin/cchemi $fileici >> $LOG

real	0m0.005s
user	0m0.000s
sys	0m0.004s
cp: impossible d'évaluer « *gab »: Aucun fichier ou dossier de ce type
Sorry, I cannot read the molecule from h2oVQFF_7.log.log file

real	0m0.004s
user	0m0.004s
sys	0m0.000s
cp: impossible d'évaluer « *gab »: Aucun fichier ou dossier de ce type
Sorry, I cannot read the molecule from h2oVQFF_7.log.log.log file

real	0m0.006s
user	0m0.004s
sys	0m0.000s
cp: impossible d'évaluer « *gab »: Aucun fichier ou dossier de ce type

real	0m0.005s
user	0m0.000s
sys	0m0.004s
/home/allouche/shell/runCChemI : ligne 45 : 15502 Erreur de segmentation  /home/allouche/bin/cchemi $fileici >> $LOG

real	0m0.004s
user	0m0.000s
sys	0m0.000s
cp: impossible d'évaluer « *gab »: Aucun fichier ou dossier de ce type
Sorry, I cannot read the molecule from h2oVQFF_8.log.log file

real	0m0.006s
user	0m0.004s
sys	0m0.000s
cp: impossible d'évaluer « *gab »: Aucun fichier ou dossier de ce type
Sorry, I cannot read the molecule from h2oVQFF_8.log.log.log file

real	0m0.004s
user	0m0.004s
sys	0m0.000s
cp: impossible d'évaluer « *gab »: Aucun fichier ou dossier de ce type

real	0m0.005s
user	0m0.004s
sys	0m0.000s
/home/allouche/shell/runCChemI : ligne 45 : 15550 Erreur de segmentation  /home/allouche/bin/cchemi $fileici >> $LOG

real	0m0.004s
user	0m0.000s
sys	0m0.000s
cp: impossible d'évaluer « *gab »: Aucun fichier ou dossier de ce type
Sorry, I cannot read the molecule from h2oVQFF_9.log.log file

real	0m0.005s
user	0m0.004s
sys	0m0.000s
cp: impossible d'évaluer « *gab »: Aucun fichier ou dossier de ce type
Sorry, I cannot read the molecule from h2oVQFF_9.log.log.log file

real	0m0.006s
user	0m0.000s
sys	0m0.004s
cp: impossible d'évaluer « *gab »: Aucun fichier ou dossier de ce type
