===================
run h2oVQFF_29.ici ......
===================
dir =  /tmp/cchemi_16493/h2oVQFF_29 ......
===================
seed = -1
----------------------------------------------------------
runType=ENERGY
model=OPENBABEL
----------------------------------------------------------

type 1
Establishing connectivity : 2 connections...
Establishing connectivity : 3 connections...
Establishing connectivity : 4 connections...
Establishing connectivity : non bonded ...
#Number of free coordinates =3 
energy = 1.91444511095426(kcal/mol)
Geometry saved in /tmp/cchemi_16493/h2oVQFF_29/h2oVQFF_29.gab file
Save molecule in /tmp/cchemi_16493/h2oVQFF_29/h2oVQFF_29.gab

======================
