===================
run h2oVQFF_0.ici ......
===================
dir =  /tmp/cchemi_31770/h2oVQFF_0 ......
===================
seed = -1
----------------------------------------------------------
runType=ENERGY
model=OPENBABEL
----------------------------------------------------------

type 1
Establishing connectivity : 2 connections...
Establishing connectivity : 3 connections...
Establishing connectivity : 4 connections...
Establishing connectivity : non bonded ...
#Number of free coordinates =3 
energy = 0.00000000000000(kcal/mol)
Geometry saved in /tmp/cchemi_31770/h2oVQFF_0/h2oVQFF_0.gab file
Save molecule in /tmp/cchemi_31770/h2oVQFF_0/h2oVQFF_0.gab

======================
