===================
run h2oVQFF_40.ici ......
===================
dir =  /tmp/cchemi_11168/h2oVQFF_40 ......
===================
seed = -1
----------------------------------------------------------
runType=ENERGY
model=OPENBABEL
----------------------------------------------------------

type 1
Establishing connectivity : 2 connections...
Establishing connectivity : 3 connections...
Establishing connectivity : 4 connections...
Establishing connectivity : non bonded ...
#Number of free coordinates =3 
energy = 1.91717780533364(kcal/mol)
Geometry saved in /tmp/cchemi_11168/h2oVQFF_40/h2oVQFF_40.gab file
Save molecule in /tmp/cchemi_11168/h2oVQFF_40/h2oVQFF_40.gab

======================
