===================
run h2oVQFF_8.ici ......
===================
dir =  /tmp/cchemi_7294/h2oVQFF_8 ......
===================
seed = -1
----------------------------------------------------------
runType=ENERGY
model=OPENBABEL
----------------------------------------------------------

type 1
Establishing connectivity : 2 connections...
Establishing connectivity : 3 connections...
Establishing connectivity : 4 connections...
Establishing connectivity : non bonded ...
#Number of free coordinates =3 
energy = 4.65054661473599(kcal/mol)
Geometry saved in /tmp/cchemi_7294/h2oVQFF_8/h2oVQFF_8.gab file
Save molecule in /tmp/cchemi_7294/h2oVQFF_8/h2oVQFF_8.gab

======================
