===================
run h2oVQFF_36.ici ......
===================
dir =  /tmp/cchemi_9315/h2oVQFF_36 ......
===================
seed = -1
----------------------------------------------------------
runType=ENERGY
model=OPENBABEL
----------------------------------------------------------

type 1
Establishing connectivity : 2 connections...
Establishing connectivity : 3 connections...
Establishing connectivity : 4 connections...
Establishing connectivity : non bonded ...
#Number of free coordinates =3 
energy = 11.38889260727179(kcal/mol)
Geometry saved in /tmp/cchemi_9315/h2oVQFF_36/h2oVQFF_36.gab file
Save molecule in /tmp/cchemi_9315/h2oVQFF_36/h2oVQFF_36.gab

======================
