===================
run h2oVQFF_33.ici ......
===================
dir =  /tmp/cchemi_25711/h2oVQFF_33 ......
===================
seed = -1
----------------------------------------------------------
runType=ENERGY
model=OPENBABEL
----------------------------------------------------------

type 1
Establishing connectivity : 2 connections...
Establishing connectivity : 3 connections...
Establishing connectivity : 4 connections...
Establishing connectivity : non bonded ...
#Number of free coordinates =3 
energy = 6.48518047396830(kcal/mol)
Geometry saved in /tmp/cchemi_25711/h2oVQFF_33/h2oVQFF_33.gab file
Save molecule in /tmp/cchemi_25711/h2oVQFF_33/h2oVQFF_33.gab

======================
