===================
run h2oVQFF_52.ici ......
===================
dir =  /tmp/cchemi_3597/h2oVQFF_52 ......
===================
seed = -1
----------------------------------------------------------
runType=ENERGY
model=OPENBABEL
----------------------------------------------------------

type 1
Establishing connectivity : 2 connections...
Establishing connectivity : 3 connections...
Establishing connectivity : 4 connections...
Establishing connectivity : non bonded ...
#Number of free coordinates =3 
energy = 17.10692340054935(kcal/mol)
Geometry saved in /tmp/cchemi_3597/h2oVQFF_52/h2oVQFF_52.gab file
Save molecule in /tmp/cchemi_3597/h2oVQFF_52/h2oVQFF_52.gab

======================
