===================
run h2oVQFF_17.ici ......
===================
dir =  /tmp/cchemi_9193/h2oVQFF_17 ......
===================
seed = -1
----------------------------------------------------------
runType=ENERGY
model=OPENBABEL
----------------------------------------------------------

type 1
Establishing connectivity : 2 connections...
Establishing connectivity : 3 connections...
Establishing connectivity : 4 connections...
Establishing connectivity : non bonded ...
#Number of free coordinates =3 
energy = 5.45927689110703(kcal/mol)
Geometry saved in /tmp/cchemi_9193/h2oVQFF_17/h2oVQFF_17.gab file
Save molecule in /tmp/cchemi_9193/h2oVQFF_17/h2oVQFF_17.gab

======================
