===================
run h2oVQFF_31.ici ......
===================
dir =  /tmp/cchemi_22175/h2oVQFF_31 ......
===================
seed = -1
----------------------------------------------------------
runType=ENERGY
model=OPENBABEL
----------------------------------------------------------

type 1
Establishing connectivity : 2 connections...
Establishing connectivity : 3 connections...
Establishing connectivity : 4 connections...
Establishing connectivity : non bonded ...
#Number of free coordinates =3 
energy = 7.34829981274943(kcal/mol)
Geometry saved in /tmp/cchemi_22175/h2oVQFF_31/h2oVQFF_31.gab file
Save molecule in /tmp/cchemi_22175/h2oVQFF_31/h2oVQFF_31.gab

======================
