===================
run h2oVQFF_26.ici ......
===================
dir =  /tmp/cchemi_1643/h2oVQFF_26 ......
===================
seed = -1
----------------------------------------------------------
runType=ENERGY
model=OPENBABEL
----------------------------------------------------------

type 1
Establishing connectivity : 2 connections...
Establishing connectivity : 3 connections...
Establishing connectivity : 4 connections...
Establishing connectivity : non bonded ...
#Number of free coordinates =3 
energy = 13.13623641359628(kcal/mol)
Geometry saved in /tmp/cchemi_1643/h2oVQFF_26/h2oVQFF_26.gab file
Save molecule in /tmp/cchemi_1643/h2oVQFF_26/h2oVQFF_26.gab

======================
