===================
run h2oVQFF_47.ici ......
===================
dir =  /tmp/cchemi_20416/h2oVQFF_47 ......
===================
seed = -1
----------------------------------------------------------
runType=ENERGY
model=OPENBABEL
----------------------------------------------------------

type 1
Establishing connectivity : 2 connections...
Establishing connectivity : 3 connections...
Establishing connectivity : 4 connections...
Establishing connectivity : non bonded ...
#Number of free coordinates =3 
energy = 6.88490325017155(kcal/mol)
Geometry saved in /tmp/cchemi_20416/h2oVQFF_47/h2oVQFF_47.gab file
Save molecule in /tmp/cchemi_20416/h2oVQFF_47/h2oVQFF_47.gab

======================
