===================
run h2oVQFF_6.ici ......
===================
dir =  /tmp/cchemi_27677/h2oVQFF_6 ......
===================
seed = -1
----------------------------------------------------------
runType=ENERGY
model=OPENBABEL
----------------------------------------------------------

type 1
Establishing connectivity : 2 connections...
Establishing connectivity : 3 connections...
Establishing connectivity : 4 connections...
Establishing connectivity : non bonded ...
#Number of free coordinates =3 
energy = 4.60195431717283(kcal/mol)
Geometry saved in /tmp/cchemi_27677/h2oVQFF_6/h2oVQFF_6.gab file
Save molecule in /tmp/cchemi_27677/h2oVQFF_6/h2oVQFF_6.gab

======================
