===================
run h2oVQFF_27.ici ......
===================
dir =  /tmp/cchemi_25738/h2oVQFF_27 ......
===================
seed = -1
----------------------------------------------------------
runType=ENERGY
model=OPENBABEL
----------------------------------------------------------

type 1
Establishing connectivity : 2 connections...
Establishing connectivity : 3 connections...
Establishing connectivity : 4 connections...
Establishing connectivity : non bonded ...
#Number of free coordinates =3 
energy = 1.87359458760883(kcal/mol)
Geometry saved in /tmp/cchemi_25738/h2oVQFF_27/h2oVQFF_27.gab file
Save molecule in /tmp/cchemi_25738/h2oVQFF_27/h2oVQFF_27.gab

======================
