===================
run h2oVQFF_10.ici ......
===================
dir =  /tmp/cchemi_24049/h2oVQFF_10 ......
===================
seed = -1
----------------------------------------------------------
runType=ENERGY
model=OPENBABEL
----------------------------------------------------------

type 1
Establishing connectivity : 2 connections...
Establishing connectivity : 3 connections...
Establishing connectivity : 4 connections...
Establishing connectivity : non bonded ...
#Number of free coordinates =3 
energy = 1.42515265112237(kcal/mol)
Geometry saved in /tmp/cchemi_24049/h2oVQFF_10/h2oVQFF_10.gab file
Save molecule in /tmp/cchemi_24049/h2oVQFF_10/h2oVQFF_10.gab

======================
