===================
run h2oVQFF_28.ici ......
===================
dir =  /tmp/cchemi_27530/h2oVQFF_28 ......
===================
seed = -1
----------------------------------------------------------
runType=ENERGY
model=OPENBABEL
----------------------------------------------------------

type 1
Establishing connectivity : 2 connections...
Establishing connectivity : 3 connections...
Establishing connectivity : 4 connections...
Establishing connectivity : non bonded ...
#Number of free coordinates =3 
energy = 1.86511971162166(kcal/mol)
Geometry saved in /tmp/cchemi_27530/h2oVQFF_28/h2oVQFF_28.gab file
Save molecule in /tmp/cchemi_27530/h2oVQFF_28/h2oVQFF_28.gab

======================
