===================
run h2oVQFF_18.ici ......
===================
dir =  /tmp/cchemi_24302/h2oVQFF_18 ......
===================
seed = -1
----------------------------------------------------------
runType=ENERGY
model=OPENBABEL
----------------------------------------------------------

type 1
Establishing connectivity : 2 connections...
Establishing connectivity : 3 connections...
Establishing connectivity : 4 connections...
Establishing connectivity : non bonded ...
#Number of free coordinates =3 
energy = 12.44294888254202(kcal/mol)
Geometry saved in /tmp/cchemi_24302/h2oVQFF_18/h2oVQFF_18.gab file
Save molecule in /tmp/cchemi_24302/h2oVQFF_18/h2oVQFF_18.gab

======================
