===================
run h2oVQFF_30.ici ......
===================
dir =  /tmp/cchemi_9751/h2oVQFF_30 ......
===================
seed = -1
----------------------------------------------------------
runType=ENERGY
model=OPENBABEL
----------------------------------------------------------

type 1
Establishing connectivity : 2 connections...
Establishing connectivity : 3 connections...
Establishing connectivity : 4 connections...
Establishing connectivity : non bonded ...
#Number of free coordinates =3 
energy = 1.89431441658623(kcal/mol)
Geometry saved in /tmp/cchemi_9751/h2oVQFF_30/h2oVQFF_30.gab file
Save molecule in /tmp/cchemi_9751/h2oVQFF_30/h2oVQFF_30.gab

======================
