===================
run h2oVQFF_48.ici ......
===================
dir =  /tmp/cchemi_31541/h2oVQFF_48 ......
===================
seed = -1
----------------------------------------------------------
runType=ENERGY
model=OPENBABEL
----------------------------------------------------------

type 1
Establishing connectivity : 2 connections...
Establishing connectivity : 3 connections...
Establishing connectivity : 4 connections...
Establishing connectivity : non bonded ...
#Number of free coordinates =3 
energy = 5.91549653680001(kcal/mol)
Geometry saved in /tmp/cchemi_31541/h2oVQFF_48/h2oVQFF_48.gab file
Save molecule in /tmp/cchemi_31541/h2oVQFF_48/h2oVQFF_48.gab

======================
