===================
run h2oVQFF_42.ici ......
===================
dir =  /tmp/cchemi_5953/h2oVQFF_42 ......
===================
seed = -1
----------------------------------------------------------
runType=ENERGY
model=OPENBABEL
----------------------------------------------------------

type 1
Establishing connectivity : 2 connections...
Establishing connectivity : 3 connections...
Establishing connectivity : 4 connections...
Establishing connectivity : non bonded ...
#Number of free coordinates =3 
energy = 1.91537036950146(kcal/mol)
Geometry saved in /tmp/cchemi_5953/h2oVQFF_42/h2oVQFF_42.gab file
Save molecule in /tmp/cchemi_5953/h2oVQFF_42/h2oVQFF_42.gab

======================
