===================
run h2oVQFF_35.ici ......
===================
dir =  /tmp/cchemi_30766/h2oVQFF_35 ......
===================
seed = -1
----------------------------------------------------------
runType=ENERGY
model=OPENBABEL
----------------------------------------------------------

type 1
Establishing connectivity : 2 connections...
Establishing connectivity : 3 connections...
Establishing connectivity : 4 connections...
Establishing connectivity : non bonded ...
#Number of free coordinates =3 
energy = 11.43168453805625(kcal/mol)
Geometry saved in /tmp/cchemi_30766/h2oVQFF_35/h2oVQFF_35.gab file
Save molecule in /tmp/cchemi_30766/h2oVQFF_35/h2oVQFF_35.gab

======================
