===================
run h2oVQFF_3.ici ......
===================
dir =  /tmp/cchemi_22740/h2oVQFF_3 ......
===================
seed = -1
----------------------------------------------------------
runType=ENERGY
model=OPENBABEL
----------------------------------------------------------

type 1
Establishing connectivity : 2 connections...
Establishing connectivity : 3 connections...
Establishing connectivity : 4 connections...
Establishing connectivity : non bonded ...
#Number of free coordinates =3 
energy = 0.58816565970561(kcal/mol)
Geometry saved in /tmp/cchemi_22740/h2oVQFF_3/h2oVQFF_3.gab file
Save molecule in /tmp/cchemi_22740/h2oVQFF_3/h2oVQFF_3.gab

======================
