===================
run h2oVQFF_4.ici ......
===================
dir =  /tmp/cchemi_7283/h2oVQFF_4 ......
===================
seed = -1
----------------------------------------------------------
runType=ENERGY
model=OPENBABEL
----------------------------------------------------------

type 1
Establishing connectivity : 2 connections...
Establishing connectivity : 3 connections...
Establishing connectivity : 4 connections...
Establishing connectivity : non bonded ...
#Number of free coordinates =3 
energy = 0.54458012538598(kcal/mol)
Geometry saved in /tmp/cchemi_7283/h2oVQFF_4/h2oVQFF_4.gab file
Save molecule in /tmp/cchemi_7283/h2oVQFF_4/h2oVQFF_4.gab

======================
