===================
run h2oVQFF_34.ici ......
===================
dir =  /tmp/cchemi_23297/h2oVQFF_34 ......
===================
seed = -1
----------------------------------------------------------
runType=ENERGY
model=OPENBABEL
----------------------------------------------------------

type 1
Establishing connectivity : 2 connections...
Establishing connectivity : 3 connections...
Establishing connectivity : 4 connections...
Establishing connectivity : non bonded ...
#Number of free coordinates =3 
energy = 5.22088007667858(kcal/mol)
Geometry saved in /tmp/cchemi_23297/h2oVQFF_34/h2oVQFF_34.gab file
Save molecule in /tmp/cchemi_23297/h2oVQFF_34/h2oVQFF_34.gab

======================
