===================
run h2oVQFF_25.ici ......
===================
dir =  /tmp/cchemi_3243/h2oVQFF_25 ......
===================
seed = -1
----------------------------------------------------------
runType=ENERGY
model=OPENBABEL
----------------------------------------------------------

type 1
Establishing connectivity : 2 connections...
Establishing connectivity : 3 connections...
Establishing connectivity : 4 connections...
Establishing connectivity : non bonded ...
#Number of free coordinates =3 
energy = 13.18826289646328(kcal/mol)
Geometry saved in /tmp/cchemi_3243/h2oVQFF_25/h2oVQFF_25.gab file
Save molecule in /tmp/cchemi_3243/h2oVQFF_25/h2oVQFF_25.gab

======================
