===================
run h2oVQFF_7.ici ......
===================
dir =  /tmp/cchemi_1785/h2oVQFF_7 ......
===================
seed = -1
----------------------------------------------------------
runType=ENERGY
model=OPENBABEL
----------------------------------------------------------

type 1
Establishing connectivity : 2 connections...
Establishing connectivity : 3 connections...
Establishing connectivity : 4 connections...
Establishing connectivity : non bonded ...
#Number of free coordinates =3 
energy = 9.80731464654057(kcal/mol)
Geometry saved in /tmp/cchemi_1785/h2oVQFF_7/h2oVQFF_7.gab file
Save molecule in /tmp/cchemi_1785/h2oVQFF_7/h2oVQFF_7.gab

======================
