===================
run h2oVQFF_2.ici ......
===================
dir =  /tmp/cchemi_24673/h2oVQFF_2 ......
===================
seed = -1
----------------------------------------------------------
runType=ENERGY
model=OPENBABEL
----------------------------------------------------------

type 1
Establishing connectivity : 2 connections...
Establishing connectivity : 3 connections...
Establishing connectivity : 4 connections...
Establishing connectivity : non bonded ...
#Number of free coordinates =3 
energy = 2.44934344057648(kcal/mol)
Geometry saved in /tmp/cchemi_24673/h2oVQFF_2/h2oVQFF_2.gab file
Save molecule in /tmp/cchemi_24673/h2oVQFF_2/h2oVQFF_2.gab

======================
