===================
run h2oVQFF_46.ici ......
===================
dir =  /tmp/cchemi_18295/h2oVQFF_46 ......
===================
seed = -1
----------------------------------------------------------
runType=ENERGY
model=OPENBABEL
----------------------------------------------------------

type 1
Establishing connectivity : 2 connections...
Establishing connectivity : 3 connections...
Establishing connectivity : 4 connections...
Establishing connectivity : non bonded ...
#Number of free coordinates =3 
energy = 3.08118912672990(kcal/mol)
Geometry saved in /tmp/cchemi_18295/h2oVQFF_46/h2oVQFF_46.gab file
Save molecule in /tmp/cchemi_18295/h2oVQFF_46/h2oVQFF_46.gab

======================
