===================
run h2oVQFF_44.ici ......
===================
dir =  /tmp/cchemi_16212/h2oVQFF_44 ......
===================
seed = -1
----------------------------------------------------------
runType=ENERGY
model=OPENBABEL
----------------------------------------------------------

type 1
Establishing connectivity : 2 connections...
Establishing connectivity : 3 connections...
Establishing connectivity : 4 connections...
Establishing connectivity : non bonded ...
#Number of free coordinates =3 
energy = 3.08047770592371(kcal/mol)
Geometry saved in /tmp/cchemi_16212/h2oVQFF_44/h2oVQFF_44.gab file
Save molecule in /tmp/cchemi_16212/h2oVQFF_44/h2oVQFF_44.gab

======================
