===================
run h2oVQFF_49.ici ......
===================
dir =  /tmp/cchemi_29665/h2oVQFF_49 ......
===================
seed = -1
----------------------------------------------------------
runType=ENERGY
model=OPENBABEL
----------------------------------------------------------

type 1
Establishing connectivity : 2 connections...
Establishing connectivity : 3 connections...
Establishing connectivity : 4 connections...
Establishing connectivity : non bonded ...
#Number of free coordinates =3 
energy = 6.88949376905890(kcal/mol)
Geometry saved in /tmp/cchemi_29665/h2oVQFF_49/h2oVQFF_49.gab file
Save molecule in /tmp/cchemi_29665/h2oVQFF_49/h2oVQFF_49.gab

======================
