===================
run h2oVQFF_16.ici ......
===================
dir =  /tmp/cchemi_17717/h2oVQFF_16 ......
===================
seed = -1
----------------------------------------------------------
runType=ENERGY
model=OPENBABEL
----------------------------------------------------------

type 1
Establishing connectivity : 2 connections...
Establishing connectivity : 3 connections...
Establishing connectivity : 4 connections...
Establishing connectivity : non bonded ...
#Number of free coordinates =3 
energy = 1.35456368288204(kcal/mol)
Geometry saved in /tmp/cchemi_17717/h2oVQFF_16/h2oVQFF_16.gab file
Save molecule in /tmp/cchemi_17717/h2oVQFF_16/h2oVQFF_16.gab

======================
