===================
run h2oVQFF_20.ici ......
===================
dir =  /tmp/cchemi_394/h2oVQFF_20 ......
===================
seed = -1
----------------------------------------------------------
runType=ENERGY
model=OPENBABEL
----------------------------------------------------------

type 1
Establishing connectivity : 2 connections...
Establishing connectivity : 3 connections...
Establishing connectivity : 4 connections...
Establishing connectivity : non bonded ...
#Number of free coordinates =3 
energy = 14.80247314144348(kcal/mol)
Geometry saved in /tmp/cchemi_394/h2oVQFF_20/h2oVQFF_20.gab file
Save molecule in /tmp/cchemi_394/h2oVQFF_20/h2oVQFF_20.gab

======================
