seed = -1
----------------------------------------------------------
runType=VPT2
model=GVPT2
----------------------------------------------------------

nFrequencies=3
VPT2 model : GVPT2

Gradients
END

Hessian
1 1      1581.4808810000
2 2      3723.0793110000
3 3      3783.0284860000
END

Cubic
1 1 1       367.3708970000
1 1 2       412.0762200000
1 1 3        -1.9253790000
2 2 1       -81.9343170000
2 2 2     -1530.2131670000
2 2 3        -5.6508460000
3 3 1      -169.5456790000
3 3 2     -1555.4444680000
3 3 3        16.1216260000
END

Quartic
1 1 1 1       139.5566220000
1 1 1 2        30.0924180000
1 1 1 3        -0.7920850000
2 2 1 1      -302.3944610000
2 2 2 1      -129.5697390000
2 2 2 2       489.2126590000
2 2 2 3        -3.3815710000
3 3 1 1      -316.2278930000
3 3 2 2       497.0294560000
3 3 3 1         0.6872700000
3 3 3 2         3.5543100000
3 3 3 3       502.1495500000
END

Coriolis
END

Rotation constants
1         1.0000000000
2         1.0000000000
3         1.0000000000
END
nFrequencies=3
nDim=3
VPT2 Properties model : GVPT2 : Gaussian method

First derivatives
1 1        -1.8109340000
1 2        -1.3434900000
1 3        -1.5226120000
2 1        -2.0477350000
2 2        -1.5004450000
2 3         4.4969590000
3 1        -4.1653520000
3 2        -3.0865140000
3 3        -1.5362060000
END


Second derivatives
END


Cubic derivatives
1 1 1 1         0.0000010000
1 1 1 2         0.0000010000
1 1 2 1         0.0000010000
1 1 2 2         0.0000010000
1 1 3 3         0.0000010000
1 2 1 1         0.0000010000
1 2 1 2         0.0000010000
1 2 2 1         0.0000010000
1 2 2 2         0.0000020000
1 2 2 3         0.0000010000
1 2 3 2         0.0000010000
1 2 3 3         0.0000020000
1 3 1 3         0.0000010000
1 3 2 2         0.0000010000
1 3 2 3         0.0000020000
1 3 3 1         0.0000010000
1 3 3 2         0.0000020000
1 3 3 3         0.0000020000
2 1 1 3         0.0000010000
2 1 2 2         0.0000010000
2 1 3 1         0.0000010000
2 1 3 3         0.0000020000
2 2 1 2         0.0000010000
2 2 2 1         0.0000010000
2 2 2 2        -0.0000010000
2 2 2 3         0.0000030000
2 2 3 2         0.0000030000
2 3 1 1         0.0000010000
2 3 1 3         0.0000020000
2 3 2 2         0.0000030000
2 3 3 1         0.0000020000
2 3 3 3         0.0000060000
3 1 1 1        -0.0000010000
3 1 1 2        -0.0000010000
3 1 1 3        -0.0000010000
3 1 2 1        -0.0000010000
3 1 2 2        -0.0000020000
3 1 3 1        -0.0000010000
3 1 3 3        -0.0000020000
3 2 1 1        -0.0000010000
3 2 1 2        -0.0000020000
3 2 2 1        -0.0000020000
3 2 2 2        -0.0000050000
3 2 2 3        -0.0000030000
3 2 3 2        -0.0000030000
3 2 3 3        -0.0000030000
3 3 1 1        -0.0000010000
3 3 1 3        -0.0000020000
3 3 2 2        -0.0000030000
3 3 2 3        -0.0000030000
3 3 3 1        -0.0000020000
3 3 3 2        -0.0000030000
3 3 3 3        -0.0000020000
END

nFrequencies 3
nStates 10
State n 1	0 0 0 
State n 2	1 0 0 
State n 3	0 1 0 
State n 4	0 0 1 
State n 5	2 0 0 
State n 6	0 2 0 
State n 7	0 0 2 
State n 8	1 1 0 
State n 9	1 0 1 
State n 10	0 1 1 

Xkl (cm^-1) by VPT2+K model
1 1       -16.1130795912
1 2         6.0773688170
1 3       -27.1615322573
2 1         6.0773688170
2 2       -35.4565917172
2 3      -143.2436837982
3 1       -27.1615322573
3 2      -143.2436837982
3 3       -39.0963668689
END

C=22.471055

Diagonal of H (cm^-1) by VPT2+K model
     4480.0458676460         0.0000000000 
     6018.7585077435      1538.7126400974  1(1) 
     8063.6288377211      3583.5829700750  2(1) 
     8099.6790118804      3619.6331442344  3(1) 
     7525.2449886585      3045.1991210125  1(2) 
    11576.2986243617      7096.2527567157  2(2) 
    11641.1194223769      7161.0735547309  3(2) 
     9608.4188466355      5128.3729789894  1(1)  2(1) 
     9611.2301197205      5131.1842520745  1(1)  3(1) 
    11540.0182981573      7059.9724305112  2(1)  3(1) 
END


Resonance Matrix (cm^-1) by VPT2+K model
========================================
 Fermi Resonances terms :
 0 Fermi Resonances 
----------------------------------------------------------------------------------------------------

 Darling-Dennison Resonances terms :
 0 Darling-Dennison Resonances 
----------------------------------------------------------------------------------------------------

END



Results
========================
       E(harm)      E(anharm)     Mode(Quanta), Coef 
       -------      ---------     ---------------- 
    0.00000000     0.00000000     [ 1.000] 
 1581.48088100  1538.71264010     [ 1.000  1(1)] 
 3162.96176200  3045.19912101     [ 1.000  1(2)] 
 3723.07931100  3583.58297008     [ 1.000  2(1)] 
 3783.02848600  3619.63314423     [ 1.000  3(1)] 
 5304.56019200  5128.37297899     [ 1.000  1(1)  2(1)] 
 5364.50936700  5131.18425207     [ 1.000  1(1)  3(1)] 
 7506.10779700  7059.97243051     [ 1.000  2(1)  3(1)] 
 7446.15862200  7096.25275672     [ 1.000  2(2)] 
 7566.05697200  7161.07355473     [ 1.000  3(2)] 



Results With intensities
========================
       E(harm)      E(anharm)        I(harm)      I(anharm)     Coef Mode(Quanta) 
       -------      ---------        -------      ---------     ---------------- 
    0.00000000     0.00000000     0.00000000     0.00000000     [ 1.000] 
 1581.48088100  1538.71264010   200.99199483   204.66135988     [ 1.000  1(1)] 
 3162.96176200  3045.19912101     0.00000000     1.26492116     [ 1.000  1(2)] 
 3723.07931100  3583.58297008   109.98121171   102.66452154     [ 1.000  2(1)] 
 3783.02848600  3619.63314423   201.62403911   197.25064516     [ 1.000  3(1)] 
 5304.56019200  5128.37297899     0.00000000     0.07448999     [ 1.000  1(1)  2(1)] 
 5364.50936700  5131.18425207     0.00000000     0.26878582     [ 1.000  1(1)  3(1)] 
 7506.10779700  7059.97243051     0.00000000     3.68761774     [ 1.000  2(1)  3(1)] 
 7446.15862200  7096.25275672     0.00000000     1.05794574     [ 1.000  2(2)] 
 7566.05697200  7161.07355473     0.00000000     1.09133415     [ 1.000  3(2)] 



Results With intensities
========================

Fundamental Bands
-----------------
       E(harm)      E(anharm)        I(harm)      I(anharm)       Coef. Mode(Quanta) 
  ------------   ------------   ------------   ------------     -------------------- 
 1581.48088100  1538.71264010   200.99199483   204.66135988     [ 1.000  1(1)] 
 3723.07931100  3583.58297008   109.98121171   102.66452154     [ 1.000  2(1)] 
 3783.02848600  3619.63314423   201.62403911   197.25064516     [ 1.000  3(1)] 

Overtones
---------
       E(harm)      E(anharm)        I(harm)      I(anharm)       Coef. Mode(Quanta) 
  ------------   ------------   ------------   ------------     -------------------- 
 3162.96176200  3045.19912101     0.00000000     1.26492116     [ 1.000  1(2)] 
 7446.15862200  7096.25275672     0.00000000     1.05794574     [ 1.000  2(2)] 
 7566.05697200  7161.07355473     0.00000000     1.09133415     [ 1.000  3(2)] 

Combination Bands
----------------
       E(harm)      E(anharm)        I(harm)      I(anharm)       Coef. Mode(Quanta) 
  ------------   ------------   ------------   ------------     -------------------- 
 5304.56019200  5128.37297899     0.00000000     0.07448999     [ 1.000  1(1)  2(1)] 
 5364.50936700  5131.18425207     0.00000000     0.26878582     [ 1.000  1(1)  3(1)] 
 7506.10779700  7059.97243051     0.00000000     3.68761774     [ 1.000  2(1)  3(1)] 


