
real	0m0.032s
user	0m0.020s
sys	0m0.004s
/home/theochem/allouche/shell/runCChemI : ligne 49 : 29201 Erreur de segmentation  /home/theochem/allouche/bin/cchemi $fileici >> $LOG

real	0m0.004s
user	0m0.000s
sys	0m0.000s

real	0m0.033s
user	0m0.024s
sys	0m0.000s
/home/theochem/allouche/shell/runCChemI : ligne 49 : 29240 Erreur de segmentation  /home/theochem/allouche/bin/cchemi $fileici >> $LOG

real	0m0.004s
user	0m0.000s
sys	0m0.000s

real	0m0.032s
user	0m0.024s
sys	0m0.000s
/home/theochem/allouche/shell/runCChemI : ligne 49 : 29279 Erreur de segmentation  /home/theochem/allouche/bin/cchemi $fileici >> $LOG

real	0m0.004s
user	0m0.000s
sys	0m0.000s

real	0m0.033s
user	0m0.024s
sys	0m0.000s
/home/theochem/allouche/shell/runCChemI : ligne 49 : 29318 Erreur de segmentation  /home/theochem/allouche/bin/cchemi $fileici >> $LOG

real	0m0.004s
user	0m0.000s
sys	0m0.000s

real	0m0.032s
user	0m0.020s
sys	0m0.004s
/home/theochem/allouche/shell/runCChemI : ligne 49 : 29357 Erreur de segmentation  /home/theochem/allouche/bin/cchemi $fileici >> $LOG

real	0m0.004s
user	0m0.000s
sys	0m0.000s

real	0m0.032s
user	0m0.024s
sys	0m0.000s
/home/theochem/allouche/shell/runCChemI : ligne 49 : 29396 Erreur de segmentation  /home/theochem/allouche/bin/cchemi $fileici >> $LOG

real	0m0.004s
user	0m0.000s
sys	0m0.000s

real	0m0.033s
user	0m0.024s
sys	0m0.004s
/home/theochem/allouche/shell/runCChemI : ligne 49 : 29435 Erreur de segmentation  /home/theochem/allouche/bin/cchemi $fileici >> $LOG

real	0m0.004s
user	0m0.000s
sys	0m0.000s

real	0m0.032s
user	0m0.024s
sys	0m0.000s
/home/theochem/allouche/shell/runCChemI : ligne 49 : 29474 Erreur de segmentation  /home/theochem/allouche/bin/cchemi $fileici >> $LOG

real	0m0.004s
user	0m0.000s
sys	0m0.000s

real	0m0.032s
user	0m0.024s
sys	0m0.000s
/home/theochem/allouche/shell/runCChemI : ligne 49 : 29513 Erreur de segmentation  /home/theochem/allouche/bin/cchemi $fileici >> $LOG

real	0m0.004s
user	0m0.000s
sys	0m0.000s

real	0m0.033s
user	0m0.024s
sys	0m0.000s
/home/theochem/allouche/shell/runCChemI : ligne 49 : 29552 Erreur de segmentation  /home/theochem/allouche/bin/cchemi $fileici >> $LOG

real	0m0.004s
user	0m0.000s
sys	0m0.000s

real	0m0.032s
user	0m0.024s
sys	0m0.000s
/home/theochem/allouche/shell/runCChemI : ligne 49 : 29591 Erreur de segmentation  /home/theochem/allouche/bin/cchemi $fileici >> $LOG

real	0m0.004s
user	0m0.000s
sys	0m0.000s

real	0m0.033s
user	0m0.024s
sys	0m0.000s
/home/theochem/allouche/shell/runCChemI : ligne 49 : 29630 Erreur de segmentation  /home/theochem/allouche/bin/cchemi $fileici >> $LOG

real	0m0.004s
user	0m0.000s
sys	0m0.000s

real	0m0.033s
user	0m0.024s
sys	0m0.004s
/home/theochem/allouche/shell/runCChemI : ligne 49 : 29669 Erreur de segmentation  /home/theochem/allouche/bin/cchemi $fileici >> $LOG

real	0m0.004s
user	0m0.000s
sys	0m0.000s

real	0m0.032s
user	0m0.024s
sys	0m0.000s
/home/theochem/allouche/shell/runCChemI : ligne 49 : 29708 Erreur de segmentation  /home/theochem/allouche/bin/cchemi $fileici >> $LOG

real	0m0.004s
user	0m0.000s
sys	0m0.000s

real	0m0.032s
user	0m0.024s
sys	0m0.000s
/home/theochem/allouche/shell/runCChemI : ligne 49 : 29747 Erreur de segmentation  /home/theochem/allouche/bin/cchemi $fileici >> $LOG

real	0m0.004s
user	0m0.000s
sys	0m0.000s

real	0m0.033s
user	0m0.024s
sys	0m0.000s
/home/theochem/allouche/shell/runCChemI : ligne 49 : 29787 Erreur de segmentation  /home/theochem/allouche/bin/cchemi $fileici >> $LOG

real	0m0.004s
user	0m0.000s
sys	0m0.000s

real	0m0.033s
user	0m0.024s
sys	0m0.000s
/home/theochem/allouche/shell/runCChemI : ligne 49 : 29826 Erreur de segmentation  /home/theochem/allouche/bin/cchemi $fileici >> $LOG

real	0m0.004s
user	0m0.000s
sys	0m0.000s

real	0m0.033s
user	0m0.028s
sys	0m0.000s
mkdir: impossible de créer le répertoire « /tmp/cchemi_23516 »: Le fichier existe
/home/theochem/allouche/shell/runCChemI : ligne 49 : 29865 Erreur de segmentation  /home/theochem/allouche/bin/cchemi $fileici >> $LOG

real	0m0.004s
user	0m0.000s
sys	0m0.000s

real	0m0.032s
user	0m0.024s
sys	0m0.000s
mkdir: impossible de créer le répertoire « /tmp/cchemi_24601 »: Le fichier existe
/home/theochem/allouche/shell/runCChemI : ligne 49 : 29904 Erreur de segmentation  /home/theochem/allouche/bin/cchemi $fileici >> $LOG

real	0m0.004s
user	0m0.000s
sys	0m0.000s

real	0m0.032s
user	0m0.024s
sys	0m0.000s
/home/theochem/allouche/shell/runCChemI : ligne 49 : 29943 Erreur de segmentation  /home/theochem/allouche/bin/cchemi $fileici >> $LOG

real	0m0.004s
user	0m0.000s
sys	0m0.000s

real	0m0.032s
user	0m0.024s
sys	0m0.000s
/home/theochem/allouche/shell/runCChemI : ligne 49 : 29982 Erreur de segmentation  /home/theochem/allouche/bin/cchemi $fileici >> $LOG

real	0m0.004s
user	0m0.000s
sys	0m0.000s

real	0m0.032s
user	0m0.024s
sys	0m0.000s
/home/theochem/allouche/shell/runCChemI : ligne 49 : 30021 Erreur de segmentation  /home/theochem/allouche/bin/cchemi $fileici >> $LOG

real	0m0.004s
user	0m0.000s
sys	0m0.000s

real	0m0.032s
user	0m0.024s
sys	0m0.000s
/home/theochem/allouche/shell/runCChemI : ligne 49 : 30061 Erreur de segmentation  /home/theochem/allouche/bin/cchemi $fileici >> $LOG

real	0m0.004s
user	0m0.000s
sys	0m0.000s

real	0m0.033s
user	0m0.028s
sys	0m0.000s
/home/theochem/allouche/shell/runCChemI : ligne 49 : 30100 Erreur de segmentation  /home/theochem/allouche/bin/cchemi $fileici >> $LOG

real	0m0.004s
user	0m0.000s
sys	0m0.000s

real	0m0.033s
user	0m0.024s
sys	0m0.000s
/home/theochem/allouche/shell/runCChemI : ligne 49 : 30139 Erreur de segmentation  /home/theochem/allouche/bin/cchemi $fileici >> $LOG

real	0m0.004s
user	0m0.000s
sys	0m0.000s

real	0m0.033s
user	0m0.020s
sys	0m0.008s
/home/theochem/allouche/shell/runCChemI : ligne 49 : 30178 Erreur de segmentation  /home/theochem/allouche/bin/cchemi $fileici >> $LOG

real	0m0.004s
user	0m0.000s
sys	0m0.000s

real	0m0.032s
user	0m0.024s
sys	0m0.000s
/home/theochem/allouche/shell/runCChemI : ligne 49 : 30217 Erreur de segmentation  /home/theochem/allouche/bin/cchemi $fileici >> $LOG

real	0m0.004s
user	0m0.000s
sys	0m0.000s

real	0m0.032s
user	0m0.024s
sys	0m0.000s
/home/theochem/allouche/shell/runCChemI : ligne 49 : 30256 Erreur de segmentation  /home/theochem/allouche/bin/cchemi $fileici >> $LOG

real	0m0.004s
user	0m0.000s
sys	0m0.000s

real	0m0.033s
user	0m0.028s
sys	0m0.000s
/home/theochem/allouche/shell/runCChemI : ligne 49 : 30295 Erreur de segmentation  /home/theochem/allouche/bin/cchemi $fileici >> $LOG

real	0m0.004s
user	0m0.000s
sys	0m0.000s

real	0m0.034s
user	0m0.028s
sys	0m0.000s
/home/theochem/allouche/shell/runCChemI : ligne 49 : 30334 Erreur de segmentation  /home/theochem/allouche/bin/cchemi $fileici >> $LOG

real	0m0.004s
user	0m0.000s
sys	0m0.000s

real	0m0.033s
user	0m0.024s
sys	0m0.000s
/home/theochem/allouche/shell/runCChemI : ligne 49 : 30374 Erreur de segmentation  /home/theochem/allouche/bin/cchemi $fileici >> $LOG

real	0m0.004s
user	0m0.000s
sys	0m0.000s

real	0m0.033s
user	0m0.024s
sys	0m0.004s
/home/theochem/allouche/shell/runCChemI : ligne 49 : 30413 Erreur de segmentation  /home/theochem/allouche/bin/cchemi $fileici >> $LOG

real	0m0.004s
user	0m0.000s
sys	0m0.000s

real	0m0.032s
user	0m0.024s
sys	0m0.000s
/home/theochem/allouche/shell/runCChemI : ligne 49 : 30452 Erreur de segmentation  /home/theochem/allouche/bin/cchemi $fileici >> $LOG

real	0m0.004s
user	0m0.000s
sys	0m0.004s

real	0m0.032s
user	0m0.024s
sys	0m0.000s
/home/theochem/allouche/shell/runCChemI : ligne 49 : 30492 Erreur de segmentation  /home/theochem/allouche/bin/cchemi $fileici >> $LOG

real	0m0.004s
user	0m0.000s
sys	0m0.000s

real	0m0.032s
user	0m0.020s
sys	0m0.004s
/home/theochem/allouche/shell/runCChemI : ligne 49 : 30531 Erreur de segmentation  /home/theochem/allouche/bin/cchemi $fileici >> $LOG

real	0m0.004s
user	0m0.000s
sys	0m0.004s

real	0m0.032s
user	0m0.028s
sys	0m0.000s
/home/theochem/allouche/shell/runCChemI : ligne 49 : 30570 Erreur de segmentation  /home/theochem/allouche/bin/cchemi $fileici >> $LOG

real	0m0.004s
user	0m0.000s
sys	0m0.000s

real	0m0.032s
user	0m0.028s
sys	0m0.000s
/home/theochem/allouche/shell/runCChemI : ligne 49 : 30610 Erreur de segmentation  /home/theochem/allouche/bin/cchemi $fileici >> $LOG

real	0m0.004s
user	0m0.000s
sys	0m0.000s

real	0m0.033s
user	0m0.020s
sys	0m0.008s
mkdir: impossible de créer le répertoire « /tmp/cchemi_20979 »: Le fichier existe
/home/theochem/allouche/shell/runCChemI : ligne 49 : 30649 Erreur de segmentation  /home/theochem/allouche/bin/cchemi $fileici >> $LOG

real	0m0.004s
user	0m0.000s
sys	0m0.000s

real	0m0.032s
user	0m0.028s
sys	0m0.000s
/home/theochem/allouche/shell/runCChemI : ligne 49 : 30688 Erreur de segmentation  /home/theochem/allouche/bin/cchemi $fileici >> $LOG

real	0m0.004s
user	0m0.000s
sys	0m0.000s

real	0m0.033s
user	0m0.024s
sys	0m0.004s
/home/theochem/allouche/shell/runCChemI : ligne 49 : 30727 Erreur de segmentation  /home/theochem/allouche/bin/cchemi $fileici >> $LOG

real	0m0.004s
user	0m0.000s
sys	0m0.000s

real	0m0.032s
user	0m0.020s
sys	0m0.004s
/home/theochem/allouche/shell/runCChemI : ligne 49 : 30766 Erreur de segmentation  /home/theochem/allouche/bin/cchemi $fileici >> $LOG

real	0m0.004s
user	0m0.000s
sys	0m0.000s

real	0m0.032s
user	0m0.024s
sys	0m0.000s
/home/theochem/allouche/shell/runCChemI : ligne 49 : 30805 Erreur de segmentation  /home/theochem/allouche/bin/cchemi $fileici >> $LOG

real	0m0.004s
user	0m0.000s
sys	0m0.000s

real	0m0.032s
user	0m0.024s
sys	0m0.000s
/home/theochem/allouche/shell/runCChemI : ligne 49 : 30845 Erreur de segmentation  /home/theochem/allouche/bin/cchemi $fileici >> $LOG

real	0m0.004s
user	0m0.000s
sys	0m0.000s

real	0m0.032s
user	0m0.024s
sys	0m0.000s
/home/theochem/allouche/shell/runCChemI : ligne 49 : 30884 Erreur de segmentation  /home/theochem/allouche/bin/cchemi $fileici >> $LOG

real	0m0.004s
user	0m0.000s
sys	0m0.000s

real	0m0.033s
user	0m0.024s
sys	0m0.004s
/home/theochem/allouche/shell/runCChemI : ligne 49 : 30923 Erreur de segmentation  /home/theochem/allouche/bin/cchemi $fileici >> $LOG

real	0m0.004s
user	0m0.000s
sys	0m0.000s

real	0m0.033s
user	0m0.024s
sys	0m0.000s
/home/theochem/allouche/shell/runCChemI : ligne 49 : 30962 Erreur de segmentation  /home/theochem/allouche/bin/cchemi $fileici >> $LOG

real	0m0.004s
user	0m0.000s
sys	0m0.000s

real	0m0.032s
user	0m0.016s
sys	0m0.008s
mkdir: impossible de créer le répertoire « /tmp/cchemi_4334 »: Le fichier existe
/home/theochem/allouche/shell/runCChemI : ligne 49 : 31001 Erreur de segmentation  /home/theochem/allouche/bin/cchemi $fileici >> $LOG

real	0m0.004s
user	0m0.000s
sys	0m0.000s

real	0m0.033s
user	0m0.024s
sys	0m0.000s
/home/theochem/allouche/shell/runCChemI : ligne 49 : 31041 Erreur de segmentation  /home/theochem/allouche/bin/cchemi $fileici >> $LOG

real	0m0.004s
user	0m0.000s
sys	0m0.000s
mkdir: impossible de créer le répertoire « /tmp/cchemi_15109 »: Le fichier existe

real	0m0.033s
user	0m0.028s
sys	0m0.000s
/home/theochem/allouche/shell/runCChemI : ligne 49 : 31125 Erreur de segmentation  /home/theochem/allouche/bin/cchemi $fileici >> $LOG

real	0m0.004s
user	0m0.000s
sys	0m0.000s

real	0m0.032s
user	0m0.020s
sys	0m0.004s
/home/theochem/allouche/shell/runCChemI : ligne 49 : 31164 Erreur de segmentation  /home/theochem/allouche/bin/cchemi $fileici >> $LOG

real	0m0.004s
user	0m0.000s
sys	0m0.000s

real	0m0.033s
user	0m0.020s
sys	0m0.004s
/home/theochem/allouche/shell/runCChemI : ligne 49 : 31203 Erreur de segmentation  /home/theochem/allouche/bin/cchemi $fileici >> $LOG

real	0m0.004s
user	0m0.000s
sys	0m0.000s

real	0m0.033s
user	0m0.024s
sys	0m0.004s
/home/theochem/allouche/shell/runCChemI : ligne 49 : 31242 Erreur de segmentation  /home/theochem/allouche/bin/cchemi $fileici >> $LOG

real	0m0.004s
user	0m0.000s
sys	0m0.000s

real	0m0.033s
user	0m0.028s
sys	0m0.000s
/home/theochem/allouche/shell/runCChemI : ligne 49 : 31282 Erreur de segmentation  /home/theochem/allouche/bin/cchemi $fileici >> $LOG

real	0m0.004s
user	0m0.000s
sys	0m0.000s

real	0m0.033s
user	0m0.028s
sys	0m0.000s
/home/theochem/allouche/shell/runCChemI : ligne 49 : 31323 Erreur de segmentation  /home/theochem/allouche/bin/cchemi $fileici >> $LOG

real	0m0.004s
user	0m0.000s
sys	0m0.000s

real	0m0.033s
user	0m0.028s
sys	0m0.000s
/home/theochem/allouche/shell/runCChemI : ligne 49 : 31362 Erreur de segmentation  /home/theochem/allouche/bin/cchemi $fileici >> $LOG

real	0m0.004s
user	0m0.000s
sys	0m0.000s
