mkdir: impossible de créer le répertoire « /tmp/cchemi_7478 »: Le fichier existe
mkdir: impossible de créer le répertoire « /tmp/cchemi_7478 »: Le fichier existe
mkdir: impossible de créer le répertoire « /tmp/cchemi_7478 »: Le fichier existe
mkdir: impossible de créer le répertoire « /tmp/cchemi_7478 »: Le fichier existe
mkdir: impossible de créer le répertoire « /tmp/cchemi_7478 »: Le fichier existe
mkdir: impossible de créer le répertoire « /tmp/cchemi_7478 »: Le fichier existe
mkdir: impossible de créer le répertoire « /tmp/cchemi_7478 »: Le fichier existe
mkdir: impossible de créer le répertoire « /tmp/cchemi_7478 »: Le fichier existe
mkdir: impossible de créer le répertoire « /tmp/cchemi_7478 »: Le fichier existe
mkdir: impossible de créer le répertoire « /tmp/cchemi_7478 »: Le fichier existe
mkdir: impossible de créer le répertoire « /tmp/cchemi_7478 »: Le fichier existe
cp: impossible d'évaluer « /home/theochem/allouche/tmp/CChemI-211215/cchemi/examples/VPT2/QFFOrcaRIB2PLYP/*.gab »: Aucun fichier ou dossier de ce type
cp: impossible d'évaluer « /home/theochem/allouche/tmp/CChemI-211215/cchemi/examples/VPT2/QFFOrcaRIB2PLYP/*.gab »: Aucun fichier ou dossier de ce type
cp: impossible d'évaluer « /home/theochem/allouche/tmp/CChemI-211215/cchemi/examples/VPT2/QFFOrcaRIB2PLYP/*.gab »: Aucun fichier ou dossier de ce type
cp: impossible d'évaluer « /home/theochem/allouche/tmp/CChemI-211215/cchemi/examples/VPT2/QFFOrcaRIB2PLYP/*.gab »: Aucun fichier ou dossier de ce type
cp: impossible d'évaluer « /home/theochem/allouche/tmp/CChemI-211215/cchemi/examples/VPT2/QFFOrcaRIB2PLYP/*.gab »: Aucun fichier ou dossier de ce type
cp: impossible d'évaluer « /home/theochem/allouche/tmp/CChemI-211215/cchemi/examples/VPT2/QFFOrcaRIB2PLYP/*.gab »: Aucun fichier ou dossier de ce type
cp: impossible d'évaluer « /home/theochem/allouche/tmp/CChemI-211215/cchemi/examples/VPT2/QFFOrcaRIB2PLYP/*.gab »: Aucun fichier ou dossier de ce type
cp: impossible d'évaluer « /home/theochem/allouche/tmp/CChemI-211215/cchemi/examples/VPT2/QFFOrcaRIB2PLYP/*.gab »: Aucun fichier ou dossier de ce type
cp: impossible d'évaluer « /home/theochem/allouche/tmp/CChemI-211215/cchemi/examples/VPT2/QFFOrcaRIB2PLYP/*.gab »: Aucun fichier ou dossier de ce type
cp: impossible d'évaluer « /home/theochem/allouche/tmp/CChemI-211215/cchemi/examples/VPT2/QFFOrcaRIB2PLYP/*.gab »: Aucun fichier ou dossier de ce type
cp: impossible d'évaluer « /home/theochem/allouche/tmp/CChemI-211215/cchemi/examples/VPT2/QFFOrcaRIB2PLYP/*.gab »: Aucun fichier ou dossier de ce type
cp: impossible d'évaluer « /home/theochem/allouche/tmp/CChemI-211215/cchemi/examples/VPT2/QFFOrcaRIB2PLYP/*.gab »: Aucun fichier ou dossier de ce type
cat: input.engrad: Aucun fichier ou dossier de ce type
cat: input.hess: Aucun fichier ou dossier de ce type
cp: « /tmp/cchemi_7478/h2oVQFF_45/One0.out » et « /tmp/cchemi_7478/h2oVQFF_45/./One0.out » identifient le même fichier
cat: input.engrad: Aucun fichier ou dossier de ce type
cat: input.hess: Aucun fichier ou dossier de ce type
cp: « /tmp/cchemi_7478/h2oVQFF_32/One0.out » et « /tmp/cchemi_7478/h2oVQFF_32/./One0.out » identifient le même fichier

real	0m6.596s
user	0m6.068s
sys	0m0.272s

real	0m6.599s
user	0m6.192s
sys	0m0.228s
cat: input.engrad: Aucun fichier ou dossier de ce type
cat: input.hess: Aucun fichier ou dossier de ce type
cp: « /tmp/cchemi_7478/h2oVQFF_49/One0.out » et « /tmp/cchemi_7478/h2oVQFF_49/./One0.out » identifient le même fichier

real	0m6.627s
user	0m6.196s
sys	0m0.236s
cat: input.engrad: Aucun fichier ou dossier de ce type
cat: input.hess: Aucun fichier ou dossier de ce type
cp: « /tmp/cchemi_7478/h2oVQFF_52/One0.out » et « /tmp/cchemi_7478/h2oVQFF_52/./One0.out » identifient le même fichier
cat: input.engrad: Aucun fichier ou dossier de ce type
cat: input.hess: Aucun fichier ou dossier de ce type

real	0m6.665s
user	0m6.176s
sys	0m0.272s
cp: « /tmp/cchemi_7478/h2oVQFF_19/One0.out » et « /tmp/cchemi_7478/h2oVQFF_19/./One0.out » identifient le même fichier

real	0m6.669s
user	0m6.268s
sys	0m0.232s
cat: input.engrad: Aucun fichier ou dossier de ce type
cat: input.hess: Aucun fichier ou dossier de ce type
cp: « /tmp/cchemi_7478/h2oVQFF_6/One0.out » et « /tmp/cchemi_7478/h2oVQFF_6/./One0.out » identifient le même fichier

real	0m6.712s
user	0m6.236s
sys	0m0.280s
mkdir: impossible de créer le répertoire « /tmp/cchemi_7478 »: Le fichier existe
mkdir: impossible de créer le répertoire « /tmp/cchemi_7478 »: Le fichier existe
mkdir: impossible de créer le répertoire « /tmp/cchemi_7478 »: Le fichier existe
mkdir: impossible de créer le répertoire « /tmp/cchemi_7478 »: Le fichier existe
mkdir: impossible de créer le répertoire « /tmp/cchemi_7478 »: Le fichier existe
mkdir: impossible de créer le répertoire « /tmp/cchemi_7478 »: Le fichier existe
cat: input.engrad: Aucun fichier ou dossier de ce type
cat: input.hess: Aucun fichier ou dossier de ce type
cp: « /tmp/cchemi_7478/h2oVQFF_28/One0.out » et « /tmp/cchemi_7478/h2oVQFF_28/./One0.out » identifient le même fichier

real	0m7.224s
user	0m6.744s
sys	0m0.284s
cat: input.engrad: Aucun fichier ou dossier de ce type
cat: input.hess: Aucun fichier ou dossier de ce type
cp: « /tmp/cchemi_7478/h2oVQFF_37/One0.out » et « /tmp/cchemi_7478/h2oVQFF_37/./One0.out » identifient le même fichier

real	0m7.343s
user	0m6.904s
sys	0m0.252s
mkdir: impossible de créer le répertoire « /tmp/cchemi_7478 »: Le fichier existe
cat: input.engrad: Aucun fichier ou dossier de ce type
cat: input.hess: Aucun fichier ou dossier de ce type
cp: « /tmp/cchemi_7478/h2oVQFF_41/One0.out » et « /tmp/cchemi_7478/h2oVQFF_41/./One0.out » identifient le même fichier

real	0m7.412s
user	0m6.964s
sys	0m0.264s
cat: input.engrad: Aucun fichier ou dossier de ce type
cat: input.hess: Aucun fichier ou dossier de ce type
cp: « /tmp/cchemi_7478/h2oVQFF_0/One0.out » et « /tmp/cchemi_7478/h2oVQFF_0/./One0.out » identifient le même fichier

real	0m7.446s
user	0m6.984s
sys	0m0.280s
mkdir: impossible de créer le répertoire « /tmp/cchemi_7478 »: Le fichier existe
mkdir: impossible de créer le répertoire « /tmp/cchemi_7478 »: Le fichier existe
mkdir: impossible de créer le répertoire « /tmp/cchemi_7478 »: Le fichier existe
cat: input.engrad: Aucun fichier ou dossier de ce type
cat: input.hess: Aucun fichier ou dossier de ce type
cp: « /tmp/cchemi_7478/h2oVQFF_14/One0.out » et « /tmp/cchemi_7478/h2oVQFF_14/./One0.out » identifient le même fichier

real	0m7.979s
user	0m7.536s
sys	0m0.280s
cat: input.engrad: Aucun fichier ou dossier de ce type
cat: input.hess: Aucun fichier ou dossier de ce type
cp: « /tmp/cchemi_7478/h2oVQFF_23/One0.out » et « /tmp/cchemi_7478/h2oVQFF_23/./One0.out » identifient le même fichier

real	0m8.126s
user	0m7.600s
sys	0m0.272s
mkdir: impossible de créer le répertoire « /tmp/cchemi_7478 »: Le fichier existe
mkdir: impossible de créer le répertoire « /tmp/cchemi_7478 »: Le fichier existe
cat: input.engrad: Aucun fichier ou dossier de ce type
cat: input.hess: Aucun fichier ou dossier de ce type
cp: « /tmp/cchemi_7478/h2oVQFF_7/One0.out » et « /tmp/cchemi_7478/h2oVQFF_7/./One0.out » identifient le même fichier

real	0m6.195s
user	0m5.876s
sys	0m0.188s
cat: input.engrad: Aucun fichier ou dossier de ce type
cat: input.hess: Aucun fichier ou dossier de ce type
cp: « /tmp/cchemi_7478/h2oVQFF_46/One0.out » et « /tmp/cchemi_7478/h2oVQFF_46/./One0.out » identifient le même fichier

real	0m6.218s
user	0m5.912s
sys	0m0.208s
cat: input.engrad: Aucun fichier ou dossier de ce type
cat: input.hess: Aucun fichier ou dossier de ce type
cp: « /tmp/cchemi_7478/h2oVQFF_4/One0.out » et « /tmp/cchemi_7478/h2oVQFF_4/./One0.out » identifient le même fichier

real	0m6.493s
user	0m6.112s
sys	0m0.228s
cat: input.engrad: Aucun fichier ou dossier de ce type
cat: input.hess: Aucun fichier ou dossier de ce type
cp: « /tmp/cchemi_7478/h2oVQFF_33/One0.out » et « /tmp/cchemi_7478/h2oVQFF_33/./One0.out » identifient le même fichier

real	0m6.526s
user	0m6.160s
sys	0m0.232s
cat: input.engrad: Aucun fichier ou dossier de ce type
cat: input.hess: Aucun fichier ou dossier de ce type
cp: « /tmp/cchemi_7478/h2oVQFF_53/One0.out » et « /tmp/cchemi_7478/h2oVQFF_53/./One0.out » identifient le même fichier
mkdir: impossible de créer le répertoire « /tmp/cchemi_7478 »: Le fichier existe

real	0m6.646s
user	0m6.304s
sys	0m0.208s
mkdir: impossible de créer le répertoire « /tmp/cchemi_7478 »: Le fichier existe
mkdir: impossible de créer le répertoire « /tmp/cchemi_7478 »: Le fichier existe
mkdir: impossible de créer le répertoire « /tmp/cchemi_7478 »: Le fichier existe
mkdir: impossible de créer le répertoire « /tmp/cchemi_7478 »: Le fichier existe
cat: input.engrad: Aucun fichier ou dossier de ce type
cat: input.hess: Aucun fichier ou dossier de ce type
cp: « /tmp/cchemi_7478/h2oVQFF_42/One0.out » et « /tmp/cchemi_7478/h2oVQFF_42/./One0.out » identifient le même fichier

real	0m6.417s
user	0m6.100s
sys	0m0.212s
cat: input.engrad: Aucun fichier ou dossier de ce type
cat: input.hess: Aucun fichier ou dossier de ce type
cp: « /tmp/cchemi_7478/h2oVQFF_10/One0.out » et « /tmp/cchemi_7478/h2oVQFF_10/./One0.out » identifient le même fichier

real	0m6.540s
user	0m6.084s
sys	0m0.228s
cat: input.engrad: Aucun fichier ou dossier de ce type
cat: input.hess: Aucun fichier ou dossier de ce type
cp: « /tmp/cchemi_7478/h2oVQFF_1/One0.out » et « /tmp/cchemi_7478/h2oVQFF_1/./One0.out » identifient le même fichier

real	0m7.192s
user	0m6.920s
sys	0m0.196s
mkdir: impossible de créer le répertoire « /tmp/cchemi_7478 »: Le fichier existe
cat: input.engrad: Aucun fichier ou dossier de ce type
cat: input.hess: Aucun fichier ou dossier de ce type
cp: « /tmp/cchemi_7478/h2oVQFF_15/One0.out » et « /tmp/cchemi_7478/h2oVQFF_15/./One0.out » identifient le même fichier

real	0m6.192s
user	0m5.840s
sys	0m0.192s
mkdir: impossible de créer le répertoire « /tmp/cchemi_7478 »: Le fichier existe
mkdir: impossible de créer le répertoire « /tmp/cchemi_7478 »: Le fichier existe
mkdir: impossible de créer le répertoire « /tmp/cchemi_7478 »: Le fichier existe
cat: input.engrad: Aucun fichier ou dossier de ce type
cat: input.hess: Aucun fichier ou dossier de ce type
cp: « /tmp/cchemi_7478/h2oVQFF_29/One0.out » et « /tmp/cchemi_7478/h2oVQFF_29/./One0.out » identifient le même fichier

real	0m7.300s
user	0m6.944s
sys	0m0.216s
cat: input.engrad: Aucun fichier ou dossier de ce type
cat: input.hess: Aucun fichier ou dossier de ce type
cp: « /tmp/cchemi_7478/h2oVQFF_38/One0.out » et « /tmp/cchemi_7478/h2oVQFF_38/./One0.out » identifient le même fichier

real	0m7.192s
user	0m6.720s
sys	0m0.268s
cat: input.engrad: Aucun fichier ou dossier de ce type
cat: input.hess: Aucun fichier ou dossier de ce type
cp: « /tmp/cchemi_7478/h2oVQFF_24/One0.out » et « /tmp/cchemi_7478/h2oVQFF_24/./One0.out » identifient le même fichier

real	0m6.897s
user	0m6.656s
sys	0m0.168s
mkdir: impossible de créer le répertoire « /tmp/cchemi_7478 »: Le fichier existe
mkdir: impossible de créer le répertoire « /tmp/cchemi_7478 »: Le fichier existe
mkdir: impossible de créer le répertoire « /tmp/cchemi_7478 »: Le fichier existe
cat: input.engrad: Aucun fichier ou dossier de ce type
cat: input.hess: Aucun fichier ou dossier de ce type
cp: « /tmp/cchemi_7478/h2oVQFF_34/One0.out » et « /tmp/cchemi_7478/h2oVQFF_34/./One0.out » identifient le même fichier

real	0m6.218s
user	0m5.888s
sys	0m0.252s
cat: input.engrad: Aucun fichier ou dossier de ce type
cat: input.hess: Aucun fichier ou dossier de ce type
cp: « /tmp/cchemi_7478/h2oVQFF_8/One0.out » et « /tmp/cchemi_7478/h2oVQFF_8/./One0.out » identifient le même fichier

real	0m6.333s
user	0m6.000s
sys	0m0.204s
cat: input.engrad: Aucun fichier ou dossier de ce type
cat: input.hess: Aucun fichier ou dossier de ce type
cp: « /tmp/cchemi_7478/h2oVQFF_47/One0.out » et « /tmp/cchemi_7478/h2oVQFF_47/./One0.out » identifient le même fichier

real	0m6.369s
user	0m6.028s
sys	0m0.216s
mkdir: impossible de créer le répertoire « /tmp/cchemi_7478 »: Le fichier existe
cat: input.engrad: Aucun fichier ou dossier de ce type
cat: input.hess: Aucun fichier ou dossier de ce type
cp: « /tmp/cchemi_7478/h2oVQFF_50/One0.out » et « /tmp/cchemi_7478/h2oVQFF_50/./One0.out » identifient le même fichier

real	0m6.498s
user	0m6.096s
sys	0m0.280s
mkdir: impossible de créer le répertoire « /tmp/cchemi_7478 »: Le fichier existe
mkdir: impossible de créer le répertoire « /tmp/cchemi_7478 »: Le fichier existe
cat: input.engrad: Aucun fichier ou dossier de ce type
cat: input.hess: Aucun fichier ou dossier de ce type
cp: « /tmp/cchemi_7478/h2oVQFF_54/One0.out » et « /tmp/cchemi_7478/h2oVQFF_54/./One0.out » identifient le même fichier

real	0m6.581s
user	0m6.248s
sys	0m0.196s
mkdir: impossible de créer le répertoire « /tmp/cchemi_7478 »: Le fichier existe
cat: input.engrad: Aucun fichier ou dossier de ce type
cat: input.hess: Aucun fichier ou dossier de ce type
cp: « /tmp/cchemi_7478/h2oVQFF_43/One0.out » et « /tmp/cchemi_7478/h2oVQFF_43/./One0.out » identifient le même fichier

real	0m6.331s
user	0m5.948s
sys	0m0.220s
mkdir: impossible de créer le répertoire « /tmp/cchemi_7478 »: Le fichier existe
mkdir: impossible de créer le répertoire « /tmp/cchemi_7478 »: Le fichier existe
cat: input.engrad: Aucun fichier ou dossier de ce type
cat: input.hess: Aucun fichier ou dossier de ce type
cp: « /tmp/cchemi_7478/h2oVQFF_20/One0.out » et « /tmp/cchemi_7478/h2oVQFF_20/./One0.out » identifient le même fichier

real	0m6.425s
user	0m6.104s
sys	0m0.192s
cat: input.engrad: Aucun fichier ou dossier de ce type
cat: input.hess: Aucun fichier ou dossier de ce type
cp: « /tmp/cchemi_7478/h2oVQFF_11/One0.out » et « /tmp/cchemi_7478/h2oVQFF_11/./One0.out » identifient le même fichier

real	0m6.547s
user	0m6.164s
sys	0m0.212s
mkdir: impossible de créer le répertoire « /tmp/cchemi_7478 »: Le fichier existe
mkdir: impossible de créer le répertoire « /tmp/cchemi_7478 »: Le fichier existe
cat: input.engrad: Aucun fichier ou dossier de ce type
cat: input.hess: Aucun fichier ou dossier de ce type
cp: « /tmp/cchemi_7478/h2oVQFF_2/One0.out » et « /tmp/cchemi_7478/h2oVQFF_2/./One0.out » identifient le même fichier

real	0m6.468s
user	0m6.108s
sys	0m0.216s
cat: input.engrad: Aucun fichier ou dossier de ce type
cat: input.hess: Aucun fichier ou dossier de ce type
cp: « /tmp/cchemi_7478/h2oVQFF_16/One0.out » et « /tmp/cchemi_7478/h2oVQFF_16/./One0.out » identifient le même fichier

real	0m7.045s
user	0m6.684s
sys	0m0.216s
mkdir: impossible de créer le répertoire « /tmp/cchemi_7478 »: Le fichier existe
cat: input.engrad: Aucun fichier ou dossier de ce type
cat: input.hess: Aucun fichier ou dossier de ce type
cp: « /tmp/cchemi_7478/h2oVQFF_39/One0.out » et « /tmp/cchemi_7478/h2oVQFF_39/./One0.out » identifient le même fichier

real	0m6.721s
user	0m6.432s
sys	0m0.228s
mkdir: impossible de créer le répertoire « /tmp/cchemi_7478 »: Le fichier existe
cat: input.engrad: Aucun fichier ou dossier de ce type
cat: input.hess: Aucun fichier ou dossier de ce type
cp: « /tmp/cchemi_7478/h2oVQFF_25/One0.out » et « /tmp/cchemi_7478/h2oVQFF_25/./One0.out » identifient le même fichier

real	0m6.686s
user	0m6.340s
sys	0m0.208s
mkdir: impossible de créer le répertoire « /tmp/cchemi_7478 »: Le fichier existe
mkdir: impossible de créer le répertoire « /tmp/cchemi_7478 »: Le fichier existe
cat: input.engrad: Aucun fichier ou dossier de ce type
cat: input.hess: Aucun fichier ou dossier de ce type
cp: « /tmp/cchemi_7478/h2oVQFF_35/One0.out » et « /tmp/cchemi_7478/h2oVQFF_35/./One0.out » identifient le même fichier

real	0m6.512s
user	0m5.968s
sys	0m0.180s
cat: input.engrad: Aucun fichier ou dossier de ce type
cat: input.hess: Aucun fichier ou dossier de ce type
cp: « /tmp/cchemi_7478/h2oVQFF_48/One0.out » et « /tmp/cchemi_7478/h2oVQFF_48/./One0.out » identifient le même fichier

real	0m6.437s
user	0m6.084s
sys	0m0.188s
cat: input.engrad: Aucun fichier ou dossier de ce type
cat: input.hess: Aucun fichier ou dossier de ce type
cp: « /tmp/cchemi_7478/h2oVQFF_5/One0.out » et « /tmp/cchemi_7478/h2oVQFF_5/./One0.out » identifient le même fichier
cat: input.engrad: Aucun fichier ou dossier de ce type

real	0m6.257s
user	0m5.952s
sys	0m0.204s
mkdir: impossible de créer le répertoire « /tmp/cchemi_7478 »: Le fichier existe
cat: input.hess: Aucun fichier ou dossier de ce type
cp: « /tmp/cchemi_7478/h2oVQFF_44/One0.out » et « /tmp/cchemi_7478/h2oVQFF_44/./One0.out » identifient le même fichier

real	0m6.235s
user	0m5.868s
sys	0m0.212s
cat: input.engrad: Aucun fichier ou dossier de ce type
cat: input.hess: Aucun fichier ou dossier de ce type
cp: « /tmp/cchemi_7478/h2oVQFF_9/One0.out » et « /tmp/cchemi_7478/h2oVQFF_9/./One0.out » identifient le même fichier

real	0m6.554s
user	0m6.244s
sys	0m0.192s
cat: input.engrad: Aucun fichier ou dossier de ce type
cat: input.hess: Aucun fichier ou dossier de ce type
cp: « /tmp/cchemi_7478/h2oVQFF_51/One0.out » et « /tmp/cchemi_7478/h2oVQFF_51/./One0.out » identifient le même fichier

real	0m6.582s
user	0m6.224s
sys	0m0.244s
cat: input.engrad: Aucun fichier ou dossier de ce type
cat: input.hess: Aucun fichier ou dossier de ce type
cp: « /tmp/cchemi_7478/h2oVQFF_21/One0.out » et « /tmp/cchemi_7478/h2oVQFF_21/./One0.out » identifient le même fichier

real	0m6.284s
user	0m5.920s
sys	0m0.204s
mkdir: impossible de créer le répertoire « /tmp/cchemi_7478 »: Le fichier existe
cat: input.engrad: Aucun fichier ou dossier de ce type
cat: input.hess: Aucun fichier ou dossier de ce type
cp: « /tmp/cchemi_7478/h2oVQFF_12/One0.out » et « /tmp/cchemi_7478/h2oVQFF_12/./One0.out » identifient le même fichier

real	0m6.998s
user	0m6.684s
sys	0m0.196s
mkdir: impossible de créer le répertoire « /tmp/cchemi_7478 »: Le fichier existe
cat: input.engrad: Aucun fichier ou dossier de ce type
cat: input.hess: Aucun fichier ou dossier de ce type
cp: « /tmp/cchemi_7478/h2oVQFF_17/One0.out » et « /tmp/cchemi_7478/h2oVQFF_17/./One0.out » identifient le même fichier

real	0m6.483s
user	0m6.160s
sys	0m0.196s
cat: input.engrad: Aucun fichier ou dossier de ce type
cat: input.hess: Aucun fichier ou dossier de ce type
cp: « /tmp/cchemi_7478/h2oVQFF_30/One0.out » et « /tmp/cchemi_7478/h2oVQFF_30/./One0.out » identifient le même fichier

real	0m6.684s
user	0m6.272s
sys	0m0.200s
cat: input.engrad: Aucun fichier ou dossier de ce type
cat: input.hess: Aucun fichier ou dossier de ce type
cp: « /tmp/cchemi_7478/h2oVQFF_26/One0.out » et « /tmp/cchemi_7478/h2oVQFF_26/./One0.out » identifient le même fichier

real	0m6.461s
user	0m6.100s
sys	0m0.224s
cat: input.engrad: Aucun fichier ou dossier de ce type
cat: input.hess: Aucun fichier ou dossier de ce type
cp: « /tmp/cchemi_7478/h2oVQFF_3/One0.out » et « /tmp/cchemi_7478/h2oVQFF_3/./One0.out » identifient le même fichier

real	0m6.705s
user	0m6.376s
sys	0m0.180s
mkdir: impossible de créer le répertoire « /tmp/cchemi_7478 »: Le fichier existe
mkdir: impossible de créer le répertoire « /tmp/cchemi_7478 »: Le fichier existe
cat: input.engrad: Aucun fichier ou dossier de ce type
cat: input.hess: Aucun fichier ou dossier de ce type
cp: « /tmp/cchemi_7478/h2oVQFF_36/One0.out » et « /tmp/cchemi_7478/h2oVQFF_36/./One0.out » identifient le même fichier

real	0m5.863s
user	0m5.564s
sys	0m0.196s
mkdir: impossible de créer le répertoire « /tmp/cchemi_7478 »: Le fichier existe
mkdir: impossible de créer le répertoire « /tmp/cchemi_7478 »: Le fichier existe
cat: input.engrad: Aucun fichier ou dossier de ce type
cat: input.hess: Aucun fichier ou dossier de ce type
cp: « /tmp/cchemi_7478/h2oVQFF_22/One0.out » et « /tmp/cchemi_7478/h2oVQFF_22/./One0.out » identifient le même fichier

real	0m6.098s
user	0m5.760s
sys	0m0.192s
cat: input.engrad: Aucun fichier ou dossier de ce type
cat: input.hess: Aucun fichier ou dossier de ce type
cp: « /tmp/cchemi_7478/h2oVQFF_13/One0.out » et « /tmp/cchemi_7478/h2oVQFF_13/./One0.out » identifient le même fichier

real	0m6.091s
user	0m5.804s
sys	0m0.184s
cat: input.engrad: Aucun fichier ou dossier de ce type
cat: input.hess: Aucun fichier ou dossier de ce type
cp: « /tmp/cchemi_7478/h2oVQFF_31/One0.out » et « /tmp/cchemi_7478/h2oVQFF_31/./One0.out » identifient le même fichier

real	0m6.365s
user	0m6.020s
sys	0m0.236s
cat: input.engrad: Aucun fichier ou dossier de ce type
cat: input.hess: Aucun fichier ou dossier de ce type
cp: « /tmp/cchemi_7478/h2oVQFF_27/One0.out » et « /tmp/cchemi_7478/h2oVQFF_27/./One0.out » identifient le même fichier

real	0m6.103s
user	0m5.764s
sys	0m0.184s
cat: input.engrad: Aucun fichier ou dossier de ce type
cat: input.hess: Aucun fichier ou dossier de ce type
cp: « /tmp/cchemi_7478/h2oVQFF_18/One0.out » et « /tmp/cchemi_7478/h2oVQFF_18/./One0.out » identifient le même fichier

real	0m6.888s
user	0m6.528s
sys	0m0.196s
cat: input.engrad: Aucun fichier ou dossier de ce type
cat: input.hess: Aucun fichier ou dossier de ce type
cp: « /tmp/cchemi_7478/h2oVQFF_40/One0.out » et « /tmp/cchemi_7478/h2oVQFF_40/./One0.out » identifient le même fichier

real	0m7.272s
user	0m6.932s
sys	0m0.184s
