seed = -1
----------------------------------------------------------
runType=VPT2
model=GVPT2
----------------------------------------------------------

nFrequencies=3
VPT2 model : GVPT2

Gradients
END

Hessian
1 1      1642.7927630000
2 2      3833.9971290000
3 3      3943.9539900000
END

Cubic
1 1 1       274.5151800000
1 1 2       327.7741060000
1 1 3         0.7319000000
2 2 1       -76.7283590000
2 2 2     -1820.0699680000
2 2 3        -2.0400520000
3 3 1      -264.9090680000
3 3 2     -1841.4185620000
3 3 3        -2.1747950000
END

Quartic
1 1 1 1       -49.7723200000
1 1 1 2        65.5326520000
1 1 1 3        -1.1088090000
2 2 1 1      -312.7596930000
2 2 2 1      -152.9283900000
2 2 2 2       750.6532680000
2 2 2 3        -0.4810280000
3 3 1 1      -370.1017830000
3 3 2 2       766.2394720000
3 3 3 1        -1.6129540000
3 3 3 2        -0.7442230000
3 3 3 3       767.0075020000
END

Coriolis
END

Rotation constants
1         1.0000000000
2         1.0000000000
3         1.0000000000
END
nFrequencies=3
nDim=3
VPT2 Properties model : GVPT2 : Gaussian method

First derivatives
1 1        -1.1276780000
1 2        -0.3998750000
1 3        -0.8300190000
2 1        -1.2794540000
2 2        -0.4384500000
2 3         2.4513080000
3 1        -2.6064650000
3 2        -0.8614210000
3 3        -0.8581740000
END


Second derivatives
1 1 1         4.3917330000
1 1 2         3.0618020000
1 1 3         8.3234820000
1 2 1         3.0618020000
1 2 2         3.4667850000
1 2 3         4.5885330000
1 3 1         8.3234820000
1 3 2         4.5885330000
1 3 3        -2.5425360000
2 1 1         5.6220020000
2 1 2         3.3378660000
2 1 3       -25.3522580000
2 2 1         3.3378660000
2 2 2         4.7882360000
2 2 3       -12.3657060000
2 3 1       -25.3522580000
2 3 2       -12.3657060000
2 3 3        -1.9938880000
3 1 1        11.6521470000
3 1 2         6.7008290000
3 1 3         8.8071100000
3 2 1         6.7008290000
3 2 2         9.8261090000
3 2 3         4.0830160000
3 3 1         8.8071100000
3 3 2         4.0830160000
3 3 3        -4.5986500000
END


Cubic derivatives
1 1 1 1       -92.5526740000
1 1 1 2       -24.4129300000
1 1 1 3       -86.6618560000
1 1 2 1       -24.4129300000
1 1 2 2       -24.8635510000
1 1 3 1       -86.6618560000
1 1 3 3        57.5474030000
1 2 1 1       -24.4129300000
1 2 1 2       -24.8635510000
1 2 2 1       -24.8635510000
1 2 2 2        45.1056840000
1 2 2 3        77.0491200000
1 2 3 2        77.0491200000
1 2 3 3        39.0730860000
1 3 1 1       -86.6618560000
1 3 1 3        57.5474030000
1 3 2 2        77.0491200000
1 3 2 3        39.0730860000
1 3 3 1        57.5474030000
1 3 3 2        39.0730860000
1 3 3 3       -17.3378720000
2 1 1 1      -117.8548440000
2 1 1 2       -20.3441090000
2 1 1 3       239.3517930000
2 1 2 1       -20.3441090000
2 1 2 2       -43.5112140000
2 1 3 1       239.3517930000
2 1 3 3        51.1532470000
2 2 1 1       -20.3441090000
2 2 1 2       -43.5112140000
2 2 2 1       -43.5112140000
2 2 2 2        64.0975510000
2 2 2 3      -211.8850790000
2 2 3 2      -211.8850790000
2 2 3 3        58.6096290000
2 3 1 1       239.3517930000
2 3 1 3        51.1532470000
2 3 2 2      -211.8850790000
2 3 2 3        58.6096290000
2 3 3 1        51.1532470000
2 3 3 2        58.6096290000
2 3 3 3        99.0735560000
3 1 1 1      -230.3829160000
3 1 1 2       -61.0323260000
3 1 1 3       -66.0280810000
3 1 2 1       -61.0323260000
3 1 2 2       -68.3747660000
3 1 3 1       -66.0280810000
3 1 3 3       102.3064950000
3 2 1 1       -61.0323260000
3 2 1 2       -68.3747660000
3 2 2 1       -68.3747660000
3 2 2 2        68.8455180000
3 2 2 3        86.6802600000
3 2 3 2        86.6802600000
3 2 3 3        87.9144440000
3 3 1 1       -66.0280810000
3 3 1 3       102.3064950000
3 3 2 2        86.6802600000
3 3 2 3        87.9144440000
3 3 3 1       102.3064950000
3 3 3 2        87.9144440000
3 3 3 3       -29.7220670000
END

nFrequencies 3
nStates 10
State n 1	0 0 0 
State n 2	1 0 0 
State n 3	0 1 0 
State n 4	0 0 1 
State n 5	2 0 0 
State n 6	0 2 0 
State n 7	0 0 2 
State n 8	1 1 0 
State n 9	1 0 1 
State n 10	0 1 1 

Xkl (cm^-1) by VPT2+K model
1 1       -17.9854691664
1 2       -13.6838145277
1 3       -44.4271315115
2 1       -13.6838145277
2 2       -43.5236690537
2 3      -170.7858325679
3 1       -44.4271315115
3 2      -170.7858325679
3 3       -50.7332447428
END

C=34.497579

Diagonal of H (cm^-1) by VPT2+K model
     4625.0871506075         0.0000000000 
     6202.8535022550      1577.7663516475  1(1) 
     8279.8021179523      3654.7149673448  2(1) 
     8359.9681690822      3734.8810184747  3(1) 
     7744.6489155696      3119.5617649621  1(2) 
    11847.4697471897      7222.3825965822  2(2) 
    11993.3826980714      7368.2955474639  3(2) 
     9843.8846550721      5218.7975044646  1(1)  2(1) 
     9893.3073892182      5268.2202386107  1(1)  3(1) 
    11843.8973038592      7218.8101532517  2(1)  3(1) 
END


Resonance Matrix (cm^-1) by VPT2+K model
========================================
 Fermi Resonances terms :
 0 Fermi Resonances 
----------------------------------------------------------------------------------------------------

 Darling-Dennison Resonances terms :
 0 Darling-Dennison Resonances 
----------------------------------------------------------------------------------------------------

END



Results
========================
       E(harm)      E(anharm)     Mode(Quanta), Coef 
       -------      ---------     ---------------- 
    0.00000000     0.00000000     [ 1.000] 
 1642.79276300  1577.76635165     [ 1.000  1(1)] 
 3285.58552600  3119.56176496     [ 1.000  1(2)] 
 3833.99712900  3654.71496734     [ 1.000  2(1)] 
 3943.95399000  3734.88101847     [ 1.000  3(1)] 
 5476.78989200  5218.79750446     [ 1.000  1(1)  2(1)] 
 5586.74675300  5268.22023861     [ 1.000  1(1)  3(1)] 
 7777.95111900  7218.81015325     [ 1.000  2(1)  3(1)] 
 7667.99425800  7222.38259658     [ 1.000  2(2)] 
 7887.90798000  7368.29554746     [ 1.000  3(2)] 



Results With intensities
========================
       E(harm)      E(anharm)        I(harm)      I(anharm)     Coef Mode(Quanta) 
       -------      ---------        -------      ---------     ---------------- 
    0.00000000     0.00000000     0.00000000     0.00000000     [ 1.000] 
 1642.79276300  1577.76635165    78.56019895    80.02669065     [ 1.000  1(1)] 
 3285.58552600  3119.56176496     0.00000000     0.56591286     [ 1.000  1(2)] 
 3833.99712900  3654.71496734     8.85967031     6.68055408     [ 1.000  2(1)] 
 3943.95399000  3734.88101847    60.19596186    54.51834779     [ 1.000  3(1)] 
 5476.78989200  5218.79750446     0.00000000     0.08725266     [ 1.000  1(1)  2(1)] 
 5586.74675300  5268.22023861     0.00000000     4.14248797     [ 1.000  1(1)  3(1)] 
 7777.95111900  7218.81015325     0.00000000     3.26231467     [ 1.000  2(1)  3(1)] 
 7667.99425800  7222.38259658     0.00000000     0.49716190     [ 1.000  2(2)] 
 7887.90798000  7368.29554746     0.00000000     0.04103146     [ 1.000  3(2)] 



Results With intensities
========================

Fundamental Bands
-----------------
       E(harm)      E(anharm)        I(harm)      I(anharm)       Coef. Mode(Quanta) 
  ------------   ------------   ------------   ------------     -------------------- 
 1642.79276300  1577.76635165    78.56019895    80.02669065     [ 1.000  1(1)] 
 3833.99712900  3654.71496734     8.85967031     6.68055408     [ 1.000  2(1)] 
 3943.95399000  3734.88101847    60.19596186    54.51834779     [ 1.000  3(1)] 

Overtones
---------
       E(harm)      E(anharm)        I(harm)      I(anharm)       Coef. Mode(Quanta) 
  ------------   ------------   ------------   ------------     -------------------- 
 3285.58552600  3119.56176496     0.00000000     0.56591286     [ 1.000  1(2)] 
 7667.99425800  7222.38259658     0.00000000     0.49716190     [ 1.000  2(2)] 
 7887.90798000  7368.29554746     0.00000000     0.04103146     [ 1.000  3(2)] 

Combination Bands
----------------
       E(harm)      E(anharm)        I(harm)      I(anharm)       Coef. Mode(Quanta) 
  ------------   ------------   ------------   ------------     -------------------- 
 5476.78989200  5218.79750446     0.00000000     0.08725266     [ 1.000  1(1)  2(1)] 
 5586.74675300  5268.22023861     0.00000000     4.14248797     [ 1.000  1(1)  3(1)] 
 7777.95111900  7218.81015325     0.00000000     3.26231467     [ 1.000  2(1)  3(1)] 


