cp: impossible d'évaluer « /home/allouche/MySoftwares/CChemI/CChemI-100716/iGVPT2/tests/QFFOrcaHybridRIB2PLYPB3LYP/*.gab »: Aucun fichier ou dossier de ce type
cat: input.engrad: Aucun fichier ou dossier de ce type
cat: input.hess: Aucun fichier ou dossier de ce type
cp: « /home/allouche/tmp/igvpt2_3021/h2oVQFF_0/One0.out » et « /home/allouche/tmp/igvpt2_3021/h2oVQFF_0/./One0.out » identifient le même fichier

real	0m4.755s
user	0m4.504s
sys	0m0.216s
cat: input.engrad: Aucun fichier ou dossier de ce type
cat: input.hess: Aucun fichier ou dossier de ce type
cp: « /home/allouche/tmp/igvpt2_2501/h2oVQFF_10/One0.out » et « /home/allouche/tmp/igvpt2_2501/h2oVQFF_10/./One0.out » identifient le même fichier

real	0m4.495s
user	0m4.244s
sys	0m0.196s
cat: input.engrad: Aucun fichier ou dossier de ce type
cat: input.hess: Aucun fichier ou dossier de ce type
cp: « /home/allouche/tmp/igvpt2_19300/h2oVQFF_11/One0.out » et « /home/allouche/tmp/igvpt2_19300/h2oVQFF_11/./One0.out » identifient le même fichier

real	0m4.454s
user	0m4.220s
sys	0m0.200s
cat: input.engrad: Aucun fichier ou dossier de ce type
cat: input.hess: Aucun fichier ou dossier de ce type
cp: « /home/allouche/tmp/igvpt2_27318/h2oVQFF_12/One0.out » et « /home/allouche/tmp/igvpt2_27318/h2oVQFF_12/./One0.out » identifient le même fichier

real	0m4.434s
user	0m4.252s
sys	0m0.148s
cat: input.engrad: Aucun fichier ou dossier de ce type
cat: input.hess: Aucun fichier ou dossier de ce type
cp: « /home/allouche/tmp/igvpt2_26409/h2oVQFF_13/One0.out » et « /home/allouche/tmp/igvpt2_26409/h2oVQFF_13/./One0.out » identifient le même fichier

real	0m4.733s
user	0m4.508s
sys	0m0.180s
cat: input.engrad: Aucun fichier ou dossier de ce type
cat: input.hess: Aucun fichier ou dossier de ce type
cp: « /home/allouche/tmp/igvpt2_16785/h2oVQFF_14/One0.out » et « /home/allouche/tmp/igvpt2_16785/h2oVQFF_14/./One0.out » identifient le même fichier

real	0m4.898s
user	0m4.524s
sys	0m0.196s
cat: input.engrad: Aucun fichier ou dossier de ce type
cat: input.hess: Aucun fichier ou dossier de ce type
cp: « /home/allouche/tmp/igvpt2_32229/h2oVQFF_15/One0.out » et « /home/allouche/tmp/igvpt2_32229/h2oVQFF_15/./One0.out » identifient le même fichier

real	0m4.762s
user	0m4.520s
sys	0m0.204s
cat: input.engrad: Aucun fichier ou dossier de ce type
cat: input.hess: Aucun fichier ou dossier de ce type
cp: « /home/allouche/tmp/igvpt2_18664/h2oVQFF_16/One0.out » et « /home/allouche/tmp/igvpt2_18664/h2oVQFF_16/./One0.out » identifient le même fichier

real	0m4.740s
user	0m4.500s
sys	0m0.208s
cat: input.engrad: Aucun fichier ou dossier de ce type
cat: input.hess: Aucun fichier ou dossier de ce type
cp: « /home/allouche/tmp/igvpt2_28675/h2oVQFF_17/One0.out » et « /home/allouche/tmp/igvpt2_28675/h2oVQFF_17/./One0.out » identifient le même fichier

real	0m4.727s
user	0m4.472s
sys	0m0.220s
cat: input.engrad: Aucun fichier ou dossier de ce type
cat: input.hess: Aucun fichier ou dossier de ce type
cp: « /home/allouche/tmp/igvpt2_6397/h2oVQFF_18/One0.out » et « /home/allouche/tmp/igvpt2_6397/h2oVQFF_18/./One0.out » identifient le même fichier

real	0m4.811s
user	0m4.520s
sys	0m0.252s
cat: input.engrad: Aucun fichier ou dossier de ce type
cat: input.hess: Aucun fichier ou dossier de ce type
cp: « /home/allouche/tmp/igvpt2_4349/h2oVQFF_19/One0.out » et « /home/allouche/tmp/igvpt2_4349/h2oVQFF_19/./One0.out » identifient le même fichier

real	0m4.423s
user	0m4.128s
sys	0m0.256s
cat: input.engrad: Aucun fichier ou dossier de ce type
cat: input.hess: Aucun fichier ou dossier de ce type
cp: « /home/allouche/tmp/igvpt2_16883/h2oVQFF_1/One0.out » et « /home/allouche/tmp/igvpt2_16883/h2oVQFF_1/./One0.out » identifient le même fichier

real	0m4.728s
user	0m4.460s
sys	0m0.232s
cat: input.engrad: Aucun fichier ou dossier de ce type
cat: input.hess: Aucun fichier ou dossier de ce type
cp: « /home/allouche/tmp/igvpt2_15593/h2oVQFF_20/One0.out » et « /home/allouche/tmp/igvpt2_15593/h2oVQFF_20/./One0.out » identifient le même fichier

real	0m4.569s
user	0m4.272s
sys	0m0.244s
cat: input.engrad: Aucun fichier ou dossier de ce type
cat: input.hess: Aucun fichier ou dossier de ce type
cp: « /home/allouche/tmp/igvpt2_303/h2oVQFF_21/One0.out » et « /home/allouche/tmp/igvpt2_303/h2oVQFF_21/./One0.out » identifient le même fichier

real	0m4.478s
user	0m4.200s
sys	0m0.224s
cat: input.engrad: Aucun fichier ou dossier de ce type
cat: input.hess: Aucun fichier ou dossier de ce type
cp: « /home/allouche/tmp/igvpt2_10870/h2oVQFF_22/One0.out » et « /home/allouche/tmp/igvpt2_10870/h2oVQFF_22/./One0.out » identifient le même fichier

real	0m4.498s
user	0m4.244s
sys	0m0.200s
cat: input.engrad: Aucun fichier ou dossier de ce type
cat: input.hess: Aucun fichier ou dossier de ce type
cp: « /home/allouche/tmp/igvpt2_29030/h2oVQFF_23/One0.out » et « /home/allouche/tmp/igvpt2_29030/h2oVQFF_23/./One0.out » identifient le même fichier

real	0m4.734s
user	0m4.476s
sys	0m0.216s
cat: input.engrad: Aucun fichier ou dossier de ce type
cat: input.hess: Aucun fichier ou dossier de ce type
cp: « /home/allouche/tmp/igvpt2_5057/h2oVQFF_24/One0.out » et « /home/allouche/tmp/igvpt2_5057/h2oVQFF_24/./One0.out » identifient le même fichier

real	0m4.785s
user	0m4.540s
sys	0m0.212s
cat: input.engrad: Aucun fichier ou dossier de ce type
cat: input.hess: Aucun fichier ou dossier de ce type
cp: « /home/allouche/tmp/igvpt2_27610/h2oVQFF_25/One0.out » et « /home/allouche/tmp/igvpt2_27610/h2oVQFF_25/./One0.out » identifient le même fichier

real	0m4.796s
user	0m4.552s
sys	0m0.208s
cat: input.engrad: Aucun fichier ou dossier de ce type
cat: input.hess: Aucun fichier ou dossier de ce type
cp: « /home/allouche/tmp/igvpt2_18210/h2oVQFF_26/One0.out » et « /home/allouche/tmp/igvpt2_18210/h2oVQFF_26/./One0.out » identifient le même fichier

real	0m4.758s
user	0m4.508s
sys	0m0.204s
cat: input.engrad: Aucun fichier ou dossier de ce type
cat: input.hess: Aucun fichier ou dossier de ce type
cp: « /home/allouche/tmp/igvpt2_26151/h2oVQFF_27/One0.out » et « /home/allouche/tmp/igvpt2_26151/h2oVQFF_27/./One0.out » identifient le même fichier

real	0m4.797s
user	0m4.584s
sys	0m0.168s
cat: input.engrad: Aucun fichier ou dossier de ce type
cat: input.hess: Aucun fichier ou dossier de ce type
cp: « /home/allouche/tmp/igvpt2_2233/h2oVQFF_28/One0.out » et « /home/allouche/tmp/igvpt2_2233/h2oVQFF_28/./One0.out » identifient le même fichier

real	0m4.745s
user	0m4.496s
sys	0m0.212s
cat: input.engrad: Aucun fichier ou dossier de ce type
cat: input.hess: Aucun fichier ou dossier de ce type
cp: « /home/allouche/tmp/igvpt2_20491/h2oVQFF_29/One0.out » et « /home/allouche/tmp/igvpt2_20491/h2oVQFF_29/./One0.out » identifient le même fichier

real	0m4.457s
user	0m4.220s
sys	0m0.204s
cat: input.engrad: Aucun fichier ou dossier de ce type
cat: input.hess: Aucun fichier ou dossier de ce type
cp: « /home/allouche/tmp/igvpt2_5/h2oVQFF_2/One0.out » et « /home/allouche/tmp/igvpt2_5/h2oVQFF_2/./One0.out » identifient le même fichier

real	0m4.728s
user	0m4.484s
sys	0m0.212s
cat: input.engrad: Aucun fichier ou dossier de ce type
cat: input.hess: Aucun fichier ou dossier de ce type
cp: « /home/allouche/tmp/igvpt2_25630/h2oVQFF_30/One0.out » et « /home/allouche/tmp/igvpt2_25630/h2oVQFF_30/./One0.out » identifient le même fichier

real	0m4.430s
user	0m4.168s
sys	0m0.232s
cat: input.engrad: Aucun fichier ou dossier de ce type
cat: input.hess: Aucun fichier ou dossier de ce type
cp: « /home/allouche/tmp/igvpt2_15173/h2oVQFF_31/One0.out » et « /home/allouche/tmp/igvpt2_15173/h2oVQFF_31/./One0.out » identifient le même fichier

real	0m4.760s
user	0m4.552s
sys	0m0.172s
cat: input.engrad: Aucun fichier ou dossier de ce type
cat: input.hess: Aucun fichier ou dossier de ce type
cp: « /home/allouche/tmp/igvpt2_6376/h2oVQFF_32/One0.out » et « /home/allouche/tmp/igvpt2_6376/h2oVQFF_32/./One0.out » identifient le même fichier

real	0m4.445s
user	0m4.204s
sys	0m0.200s
cat: input.engrad: Aucun fichier ou dossier de ce type
cat: input.hess: Aucun fichier ou dossier de ce type
cp: « /home/allouche/tmp/igvpt2_17830/h2oVQFF_33/One0.out » et « /home/allouche/tmp/igvpt2_17830/h2oVQFF_33/./One0.out » identifient le même fichier

real	0m4.822s
user	0m4.548s
sys	0m0.224s
mkdir: impossible de créer le répertoire « /home/allouche/tmp/igvpt2_7433 »: Le fichier existe
cat: input.engrad: Aucun fichier ou dossier de ce type
cat: input.hess: Aucun fichier ou dossier de ce type
cp: « /home/allouche/tmp/igvpt2_7433/h2oVQFF_34/One0.out » et « /home/allouche/tmp/igvpt2_7433/h2oVQFF_34/./One0.out » identifient le même fichier

real	0m4.417s
user	0m4.192s
sys	0m0.188s
cat: input.engrad: Aucun fichier ou dossier de ce type
cat: input.hess: Aucun fichier ou dossier de ce type
cp: « /home/allouche/tmp/igvpt2_9035/h2oVQFF_35/One0.out » et « /home/allouche/tmp/igvpt2_9035/h2oVQFF_35/./One0.out » identifient le même fichier

real	0m4.862s
user	0m4.496s
sys	0m0.208s
cat: input.engrad: Aucun fichier ou dossier de ce type
cat: input.hess: Aucun fichier ou dossier de ce type
cp: « /home/allouche/tmp/igvpt2_21559/h2oVQFF_36/One0.out » et « /home/allouche/tmp/igvpt2_21559/h2oVQFF_36/./One0.out » identifient le même fichier

real	0m4.748s
user	0m4.500s
sys	0m0.216s
cat: input.engrad: Aucun fichier ou dossier de ce type
cat: input.hess: Aucun fichier ou dossier de ce type
cp: « /home/allouche/tmp/igvpt2_12674/h2oVQFF_37/One0.out » et « /home/allouche/tmp/igvpt2_12674/h2oVQFF_37/./One0.out » identifient le même fichier

real	0m4.775s
user	0m4.524s
sys	0m0.220s
cat: input.engrad: Aucun fichier ou dossier de ce type
cat: input.hess: Aucun fichier ou dossier de ce type
cp: « /home/allouche/tmp/igvpt2_11640/h2oVQFF_38/One0.out » et « /home/allouche/tmp/igvpt2_11640/h2oVQFF_38/./One0.out » identifient le même fichier

real	0m4.727s
user	0m4.500s
sys	0m0.196s
cat: input.engrad: Aucun fichier ou dossier de ce type
cat: input.hess: Aucun fichier ou dossier de ce type
cp: « /home/allouche/tmp/igvpt2_7713/h2oVQFF_39/One0.out » et « /home/allouche/tmp/igvpt2_7713/h2oVQFF_39/./One0.out » identifient le même fichier

real	0m4.767s
user	0m4.528s
sys	0m0.200s
cat: input.engrad: Aucun fichier ou dossier de ce type
cat: input.hess: Aucun fichier ou dossier de ce type
cp: « /home/allouche/tmp/igvpt2_4750/h2oVQFF_3/One0.out » et « /home/allouche/tmp/igvpt2_4750/h2oVQFF_3/./One0.out » identifient le même fichier

real	0m4.805s
user	0m4.536s
sys	0m0.220s
cat: input.engrad: Aucun fichier ou dossier de ce type
cat: input.hess: Aucun fichier ou dossier de ce type
cp: « /home/allouche/tmp/igvpt2_8973/h2oVQFF_40/One0.out » et « /home/allouche/tmp/igvpt2_8973/h2oVQFF_40/./One0.out » identifient le même fichier

real	0m4.760s
user	0m4.524s
sys	0m0.208s
cat: input.engrad: Aucun fichier ou dossier de ce type
cat: input.hess: Aucun fichier ou dossier de ce type
cp: « /home/allouche/tmp/igvpt2_16854/h2oVQFF_41/One0.out » et « /home/allouche/tmp/igvpt2_16854/h2oVQFF_41/./One0.out » identifient le même fichier

real	0m4.773s
user	0m4.484s
sys	0m0.228s
cat: input.engrad: Aucun fichier ou dossier de ce type
cat: input.hess: Aucun fichier ou dossier de ce type
cp: « /home/allouche/tmp/igvpt2_4842/h2oVQFF_42/One0.out » et « /home/allouche/tmp/igvpt2_4842/h2oVQFF_42/./One0.out » identifient le même fichier

real	0m4.757s
user	0m4.504s
sys	0m0.220s
cat: input.engrad: Aucun fichier ou dossier de ce type
cat: input.hess: Aucun fichier ou dossier de ce type
cp: « /home/allouche/tmp/igvpt2_6608/h2oVQFF_43/One0.out » et « /home/allouche/tmp/igvpt2_6608/h2oVQFF_43/./One0.out » identifient le même fichier

real	0m4.802s
user	0m4.544s
sys	0m0.220s
cat: input.engrad: Aucun fichier ou dossier de ce type
cat: input.hess: Aucun fichier ou dossier de ce type
cp: « /home/allouche/tmp/igvpt2_15074/h2oVQFF_44/One0.out » et « /home/allouche/tmp/igvpt2_15074/h2oVQFF_44/./One0.out » identifient le même fichier

real	0m4.815s
user	0m4.516s
sys	0m0.256s
mkdir: impossible de créer le répertoire « /home/allouche/tmp/igvpt2_5057 »: Le fichier existe
cat: input.engrad: Aucun fichier ou dossier de ce type
cat: input.hess: Aucun fichier ou dossier de ce type
cp: « /home/allouche/tmp/igvpt2_5057/h2oVQFF_45/One0.out » et « /home/allouche/tmp/igvpt2_5057/h2oVQFF_45/./One0.out » identifient le même fichier

real	0m4.823s
user	0m4.572s
sys	0m0.208s
cat: input.engrad: Aucun fichier ou dossier de ce type
cat: input.hess: Aucun fichier ou dossier de ce type
cp: « /home/allouche/tmp/igvpt2_9637/h2oVQFF_46/One0.out » et « /home/allouche/tmp/igvpt2_9637/h2oVQFF_46/./One0.out » identifient le même fichier

real	0m4.761s
user	0m4.528s
sys	0m0.200s
cat: input.engrad: Aucun fichier ou dossier de ce type
cat: input.hess: Aucun fichier ou dossier de ce type
cp: « /home/allouche/tmp/igvpt2_23975/h2oVQFF_47/One0.out » et « /home/allouche/tmp/igvpt2_23975/h2oVQFF_47/./One0.out » identifient le même fichier

real	0m4.743s
user	0m4.516s
sys	0m0.196s
cat: input.engrad: Aucun fichier ou dossier de ce type
cat: input.hess: Aucun fichier ou dossier de ce type
cp: « /home/allouche/tmp/igvpt2_6460/h2oVQFF_48/One0.out » et « /home/allouche/tmp/igvpt2_6460/h2oVQFF_48/./One0.out » identifient le même fichier

real	0m4.783s
user	0m4.560s
sys	0m0.164s
cat: input.engrad: Aucun fichier ou dossier de ce type
cat: input.hess: Aucun fichier ou dossier de ce type
cp: « /home/allouche/tmp/igvpt2_12298/h2oVQFF_49/One0.out » et « /home/allouche/tmp/igvpt2_12298/h2oVQFF_49/./One0.out » identifient le même fichier

real	0m4.796s
user	0m4.532s
sys	0m0.208s
cat: input.engrad: Aucun fichier ou dossier de ce type
cat: input.hess: Aucun fichier ou dossier de ce type
cp: « /home/allouche/tmp/igvpt2_19084/h2oVQFF_4/One0.out » et « /home/allouche/tmp/igvpt2_19084/h2oVQFF_4/./One0.out » identifient le même fichier

real	0m4.509s
user	0m4.228s
sys	0m0.228s
cat: input.engrad: Aucun fichier ou dossier de ce type
cat: input.hess: Aucun fichier ou dossier de ce type
cp: « /home/allouche/tmp/igvpt2_3152/h2oVQFF_50/One0.out » et « /home/allouche/tmp/igvpt2_3152/h2oVQFF_50/./One0.out » identifient le même fichier

real	0m4.800s
user	0m4.556s
sys	0m0.196s
cat: input.engrad: Aucun fichier ou dossier de ce type
cat: input.hess: Aucun fichier ou dossier de ce type
cp: « /home/allouche/tmp/igvpt2_2132/h2oVQFF_51/One0.out » et « /home/allouche/tmp/igvpt2_2132/h2oVQFF_51/./One0.out » identifient le même fichier

real	0m4.452s
user	0m4.184s
sys	0m0.216s
cat: input.engrad: Aucun fichier ou dossier de ce type
cat: input.hess: Aucun fichier ou dossier de ce type
cp: « /home/allouche/tmp/igvpt2_1230/h2oVQFF_52/One0.out » et « /home/allouche/tmp/igvpt2_1230/h2oVQFF_52/./One0.out » identifient le même fichier

real	0m4.448s
user	0m4.204s
sys	0m0.192s
mkdir: impossible de créer le répertoire « /home/allouche/tmp/igvpt2_17391 »: Le fichier existe
cat: input.engrad: Aucun fichier ou dossier de ce type
cat: input.hess: Aucun fichier ou dossier de ce type
cp: « /home/allouche/tmp/igvpt2_17391/h2oVQFF_53/One0.out » et « /home/allouche/tmp/igvpt2_17391/h2oVQFF_53/./One0.out » identifient le même fichier

real	0m4.496s
user	0m4.268s
sys	0m0.168s
cat: input.engrad: Aucun fichier ou dossier de ce type
cat: input.hess: Aucun fichier ou dossier de ce type
cp: « /home/allouche/tmp/igvpt2_11394/h2oVQFF_54/One0.out » et « /home/allouche/tmp/igvpt2_11394/h2oVQFF_54/./One0.out » identifient le même fichier

real	0m4.450s
user	0m4.192s
sys	0m0.224s
cat: input.engrad: Aucun fichier ou dossier de ce type
cat: input.hess: Aucun fichier ou dossier de ce type
cp: « /home/allouche/tmp/igvpt2_6157/h2oVQFF_5/One0.out » et « /home/allouche/tmp/igvpt2_6157/h2oVQFF_5/./One0.out » identifient le même fichier

real	0m4.450s
user	0m4.168s
sys	0m0.248s
cat: input.engrad: Aucun fichier ou dossier de ce type
cat: input.hess: Aucun fichier ou dossier de ce type
cp: « /home/allouche/tmp/igvpt2_3856/h2oVQFF_6/One0.out » et « /home/allouche/tmp/igvpt2_3856/h2oVQFF_6/./One0.out » identifient le même fichier

real	0m4.441s
user	0m4.192s
sys	0m0.204s
cat: input.engrad: Aucun fichier ou dossier de ce type
cat: input.hess: Aucun fichier ou dossier de ce type
cp: « /home/allouche/tmp/igvpt2_25425/h2oVQFF_7/One0.out » et « /home/allouche/tmp/igvpt2_25425/h2oVQFF_7/./One0.out » identifient le même fichier

real	0m4.492s
user	0m4.236s
sys	0m0.216s
cat: input.engrad: Aucun fichier ou dossier de ce type
cat: input.hess: Aucun fichier ou dossier de ce type
cp: « /home/allouche/tmp/igvpt2_2827/h2oVQFF_8/One0.out » et « /home/allouche/tmp/igvpt2_2827/h2oVQFF_8/./One0.out » identifient le même fichier

real	0m4.791s
user	0m4.528s
sys	0m0.216s
cat: input.engrad: Aucun fichier ou dossier de ce type
cat: input.hess: Aucun fichier ou dossier de ce type
cp: « /home/allouche/tmp/igvpt2_10388/h2oVQFF_9/One0.out » et « /home/allouche/tmp/igvpt2_10388/h2oVQFF_9/./One0.out » identifient le même fichier

real	0m4.769s
user	0m4.536s
sys	0m0.200s
