seed = -1
----------------------------------------------------------
runType=VPT2
model=ORCA
----------------------------------------------------------

nFrequencies=3
VPT2 model : GVPT2

Gradients
END

Hessian
1 1      1642.7924150000
2 2      3833.9975130000
3 3      3943.9541210000
END

Cubic
1 1 1       263.5847460000
1 1 2       346.8338250000
1 1 3         1.0643010000
2 2 1       -63.7822400000
2 2 2     -1790.3752930000
2 2 3        -1.2581480000
3 3 1      -264.3439360000
3 3 2     -1806.2299360000
3 3 3        -1.3374370000
END

Quartic
1 1 1 1       -27.5287500000
1 1 1 2        62.2280620000
1 1 1 3        -0.4299310000
2 2 1 1      -306.8584560000
2 2 2 1      -148.5884240000
2 2 2 2       717.7570090000
2 2 2 3        -0.2988420000
3 3 1 1      -364.5275030000
3 3 2 2       731.8611410000
3 3 3 1        -0.3787070000
3 3 3 2        -0.3159820000
3 3 3 3       731.0287050000
END

Coriolis
END

Rotation constants
1         1.0000000000
2         1.0000000000
3         1.0000000000
END
nFrequencies=3
nDim=3
VPT2 Properties model : GVPT2 : Gaussian method

First derivatives
1 1        -1.1216847228
1 2        -0.4191697100
1 3        -0.8550338664
2 1        -1.2895641064
2 2        -0.4565233328
2 3         2.5344495296
3 1        -2.6153589462
3 2        -0.9036949252
3 3        -0.8849686568
END


Second derivatives
1 1 1         8.7593690000
1 1 2         3.7143170000
1 1 3         8.0943950000
1 2 1         3.7143170000
1 2 2         5.6479040000
1 2 3         6.4939410000
1 3 1         8.0943950000
1 3 2         6.4939410000
1 3 3        -2.2270190000
2 1 1        11.0392000000
2 1 2         3.8899940000
2 1 3       -25.7340670000
2 2 1         3.8899940000
2 2 2         7.9039990000
2 2 3       -17.1486690000
2 3 1       -25.7340670000
2 3 2       -17.1486690000
2 3 3        -1.0710030000
3 1 1        22.9290010000
3 1 2         7.8552790000
3 1 3         8.9598330000
3 2 1         7.8552790000
3 2 2        16.4964130000
3 2 3         5.4051360000
3 3 1         8.9598330000
3 3 2         5.4051360000
3 3 3        -2.6485840000
END


Cubic derivatives
1 1 1 1       -11.3193880000
1 1 1 2       -65.1011370000
1 1 1 3       -99.0421020000
1 1 2 1       -65.1011370000
1 1 2 2       -37.2953260000
1 1 3 1       -99.0421020000
1 1 3 3        38.3649330000
1 2 1 1       -65.1011370000
1 2 1 2       -37.2953260000
1 2 2 1       -37.2953260000
1 2 2 2        18.9918700000
1 2 2 3        -9.6311410000
1 2 3 2        -9.6311410000
1 2 3 3         9.7682720000
1 3 1 1       -99.0421020000
1 3 1 3        38.3649330000
1 3 2 2        -9.6311410000
1 3 2 3         9.7682720000
1 3 3 1        38.3649330000
1 3 3 2         9.7682720000
1 3 3 3      -146.1335020000
2 1 1 1        -4.6609250000
2 1 1 2       -77.3076010000
2 1 1 3       210.4644670000
2 1 2 1       -77.3076010000
2 1 2 2       -43.5112140000
2 1 3 1       210.4644670000
2 1 3 3        44.7590880000
2 2 1 1       -77.3076010000
2 2 1 2       -43.5112140000
2 2 2 1       -43.5112140000
2 2 2 2        30.8617890000
2 2 2 3       -48.1557050000
2 2 3 2       -48.1557050000
2 2 3 3         9.7682720000
2 3 1 1       210.4644670000
2 3 1 3        44.7590880000
2 3 2 2       -48.1557050000
2 3 2 3         9.7682720000
2 3 3 1        44.7590880000
2 3 3 2         9.7682720000
2 3 3 3       312.0817170000
3 1 1 1        11.3193880000
3 1 1 2      -199.3722330000
3 1 1 3       -41.2675430000
3 1 2 1      -199.3722330000
3 1 2 2       -55.9429900000
3 1 3 1       -41.2675430000
3 1 3 3       115.0947980000
3 2 1 1      -199.3722330000
3 2 1 2       -55.9429900000
3 2 2 1       -55.9429900000
3 2 2 2        23.7398370000
3 2 2 3        28.8934230000
3 2 3 2        28.8934230000
3 2 3 3         9.7682720000
3 3 1 1       -41.2675430000
3 3 1 3       115.0947980000
3 3 2 2        28.8934230000
3 3 2 3         9.7682720000
3 3 3 1       115.0947980000
3 3 3 2         9.7682720000
3 3 3 3       -79.2588490000
END

nFrequencies 3
nStates 10
State n 1	0 0 0 
State n 2	1 0 0 
State n 3	0 1 0 
State n 4	0 0 1 
State n 5	2 0 0 
State n 6	0 2 0 
State n 7	0 0 2 
State n 8	1 1 0 
State n 9	1 0 1 
State n 10	0 1 1 

Xkl (cm^-1) by VPT2+K model
1 1       -17.4306532040
1 2        -8.4979526183
1 3       -41.9941592423
2 1        -8.4979526183
2 2       -42.5316882110
2 3      -165.8526492178
3 1       -41.9941592423
3 2      -165.8526492178
3 3       -49.4220541356
END

C=32.632866

Diagonal of H (cm^-1) by VPT2+K model
     4628.9397353428         0.0000000000 
     6211.6247880045      1582.6850526617  1(1) 
     8290.6985710028      3661.7588356600  2(1) 
     8370.1263438415      3741.1866084987  3(1) 
     7759.4485342582      3130.5087989155  1(2) 
    11867.3940302409      7238.4542948981  2(2) 
    12012.4688440689      7383.5291087261  3(2) 
     9864.8856710461      5235.9459357034  1(1)  2(1) 
     9910.8172372609      5281.8775019182  1(1)  3(1) 
    11866.0325302837      7237.0927949409  2(1)  3(1) 
END


Resonance Matrix (cm^-1) by VPT2+K model
========================================
 Fermi Resonances terms :
 0 Fermi Resonances 
----------------------------------------------------------------------------------------------------

 Darling-Dennison Resonances terms :
 0 Darling-Dennison Resonances 
----------------------------------------------------------------------------------------------------

END



Results
========================
       E(harm)      E(anharm)     Mode(Quanta), Coef 
       -------      ---------     ---------------- 
    0.00000000     0.00000000     [ 1.000] 
 1642.79241500  1582.68505266     [ 1.000  1(1)] 
 3285.58483000  3130.50879892     [ 1.000  1(2)] 
 3833.99751300  3661.75883566     [ 1.000  2(1)] 
 3943.95412100  3741.18660850     [ 1.000  3(1)] 
 5476.78992800  5235.94593570     [ 1.000  1(1)  2(1)] 
 5586.74653600  5281.87750192     [ 1.000  1(1)  3(1)] 
 7777.95163400  7237.09279494     [ 1.000  2(1)  3(1)] 
 7667.99502600  7238.45429490     [ 1.000  2(2)] 
 7887.90824200  7383.52910873     [ 1.000  3(2)] 



Results With intensities
========================
       E(harm)      E(anharm)        I(harm)      I(anharm)     Coef Mode(Quanta) 
       -------      ---------        -------      ---------     ---------------- 
    0.00000000     0.00000000     0.00000000     0.00000000     [ 1.000] 
 1642.79241500  1582.68505266    79.03739564    78.47244919     [ 1.000  1(1)] 
 3285.58483000  3130.50879892     0.00000000     2.11738796     [ 1.000  1(2)] 
 3833.99751300  3661.75883566     9.72278992     6.81459833     [ 1.000  2(1)] 
 3943.95412100  3741.18660850    64.27187086    58.14140033     [ 1.000  3(1)] 
 5476.78992800  5235.94593570     0.00000000     0.12919526     [ 1.000  1(1)  2(1)] 
 5586.74653600  5281.87750192     0.00000000     4.28420294     [ 1.000  1(1)  3(1)] 
 7777.95163400  7237.09279494     0.00000000     4.23598810     [ 1.000  2(1)  3(1)] 
 7667.99502600  7238.45429490     0.00000000     0.91072731     [ 1.000  2(2)] 
 7887.90824200  7383.52910873     0.00000000     0.07725800     [ 1.000  3(2)] 



Results With intensities
========================

Fundamental Bands
-----------------
       E(harm)      E(anharm)        I(harm)      I(anharm)       Coef. Mode(Quanta) 
  ------------   ------------   ------------   ------------     -------------------- 
 1642.79241500  1582.68505266    79.03739564    78.47244919     [ 1.000  1(1)] 
 3833.99751300  3661.75883566     9.72278992     6.81459833     [ 1.000  2(1)] 
 3943.95412100  3741.18660850    64.27187086    58.14140033     [ 1.000  3(1)] 

Overtones
---------
       E(harm)      E(anharm)        I(harm)      I(anharm)       Coef. Mode(Quanta) 
  ------------   ------------   ------------   ------------     -------------------- 
 3285.58483000  3130.50879892     0.00000000     2.11738796     [ 1.000  1(2)] 
 7667.99502600  7238.45429490     0.00000000     0.91072731     [ 1.000  2(2)] 
 7887.90824200  7383.52910873     0.00000000     0.07725800     [ 1.000  3(2)] 

Combination Bands
----------------
       E(harm)      E(anharm)        I(harm)      I(anharm)       Coef. Mode(Quanta) 
  ------------   ------------   ------------   ------------     -------------------- 
 5476.78992800  5235.94593570     0.00000000     0.12919526     [ 1.000  1(1)  2(1)] 
 5586.74653600  5281.87750192     0.00000000     4.28420294     [ 1.000  1(1)  3(1)] 
 7777.95163400  7237.09279494     0.00000000     4.23598810     [ 1.000  2(1)  3(1)] 


