seed = -1
----------------------------------------------------------
runType=VPT2
model=FIREFLY
----------------------------------------------------------

nFrequencies=3
VPT2 model : GVPT2

Gradients
END

Hessian
1 1      1697.0600000000
2 2      3963.4000000000
3 3      4127.7200000000
END

Cubic
1 1 1       397.6672570000
1 1 2       347.1140620000
2 2 1       -90.5626090000
2 2 2     -1799.6868600000
3 3 1      -311.4840220000
3 3 2     -1831.3595740000
END

Quartic
1 1 1 1      -156.1278770000
1 1 1 2        78.0325170000
2 2 1 1      -303.0962280000
2 2 2 1      -164.3701300000
2 2 2 2       753.0877680000
3 3 1 1      -363.9697140000
3 3 2 2       762.5820070000
3 3 3 3       764.5106910000
END

Coriolis
END

Rotation constants
1         1.0000000000
2         1.0000000000
3         1.0000000000
END
nFrequencies=3
nDim=3
VPT2 Properties model : GVPT2 : Gaussian method

First derivatives
1 3         2.6241150000
2 1         4.2173180000
2 2         0.0644930000
END


Second derivatives
1 1 3       -39.4091310000
1 2 3       -16.7099240000
1 3 1       -39.4091310000
1 3 2       -16.7099240000
2 1 1       -40.5059910000
2 1 2       -19.1838830000
2 2 1       -19.1838830000
2 2 2       -17.8794470000
2 3 3         3.0496540000
END


Cubic derivatives
1 1 1 3       144.8274440000
1 1 3 1       144.8274440000
1 2 2 3        17.6332270000
1 2 3 2        17.6332270000
1 3 1 1       144.8274440000
1 3 2 2        17.6332270000
1 3 3 3       371.0421190000
2 1 1 1       -99.6850660000
2 1 1 2       508.4743420000
2 1 2 1       508.4743420000
2 1 2 2       173.1938660000
2 1 3 3      -222.1227420000
2 2 1 1       508.4743420000
2 2 1 2       173.1938660000
2 2 2 1       173.1938660000
2 2 2 2       182.9969620000
2 2 3 3       144.7783260000
2 3 1 3      -222.1227420000
2 3 2 3       144.7783260000
2 3 3 1      -222.1227420000
2 3 3 2       144.7783260000
END

nFrequencies 3
nStates 10
State n 1	0 0 0 
State n 2	1 0 0 
State n 3	0 1 0 
State n 4	0 0 1 
State n 5	2 0 0 
State n 6	0 2 0 
State n 7	0 0 2 
State n 8	1 1 0 
State n 9	1 0 1 
State n 10	0 1 1 

Xkl (cm^-1) by VPT2+K model
1 1       -30.3905314945
1 2        -6.9265041807
1 3       -35.7153492346
2 1        -6.9265041807
2 2       -38.6461426089
2 3      -153.3921673048
3 1       -35.7153492346
3 2      -153.3921673048
3 3       -49.1416260079
END

C=31.006349

Diagonal of H (cm^-1) by VPT2+K model
     4815.5369197921         0.0000000000 
     6430.4949300955      1614.9580103034  1(1) 
     8621.4852988316      3805.9483790394  2(1) 
     8750.4199095066      3934.8829897145  3(1) 
     7984.6718774098      3169.1349576177  1(2) 
    12350.1413926531      7534.6044728610  2(2) 
    12587.0196472053      7771.4827274132  3(2) 
    10229.5168049542      5413.9798851621  1(1)  2(1) 
    10329.6625705754      5514.1256507833  1(1)  3(1) 
    12402.9761212412      7587.4392014491  2(1)  3(1) 
END


Resonance Matrix (cm^-1) by VPT2+K model
========================================
 Fermi Resonances terms :
 0 Fermi Resonances 
----------------------------------------------------------------------------------------------------

 Darling-Dennison Resonances terms :
 0 Darling-Dennison Resonances 
----------------------------------------------------------------------------------------------------

END



Results
========================
       E(harm)      E(anharm)     Mode(Quanta), Coef 
       -------      ---------     ---------------- 
    0.00000000     0.00000000     [ 1.000] 
 1697.06000000  1614.95801030     [ 1.000  1(1)] 
 3394.12000000  3169.13495762     [ 1.000  1(2)] 
 3963.40000000  3805.94837904     [ 1.000  2(1)] 
 4127.72000000  3934.88298971     [ 1.000  3(1)] 
 5660.46000000  5413.97988516     [ 1.000  1(1)  2(1)] 
 5824.78000000  5514.12565078     [ 1.000  1(1)  3(1)] 
 7926.80000000  7534.60447286     [ 1.000  2(2)] 
 8091.12000000  7587.43920145     [ 1.000  2(1)  3(1)] 
 8255.44000000  7771.48272741     [ 1.000  3(2)] 



Results With intensities
========================
       E(harm)      E(anharm)        I(harm)      I(anharm)     Coef Mode(Quanta) 
       -------      ---------        -------      ---------     ---------------- 
    0.00000000     0.00000000     0.00000000     0.00000000     [ 1.000] 
 1697.06000000  1614.95801030   144.01233069   141.12869712     [ 1.000  1(1)] 
 3394.12000000  3169.13495762     0.00000000     1.68536525     [ 1.000  1(2)] 
 3963.40000000  3805.94837904     0.03367845     0.02931589     [ 1.000  2(1)] 
 4127.72000000  3934.88298971    55.75614098    50.03594788     [ 1.000  3(1)] 
 5660.46000000  5413.97988516     0.00000000     0.62770666     [ 1.000  1(1)  2(1)] 
 5824.78000000  5514.12565078     0.00000000     7.23229274     [ 1.000  1(1)  3(1)] 
 7926.80000000  7534.60447286     0.00000000     0.37049208     [ 1.000  2(2)] 
 8091.12000000  7587.43920145     0.00000000     3.39102859     [ 1.000  2(1)  3(1)] 
 8255.44000000  7771.48272741     0.00000000     0.00084697     [ 1.000  3(2)] 



Results With intensities
========================

Fundamental Bands
-----------------
       E(harm)      E(anharm)        I(harm)      I(anharm)       Coef. Mode(Quanta) 
  ------------   ------------   ------------   ------------     -------------------- 
 1697.06000000  1614.95801030   144.01233069   141.12869712     [ 1.000  1(1)] 
 3963.40000000  3805.94837904     0.03367845     0.02931589     [ 1.000  2(1)] 
 4127.72000000  3934.88298971    55.75614098    50.03594788     [ 1.000  3(1)] 

Overtones
---------
       E(harm)      E(anharm)        I(harm)      I(anharm)       Coef. Mode(Quanta) 
  ------------   ------------   ------------   ------------     -------------------- 
 3394.12000000  3169.13495762     0.00000000     1.68536525     [ 1.000  1(2)] 
 7926.80000000  7534.60447286     0.00000000     0.37049208     [ 1.000  2(2)] 
 8255.44000000  7771.48272741     0.00000000     0.00084697     [ 1.000  3(2)] 

Combination Bands
----------------
       E(harm)      E(anharm)        I(harm)      I(anharm)       Coef. Mode(Quanta) 
  ------------   ------------   ------------   ------------     -------------------- 
 5660.46000000  5413.97988516     0.00000000     0.62770666     [ 1.000  1(1)  2(1)] 
 5824.78000000  5514.12565078     0.00000000     7.23229274     [ 1.000  1(1)  3(1)] 
 8091.12000000  7587.43920145     0.00000000     3.39102859     [ 1.000  2(1)  3(1)] 


