===================
run h2oVQFF_9.ici ......
===================
dir =  /tmp/cchemi_17096/h2oVQFF_9 ......
===================
seed = -1
----------------------------------------------------------
runType=ENERGY
model=MOPAC
----------------------------------------------------------

type 1
Establishing connectivity : 2 connections...
Establishing connectivity : 3 connections...
Establishing connectivity : 4 connections...
Establishing connectivity : non bonded ...
#Number of free coordinates =3 
energy = -52.04678000000000(kcal/mol)
Geometry saved in /tmp/cchemi_17096/h2oVQFF_9/h2oVQFF_9.gab file
Save molecule in /tmp/cchemi_17096/h2oVQFF_9/h2oVQFF_9.gab

======================
