===================
run h2oVQFF_1.ici ......
===================
dir =  /tmp/cchemi_25305/h2oVQFF_1 ......
===================
seed = -1
----------------------------------------------------------
runType=ENERGY
model=MOPAC
----------------------------------------------------------

type 1
Establishing connectivity : 2 connections...
Establishing connectivity : 3 connections...
Establishing connectivity : 4 connections...
Establishing connectivity : non bonded ...
#Number of free coordinates =3 
energy = -47.83346000000000(kcal/mol)
Geometry saved in /tmp/cchemi_25305/h2oVQFF_1/h2oVQFF_1.gab file
Save molecule in /tmp/cchemi_25305/h2oVQFF_1/h2oVQFF_1.gab

======================
