===================
run h2oVQFF_44.ici ......
===================
dir =  /tmp/cchemi_26036/h2oVQFF_44 ......
===================
seed = -1
----------------------------------------------------------
runType=ENERGY
model=MOPAC
----------------------------------------------------------

type 1
Establishing connectivity : 2 connections...
Establishing connectivity : 3 connections...
Establishing connectivity : 4 connections...
Establishing connectivity : non bonded ...
#Number of free coordinates =3 
energy = -50.93689000000000(kcal/mol)
Geometry saved in /tmp/cchemi_26036/h2oVQFF_44/h2oVQFF_44.gab file
Save molecule in /tmp/cchemi_26036/h2oVQFF_44/h2oVQFF_44.gab

======================
