===================
run h2oVQFF_15.ici ......
===================
dir =  /tmp/cchemi_8837/h2oVQFF_15 ......
===================
seed = -1
----------------------------------------------------------
runType=ENERGY
model=MOPAC
----------------------------------------------------------

type 1
Establishing connectivity : 2 connections...
Establishing connectivity : 3 connections...
Establishing connectivity : 4 connections...
Establishing connectivity : non bonded ...
#Number of free coordinates =3 
energy = -52.08168000000000(kcal/mol)
Geometry saved in /tmp/cchemi_8837/h2oVQFF_15/h2oVQFF_15.gab file
Save molecule in /tmp/cchemi_8837/h2oVQFF_15/h2oVQFF_15.gab

======================
