===================
run h2oVQFF_34.ici ......
===================
dir =  /tmp/cchemi_12448/h2oVQFF_34 ......
===================
seed = -1
----------------------------------------------------------
runType=ENERGY
model=MOPAC
----------------------------------------------------------

type 1
Establishing connectivity : 2 connections...
Establishing connectivity : 3 connections...
Establishing connectivity : 4 connections...
Establishing connectivity : non bonded ...
#Number of free coordinates =3 
energy = -46.58908000000000(kcal/mol)
Geometry saved in /tmp/cchemi_12448/h2oVQFF_34/h2oVQFF_34.gab file
Save molecule in /tmp/cchemi_12448/h2oVQFF_34/h2oVQFF_34.gab

======================
