===================
run h2oVQFF_54.ici ......
===================
dir =  /tmp/cchemi_4861/h2oVQFF_54 ......
===================
seed = -1
----------------------------------------------------------
runType=ENERGY
model=MOPAC
----------------------------------------------------------

type 1
Establishing connectivity : 2 connections...
Establishing connectivity : 3 connections...
Establishing connectivity : 4 connections...
Establishing connectivity : non bonded ...
#Number of free coordinates =3 
energy = -37.16711000000000(kcal/mol)
Geometry saved in /tmp/cchemi_4861/h2oVQFF_54/h2oVQFF_54.gab file
Save molecule in /tmp/cchemi_4861/h2oVQFF_54/h2oVQFF_54.gab

======================
