===================
run h2oVQFF_0.ici ......
===================
dir =  /tmp/cchemi_444/h2oVQFF_0 ......
===================
seed = -1
----------------------------------------------------------
runType=ENERGY
model=MOPAC
----------------------------------------------------------

type 1
Establishing connectivity : 2 connections...
Establishing connectivity : 3 connections...
Establishing connectivity : 4 connections...
Establishing connectivity : non bonded ...
#Number of free coordinates =3 
energy = -53.43283000000000(kcal/mol)
Geometry saved in /tmp/cchemi_444/h2oVQFF_0/h2oVQFF_0.gab file
Save molecule in /tmp/cchemi_444/h2oVQFF_0/h2oVQFF_0.gab

======================
