===================
run h2oVQFF_29.ici ......
===================
dir =  /tmp/cchemi_17490/h2oVQFF_29 ......
===================
seed = -1
----------------------------------------------------------
runType=ENERGY
model=MOPAC
----------------------------------------------------------

type 1
Establishing connectivity : 2 connections...
Establishing connectivity : 3 connections...
Establishing connectivity : 4 connections...
Establishing connectivity : non bonded ...
#Number of free coordinates =3 
energy = -51.48316000000000(kcal/mol)
Geometry saved in /tmp/cchemi_17490/h2oVQFF_29/h2oVQFF_29.gab file
Save molecule in /tmp/cchemi_17490/h2oVQFF_29/h2oVQFF_29.gab

======================
