===================
run h2oVQFF_42.ici ......
===================
dir =  /tmp/cchemi_20051/h2oVQFF_42 ......
===================
seed = -1
----------------------------------------------------------
runType=ENERGY
model=MOPAC
----------------------------------------------------------

type 1
Establishing connectivity : 2 connections...
Establishing connectivity : 3 connections...
Establishing connectivity : 4 connections...
Establishing connectivity : non bonded ...
#Number of free coordinates =3 
energy = -51.37616000000000(kcal/mol)
Geometry saved in /tmp/cchemi_20051/h2oVQFF_42/h2oVQFF_42.gab file
Save molecule in /tmp/cchemi_20051/h2oVQFF_42/h2oVQFF_42.gab

======================
