===================
run h2oVQFF_24.ici ......
===================
dir =  /tmp/cchemi_29918/h2oVQFF_24 ......
===================
seed = -1
----------------------------------------------------------
runType=ENERGY
model=MOPAC
----------------------------------------------------------

type 1
Establishing connectivity : 2 connections...
Establishing connectivity : 3 connections...
Establishing connectivity : 4 connections...
Establishing connectivity : non bonded ...
#Number of free coordinates =3 
energy = -38.91853000000000(kcal/mol)
Geometry saved in /tmp/cchemi_29918/h2oVQFF_24/h2oVQFF_24.gab file
Save molecule in /tmp/cchemi_29918/h2oVQFF_24/h2oVQFF_24.gab

======================
