===================
run h2oVQFF_30.ici ......
===================
dir =  /tmp/cchemi_2767/h2oVQFF_30 ......
===================
seed = -1
----------------------------------------------------------
runType=ENERGY
model=MOPAC
----------------------------------------------------------

type 1
Establishing connectivity : 2 connections...
Establishing connectivity : 3 connections...
Establishing connectivity : 4 connections...
Establishing connectivity : non bonded ...
#Number of free coordinates =3 
energy = -51.40210000000000(kcal/mol)
Geometry saved in /tmp/cchemi_2767/h2oVQFF_30/h2oVQFF_30.gab file
Save molecule in /tmp/cchemi_2767/h2oVQFF_30/h2oVQFF_30.gab

======================
