===================
run h2oVQFF_43.ici ......
===================
dir =  /tmp/cchemi_17069/h2oVQFF_43 ......
===================
seed = -1
----------------------------------------------------------
runType=ENERGY
model=MOPAC
----------------------------------------------------------

type 1
Establishing connectivity : 2 connections...
Establishing connectivity : 3 connections...
Establishing connectivity : 4 connections...
Establishing connectivity : non bonded ...
#Number of free coordinates =3 
energy = -50.92998000000000(kcal/mol)
Geometry saved in /tmp/cchemi_17069/h2oVQFF_43/h2oVQFF_43.gab file
Save molecule in /tmp/cchemi_17069/h2oVQFF_43/h2oVQFF_43.gab

======================
