===================
run h2oVQFF_22.ici ......
===================
dir =  /tmp/cchemi_13592/h2oVQFF_22 ......
===================
seed = -1
----------------------------------------------------------
runType=ENERGY
model=MOPAC
----------------------------------------------------------

type 1
Establishing connectivity : 2 connections...
Establishing connectivity : 3 connections...
Establishing connectivity : 4 connections...
Establishing connectivity : non bonded ...
#Number of free coordinates =3 
energy = -39.99314000000000(kcal/mol)
Geometry saved in /tmp/cchemi_13592/h2oVQFF_22/h2oVQFF_22.gab file
Save molecule in /tmp/cchemi_13592/h2oVQFF_22/h2oVQFF_22.gab

======================
