===================
run h2oVQFF_5.ici ......
===================
dir =  /tmp/cchemi_14456/h2oVQFF_5 ......
===================
seed = -1
----------------------------------------------------------
runType=ENERGY
model=MOPAC
----------------------------------------------------------

type 1
Establishing connectivity : 2 connections...
Establishing connectivity : 3 connections...
Establishing connectivity : 4 connections...
Establishing connectivity : non bonded ...
#Number of free coordinates =3 
energy = -50.97937000000000(kcal/mol)
Geometry saved in /tmp/cchemi_14456/h2oVQFF_5/h2oVQFF_5.gab file
Save molecule in /tmp/cchemi_14456/h2oVQFF_5/h2oVQFF_5.gab

======================
