===================
run h2oVQFF_41.ici ......
===================
dir =  /tmp/cchemi_9676/h2oVQFF_41 ......
===================
seed = -1
----------------------------------------------------------
runType=ENERGY
model=MOPAC
----------------------------------------------------------

type 1
Establishing connectivity : 2 connections...
Establishing connectivity : 3 connections...
Establishing connectivity : 4 connections...
Establishing connectivity : non bonded ...
#Number of free coordinates =3 
energy = -51.45825000000000(kcal/mol)
Geometry saved in /tmp/cchemi_9676/h2oVQFF_41/h2oVQFF_41.gab file
Save molecule in /tmp/cchemi_9676/h2oVQFF_41/h2oVQFF_41.gab

======================
