===================
run h2oVQFF_12.ici ......
===================
dir =  /tmp/cchemi_24292/h2oVQFF_12 ......
===================
seed = -1
----------------------------------------------------------
runType=ENERGY
model=MOPAC
----------------------------------------------------------

type 1
Establishing connectivity : 2 connections...
Establishing connectivity : 3 connections...
Establishing connectivity : 4 connections...
Establishing connectivity : non bonded ...
#Number of free coordinates =3 
energy = -40.88640000000000(kcal/mol)
Geometry saved in /tmp/cchemi_24292/h2oVQFF_12/h2oVQFF_12.gab file
Save molecule in /tmp/cchemi_24292/h2oVQFF_12/h2oVQFF_12.gab

======================
