===================
run h2oVQFF_48.ici ......
===================
dir =  /tmp/cchemi_12561/h2oVQFF_48 ......
===================
seed = -1
----------------------------------------------------------
runType=ENERGY
model=MOPAC
----------------------------------------------------------

type 1
Establishing connectivity : 2 connections...
Establishing connectivity : 3 connections...
Establishing connectivity : 4 connections...
Establishing connectivity : non bonded ...
#Number of free coordinates =3 
energy = -45.95407000000000(kcal/mol)
Geometry saved in /tmp/cchemi_12561/h2oVQFF_48/h2oVQFF_48.gab file
Save molecule in /tmp/cchemi_12561/h2oVQFF_48/h2oVQFF_48.gab

======================
