===================
run h2oVQFF_17.ici ......
===================
dir =  /tmp/cchemi_12818/h2oVQFF_17 ......
===================
seed = -1
----------------------------------------------------------
runType=ENERGY
model=MOPAC
----------------------------------------------------------

type 1
Establishing connectivity : 2 connections...
Establishing connectivity : 3 connections...
Establishing connectivity : 4 connections...
Establishing connectivity : non bonded ...
#Number of free coordinates =3 
energy = -47.15797000000000(kcal/mol)
Geometry saved in /tmp/cchemi_12818/h2oVQFF_17/h2oVQFF_17.gab file
Save molecule in /tmp/cchemi_12818/h2oVQFF_17/h2oVQFF_17.gab

======================
