===================
run h2oVQFF_38.ici ......
===================
dir =  /tmp/cchemi_24670/h2oVQFF_38 ......
===================
seed = -1
----------------------------------------------------------
runType=ENERGY
model=MOPAC
----------------------------------------------------------

type 1
Establishing connectivity : 2 connections...
Establishing connectivity : 3 connections...
Establishing connectivity : 4 connections...
Establishing connectivity : non bonded ...
#Number of free coordinates =3 
energy = -36.52892000000000(kcal/mol)
Geometry saved in /tmp/cchemi_24670/h2oVQFF_38/h2oVQFF_38.gab file
Save molecule in /tmp/cchemi_24670/h2oVQFF_38/h2oVQFF_38.gab

======================
