===================
run h2oVQFF_23.ici ......
===================
dir =  /tmp/cchemi_9866/h2oVQFF_23 ......
===================
seed = -1
----------------------------------------------------------
runType=ENERGY
model=MOPAC
----------------------------------------------------------

type 1
Establishing connectivity : 2 connections...
Establishing connectivity : 3 connections...
Establishing connectivity : 4 connections...
Establishing connectivity : non bonded ...
#Number of free coordinates =3 
energy = -42.01463000000000(kcal/mol)
Geometry saved in /tmp/cchemi_9866/h2oVQFF_23/h2oVQFF_23.gab file
Save molecule in /tmp/cchemi_9866/h2oVQFF_23/h2oVQFF_23.gab

======================
