===================
run h2oVQFF_2.ici ......
===================
dir =  /tmp/cchemi_1818/h2oVQFF_2 ......
===================
seed = -1
----------------------------------------------------------
runType=ENERGY
model=MOPAC
----------------------------------------------------------

type 1
Establishing connectivity : 2 connections...
Establishing connectivity : 3 connections...
Establishing connectivity : 4 connections...
Establishing connectivity : non bonded ...
#Number of free coordinates =3 
energy = -50.93342000000000(kcal/mol)
Geometry saved in /tmp/cchemi_1818/h2oVQFF_2/h2oVQFF_2.gab file
Save molecule in /tmp/cchemi_1818/h2oVQFF_2/h2oVQFF_2.gab

======================
