===================
run h2oVQFF_32.ici ......
===================
dir =  /tmp/cchemi_377/h2oVQFF_32 ......
===================
seed = -1
----------------------------------------------------------
runType=ENERGY
model=MOPAC
----------------------------------------------------------

type 1
Establishing connectivity : 2 connections...
Establishing connectivity : 3 connections...
Establishing connectivity : 4 connections...
Establishing connectivity : non bonded ...
#Number of free coordinates =3 
energy = -46.58440000000000(kcal/mol)
Geometry saved in /tmp/cchemi_377/h2oVQFF_32/h2oVQFF_32.gab file
Save molecule in /tmp/cchemi_377/h2oVQFF_32/h2oVQFF_32.gab

======================
