===================
run h2oVQFF_7.ici ......
===================
dir =  /tmp/cchemi_7202/h2oVQFF_7 ......
===================
seed = -1
----------------------------------------------------------
runType=ENERGY
model=MOPAC
----------------------------------------------------------

type 1
Establishing connectivity : 2 connections...
Establishing connectivity : 3 connections...
Establishing connectivity : 4 connections...
Establishing connectivity : non bonded ...
#Number of free coordinates =3 
energy = -40.91970000000000(kcal/mol)
Geometry saved in /tmp/cchemi_7202/h2oVQFF_7/h2oVQFF_7.gab file
Save molecule in /tmp/cchemi_7202/h2oVQFF_7/h2oVQFF_7.gab

======================
