===================
run h2oVQFF_25.ici ......
===================
dir =  /tmp/cchemi_26776/h2oVQFF_25 ......
===================
seed = -1
----------------------------------------------------------
runType=ENERGY
model=MOPAC
----------------------------------------------------------

type 1
Establishing connectivity : 2 connections...
Establishing connectivity : 3 connections...
Establishing connectivity : 4 connections...
Establishing connectivity : non bonded ...
#Number of free coordinates =3 
energy = -41.60742000000000(kcal/mol)
Geometry saved in /tmp/cchemi_26776/h2oVQFF_25/h2oVQFF_25.gab file
Save molecule in /tmp/cchemi_26776/h2oVQFF_25/h2oVQFF_25.gab

======================
