
real	0m0.011s
user	0m0.000s
sys	0m0.008s


          MOPAC Job: "/tmp/cchemi_32213/h2oVQFF_0/One0.mop" ended normally on Dec 21, 2015, at 10:57.


real	0m0.026s
user	0m0.016s
sys	0m0.004s
mkdir: impossible de créer le répertoire « /tmp/cchemi_4570 »: Le fichier existe
/home/theochem/allouche/shell/runCChemI : ligne 49 : 23488 Erreur de segmentation  /home/theochem/allouche/bin/cchemi $fileici >> $LOG

real	0m0.004s
user	0m0.000s
sys	0m0.000s


          MOPAC Job: "/tmp/cchemi_21822/h2oVQFF_10/One0.mop" ended normally on Dec 21, 2015, at 10:57.


real	0m0.027s
user	0m0.016s
sys	0m0.004s
/home/theochem/allouche/shell/runCChemI : ligne 49 : 23528 Erreur de segmentation  /home/theochem/allouche/bin/cchemi $fileici >> $LOG

real	0m0.004s
user	0m0.000s
sys	0m0.000s


          MOPAC Job: "/tmp/cchemi_5185/h2oVQFF_11/One0.mop" ended normally on Dec 21, 2015, at 10:57.


real	0m0.027s
user	0m0.016s
sys	0m0.004s
/home/theochem/allouche/shell/runCChemI : ligne 49 : 23568 Erreur de segmentation  /home/theochem/allouche/bin/cchemi $fileici >> $LOG

real	0m0.004s
user	0m0.000s
sys	0m0.000s


          MOPAC Job: "/tmp/cchemi_12215/h2oVQFF_12/One0.mop" ended normally on Dec 21, 2015, at 10:57.


real	0m0.027s
user	0m0.020s
sys	0m0.000s
/home/theochem/allouche/shell/runCChemI : ligne 49 : 23608 Erreur de segmentation  /home/theochem/allouche/bin/cchemi $fileici >> $LOG

real	0m0.004s
user	0m0.000s
sys	0m0.000s


          MOPAC Job: "/tmp/cchemi_10596/h2oVQFF_13/One0.mop" ended normally on Dec 21, 2015, at 10:57.


real	0m0.027s
user	0m0.012s
sys	0m0.008s
/home/theochem/allouche/shell/runCChemI : ligne 49 : 23648 Erreur de segmentation  /home/theochem/allouche/bin/cchemi $fileici >> $LOG

real	0m0.004s
user	0m0.000s
sys	0m0.000s


          MOPAC Job: "/tmp/cchemi_13909/h2oVQFF_14/One0.mop" ended normally on Dec 21, 2015, at 10:57.


real	0m0.028s
user	0m0.020s
sys	0m0.000s
/home/theochem/allouche/shell/runCChemI : ligne 49 : 23688 Erreur de segmentation  /home/theochem/allouche/bin/cchemi $fileici >> $LOG

real	0m0.005s
user	0m0.004s
sys	0m0.000s


          MOPAC Job: "/tmp/cchemi_16771/h2oVQFF_15/One0.mop" ended normally on Dec 21, 2015, at 10:57.


real	0m0.027s
user	0m0.016s
sys	0m0.004s
/home/theochem/allouche/shell/runCChemI : ligne 49 : 23728 Erreur de segmentation  /home/theochem/allouche/bin/cchemi $fileici >> $LOG

real	0m0.004s
user	0m0.000s
sys	0m0.000s


          MOPAC Job: "/tmp/cchemi_7953/h2oVQFF_16/One0.mop" ended normally on Dec 21, 2015, at 10:57.


real	0m0.029s
user	0m0.016s
sys	0m0.004s
/home/theochem/allouche/shell/runCChemI : ligne 49 : 23768 Erreur de segmentation  /home/theochem/allouche/bin/cchemi $fileici >> $LOG

real	0m0.004s
user	0m0.000s
sys	0m0.000s


          MOPAC Job: "/tmp/cchemi_5697/h2oVQFF_17/One0.mop" ended normally on Dec 21, 2015, at 10:57.


real	0m0.026s
user	0m0.016s
sys	0m0.004s
/home/theochem/allouche/shell/runCChemI : ligne 49 : 23808 Erreur de segmentation  /home/theochem/allouche/bin/cchemi $fileici >> $LOG

real	0m0.004s
user	0m0.000s
sys	0m0.000s


          MOPAC Job: "/tmp/cchemi_30111/h2oVQFF_18/One0.mop" ended normally on Dec 21, 2015, at 10:57.


real	0m0.027s
user	0m0.012s
sys	0m0.008s
/home/theochem/allouche/shell/runCChemI : ligne 49 : 23848 Erreur de segmentation  /home/theochem/allouche/bin/cchemi $fileici >> $LOG

real	0m0.004s
user	0m0.000s
sys	0m0.000s


          MOPAC Job: "/tmp/cchemi_19428/h2oVQFF_19/One0.mop" ended normally on Dec 21, 2015, at 10:57.


real	0m0.027s
user	0m0.012s
sys	0m0.008s
/home/theochem/allouche/shell/runCChemI : ligne 49 : 23889 Erreur de segmentation  /home/theochem/allouche/bin/cchemi $fileici >> $LOG

real	0m0.004s
user	0m0.000s
sys	0m0.000s


          MOPAC Job: "/tmp/cchemi_25343/h2oVQFF_1/One0.mop" ended normally on Dec 21, 2015, at 10:57.


real	0m0.027s
user	0m0.016s
sys	0m0.004s
/home/theochem/allouche/shell/runCChemI : ligne 49 : 23930 Erreur de segmentation  /home/theochem/allouche/bin/cchemi $fileici >> $LOG

real	0m0.004s
user	0m0.000s
sys	0m0.000s


          MOPAC Job: "/tmp/cchemi_17211/h2oVQFF_20/One0.mop" ended normally on Dec 21, 2015, at 10:57.


real	0m0.027s
user	0m0.012s
sys	0m0.008s
/home/theochem/allouche/shell/runCChemI : ligne 49 : 23970 Erreur de segmentation  /home/theochem/allouche/bin/cchemi $fileici >> $LOG

real	0m0.004s
user	0m0.000s
sys	0m0.000s


          MOPAC Job: "/tmp/cchemi_28680/h2oVQFF_21/One0.mop" ended normally on Dec 21, 2015, at 10:57.


real	0m0.027s
user	0m0.020s
sys	0m0.000s
/home/theochem/allouche/shell/runCChemI : ligne 49 : 24010 Erreur de segmentation  /home/theochem/allouche/bin/cchemi $fileici >> $LOG

real	0m0.004s
user	0m0.000s
sys	0m0.000s


          MOPAC Job: "/tmp/cchemi_16999/h2oVQFF_22/One0.mop" ended normally on Dec 21, 2015, at 10:57.


real	0m0.027s
user	0m0.012s
sys	0m0.008s
/home/theochem/allouche/shell/runCChemI : ligne 49 : 24050 Erreur de segmentation  /home/theochem/allouche/bin/cchemi $fileici >> $LOG

real	0m0.004s
user	0m0.000s
sys	0m0.000s


          MOPAC Job: "/tmp/cchemi_12697/h2oVQFF_23/One0.mop" ended normally on Dec 21, 2015, at 10:57.


real	0m0.027s
user	0m0.020s
sys	0m0.000s
/home/theochem/allouche/shell/runCChemI : ligne 49 : 24092 Erreur de segmentation  /home/theochem/allouche/bin/cchemi $fileici >> $LOG

real	0m0.004s
user	0m0.000s
sys	0m0.000s


          MOPAC Job: "/tmp/cchemi_8425/h2oVQFF_24/One0.mop" ended normally on Dec 21, 2015, at 10:57.


real	0m0.026s
user	0m0.016s
sys	0m0.004s
/home/theochem/allouche/shell/runCChemI : ligne 49 : 24142 Erreur de segmentation  /home/theochem/allouche/bin/cchemi $fileici >> $LOG

real	0m0.004s
user	0m0.000s
sys	0m0.000s


          MOPAC Job: "/tmp/cchemi_16887/h2oVQFF_25/One0.mop" ended normally on Dec 21, 2015, at 10:57.


real	0m0.027s
user	0m0.020s
sys	0m0.000s
/home/theochem/allouche/shell/runCChemI : ligne 49 : 24182 Erreur de segmentation  /home/theochem/allouche/bin/cchemi $fileici >> $LOG

real	0m0.004s
user	0m0.000s
sys	0m0.000s


          MOPAC Job: "/tmp/cchemi_21463/h2oVQFF_26/One0.mop" ended normally on Dec 21, 2015, at 10:57.


real	0m0.026s
user	0m0.020s
sys	0m0.000s
/home/theochem/allouche/shell/runCChemI : ligne 49 : 24222 Erreur de segmentation  /home/theochem/allouche/bin/cchemi $fileici >> $LOG

real	0m0.004s
user	0m0.000s
sys	0m0.000s


          MOPAC Job: "/tmp/cchemi_24405/h2oVQFF_27/One0.mop" ended normally on Dec 21, 2015, at 10:57.


real	0m0.027s
user	0m0.016s
sys	0m0.004s
/home/theochem/allouche/shell/runCChemI : ligne 49 : 24264 Erreur de segmentation  /home/theochem/allouche/bin/cchemi $fileici >> $LOG

real	0m0.004s
user	0m0.000s
sys	0m0.000s


          MOPAC Job: "/tmp/cchemi_17750/h2oVQFF_28/One0.mop" ended normally on Dec 21, 2015, at 10:57.


real	0m0.027s
user	0m0.020s
sys	0m0.000s
/home/theochem/allouche/shell/runCChemI : ligne 49 : 24304 Erreur de segmentation  /home/theochem/allouche/bin/cchemi $fileici >> $LOG

real	0m0.004s
user	0m0.000s
sys	0m0.000s


          MOPAC Job: "/tmp/cchemi_9026/h2oVQFF_29/One0.mop" ended normally on Dec 21, 2015, at 10:57.


real	0m0.027s
user	0m0.016s
sys	0m0.004s
/home/theochem/allouche/shell/runCChemI : ligne 49 : 24344 Erreur de segmentation  /home/theochem/allouche/bin/cchemi $fileici >> $LOG

real	0m0.004s
user	0m0.000s
sys	0m0.000s


          MOPAC Job: "/tmp/cchemi_31132/h2oVQFF_2/One0.mop" ended normally on Dec 21, 2015, at 10:57.


real	0m0.027s
user	0m0.012s
sys	0m0.008s
/home/theochem/allouche/shell/runCChemI : ligne 49 : 24384 Erreur de segmentation  /home/theochem/allouche/bin/cchemi $fileici >> $LOG

real	0m0.004s
user	0m0.000s
sys	0m0.000s


          MOPAC Job: "/tmp/cchemi_11723/h2oVQFF_30/One0.mop" ended normally on Dec 21, 2015, at 10:57.


real	0m0.027s
user	0m0.016s
sys	0m0.004s
/home/theochem/allouche/shell/runCChemI : ligne 49 : 24424 Erreur de segmentation  /home/theochem/allouche/bin/cchemi $fileici >> $LOG

real	0m0.004s
user	0m0.000s
sys	0m0.000s


          MOPAC Job: "/tmp/cchemi_631/h2oVQFF_31/One0.mop" ended normally on Dec 21, 2015, at 10:57.


real	0m0.027s
user	0m0.020s
sys	0m0.000s
/home/theochem/allouche/shell/runCChemI : ligne 49 : 24464 Erreur de segmentation  /home/theochem/allouche/bin/cchemi $fileici >> $LOG

real	0m0.004s
user	0m0.000s
sys	0m0.000s


          MOPAC Job: "/tmp/cchemi_20370/h2oVQFF_32/One0.mop" ended normally on Dec 21, 2015, at 10:57.


real	0m0.027s
user	0m0.016s
sys	0m0.004s
/home/theochem/allouche/shell/runCChemI : ligne 49 : 24504 Erreur de segmentation  /home/theochem/allouche/bin/cchemi $fileici >> $LOG

real	0m0.004s
user	0m0.000s
sys	0m0.000s


          MOPAC Job: "/tmp/cchemi_9910/h2oVQFF_33/One0.mop" ended normally on Dec 21, 2015, at 10:57.


real	0m0.027s
user	0m0.012s
sys	0m0.008s
/home/theochem/allouche/shell/runCChemI : ligne 49 : 24544 Erreur de segmentation  /home/theochem/allouche/bin/cchemi $fileici >> $LOG

real	0m0.004s
user	0m0.000s
sys	0m0.000s


          MOPAC Job: "/tmp/cchemi_23188/h2oVQFF_34/One0.mop" ended normally on Dec 21, 2015, at 10:57.


real	0m0.027s
user	0m0.012s
sys	0m0.008s
/home/theochem/allouche/shell/runCChemI : ligne 49 : 24584 Erreur de segmentation  /home/theochem/allouche/bin/cchemi $fileici >> $LOG

real	0m0.004s
user	0m0.000s
sys	0m0.000s


          MOPAC Job: "/tmp/cchemi_2286/h2oVQFF_35/One0.mop" ended normally on Dec 21, 2015, at 10:57.


real	0m0.027s
user	0m0.016s
sys	0m0.004s
/home/theochem/allouche/shell/runCChemI : ligne 49 : 24624 Erreur de segmentation  /home/theochem/allouche/bin/cchemi $fileici >> $LOG

real	0m0.004s
user	0m0.000s
sys	0m0.000s


          MOPAC Job: "/tmp/cchemi_14604/h2oVQFF_36/One0.mop" ended normally on Dec 21, 2015, at 10:57.


real	0m0.027s
user	0m0.020s
sys	0m0.000s
/home/theochem/allouche/shell/runCChemI : ligne 49 : 24664 Erreur de segmentation  /home/theochem/allouche/bin/cchemi $fileici >> $LOG

real	0m0.004s
user	0m0.000s
sys	0m0.000s


          MOPAC Job: "/tmp/cchemi_22056/h2oVQFF_37/One0.mop" ended normally on Dec 21, 2015, at 10:57.


real	0m0.027s
user	0m0.020s
sys	0m0.000s
/home/theochem/allouche/shell/runCChemI : ligne 49 : 24704 Erreur de segmentation  /home/theochem/allouche/bin/cchemi $fileici >> $LOG

real	0m0.004s
user	0m0.000s
sys	0m0.000s


          MOPAC Job: "/tmp/cchemi_14290/h2oVQFF_38/One0.mop" ended normally on Dec 21, 2015, at 10:57.


real	0m0.026s
user	0m0.016s
sys	0m0.004s
/home/theochem/allouche/shell/runCChemI : ligne 49 : 24744 Erreur de segmentation  /home/theochem/allouche/bin/cchemi $fileici >> $LOG

real	0m0.004s
user	0m0.000s
sys	0m0.000s


          MOPAC Job: "/tmp/cchemi_8642/h2oVQFF_39/One0.mop" ended normally on Dec 21, 2015, at 10:57.


real	0m0.027s
user	0m0.016s
sys	0m0.004s
/home/theochem/allouche/shell/runCChemI : ligne 49 : 24784 Erreur de segmentation  /home/theochem/allouche/bin/cchemi $fileici >> $LOG

real	0m0.004s
user	0m0.000s
sys	0m0.000s


          MOPAC Job: "/tmp/cchemi_4270/h2oVQFF_3/One0.mop" ended normally on Dec 21, 2015, at 10:57.


real	0m0.027s
user	0m0.012s
sys	0m0.008s
/home/theochem/allouche/shell/runCChemI : ligne 49 : 24824 Erreur de segmentation  /home/theochem/allouche/bin/cchemi $fileici >> $LOG

real	0m0.004s
user	0m0.000s
sys	0m0.000s


          MOPAC Job: "/tmp/cchemi_22311/h2oVQFF_40/One0.mop" ended normally on Dec 21, 2015, at 10:57.


real	0m0.027s
user	0m0.016s
sys	0m0.004s
/home/theochem/allouche/shell/runCChemI : ligne 49 : 24864 Erreur de segmentation  /home/theochem/allouche/bin/cchemi $fileici >> $LOG

real	0m0.004s
user	0m0.000s
sys	0m0.000s


          MOPAC Job: "/tmp/cchemi_29728/h2oVQFF_41/One0.mop" ended normally on Dec 21, 2015, at 10:57.


real	0m0.027s
user	0m0.016s
sys	0m0.004s
/home/theochem/allouche/shell/runCChemI : ligne 49 : 24904 Erreur de segmentation  /home/theochem/allouche/bin/cchemi $fileici >> $LOG

real	0m0.004s
user	0m0.000s
sys	0m0.000s


          MOPAC Job: "/tmp/cchemi_31361/h2oVQFF_42/One0.mop" ended normally on Dec 21, 2015, at 10:57.


real	0m0.027s
user	0m0.020s
sys	0m0.000s
/home/theochem/allouche/shell/runCChemI : ligne 49 : 24944 Erreur de segmentation  /home/theochem/allouche/bin/cchemi $fileici >> $LOG

real	0m0.004s
user	0m0.000s
sys	0m0.000s


          MOPAC Job: "/tmp/cchemi_18468/h2oVQFF_43/One0.mop" ended normally on Dec 21, 2015, at 10:57.


real	0m0.027s
user	0m0.020s
sys	0m0.000s
/home/theochem/allouche/shell/runCChemI : ligne 49 : 24985 Erreur de segmentation  /home/theochem/allouche/bin/cchemi $fileici >> $LOG

real	0m0.004s
user	0m0.004s
sys	0m0.000s


          MOPAC Job: "/tmp/cchemi_9545/h2oVQFF_44/One0.mop" ended normally on Dec 21, 2015, at 10:57.


real	0m0.027s
user	0m0.016s
sys	0m0.004s
/home/theochem/allouche/shell/runCChemI : ligne 49 : 25025 Erreur de segmentation  /home/theochem/allouche/bin/cchemi $fileici >> $LOG

real	0m0.004s
user	0m0.004s
sys	0m0.000s


          MOPAC Job: "/tmp/cchemi_26924/h2oVQFF_45/One0.mop" ended normally on Dec 21, 2015, at 10:57.


real	0m0.027s
user	0m0.016s
sys	0m0.008s
/home/theochem/allouche/shell/runCChemI : ligne 49 : 25065 Erreur de segmentation  /home/theochem/allouche/bin/cchemi $fileici >> $LOG

real	0m0.004s
user	0m0.000s
sys	0m0.004s


          MOPAC Job: "/tmp/cchemi_31691/h2oVQFF_46/One0.mop" ended normally on Dec 21, 2015, at 10:57.


real	0m0.027s
user	0m0.016s
sys	0m0.004s
/home/theochem/allouche/shell/runCChemI : ligne 49 : 25105 Erreur de segmentation  /home/theochem/allouche/bin/cchemi $fileici >> $LOG

real	0m0.004s
user	0m0.000s
sys	0m0.004s


          MOPAC Job: "/tmp/cchemi_19155/h2oVQFF_47/One0.mop" ended normally on Dec 21, 2015, at 10:57.


real	0m0.027s
user	0m0.016s
sys	0m0.004s
/home/theochem/allouche/shell/runCChemI : ligne 49 : 25145 Erreur de segmentation  /home/theochem/allouche/bin/cchemi $fileici >> $LOG

real	0m0.004s
user	0m0.000s
sys	0m0.000s


          MOPAC Job: "/tmp/cchemi_24601/h2oVQFF_48/One0.mop" ended normally on Dec 21, 2015, at 10:57.


real	0m0.027s
user	0m0.016s
sys	0m0.008s
/home/theochem/allouche/shell/runCChemI : ligne 49 : 25185 Erreur de segmentation  /home/theochem/allouche/bin/cchemi $fileici >> $LOG

real	0m0.004s
user	0m0.000s
sys	0m0.000s


          MOPAC Job: "/tmp/cchemi_4283/h2oVQFF_49/One0.mop" ended normally on Dec 21, 2015, at 10:57.


real	0m0.027s
user	0m0.020s
sys	0m0.000s
/home/theochem/allouche/shell/runCChemI : ligne 49 : 25225 Erreur de segmentation  /home/theochem/allouche/bin/cchemi $fileici >> $LOG

real	0m0.004s
user	0m0.000s
sys	0m0.000s


          MOPAC Job: "/tmp/cchemi_25645/h2oVQFF_4/One0.mop" ended normally on Dec 21, 2015, at 10:57.


real	0m0.027s
user	0m0.016s
sys	0m0.004s
/home/theochem/allouche/shell/runCChemI : ligne 49 : 25265 Erreur de segmentation  /home/theochem/allouche/bin/cchemi $fileici >> $LOG

real	0m0.004s
user	0m0.000s
sys	0m0.000s


          MOPAC Job: "/tmp/cchemi_8319/h2oVQFF_50/One0.mop" ended normally on Dec 21, 2015, at 10:57.


real	0m0.027s
user	0m0.016s
sys	0m0.004s
/home/theochem/allouche/shell/runCChemI : ligne 49 : 25305 Erreur de segmentation  /home/theochem/allouche/bin/cchemi $fileici >> $LOG

real	0m0.004s
user	0m0.000s
sys	0m0.000s


          MOPAC Job: "/tmp/cchemi_31380/h2oVQFF_51/One0.mop" ended normally on Dec 21, 2015, at 10:57.


real	0m0.027s
user	0m0.016s
sys	0m0.004s
/home/theochem/allouche/shell/runCChemI : ligne 49 : 25345 Erreur de segmentation  /home/theochem/allouche/bin/cchemi $fileici >> $LOG

real	0m0.004s
user	0m0.000s
sys	0m0.000s


          MOPAC Job: "/tmp/cchemi_6711/h2oVQFF_52/One0.mop" ended normally on Dec 21, 2015, at 10:57.


real	0m0.027s
user	0m0.020s
sys	0m0.000s
/home/theochem/allouche/shell/runCChemI : ligne 49 : 25385 Erreur de segmentation  /home/theochem/allouche/bin/cchemi $fileici >> $LOG

real	0m0.004s
user	0m0.000s
sys	0m0.000s


          MOPAC Job: "/tmp/cchemi_1020/h2oVQFF_53/One0.mop" ended normally on Dec 21, 2015, at 10:57.


real	0m0.027s
user	0m0.008s
sys	0m0.012s
/home/theochem/allouche/shell/runCChemI : ligne 49 : 25426 Erreur de segmentation  /home/theochem/allouche/bin/cchemi $fileici >> $LOG

real	0m0.004s
user	0m0.000s
sys	0m0.000s


          MOPAC Job: "/tmp/cchemi_18344/h2oVQFF_54/One0.mop" ended normally on Dec 21, 2015, at 10:57.


real	0m0.027s
user	0m0.020s
sys	0m0.000s
/home/theochem/allouche/shell/runCChemI : ligne 49 : 25466 Erreur de segmentation  /home/theochem/allouche/bin/cchemi $fileici >> $LOG

real	0m0.004s
user	0m0.000s
sys	0m0.000s


          MOPAC Job: "/tmp/cchemi_28984/h2oVQFF_5/One0.mop" ended normally on Dec 21, 2015, at 10:57.


real	0m0.027s
user	0m0.012s
sys	0m0.008s
/home/theochem/allouche/shell/runCChemI : ligne 49 : 25506 Erreur de segmentation  /home/theochem/allouche/bin/cchemi $fileici >> $LOG

real	0m0.004s
user	0m0.000s
sys	0m0.000s


          MOPAC Job: "/tmp/cchemi_18616/h2oVQFF_6/One0.mop" ended normally on Dec 21, 2015, at 10:57.


real	0m0.027s
user	0m0.020s
sys	0m0.000s
/home/theochem/allouche/shell/runCChemI : ligne 49 : 25546 Erreur de segmentation  /home/theochem/allouche/bin/cchemi $fileici >> $LOG

real	0m0.004s
user	0m0.000s
sys	0m0.000s


          MOPAC Job: "/tmp/cchemi_20509/h2oVQFF_7/One0.mop" ended normally on Dec 21, 2015, at 10:57.


real	0m0.027s
user	0m0.020s
sys	0m0.000s
/home/theochem/allouche/shell/runCChemI : ligne 49 : 25586 Erreur de segmentation  /home/theochem/allouche/bin/cchemi $fileici >> $LOG

real	0m0.004s
user	0m0.000s
sys	0m0.000s


          MOPAC Job: "/tmp/cchemi_4334/h2oVQFF_8/One0.mop" ended normally on Dec 21, 2015, at 10:57.


real	0m0.027s
user	0m0.016s
sys	0m0.004s
/home/theochem/allouche/shell/runCChemI : ligne 49 : 25629 Erreur de segmentation  /home/theochem/allouche/bin/cchemi $fileici >> $LOG

real	0m0.004s
user	0m0.000s
sys	0m0.000s


          MOPAC Job: "/tmp/cchemi_8737/h2oVQFF_9/One0.mop" ended normally on Dec 21, 2015, at 10:57.


real	0m0.027s
user	0m0.016s
sys	0m0.004s
/home/theochem/allouche/shell/runCChemI : ligne 49 : 25672 Erreur de segmentation  /home/theochem/allouche/bin/cchemi $fileici >> $LOG

real	0m0.004s
user	0m0.000s
sys	0m0.000s
