seed = -1
----------------------------------------------------------
runType=VPT2
model=GVPT2
----------------------------------------------------------

nFrequencies=3
VPT2 model : GVPT2

Gradients
END

Hessian
1 1      1740.4304670000
2 2      3868.9973680000
3 3      3989.6028080000
END

Cubic
1 1 1        44.9994860000
1 1 2         1.7627650000
1 1 3       493.2245810000
2 2 1      -242.3942440000
2 2 2       -15.7704560000
2 2 3     -1350.5861460000
3 3 1      -217.4776940000
3 3 2         5.9038650000
3 3 3     -1186.9427500000
END

Quartic
1 1 1 1      -139.4543360000
1 1 1 2         0.8289190000
1 1 1 3       144.1515470000
2 2 1 1      -295.1373070000
2 2 2 1        -0.2483260000
2 2 2 2       137.7288780000
2 2 2 3        -1.7452780000
3 3 1 1      -408.9056320000
3 3 2 2       129.7171550000
3 3 3 1         5.2253410000
3 3 3 2         1.0352750000
3 3 3 3       -28.0550190000
END

Coriolis
END

Rotation constants
1         1.0000000000
2         1.0000000000
3         1.0000000000
END
nFrequencies=3
nDim=3
VPT2 Properties model : GVPT2 : Gaussian method

First derivatives
1 1        -0.4705460000
1 2         0.2692080000
1 3        -0.3230760000
2 1        -0.5367500000
2 2        -0.8149660000
2 3        -0.3421290000
3 1        -1.0849900000
3 2         0.2700240000
3 3        -0.7082810000
END


Second derivatives
1 1 1         4.1391310000
1 1 2        -3.0629850000
1 1 3         2.0735730000
1 2 1        -3.0629850000
1 2 2         9.0660230000
1 2 3         3.0916490000
1 3 1         2.0735730000
1 3 2         3.0916490000
1 3 3         6.1394000000
2 1 1        -4.1086960000
2 1 2         8.1679610000
2 1 3         3.1103590000
2 2 1         8.1679610000
2 2 2        -8.2879690000
2 2 3        -7.7291220000
2 3 1         3.1103590000
2 3 2        -7.7291220000
2 3 3        -2.2673920000
3 1 1        -3.6673920000
3 1 2        -3.0629850000
3 1 3         6.2207180000
3 2 1        -3.0629850000
3 2 2        -7.5775720000
3 2 3         4.6374730000
3 3 1         6.2207180000
3 3 2         4.6374730000
3 3 3         4.7440820000
END


Cubic derivatives
1 1 1 1      -228.5446810000
1 1 1 2       170.3774050000
1 1 2 1       170.3774050000
1 1 2 2      -254.0287550000
1 2 1 1       170.3774050000
1 2 1 2      -254.0287550000
1 2 2 1      -254.0287550000
2 1 1 1      -199.9765960000
2 1 1 2      -340.7548110000
2 1 1 3      -173.0125530000
2 1 2 1      -340.7548110000
2 1 3 1      -173.0125530000
2 1 3 3      -261.9474080000
2 2 1 1      -340.7548110000
2 2 2 2       757.5019470000
2 2 2 3      -384.6089360000
2 2 3 2      -384.6089360000
2 2 3 3      -390.5575020000
2 3 1 1      -173.0125530000
2 3 1 3      -261.9474080000
2 3 2 2      -384.6089360000
2 3 2 3      -390.5575020000
2 3 3 1      -261.9474080000
2 3 3 2      -390.5575020000
2 3 3 3      -594.8971060000
3 1 1 1      -628.4978720000
3 1 1 2       170.3774050000
3 1 1 3      -346.0251050000
3 1 2 1       170.3774050000
3 1 2 2      -254.0287550000
3 1 3 1      -346.0251050000
3 1 3 3      -523.8948160000
3 2 1 1       170.3774050000
3 2 1 2      -254.0287550000
3 2 2 1      -254.0287550000
3 2 2 2       -94.6877430000
3 2 2 3      -384.6089360000
3 2 3 2      -384.6089360000
3 2 3 3       390.5575020000
3 3 1 1      -346.0251050000
3 3 1 3      -523.8948160000
3 3 2 2      -384.6089360000
3 3 2 3       390.5575020000
3 3 3 1      -523.8948160000
3 3 3 2       390.5575020000
3 3 3 3     -1288.9437310000
END

nFrequencies 3
nStates 10
State n 1	0 0 0 
State n 2	1 0 0 
State n 3	0 1 0 
State n 4	0 0 1 
State n 5	2 0 0 
State n 6	0 2 0 
State n 7	0 0 2 
State n 8	1 1 0 
State n 9	1 0 1 
State n 10	0 1 1 

Xkl (cm^-1) by VPT2+K model
1 1       -32.4202480473
1 2       -32.4718005257
1 3        -9.9905088092
2 1       -32.4718005257
2 2       -42.3105571639
2 3      -155.8622320592
3 1        -9.9905088092
3 2      -155.8622320592
3 3       -41.8504229530
END

C=0.501696

Diagonal of H (cm^-1) by VPT2+K model
     4720.7888791105         0.0000000000 
     6375.1476953485      1654.3588162380  1(1) 
     8410.9981164902      3690.2092373798  2(1) 
     8543.7644707703      3822.9755916598  3(1) 
     7964.6660154920      3243.8771363815  1(2) 
    12016.5862395422      7295.7973604318  2(2) 
    12283.0392165240      7562.2503374136  3(2) 
    10032.8851322026      5312.0962530921  1(1)  2(1) 
    10188.1327781991      5467.3438990887  1(1)  3(1) 
    12078.1114760909      7357.3225969804  2(1)  3(1) 
END


Resonance Matrix (cm^-1) by VPT2+K model
========================================
 Fermi Resonances terms :
 0 Fermi Resonances 
----------------------------------------------------------------------------------------------------

 Darling-Dennison Resonances terms :
 0 Darling-Dennison Resonances 
----------------------------------------------------------------------------------------------------

END



Results
========================
       E(harm)      E(anharm)     Mode(Quanta), Coef 
       -------      ---------     ---------------- 
    0.00000000     0.00000000     [ 1.000] 
 1740.43046700  1654.35881624     [ 1.000  1(1)] 
 3480.86093400  3243.87713638     [ 1.000  1(2)] 
 3868.99736800  3690.20923738     [ 1.000  2(1)] 
 3989.60280800  3822.97559166     [ 1.000  3(1)] 
 5609.42783500  5312.09625309     [ 1.000  1(1)  2(1)] 
 5730.03327500  5467.34389909     [ 1.000  1(1)  3(1)] 
 7737.99473600  7295.79736043     [ 1.000  2(2)] 
 7858.60017600  7357.32259698     [ 1.000  2(1)  3(1)] 
 7979.20561600  7562.25033741     [ 1.000  3(2)] 



Results With intensities
========================
       E(harm)      E(anharm)        I(harm)      I(anharm)     Coef Mode(Quanta) 
       -------      ---------        -------      ---------     ---------------- 
    0.00000000     0.00000000     0.00000000     0.00000000     [ 1.000] 
 1740.43046700  1654.35881624    13.65744013    16.71347225     [ 1.000  1(1)] 
 3480.86093400  3243.87713638     0.00000000     0.23855786     [ 1.000  1(2)] 
 3868.99736800  3690.20923738     6.55501367     7.27496425     [ 1.000  2(1)] 
 3989.60280800  3822.97559166     5.85491689     7.84641999     [ 1.000  3(1)] 
 5609.42783500  5312.09625309     0.00000000     0.41342704     [ 1.000  1(1)  2(1)] 
 5730.03327500  5467.34389909     0.00000000     0.14365019     [ 1.000  1(1)  3(1)] 
 7737.99473600  7295.79736043     0.00000000     0.16704924     [ 1.000  2(2)] 
 7858.60017600  7357.32259698     0.00000000     0.02452007     [ 1.000  2(1)  3(1)] 
 7979.20561600  7562.25033741     0.00000000     0.16178738     [ 1.000  3(2)] 



Results With intensities
========================

Fundamental Bands
-----------------
       E(harm)      E(anharm)        I(harm)      I(anharm)       Coef. Mode(Quanta) 
  ------------   ------------   ------------   ------------     -------------------- 
 1740.43046700  1654.35881624    13.65744013    16.71347225     [ 1.000  1(1)] 
 3868.99736800  3690.20923738     6.55501367     7.27496425     [ 1.000  2(1)] 
 3989.60280800  3822.97559166     5.85491689     7.84641999     [ 1.000  3(1)] 

Overtones
---------
       E(harm)      E(anharm)        I(harm)      I(anharm)       Coef. Mode(Quanta) 
  ------------   ------------   ------------   ------------     -------------------- 
 3480.86093400  3243.87713638     0.00000000     0.23855786     [ 1.000  1(2)] 
 7737.99473600  7295.79736043     0.00000000     0.16704924     [ 1.000  2(2)] 
 7979.20561600  7562.25033741     0.00000000     0.16178738     [ 1.000  3(2)] 

Combination Bands
----------------
       E(harm)      E(anharm)        I(harm)      I(anharm)       Coef. Mode(Quanta) 
  ------------   ------------   ------------   ------------     -------------------- 
 5609.42783500  5312.09625309     0.00000000     0.41342704     [ 1.000  1(1)  2(1)] 
 5730.03327500  5467.34389909     0.00000000     0.14365019     [ 1.000  1(1)  3(1)] 
 7858.60017600  7357.32259698     0.00000000     0.02452007     [ 1.000  2(1)  3(1)] 


