

          MOPAC Job: "/tmp/cchemi_444/h2oVQFF_0/One0.mop" ended normally on Dec 21, 2015, at 10:58.


real	0m0.027s
user	0m0.016s
sys	0m0.004s


          MOPAC Job: "/tmp/cchemi_10629/h2oVQFF_10/One0.mop" ended normally on Dec 21, 2015, at 10:58.


real	0m0.027s
user	0m0.016s
sys	0m0.004s


          MOPAC Job: "/tmp/cchemi_25096/h2oVQFF_11/One0.mop" ended normally on Dec 21, 2015, at 10:58.


real	0m0.027s
user	0m0.020s
sys	0m0.000s


          MOPAC Job: "/tmp/cchemi_24292/h2oVQFF_12/One0.mop" ended normally on Dec 21, 2015, at 10:58.


real	0m0.027s
user	0m0.012s
sys	0m0.008s


          MOPAC Job: "/tmp/cchemi_32060/h2oVQFF_13/One0.mop" ended normally on Dec 21, 2015, at 10:58.


real	0m0.027s
user	0m0.012s
sys	0m0.008s


          MOPAC Job: "/tmp/cchemi_18780/h2oVQFF_14/One0.mop" ended normally on Dec 21, 2015, at 10:58.


real	0m0.027s
user	0m0.016s
sys	0m0.004s
mkdir: impossible de créer le répertoire « /tmp/cchemi_8837 »: Le fichier existe


          MOPAC Job: "/tmp/cchemi_8837/h2oVQFF_15/One0.mop" ended normally on Dec 21, 2015, at 10:58.


real	0m0.027s
user	0m0.016s
sys	0m0.004s


          MOPAC Job: "/tmp/cchemi_24678/h2oVQFF_16/One0.mop" ended normally on Dec 21, 2015, at 10:58.


real	0m0.026s
user	0m0.020s
sys	0m0.000s


          MOPAC Job: "/tmp/cchemi_12818/h2oVQFF_17/One0.mop" ended normally on Dec 21, 2015, at 10:58.


real	0m0.026s
user	0m0.016s
sys	0m0.004s


          MOPAC Job: "/tmp/cchemi_9530/h2oVQFF_18/One0.mop" ended normally on Dec 21, 2015, at 10:58.


real	0m0.026s
user	0m0.020s
sys	0m0.000s


          MOPAC Job: "/tmp/cchemi_13238/h2oVQFF_19/One0.mop" ended normally on Dec 21, 2015, at 10:58.


real	0m0.027s
user	0m0.016s
sys	0m0.004s
mkdir: impossible de créer le répertoire « /tmp/cchemi_25305 »: Le fichier existe


          MOPAC Job: "/tmp/cchemi_25305/h2oVQFF_1/One0.mop" ended normally on Dec 21, 2015, at 10:58.


real	0m0.026s
user	0m0.016s
sys	0m0.004s


          MOPAC Job: "/tmp/cchemi_14737/h2oVQFF_20/One0.mop" ended normally on Dec 21, 2015, at 10:58.


real	0m0.026s
user	0m0.016s
sys	0m0.004s


          MOPAC Job: "/tmp/cchemi_20731/h2oVQFF_21/One0.mop" ended normally on Dec 21, 2015, at 10:58.


real	0m0.026s
user	0m0.016s
sys	0m0.004s


          MOPAC Job: "/tmp/cchemi_13592/h2oVQFF_22/One0.mop" ended normally on Dec 21, 2015, at 10:58.


real	0m0.026s
user	0m0.020s
sys	0m0.004s


          MOPAC Job: "/tmp/cchemi_9866/h2oVQFF_23/One0.mop" ended normally on Dec 21, 2015, at 10:58.


real	0m0.027s
user	0m0.020s
sys	0m0.004s


          MOPAC Job: "/tmp/cchemi_29918/h2oVQFF_24/One0.mop" ended normally on Dec 21, 2015, at 10:58.


real	0m0.026s
user	0m0.016s
sys	0m0.004s


          MOPAC Job: "/tmp/cchemi_26776/h2oVQFF_25/One0.mop" ended normally on Dec 21, 2015, at 10:58.


real	0m0.027s
user	0m0.016s
sys	0m0.008s


          MOPAC Job: "/tmp/cchemi_27433/h2oVQFF_26/One0.mop" ended normally on Dec 21, 2015, at 10:58.


real	0m0.026s
user	0m0.016s
sys	0m0.004s


          MOPAC Job: "/tmp/cchemi_6512/h2oVQFF_27/One0.mop" ended normally on Dec 21, 2015, at 10:58.


real	0m0.027s
user	0m0.020s
sys	0m0.000s


          MOPAC Job: "/tmp/cchemi_32462/h2oVQFF_28/One0.mop" ended normally on Dec 21, 2015, at 10:58.


real	0m0.027s
user	0m0.020s
sys	0m0.004s


          MOPAC Job: "/tmp/cchemi_17490/h2oVQFF_29/One0.mop" ended normally on Dec 21, 2015, at 10:58.


real	0m0.026s
user	0m0.020s
sys	0m0.000s


          MOPAC Job: "/tmp/cchemi_1818/h2oVQFF_2/One0.mop" ended normally on Dec 21, 2015, at 10:58.


real	0m0.026s
user	0m0.016s
sys	0m0.004s


          MOPAC Job: "/tmp/cchemi_2767/h2oVQFF_30/One0.mop" ended normally on Dec 21, 2015, at 10:58.


real	0m0.027s
user	0m0.016s
sys	0m0.004s


          MOPAC Job: "/tmp/cchemi_10108/h2oVQFF_31/One0.mop" ended normally on Dec 21, 2015, at 10:58.


real	0m0.026s
user	0m0.016s
sys	0m0.004s


          MOPAC Job: "/tmp/cchemi_377/h2oVQFF_32/One0.mop" ended normally on Dec 21, 2015, at 10:58.


real	0m0.027s
user	0m0.016s
sys	0m0.004s


          MOPAC Job: "/tmp/cchemi_10088/h2oVQFF_33/One0.mop" ended normally on Dec 21, 2015, at 10:58.


real	0m0.026s
user	0m0.016s
sys	0m0.004s


          MOPAC Job: "/tmp/cchemi_12448/h2oVQFF_34/One0.mop" ended normally on Dec 21, 2015, at 10:58.


real	0m0.027s
user	0m0.008s
sys	0m0.012s


          MOPAC Job: "/tmp/cchemi_25687/h2oVQFF_35/One0.mop" ended normally on Dec 21, 2015, at 10:58.


real	0m0.027s
user	0m0.016s
sys	0m0.004s


          MOPAC Job: "/tmp/cchemi_20230/h2oVQFF_36/One0.mop" ended normally on Dec 21, 2015, at 10:58.


real	0m0.026s
user	0m0.020s
sys	0m0.000s


          MOPAC Job: "/tmp/cchemi_23837/h2oVQFF_37/One0.mop" ended normally on Dec 21, 2015, at 10:58.


real	0m0.027s
user	0m0.016s
sys	0m0.004s


          MOPAC Job: "/tmp/cchemi_24670/h2oVQFF_38/One0.mop" ended normally on Dec 21, 2015, at 10:58.


real	0m0.026s
user	0m0.016s
sys	0m0.004s


          MOPAC Job: "/tmp/cchemi_4241/h2oVQFF_39/One0.mop" ended normally on Dec 21, 2015, at 10:58.


real	0m0.027s
user	0m0.012s
sys	0m0.008s


          MOPAC Job: "/tmp/cchemi_30148/h2oVQFF_3/One0.mop" ended normally on Dec 21, 2015, at 10:58.


real	0m0.026s
user	0m0.008s
sys	0m0.012s


          MOPAC Job: "/tmp/cchemi_3283/h2oVQFF_40/One0.mop" ended normally on Dec 21, 2015, at 10:58.


real	0m0.027s
user	0m0.016s
sys	0m0.004s
mkdir: impossible de créer le répertoire « /tmp/cchemi_9676 »: Le fichier existe


          MOPAC Job: "/tmp/cchemi_9676/h2oVQFF_41/One0.mop" ended normally on Dec 21, 2015, at 10:58.


real	0m0.026s
user	0m0.020s
sys	0m0.000s
mkdir: impossible de créer le répertoire « /tmp/cchemi_20051 »: Le fichier existe


          MOPAC Job: "/tmp/cchemi_20051/h2oVQFF_42/One0.mop" ended normally on Dec 21, 2015, at 10:58.


real	0m0.027s
user	0m0.020s
sys	0m0.000s


          MOPAC Job: "/tmp/cchemi_17069/h2oVQFF_43/One0.mop" ended normally on Dec 21, 2015, at 10:58.


real	0m0.027s
user	0m0.016s
sys	0m0.004s


          MOPAC Job: "/tmp/cchemi_26036/h2oVQFF_44/One0.mop" ended normally on Dec 21, 2015, at 10:58.


real	0m0.027s
user	0m0.020s
sys	0m0.000s


          MOPAC Job: "/tmp/cchemi_12160/h2oVQFF_45/One0.mop" ended normally on Dec 21, 2015, at 10:58.


real	0m0.027s
user	0m0.020s
sys	0m0.000s


          MOPAC Job: "/tmp/cchemi_12217/h2oVQFF_46/One0.mop" ended normally on Dec 21, 2015, at 10:58.


real	0m0.027s
user	0m0.020s
sys	0m0.000s


          MOPAC Job: "/tmp/cchemi_8769/h2oVQFF_47/One0.mop" ended normally on Dec 21, 2015, at 10:58.


real	0m0.027s
user	0m0.020s
sys	0m0.000s


          MOPAC Job: "/tmp/cchemi_12561/h2oVQFF_48/One0.mop" ended normally on Dec 21, 2015, at 10:58.


real	0m0.026s
user	0m0.020s
sys	0m0.000s


          MOPAC Job: "/tmp/cchemi_3492/h2oVQFF_49/One0.mop" ended normally on Dec 21, 2015, at 10:58.


real	0m0.026s
user	0m0.016s
sys	0m0.004s


          MOPAC Job: "/tmp/cchemi_27455/h2oVQFF_4/One0.mop" ended normally on Dec 21, 2015, at 10:58.


real	0m0.027s
user	0m0.016s
sys	0m0.004s


          MOPAC Job: "/tmp/cchemi_2651/h2oVQFF_50/One0.mop" ended normally on Dec 21, 2015, at 10:58.


real	0m0.026s
user	0m0.020s
sys	0m0.000s


          MOPAC Job: "/tmp/cchemi_829/h2oVQFF_51/One0.mop" ended normally on Dec 21, 2015, at 10:58.


real	0m0.027s
user	0m0.016s
sys	0m0.004s


          MOPAC Job: "/tmp/cchemi_13643/h2oVQFF_52/One0.mop" ended normally on Dec 21, 2015, at 10:58.


real	0m0.026s
user	0m0.012s
sys	0m0.008s


          MOPAC Job: "/tmp/cchemi_29952/h2oVQFF_53/One0.mop" ended normally on Dec 21, 2015, at 10:58.


real	0m0.027s
user	0m0.020s
sys	0m0.000s


          MOPAC Job: "/tmp/cchemi_4861/h2oVQFF_54/One0.mop" ended normally on Dec 21, 2015, at 10:58.


real	0m0.027s
user	0m0.016s
sys	0m0.004s


          MOPAC Job: "/tmp/cchemi_14456/h2oVQFF_5/One0.mop" ended normally on Dec 21, 2015, at 10:58.


real	0m0.026s
user	0m0.016s
sys	0m0.004s


          MOPAC Job: "/tmp/cchemi_30951/h2oVQFF_6/One0.mop" ended normally on Dec 21, 2015, at 10:58.


real	0m0.027s
user	0m0.012s
sys	0m0.008s


          MOPAC Job: "/tmp/cchemi_7202/h2oVQFF_7/One0.mop" ended normally on Dec 21, 2015, at 10:58.


real	0m0.027s
user	0m0.020s
sys	0m0.000s


          MOPAC Job: "/tmp/cchemi_16398/h2oVQFF_8/One0.mop" ended normally on Dec 21, 2015, at 10:58.


real	0m0.027s
user	0m0.016s
sys	0m0.004s


          MOPAC Job: "/tmp/cchemi_17096/h2oVQFF_9/One0.mop" ended normally on Dec 21, 2015, at 10:58.


real	0m0.027s
user	0m0.016s
sys	0m0.004s

real	0m0.008s
user	0m0.004s
sys	0m0.000s
