 Begin QFF2MR-VPT2 calculation
Begin /home_nfs/ilm/allouche/tmp/CChemI-201215/cchemi/examples/VPT2/QFFOrcaPM3/h2oOptOne
filename=/home_nfs/ilm/allouche/tmp/CChemI-201215/cchemi/examples/VPT2/QFFOrcaPM3/h2oOptOne
End /home_nfs/ilm/allouche/tmp/CChemI-201215/cchemi/examples/VPT2/QFFOrcaPM3/h2oOptOne
Begin /home_nfs/ilm/allouche/tmp/CChemI-201215/cchemi/examples/VPT2/QFFOrcaPM3/One0
filename=/home_nfs/ilm/allouche/tmp/CChemI-201215/cchemi/examples/VPT2/QFFOrcaPM3/One0
End /home_nfs/ilm/allouche/tmp/CChemI-201215/cchemi/examples/VPT2/QFFOrcaPM3/One0
Begin /home_nfs/ilm/allouche/tmp/CChemI-201215/cchemi/examples/VPT2/QFFOrcaPM3/One0
filename=/home_nfs/ilm/allouche/tmp/CChemI-201215/cchemi/examples/VPT2/QFFOrcaPM3/One0
End /home_nfs/ilm/allouche/tmp/CChemI-201215/cchemi/examples/VPT2/QFFOrcaPM3/One0
Begin /home_nfs/ilm/allouche/tmp/CChemI-201215/cchemi/examples/VPT2/QFFOrcaPM3/One0
filename=/home_nfs/ilm/allouche/tmp/CChemI-201215/cchemi/examples/VPT2/QFFOrcaPM3/One0
End /home_nfs/ilm/allouche/tmp/CChemI-201215/cchemi/examples/VPT2/QFFOrcaPM3/One0
Begin /home_nfs/ilm/allouche/tmp/CChemI-201215/cchemi/examples/VPT2/QFFOrcaPM3/One0
filename=/home_nfs/ilm/allouche/tmp/CChemI-201215/cchemi/examples/VPT2/QFFOrcaPM3/One0
End /home_nfs/ilm/allouche/tmp/CChemI-201215/cchemi/examples/VPT2/QFFOrcaPM3/One0
Begin /home_nfs/ilm/allouche/tmp/CChemI-201215/cchemi/examples/VPT2/QFFOrcaPM3/One0
filename=/home_nfs/ilm/allouche/tmp/CChemI-201215/cchemi/examples/VPT2/QFFOrcaPM3/One0
End /home_nfs/ilm/allouche/tmp/CChemI-201215/cchemi/examples/VPT2/QFFOrcaPM3/One0
Begin /home_nfs/ilm/allouche/tmp/CChemI-201215/cchemi/examples/VPT2/QFFOrcaPM3/One0
filename=/home_nfs/ilm/allouche/tmp/CChemI-201215/cchemi/examples/VPT2/QFFOrcaPM3/One0
End /home_nfs/ilm/allouche/tmp/CChemI-201215/cchemi/examples/VPT2/QFFOrcaPM3/One0
Begin /home_nfs/ilm/allouche/tmp/CChemI-201215/cchemi/examples/VPT2/QFFOrcaPM3/One0
filename=/home_nfs/ilm/allouche/tmp/CChemI-201215/cchemi/examples/VPT2/QFFOrcaPM3/One0
End /home_nfs/ilm/allouche/tmp/CChemI-201215/cchemi/examples/VPT2/QFFOrcaPM3/One0
Begin /home_nfs/ilm/allouche/tmp/CChemI-201215/cchemi/examples/VPT2/QFFOrcaPM3/One0
filename=/home_nfs/ilm/allouche/tmp/CChemI-201215/cchemi/examples/VPT2/QFFOrcaPM3/One0
End /home_nfs/ilm/allouche/tmp/CChemI-201215/cchemi/examples/VPT2/QFFOrcaPM3/One0
Begin /home_nfs/ilm/allouche/tmp/CChemI-201215/cchemi/examples/VPT2/QFFOrcaPM3/One0
filename=/home_nfs/ilm/allouche/tmp/CChemI-201215/cchemi/examples/VPT2/QFFOrcaPM3/One0
End /home_nfs/ilm/allouche/tmp/CChemI-201215/cchemi/examples/VPT2/QFFOrcaPM3/One0
Begin /home_nfs/ilm/allouche/tmp/CChemI-201215/cchemi/examples/VPT2/QFFOrcaPM3/One0
filename=/home_nfs/ilm/allouche/tmp/CChemI-201215/cchemi/examples/VPT2/QFFOrcaPM3/One0
End /home_nfs/ilm/allouche/tmp/CChemI-201215/cchemi/examples/VPT2/QFFOrcaPM3/One0
Begin /home_nfs/ilm/allouche/tmp/CChemI-201215/cchemi/examples/VPT2/QFFOrcaPM3/One0
filename=/home_nfs/ilm/allouche/tmp/CChemI-201215/cchemi/examples/VPT2/QFFOrcaPM3/One0
End /home_nfs/ilm/allouche/tmp/CChemI-201215/cchemi/examples/VPT2/QFFOrcaPM3/One0
Begin /home_nfs/ilm/allouche/tmp/CChemI-201215/cchemi/examples/VPT2/QFFOrcaPM3/One0
filename=/home_nfs/ilm/allouche/tmp/CChemI-201215/cchemi/examples/VPT2/QFFOrcaPM3/One0
End /home_nfs/ilm/allouche/tmp/CChemI-201215/cchemi/examples/VPT2/QFFOrcaPM3/One0
Begin /home_nfs/ilm/allouche/tmp/CChemI-201215/cchemi/examples/VPT2/QFFOrcaPM3/One0
filename=/home_nfs/ilm/allouche/tmp/CChemI-201215/cchemi/examples/VPT2/QFFOrcaPM3/One0
End /home_nfs/ilm/allouche/tmp/CChemI-201215/cchemi/examples/VPT2/QFFOrcaPM3/One0
Begin /home_nfs/ilm/allouche/tmp/CChemI-201215/cchemi/examples/VPT2/QFFOrcaPM3/One0
filename=/home_nfs/ilm/allouche/tmp/CChemI-201215/cchemi/examples/VPT2/QFFOrcaPM3/One0
End /home_nfs/ilm/allouche/tmp/CChemI-201215/cchemi/examples/VPT2/QFFOrcaPM3/One0
Begin /home_nfs/ilm/allouche/tmp/CChemI-201215/cchemi/examples/VPT2/QFFOrcaPM3/One0
filename=/home_nfs/ilm/allouche/tmp/CChemI-201215/cchemi/examples/VPT2/QFFOrcaPM3/One0
End /home_nfs/ilm/allouche/tmp/CChemI-201215/cchemi/examples/VPT2/QFFOrcaPM3/One0
Begin /home_nfs/ilm/allouche/tmp/CChemI-201215/cchemi/examples/VPT2/QFFOrcaPM3/One0
filename=/home_nfs/ilm/allouche/tmp/CChemI-201215/cchemi/examples/VPT2/QFFOrcaPM3/One0
End /home_nfs/ilm/allouche/tmp/CChemI-201215/cchemi/examples/VPT2/QFFOrcaPM3/One0
Begin /home_nfs/ilm/allouche/tmp/CChemI-201215/cchemi/examples/VPT2/QFFOrcaPM3/One0
filename=/home_nfs/ilm/allouche/tmp/CChemI-201215/cchemi/examples/VPT2/QFFOrcaPM3/One0
End /home_nfs/ilm/allouche/tmp/CChemI-201215/cchemi/examples/VPT2/QFFOrcaPM3/One0
Begin /home_nfs/ilm/allouche/tmp/CChemI-201215/cchemi/examples/VPT2/QFFOrcaPM3/One0
filename=/home_nfs/ilm/allouche/tmp/CChemI-201215/cchemi/examples/VPT2/QFFOrcaPM3/One0
End /home_nfs/ilm/allouche/tmp/CChemI-201215/cchemi/examples/VPT2/QFFOrcaPM3/One0
Begin /home_nfs/ilm/allouche/tmp/CChemI-201215/cchemi/examples/VPT2/QFFOrcaPM3/One0
filename=/home_nfs/ilm/allouche/tmp/CChemI-201215/cchemi/examples/VPT2/QFFOrcaPM3/One0
End /home_nfs/ilm/allouche/tmp/CChemI-201215/cchemi/examples/VPT2/QFFOrcaPM3/One0
seed = -1
----------------------------------------------------------
runType=OPTFREQ
model=ORCA
----------------------------------------------------------

type 1
Establishing connectivity : 2 connections...
Establishing connectivity : 3 connections...
Establishing connectivity : 4 connections...
Establishing connectivity : non bonded ...
optimization using the Computational chemistry optimizer
type 1
Establishing connectivity : 2 connections...
Establishing connectivity : 3 connections...
Establishing connectivity : 4 connections...
Establishing connectivity : non bonded ...
QMKeys = PM3
Model = ORCA
Minimization by Orca/PM3 Opt ... Please wait
Energy by Orca = -7484.474774
Save molecule in /home_nfs/ilm/allouche/tmp/CChemI-201215/cchemi/examples/VPT2/QFFOrcaPM3/h2oOpt.gab
----------------------------------------- 
Optimized geometry saved in /home_nfs/ilm/allouche/tmp/CChemI-201215/cchemi/examples/VPT2/QFFOrcaPM3/h2oOpt.gab file
----------------------------------------- 
#Number of free coordinates =3 
Computing of IR spectra... Please wait
nAtoms = 3
Gradient Norm  = 0.01476903934789 energy = -7492.54325214790970(kcal/mol)
Frequencies and modes in the /home_nfs/ilm/allouche/tmp/CChemI-201215/cchemi/examples/VPT2/QFFOrcaPM3/h2oFreq.gab file
Save molecule in /home_nfs/ilm/allouche/tmp/CChemI-201215/cchemi/examples/VPT2/QFFOrcaPM3/h2oFreq.gab
Save molecule in /home_nfs/ilm/allouche/tmp/CChemI-201215/cchemi/examples/VPT2/QFFOrcaPM3/h2oFreq.gab
type 1
Establishing connectivity : 2 connections...
Establishing connectivity : 3 connections...
Establishing connectivity : 4 connections...
Establishing connectivity : non bonded ...
#Number of free coordinates =3 
========================================================================================================================
# Geometry and velocities
# Fixed normal modes (ground, n=0) and scaled to T = 300.000000
# Geometry, nAtoms, charge, spin multiplicity.
# symbol, MMType, pdbType, residueName, numResidue, charge, layer, variable, x(Ang),y,z, nconn, num1, typ1, num2, typ2,...
Geometry
3 0 1
 H HW HW1 HOH 1 0.417000000000 2 1 0.638656048463 -0.500576491854 -0.138387150796 1  3 1
 H HW HW2 HOH 1 0.417000000000 2 1 0.145687421293 1.005746444806 -0.619687610609 1  3 1
 O OW OW HOH 1 -0.134000000000 2 1 0.594687429721 0.469677406303 0.083440610259 2  1 1 2 1
# Velocities, vx(Ang/AKMA-time) vy(Ang/AKMA-time) vz(Ang/AKMA-time): 1fs = 0.020455 AKMA
Velocities
-2.071469467932e-01 1.102584668860e+00 -5.350009703380e-02
2.305750860679e-01 -6.149446930720e-01 2.534979490453e-01
-1.476185679289e-03 -3.072574993981e-02 -1.260168217233e-02
========================================================================================================================

seed = -1
----------------------------------------------------------
runType=GENERATEQFF2MRFILES
model=ORCA
----------------------------------------------------------

type 5
delta = 0.500000 reducedCoordiantes
nAtoms = 3
nModes = 3
see h2oV.iciQFF_*.ici generated files

Begin /home_nfs/ilm/allouche/tmp/CChemI-201215/cchemi/examples/VPT2/QFFOrcaPM3/One0
filename=/home_nfs/ilm/allouche/tmp/CChemI-201215/cchemi/examples/VPT2/QFFOrcaPM3/One0
End /home_nfs/ilm/allouche/tmp/CChemI-201215/cchemi/examples/VPT2/QFFOrcaPM3/One0
seed = -1
----------------------------------------------------------
runType=ENERGY
model=ORCA
----------------------------------------------------------

type 1
Establishing connectivity : 2 connections...
Establishing connectivity : 3 connections...
Establishing connectivity : 4 connections...
Establishing connectivity : non bonded ...
#Number of free coordinates =3 
energy = -7492.54307356810568(kcal/mol)
Geometry saved in /home_nfs/ilm/allouche/tmp/CChemI-201215/cchemi/examples/VPT2/QFFOrcaPM3/h2oVQFF_0.gab file
Save molecule in /home_nfs/ilm/allouche/tmp/CChemI-201215/cchemi/examples/VPT2/QFFOrcaPM3/h2oVQFF_0.gab

Begin /home_nfs/ilm/allouche/tmp/CChemI-201215/cchemi/examples/VPT2/QFFOrcaPM3/One0
filename=/home_nfs/ilm/allouche/tmp/CChemI-201215/cchemi/examples/VPT2/QFFOrcaPM3/One0
End /home_nfs/ilm/allouche/tmp/CChemI-201215/cchemi/examples/VPT2/QFFOrcaPM3/One0
seed = -1
----------------------------------------------------------
runType=ENERGY
model=ORCA
----------------------------------------------------------

type 1
Establishing connectivity : 2 connections...
Establishing connectivity : 3 connections...
Establishing connectivity : 4 connections...
Establishing connectivity : non bonded ...
#Number of free coordinates =3 
energy = -7491.16059574818337(kcal/mol)
Geometry saved in /home_nfs/ilm/allouche/tmp/CChemI-201215/cchemi/examples/VPT2/QFFOrcaPM3/h2oVQFF_10.gab file
Save molecule in /home_nfs/ilm/allouche/tmp/CChemI-201215/cchemi/examples/VPT2/QFFOrcaPM3/h2oVQFF_10.gab

Begin /home_nfs/ilm/allouche/tmp/CChemI-201215/cchemi/examples/VPT2/QFFOrcaPM3/One0
filename=/home_nfs/ilm/allouche/tmp/CChemI-201215/cchemi/examples/VPT2/QFFOrcaPM3/One0
End /home_nfs/ilm/allouche/tmp/CChemI-201215/cchemi/examples/VPT2/QFFOrcaPM3/One0
seed = -1
----------------------------------------------------------
runType=ENERGY
model=ORCA
----------------------------------------------------------

type 1
Establishing connectivity : 2 connections...
Establishing connectivity : 3 connections...
Establishing connectivity : 4 connections...
Establishing connectivity : non bonded ...
#Number of free coordinates =3 
energy = -7486.99964010782332(kcal/mol)
Geometry saved in /home_nfs/ilm/allouche/tmp/CChemI-201215/cchemi/examples/VPT2/QFFOrcaPM3/h2oVQFF_11.gab file
Save molecule in /home_nfs/ilm/allouche/tmp/CChemI-201215/cchemi/examples/VPT2/QFFOrcaPM3/h2oVQFF_11.gab

Begin /home_nfs/ilm/allouche/tmp/CChemI-201215/cchemi/examples/VPT2/QFFOrcaPM3/One0
filename=/home_nfs/ilm/allouche/tmp/CChemI-201215/cchemi/examples/VPT2/QFFOrcaPM3/One0
End /home_nfs/ilm/allouche/tmp/CChemI-201215/cchemi/examples/VPT2/QFFOrcaPM3/One0
seed = -1
----------------------------------------------------------
runType=ENERGY
model=ORCA
----------------------------------------------------------

type 1
Establishing connectivity : 2 connections...
Establishing connectivity : 3 connections...
Establishing connectivity : 4 connections...
Establishing connectivity : non bonded ...
#Number of free coordinates =3 
energy = -7480.02272668163369(kcal/mol)
Geometry saved in /home_nfs/ilm/allouche/tmp/CChemI-201215/cchemi/examples/VPT2/QFFOrcaPM3/h2oVQFF_12.gab file
Save molecule in /home_nfs/ilm/allouche/tmp/CChemI-201215/cchemi/examples/VPT2/QFFOrcaPM3/h2oVQFF_12.gab

Begin /home_nfs/ilm/allouche/tmp/CChemI-201215/cchemi/examples/VPT2/QFFOrcaPM3/One0
filename=/home_nfs/ilm/allouche/tmp/CChemI-201215/cchemi/examples/VPT2/QFFOrcaPM3/One0
End /home_nfs/ilm/allouche/tmp/CChemI-201215/cchemi/examples/VPT2/QFFOrcaPM3/One0
seed = -1
----------------------------------------------------------
runType=ENERGY
model=ORCA
----------------------------------------------------------

type 1
Establishing connectivity : 2 connections...
Establishing connectivity : 3 connections...
Establishing connectivity : 4 connections...
Establishing connectivity : non bonded ...
#Number of free coordinates =3 
energy = -7481.64044421984636(kcal/mol)
Geometry saved in /home_nfs/ilm/allouche/tmp/CChemI-201215/cchemi/examples/VPT2/QFFOrcaPM3/h2oVQFF_13.gab file
Save molecule in /home_nfs/ilm/allouche/tmp/CChemI-201215/cchemi/examples/VPT2/QFFOrcaPM3/h2oVQFF_13.gab

Begin /home_nfs/ilm/allouche/tmp/CChemI-201215/cchemi/examples/VPT2/QFFOrcaPM3/One0
filename=/home_nfs/ilm/allouche/tmp/CChemI-201215/cchemi/examples/VPT2/QFFOrcaPM3/One0
End /home_nfs/ilm/allouche/tmp/CChemI-201215/cchemi/examples/VPT2/QFFOrcaPM3/One0
seed = -1
----------------------------------------------------------
runType=ENERGY
model=ORCA
----------------------------------------------------------

type 1
Establishing connectivity : 2 connections...
Establishing connectivity : 3 connections...
Establishing connectivity : 4 connections...
Establishing connectivity : non bonded ...
#Number of free coordinates =3 
energy = -7487.40887980170555(kcal/mol)
Geometry saved in /home_nfs/ilm/allouche/tmp/CChemI-201215/cchemi/examples/VPT2/QFFOrcaPM3/h2oVQFF_14.gab file
Save molecule in /home_nfs/ilm/allouche/tmp/CChemI-201215/cchemi/examples/VPT2/QFFOrcaPM3/h2oVQFF_14.gab

Begin /home_nfs/ilm/allouche/tmp/CChemI-201215/cchemi/examples/VPT2/QFFOrcaPM3/One0
filename=/home_nfs/ilm/allouche/tmp/CChemI-201215/cchemi/examples/VPT2/QFFOrcaPM3/One0
End /home_nfs/ilm/allouche/tmp/CChemI-201215/cchemi/examples/VPT2/QFFOrcaPM3/One0
seed = -1
----------------------------------------------------------
runType=ENERGY
model=ORCA
----------------------------------------------------------

type 1
Establishing connectivity : 2 connections...
Establishing connectivity : 3 connections...
Establishing connectivity : 4 connections...
Establishing connectivity : non bonded ...
#Number of free coordinates =3 
energy = -7491.18765476924182(kcal/mol)
Geometry saved in /home_nfs/ilm/allouche/tmp/CChemI-201215/cchemi/examples/VPT2/QFFOrcaPM3/h2oVQFF_15.gab file
Save molecule in /home_nfs/ilm/allouche/tmp/CChemI-201215/cchemi/examples/VPT2/QFFOrcaPM3/h2oVQFF_15.gab

Begin /home_nfs/ilm/allouche/tmp/CChemI-201215/cchemi/examples/VPT2/QFFOrcaPM3/One0
filename=/home_nfs/ilm/allouche/tmp/CChemI-201215/cchemi/examples/VPT2/QFFOrcaPM3/One0
End /home_nfs/ilm/allouche/tmp/CChemI-201215/cchemi/examples/VPT2/QFFOrcaPM3/One0
seed = -1
----------------------------------------------------------
runType=ENERGY
model=ORCA
----------------------------------------------------------

type 1
Establishing connectivity : 2 connections...
Establishing connectivity : 3 connections...
Establishing connectivity : 4 connections...
Establishing connectivity : non bonded ...
#Number of free coordinates =3 
energy = -7491.04771929549679(kcal/mol)
Geometry saved in /home_nfs/ilm/allouche/tmp/CChemI-201215/cchemi/examples/VPT2/QFFOrcaPM3/h2oVQFF_16.gab file
Save molecule in /home_nfs/ilm/allouche/tmp/CChemI-201215/cchemi/examples/VPT2/QFFOrcaPM3/h2oVQFF_16.gab

Begin /home_nfs/ilm/allouche/tmp/CChemI-201215/cchemi/examples/VPT2/QFFOrcaPM3/One0
filename=/home_nfs/ilm/allouche/tmp/CChemI-201215/cchemi/examples/VPT2/QFFOrcaPM3/One0
End /home_nfs/ilm/allouche/tmp/CChemI-201215/cchemi/examples/VPT2/QFFOrcaPM3/One0
seed = -1
----------------------------------------------------------
runType=ENERGY
model=ORCA
----------------------------------------------------------

type 1
Establishing connectivity : 2 connections...
Establishing connectivity : 3 connections...
Establishing connectivity : 4 connections...
Establishing connectivity : non bonded ...
#Number of free coordinates =3 
energy = -7486.27732977754749(kcal/mol)
Geometry saved in /home_nfs/ilm/allouche/tmp/CChemI-201215/cchemi/examples/VPT2/QFFOrcaPM3/h2oVQFF_17.gab file
Save molecule in /home_nfs/ilm/allouche/tmp/CChemI-201215/cchemi/examples/VPT2/QFFOrcaPM3/h2oVQFF_17.gab

Begin /home_nfs/ilm/allouche/tmp/CChemI-201215/cchemi/examples/VPT2/QFFOrcaPM3/One0
filename=/home_nfs/ilm/allouche/tmp/CChemI-201215/cchemi/examples/VPT2/QFFOrcaPM3/One0
End /home_nfs/ilm/allouche/tmp/CChemI-201215/cchemi/examples/VPT2/QFFOrcaPM3/One0
seed = -1
----------------------------------------------------------
runType=ENERGY
model=ORCA
----------------------------------------------------------

type 1
Establishing connectivity : 2 connections...
Establishing connectivity : 3 connections...
Establishing connectivity : 4 connections...
Establishing connectivity : non bonded ...
#Number of free coordinates =3 
energy = -7477.79960687974290(kcal/mol)
Geometry saved in /home_nfs/ilm/allouche/tmp/CChemI-201215/cchemi/examples/VPT2/QFFOrcaPM3/h2oVQFF_18.gab file
Save molecule in /home_nfs/ilm/allouche/tmp/CChemI-201215/cchemi/examples/VPT2/QFFOrcaPM3/h2oVQFF_18.gab

Begin /home_nfs/ilm/allouche/tmp/CChemI-201215/cchemi/examples/VPT2/QFFOrcaPM3/One0
filename=/home_nfs/ilm/allouche/tmp/CChemI-201215/cchemi/examples/VPT2/QFFOrcaPM3/One0
End /home_nfs/ilm/allouche/tmp/CChemI-201215/cchemi/examples/VPT2/QFFOrcaPM3/One0
seed = -1
----------------------------------------------------------
runType=ENERGY
model=ORCA
----------------------------------------------------------

type 1
Establishing connectivity : 2 connections...
Establishing connectivity : 3 connections...
Establishing connectivity : 4 connections...
Establishing connectivity : non bonded ...
#Number of free coordinates =3 
energy = -7479.89371900360493(kcal/mol)
Geometry saved in /home_nfs/ilm/allouche/tmp/CChemI-201215/cchemi/examples/VPT2/QFFOrcaPM3/h2oVQFF_19.gab file
Save molecule in /home_nfs/ilm/allouche/tmp/CChemI-201215/cchemi/examples/VPT2/QFFOrcaPM3/h2oVQFF_19.gab

Begin /home_nfs/ilm/allouche/tmp/CChemI-201215/cchemi/examples/VPT2/QFFOrcaPM3/One0
filename=/home_nfs/ilm/allouche/tmp/CChemI-201215/cchemi/examples/VPT2/QFFOrcaPM3/One0
End /home_nfs/ilm/allouche/tmp/CChemI-201215/cchemi/examples/VPT2/QFFOrcaPM3/One0
seed = -1
----------------------------------------------------------
runType=ENERGY
model=ORCA
----------------------------------------------------------

type 1
Establishing connectivity : 2 connections...
Establishing connectivity : 3 connections...
Establishing connectivity : 4 connections...
Establishing connectivity : non bonded ...
#Number of free coordinates =3 
energy = -7486.95023090234918(kcal/mol)
Geometry saved in /home_nfs/ilm/allouche/tmp/CChemI-201215/cchemi/examples/VPT2/QFFOrcaPM3/h2oVQFF_1.gab file
Save molecule in /home_nfs/ilm/allouche/tmp/CChemI-201215/cchemi/examples/VPT2/QFFOrcaPM3/h2oVQFF_1.gab

Begin /home_nfs/ilm/allouche/tmp/CChemI-201215/cchemi/examples/VPT2/QFFOrcaPM3/One0
filename=/home_nfs/ilm/allouche/tmp/CChemI-201215/cchemi/examples/VPT2/QFFOrcaPM3/One0
End /home_nfs/ilm/allouche/tmp/CChemI-201215/cchemi/examples/VPT2/QFFOrcaPM3/One0
seed = -1
----------------------------------------------------------
runType=ENERGY
model=ORCA
----------------------------------------------------------

type 1
Establishing connectivity : 2 connections...
Establishing connectivity : 3 connections...
Establishing connectivity : 4 connections...
Establishing connectivity : non bonded ...
#Number of free coordinates =3 
energy = -7479.91013228821339(kcal/mol)
Geometry saved in /home_nfs/ilm/allouche/tmp/CChemI-201215/cchemi/examples/VPT2/QFFOrcaPM3/h2oVQFF_20.gab file
Save molecule in /home_nfs/ilm/allouche/tmp/CChemI-201215/cchemi/examples/VPT2/QFFOrcaPM3/h2oVQFF_20.gab

Begin /home_nfs/ilm/allouche/tmp/CChemI-201215/cchemi/examples/VPT2/QFFOrcaPM3/One0
filename=/home_nfs/ilm/allouche/tmp/CChemI-201215/cchemi/examples/VPT2/QFFOrcaPM3/One0
End /home_nfs/ilm/allouche/tmp/CChemI-201215/cchemi/examples/VPT2/QFFOrcaPM3/One0
seed = -1
----------------------------------------------------------
runType=ENERGY
model=ORCA
----------------------------------------------------------

type 1
Establishing connectivity : 2 connections...
Establishing connectivity : 3 connections...
Establishing connectivity : 4 connections...
Establishing connectivity : non bonded ...
#Number of free coordinates =3 
energy = -7479.11539512756190(kcal/mol)
Geometry saved in /home_nfs/ilm/allouche/tmp/CChemI-201215/cchemi/examples/VPT2/QFFOrcaPM3/h2oVQFF_21.gab file
Save molecule in /home_nfs/ilm/allouche/tmp/CChemI-201215/cchemi/examples/VPT2/QFFOrcaPM3/h2oVQFF_21.gab

Begin /home_nfs/ilm/allouche/tmp/CChemI-201215/cchemi/examples/VPT2/QFFOrcaPM3/One0
filename=/home_nfs/ilm/allouche/tmp/CChemI-201215/cchemi/examples/VPT2/QFFOrcaPM3/One0
End /home_nfs/ilm/allouche/tmp/CChemI-201215/cchemi/examples/VPT2/QFFOrcaPM3/One0
seed = -1
----------------------------------------------------------
runType=ENERGY
model=ORCA
----------------------------------------------------------

type 1
Establishing connectivity : 2 connections...
Establishing connectivity : 3 connections...
Establishing connectivity : 4 connections...
Establishing connectivity : non bonded ...
#Number of free coordinates =3 
energy = -7479.13124977995631(kcal/mol)
Geometry saved in /home_nfs/ilm/allouche/tmp/CChemI-201215/cchemi/examples/VPT2/QFFOrcaPM3/h2oVQFF_22.gab file
Save molecule in /home_nfs/ilm/allouche/tmp/CChemI-201215/cchemi/examples/VPT2/QFFOrcaPM3/h2oVQFF_22.gab

Begin /home_nfs/ilm/allouche/tmp/CChemI-201215/cchemi/examples/VPT2/QFFOrcaPM3/One0
filename=/home_nfs/ilm/allouche/tmp/CChemI-201215/cchemi/examples/VPT2/QFFOrcaPM3/One0
End /home_nfs/ilm/allouche/tmp/CChemI-201215/cchemi/examples/VPT2/QFFOrcaPM3/One0
seed = -1
----------------------------------------------------------
runType=ENERGY
model=ORCA
----------------------------------------------------------

type 1
Establishing connectivity : 2 connections...
Establishing connectivity : 3 connections...
Establishing connectivity : 4 connections...
Establishing connectivity : non bonded ...
#Number of free coordinates =3 
energy = -7481.11442508376240(kcal/mol)
Geometry saved in /home_nfs/ilm/allouche/tmp/CChemI-201215/cchemi/examples/VPT2/QFFOrcaPM3/h2oVQFF_23.gab file
Save molecule in /home_nfs/ilm/allouche/tmp/CChemI-201215/cchemi/examples/VPT2/QFFOrcaPM3/h2oVQFF_23.gab

Begin /home_nfs/ilm/allouche/tmp/CChemI-201215/cchemi/examples/VPT2/QFFOrcaPM3/One0
filename=/home_nfs/ilm/allouche/tmp/CChemI-201215/cchemi/examples/VPT2/QFFOrcaPM3/One0
End /home_nfs/ilm/allouche/tmp/CChemI-201215/cchemi/examples/VPT2/QFFOrcaPM3/One0
seed = -1
----------------------------------------------------------
runType=ENERGY
model=ORCA
----------------------------------------------------------

type 1
Establishing connectivity : 2 connections...
Establishing connectivity : 3 connections...
Establishing connectivity : 4 connections...
Establishing connectivity : non bonded ...
#Number of free coordinates =3 
energy = -7478.04130530277234(kcal/mol)
Geometry saved in /home_nfs/ilm/allouche/tmp/CChemI-201215/cchemi/examples/VPT2/QFFOrcaPM3/h2oVQFF_24.gab file
Save molecule in /home_nfs/ilm/allouche/tmp/CChemI-201215/cchemi/examples/VPT2/QFFOrcaPM3/h2oVQFF_24.gab

Begin /home_nfs/ilm/allouche/tmp/CChemI-201215/cchemi/examples/VPT2/QFFOrcaPM3/One0
filename=/home_nfs/ilm/allouche/tmp/CChemI-201215/cchemi/examples/VPT2/QFFOrcaPM3/One0
End /home_nfs/ilm/allouche/tmp/CChemI-201215/cchemi/examples/VPT2/QFFOrcaPM3/One0
seed = -1
----------------------------------------------------------
runType=ENERGY
model=ORCA
----------------------------------------------------------

type 1
Establishing connectivity : 2 connections...
Establishing connectivity : 3 connections...
Establishing connectivity : 4 connections...
Establishing connectivity : non bonded ...
#Number of free coordinates =3 
energy = -7480.70447282329860(kcal/mol)
Geometry saved in /home_nfs/ilm/allouche/tmp/CChemI-201215/cchemi/examples/VPT2/QFFOrcaPM3/h2oVQFF_25.gab file
Save molecule in /home_nfs/ilm/allouche/tmp/CChemI-201215/cchemi/examples/VPT2/QFFOrcaPM3/h2oVQFF_25.gab

Begin /home_nfs/ilm/allouche/tmp/CChemI-201215/cchemi/examples/VPT2/QFFOrcaPM3/One0
filename=/home_nfs/ilm/allouche/tmp/CChemI-201215/cchemi/examples/VPT2/QFFOrcaPM3/One0
End /home_nfs/ilm/allouche/tmp/CChemI-201215/cchemi/examples/VPT2/QFFOrcaPM3/One0
seed = -1
----------------------------------------------------------
runType=ENERGY
model=ORCA
----------------------------------------------------------

type 1
Establishing connectivity : 2 connections...
Establishing connectivity : 3 connections...
Establishing connectivity : 4 connections...
Establishing connectivity : non bonded ...
#Number of free coordinates =3 
energy = -7477.15256046344621(kcal/mol)
Geometry saved in /home_nfs/ilm/allouche/tmp/CChemI-201215/cchemi/examples/VPT2/QFFOrcaPM3/h2oVQFF_26.gab file
Save molecule in /home_nfs/ilm/allouche/tmp/CChemI-201215/cchemi/examples/VPT2/QFFOrcaPM3/h2oVQFF_26.gab

Begin /home_nfs/ilm/allouche/tmp/CChemI-201215/cchemi/examples/VPT2/QFFOrcaPM3/One0
filename=/home_nfs/ilm/allouche/tmp/CChemI-201215/cchemi/examples/VPT2/QFFOrcaPM3/One0
End /home_nfs/ilm/allouche/tmp/CChemI-201215/cchemi/examples/VPT2/QFFOrcaPM3/One0
seed = -1
----------------------------------------------------------
runType=ENERGY
model=ORCA
----------------------------------------------------------

type 1
Establishing connectivity : 2 connections...
Establishing connectivity : 3 connections...
Establishing connectivity : 4 connections...
Establishing connectivity : non bonded ...
#Number of free coordinates =3 
energy = -7490.59016592426633(kcal/mol)
Geometry saved in /home_nfs/ilm/allouche/tmp/CChemI-201215/cchemi/examples/VPT2/QFFOrcaPM3/h2oVQFF_27.gab file
Save molecule in /home_nfs/ilm/allouche/tmp/CChemI-201215/cchemi/examples/VPT2/QFFOrcaPM3/h2oVQFF_27.gab

Begin /home_nfs/ilm/allouche/tmp/CChemI-201215/cchemi/examples/VPT2/QFFOrcaPM3/One0
filename=/home_nfs/ilm/allouche/tmp/CChemI-201215/cchemi/examples/VPT2/QFFOrcaPM3/One0
End /home_nfs/ilm/allouche/tmp/CChemI-201215/cchemi/examples/VPT2/QFFOrcaPM3/One0
seed = -1
----------------------------------------------------------
runType=ENERGY
model=ORCA
----------------------------------------------------------

type 1
Establishing connectivity : 2 connections...
Establishing connectivity : 3 connections...
Establishing connectivity : 4 connections...
Establishing connectivity : non bonded ...
#Number of free coordinates =3 
energy = -7490.50920229841995(kcal/mol)
Geometry saved in /home_nfs/ilm/allouche/tmp/CChemI-201215/cchemi/examples/VPT2/QFFOrcaPM3/h2oVQFF_28.gab file
Save molecule in /home_nfs/ilm/allouche/tmp/CChemI-201215/cchemi/examples/VPT2/QFFOrcaPM3/h2oVQFF_28.gab

Begin /home_nfs/ilm/allouche/tmp/CChemI-201215/cchemi/examples/VPT2/QFFOrcaPM3/One0
filename=/home_nfs/ilm/allouche/tmp/CChemI-201215/cchemi/examples/VPT2/QFFOrcaPM3/One0
End /home_nfs/ilm/allouche/tmp/CChemI-201215/cchemi/examples/VPT2/QFFOrcaPM3/One0
seed = -1
----------------------------------------------------------
runType=ENERGY
model=ORCA
----------------------------------------------------------

type 1
Establishing connectivity : 2 connections...
Establishing connectivity : 3 connections...
Establishing connectivity : 4 connections...
Establishing connectivity : non bonded ...
#Number of free coordinates =3 
energy = -7490.59266727018348(kcal/mol)
Geometry saved in /home_nfs/ilm/allouche/tmp/CChemI-201215/cchemi/examples/VPT2/QFFOrcaPM3/h2oVQFF_29.gab file
Save molecule in /home_nfs/ilm/allouche/tmp/CChemI-201215/cchemi/examples/VPT2/QFFOrcaPM3/h2oVQFF_29.gab

Begin /home_nfs/ilm/allouche/tmp/CChemI-201215/cchemi/examples/VPT2/QFFOrcaPM3/One0
filename=/home_nfs/ilm/allouche/tmp/CChemI-201215/cchemi/examples/VPT2/QFFOrcaPM3/One0
End /home_nfs/ilm/allouche/tmp/CChemI-201215/cchemi/examples/VPT2/QFFOrcaPM3/One0
seed = -1
----------------------------------------------------------
runType=ENERGY
model=ORCA
----------------------------------------------------------

type 1
Establishing connectivity : 2 connections...
Establishing connectivity : 3 connections...
Establishing connectivity : 4 connections...
Establishing connectivity : non bonded ...
#Number of free coordinates =3 
energy = -7490.04729663644957(kcal/mol)
Geometry saved in /home_nfs/ilm/allouche/tmp/CChemI-201215/cchemi/examples/VPT2/QFFOrcaPM3/h2oVQFF_2.gab file
Save molecule in /home_nfs/ilm/allouche/tmp/CChemI-201215/cchemi/examples/VPT2/QFFOrcaPM3/h2oVQFF_2.gab

Begin /home_nfs/ilm/allouche/tmp/CChemI-201215/cchemi/examples/VPT2/QFFOrcaPM3/One0
filename=/home_nfs/ilm/allouche/tmp/CChemI-201215/cchemi/examples/VPT2/QFFOrcaPM3/One0
End /home_nfs/ilm/allouche/tmp/CChemI-201215/cchemi/examples/VPT2/QFFOrcaPM3/One0
seed = -1
----------------------------------------------------------
runType=ENERGY
model=ORCA
----------------------------------------------------------

type 1
Establishing connectivity : 2 connections...
Establishing connectivity : 3 connections...
Establishing connectivity : 4 connections...
Establishing connectivity : non bonded ...
#Number of free coordinates =3 
energy = -7490.51149525720302(kcal/mol)
Geometry saved in /home_nfs/ilm/allouche/tmp/CChemI-201215/cchemi/examples/VPT2/QFFOrcaPM3/h2oVQFF_30.gab file
Save molecule in /home_nfs/ilm/allouche/tmp/CChemI-201215/cchemi/examples/VPT2/QFFOrcaPM3/h2oVQFF_30.gab

Begin /home_nfs/ilm/allouche/tmp/CChemI-201215/cchemi/examples/VPT2/QFFOrcaPM3/One0
filename=/home_nfs/ilm/allouche/tmp/CChemI-201215/cchemi/examples/VPT2/QFFOrcaPM3/One0
End /home_nfs/ilm/allouche/tmp/CChemI-201215/cchemi/examples/VPT2/QFFOrcaPM3/One0
seed = -1
----------------------------------------------------------
runType=ENERGY
model=ORCA
----------------------------------------------------------

type 1
Establishing connectivity : 2 connections...
Establishing connectivity : 3 connections...
Establishing connectivity : 4 connections...
Establishing connectivity : non bonded ...
#Number of free coordinates =3 
energy = -7485.80078167984539(kcal/mol)
Geometry saved in /home_nfs/ilm/allouche/tmp/CChemI-201215/cchemi/examples/VPT2/QFFOrcaPM3/h2oVQFF_31.gab file
Save molecule in /home_nfs/ilm/allouche/tmp/CChemI-201215/cchemi/examples/VPT2/QFFOrcaPM3/h2oVQFF_31.gab

Begin /home_nfs/ilm/allouche/tmp/CChemI-201215/cchemi/examples/VPT2/QFFOrcaPM3/One0
filename=/home_nfs/ilm/allouche/tmp/CChemI-201215/cchemi/examples/VPT2/QFFOrcaPM3/One0
End /home_nfs/ilm/allouche/tmp/CChemI-201215/cchemi/examples/VPT2/QFFOrcaPM3/One0
seed = -1
----------------------------------------------------------
runType=ENERGY
model=ORCA
----------------------------------------------------------

type 1
Establishing connectivity : 2 connections...
Establishing connectivity : 3 connections...
Establishing connectivity : 4 connections...
Establishing connectivity : non bonded ...
#Number of free coordinates =3 
energy = -7485.69642302603370(kcal/mol)
Geometry saved in /home_nfs/ilm/allouche/tmp/CChemI-201215/cchemi/examples/VPT2/QFFOrcaPM3/h2oVQFF_32.gab file
Save molecule in /home_nfs/ilm/allouche/tmp/CChemI-201215/cchemi/examples/VPT2/QFFOrcaPM3/h2oVQFF_32.gab

Begin /home_nfs/ilm/allouche/tmp/CChemI-201215/cchemi/examples/VPT2/QFFOrcaPM3/One0
filename=/home_nfs/ilm/allouche/tmp/CChemI-201215/cchemi/examples/VPT2/QFFOrcaPM3/One0
End /home_nfs/ilm/allouche/tmp/CChemI-201215/cchemi/examples/VPT2/QFFOrcaPM3/One0
seed = -1
----------------------------------------------------------
runType=ENERGY
model=ORCA
----------------------------------------------------------

type 1
Establishing connectivity : 2 connections...
Establishing connectivity : 3 connections...
Establishing connectivity : 4 connections...
Establishing connectivity : non bonded ...
#Number of free coordinates =3 
energy = -7485.80331019065125(kcal/mol)
Geometry saved in /home_nfs/ilm/allouche/tmp/CChemI-201215/cchemi/examples/VPT2/QFFOrcaPM3/h2oVQFF_33.gab file
Save molecule in /home_nfs/ilm/allouche/tmp/CChemI-201215/cchemi/examples/VPT2/QFFOrcaPM3/h2oVQFF_33.gab

Begin /home_nfs/ilm/allouche/tmp/CChemI-201215/cchemi/examples/VPT2/QFFOrcaPM3/One0
filename=/home_nfs/ilm/allouche/tmp/CChemI-201215/cchemi/examples/VPT2/QFFOrcaPM3/One0
End /home_nfs/ilm/allouche/tmp/CChemI-201215/cchemi/examples/VPT2/QFFOrcaPM3/One0
seed = -1
----------------------------------------------------------
runType=ENERGY
model=ORCA
----------------------------------------------------------

type 1
Establishing connectivity : 2 connections...
Establishing connectivity : 3 connections...
Establishing connectivity : 4 connections...
Establishing connectivity : non bonded ...
#Number of free coordinates =3 
energy = -7485.69853509514905(kcal/mol)
Geometry saved in /home_nfs/ilm/allouche/tmp/CChemI-201215/cchemi/examples/VPT2/QFFOrcaPM3/h2oVQFF_34.gab file
Save molecule in /home_nfs/ilm/allouche/tmp/CChemI-201215/cchemi/examples/VPT2/QFFOrcaPM3/h2oVQFF_34.gab

Begin /home_nfs/ilm/allouche/tmp/CChemI-201215/cchemi/examples/VPT2/QFFOrcaPM3/One0
filename=/home_nfs/ilm/allouche/tmp/CChemI-201215/cchemi/examples/VPT2/QFFOrcaPM3/One0
End /home_nfs/ilm/allouche/tmp/CChemI-201215/cchemi/examples/VPT2/QFFOrcaPM3/One0
seed = -1
----------------------------------------------------------
runType=ENERGY
model=ORCA
----------------------------------------------------------

type 1
Establishing connectivity : 2 connections...
Establishing connectivity : 3 connections...
Establishing connectivity : 4 connections...
Establishing connectivity : non bonded ...
#Number of free coordinates =3 
energy = -7480.92534334673110(kcal/mol)
Geometry saved in /home_nfs/ilm/allouche/tmp/CChemI-201215/cchemi/examples/VPT2/QFFOrcaPM3/h2oVQFF_35.gab file
Save molecule in /home_nfs/ilm/allouche/tmp/CChemI-201215/cchemi/examples/VPT2/QFFOrcaPM3/h2oVQFF_35.gab

Begin /home_nfs/ilm/allouche/tmp/CChemI-201215/cchemi/examples/VPT2/QFFOrcaPM3/One0
filename=/home_nfs/ilm/allouche/tmp/CChemI-201215/cchemi/examples/VPT2/QFFOrcaPM3/One0
End /home_nfs/ilm/allouche/tmp/CChemI-201215/cchemi/examples/VPT2/QFFOrcaPM3/One0
seed = -1
----------------------------------------------------------
runType=ENERGY
model=ORCA
----------------------------------------------------------

type 1
Establishing connectivity : 2 connections...
Establishing connectivity : 3 connections...
Establishing connectivity : 4 connections...
Establishing connectivity : non bonded ...
#Number of free coordinates =3 
energy = -7475.63941982686629(kcal/mol)
Geometry saved in /home_nfs/ilm/allouche/tmp/CChemI-201215/cchemi/examples/VPT2/QFFOrcaPM3/h2oVQFF_36.gab file
Save molecule in /home_nfs/ilm/allouche/tmp/CChemI-201215/cchemi/examples/VPT2/QFFOrcaPM3/h2oVQFF_36.gab

Begin /home_nfs/ilm/allouche/tmp/CChemI-201215/cchemi/examples/VPT2/QFFOrcaPM3/One0
filename=/home_nfs/ilm/allouche/tmp/CChemI-201215/cchemi/examples/VPT2/QFFOrcaPM3/One0
End /home_nfs/ilm/allouche/tmp/CChemI-201215/cchemi/examples/VPT2/QFFOrcaPM3/One0
seed = -1
----------------------------------------------------------
runType=ENERGY
model=ORCA
----------------------------------------------------------

type 1
Establishing connectivity : 2 connections...
Establishing connectivity : 3 connections...
Establishing connectivity : 4 connections...
Establishing connectivity : non bonded ...
#Number of free coordinates =3 
energy = -7480.92292526129040(kcal/mol)
Geometry saved in /home_nfs/ilm/allouche/tmp/CChemI-201215/cchemi/examples/VPT2/QFFOrcaPM3/h2oVQFF_37.gab file
Save molecule in /home_nfs/ilm/allouche/tmp/CChemI-201215/cchemi/examples/VPT2/QFFOrcaPM3/h2oVQFF_37.gab

Begin /home_nfs/ilm/allouche/tmp/CChemI-201215/cchemi/examples/VPT2/QFFOrcaPM3/One0
filename=/home_nfs/ilm/allouche/tmp/CChemI-201215/cchemi/examples/VPT2/QFFOrcaPM3/One0
End /home_nfs/ilm/allouche/tmp/CChemI-201215/cchemi/examples/VPT2/QFFOrcaPM3/One0
seed = -1
----------------------------------------------------------
runType=ENERGY
model=ORCA
----------------------------------------------------------

type 1
Establishing connectivity : 2 connections...
Establishing connectivity : 3 connections...
Establishing connectivity : 4 connections...
Establishing connectivity : non bonded ...
#Number of free coordinates =3 
energy = -7475.63972967037171(kcal/mol)
Geometry saved in /home_nfs/ilm/allouche/tmp/CChemI-201215/cchemi/examples/VPT2/QFFOrcaPM3/h2oVQFF_38.gab file
Save molecule in /home_nfs/ilm/allouche/tmp/CChemI-201215/cchemi/examples/VPT2/QFFOrcaPM3/h2oVQFF_38.gab

Begin /home_nfs/ilm/allouche/tmp/CChemI-201215/cchemi/examples/VPT2/QFFOrcaPM3/One0
filename=/home_nfs/ilm/allouche/tmp/CChemI-201215/cchemi/examples/VPT2/QFFOrcaPM3/One0
End /home_nfs/ilm/allouche/tmp/CChemI-201215/cchemi/examples/VPT2/QFFOrcaPM3/One0
seed = -1
----------------------------------------------------------
runType=ENERGY
model=ORCA
----------------------------------------------------------

type 1
Establishing connectivity : 2 connections...
Establishing connectivity : 3 connections...
Establishing connectivity : 4 connections...
Establishing connectivity : non bonded ...
#Number of free coordinates =3 
energy = -7490.52653383908182(kcal/mol)
Geometry saved in /home_nfs/ilm/allouche/tmp/CChemI-201215/cchemi/examples/VPT2/QFFOrcaPM3/h2oVQFF_39.gab file
Save molecule in /home_nfs/ilm/allouche/tmp/CChemI-201215/cchemi/examples/VPT2/QFFOrcaPM3/h2oVQFF_39.gab

Begin /home_nfs/ilm/allouche/tmp/CChemI-201215/cchemi/examples/VPT2/QFFOrcaPM3/One0
filename=/home_nfs/ilm/allouche/tmp/CChemI-201215/cchemi/examples/VPT2/QFFOrcaPM3/One0
End /home_nfs/ilm/allouche/tmp/CChemI-201215/cchemi/examples/VPT2/QFFOrcaPM3/One0
seed = -1
----------------------------------------------------------
runType=ENERGY
model=ORCA
----------------------------------------------------------

type 1
Establishing connectivity : 2 connections...
Establishing connectivity : 3 connections...
Establishing connectivity : 4 connections...
Establishing connectivity : non bonded ...
#Number of free coordinates =3 
energy = -7491.91867522567372(kcal/mol)
Geometry saved in /home_nfs/ilm/allouche/tmp/CChemI-201215/cchemi/examples/VPT2/QFFOrcaPM3/h2oVQFF_3.gab file
Save molecule in /home_nfs/ilm/allouche/tmp/CChemI-201215/cchemi/examples/VPT2/QFFOrcaPM3/h2oVQFF_3.gab

Begin /home_nfs/ilm/allouche/tmp/CChemI-201215/cchemi/examples/VPT2/QFFOrcaPM3/One0
filename=/home_nfs/ilm/allouche/tmp/CChemI-201215/cchemi/examples/VPT2/QFFOrcaPM3/One0
End /home_nfs/ilm/allouche/tmp/CChemI-201215/cchemi/examples/VPT2/QFFOrcaPM3/One0
seed = -1
----------------------------------------------------------
runType=ENERGY
model=ORCA
----------------------------------------------------------

type 1
Establishing connectivity : 2 connections...
Establishing connectivity : 3 connections...
Establishing connectivity : 4 connections...
Establishing connectivity : non bonded ...
#Number of free coordinates =3 
energy = -7490.46551987557450(kcal/mol)
Geometry saved in /home_nfs/ilm/allouche/tmp/CChemI-201215/cchemi/examples/VPT2/QFFOrcaPM3/h2oVQFF_40.gab file
Save molecule in /home_nfs/ilm/allouche/tmp/CChemI-201215/cchemi/examples/VPT2/QFFOrcaPM3/h2oVQFF_40.gab

Begin /home_nfs/ilm/allouche/tmp/CChemI-201215/cchemi/examples/VPT2/QFFOrcaPM3/One0
filename=/home_nfs/ilm/allouche/tmp/CChemI-201215/cchemi/examples/VPT2/QFFOrcaPM3/One0
End /home_nfs/ilm/allouche/tmp/CChemI-201215/cchemi/examples/VPT2/QFFOrcaPM3/One0
seed = -1
----------------------------------------------------------
runType=ENERGY
model=ORCA
----------------------------------------------------------

type 1
Establishing connectivity : 2 connections...
Establishing connectivity : 3 connections...
Establishing connectivity : 4 connections...
Establishing connectivity : non bonded ...
#Number of free coordinates =3 
energy = -7490.57386723984382(kcal/mol)
Geometry saved in /home_nfs/ilm/allouche/tmp/CChemI-201215/cchemi/examples/VPT2/QFFOrcaPM3/h2oVQFF_41.gab file
Save molecule in /home_nfs/ilm/allouche/tmp/CChemI-201215/cchemi/examples/VPT2/QFFOrcaPM3/h2oVQFF_41.gab

Begin /home_nfs/ilm/allouche/tmp/CChemI-201215/cchemi/examples/VPT2/QFFOrcaPM3/One0
filename=/home_nfs/ilm/allouche/tmp/CChemI-201215/cchemi/examples/VPT2/QFFOrcaPM3/One0
End /home_nfs/ilm/allouche/tmp/CChemI-201215/cchemi/examples/VPT2/QFFOrcaPM3/One0
seed = -1
----------------------------------------------------------
runType=ENERGY
model=ORCA
----------------------------------------------------------

type 1
Establishing connectivity : 2 connections...
Establishing connectivity : 3 connections...
Establishing connectivity : 4 connections...
Establishing connectivity : non bonded ...
#Number of free coordinates =3 
energy = -7490.49069455575136(kcal/mol)
Geometry saved in /home_nfs/ilm/allouche/tmp/CChemI-201215/cchemi/examples/VPT2/QFFOrcaPM3/h2oVQFF_42.gab file
Save molecule in /home_nfs/ilm/allouche/tmp/CChemI-201215/cchemi/examples/VPT2/QFFOrcaPM3/h2oVQFF_42.gab

Begin /home_nfs/ilm/allouche/tmp/CChemI-201215/cchemi/examples/VPT2/QFFOrcaPM3/One0
filename=/home_nfs/ilm/allouche/tmp/CChemI-201215/cchemi/examples/VPT2/QFFOrcaPM3/One0
End /home_nfs/ilm/allouche/tmp/CChemI-201215/cchemi/examples/VPT2/QFFOrcaPM3/One0
seed = -1
----------------------------------------------------------
runType=ENERGY
model=ORCA
----------------------------------------------------------

type 1
Establishing connectivity : 2 connections...
Establishing connectivity : 3 connections...
Establishing connectivity : 4 connections...
Establishing connectivity : non bonded ...
#Number of free coordinates =3 
energy = -7490.03890292068627(kcal/mol)
Geometry saved in /home_nfs/ilm/allouche/tmp/CChemI-201215/cchemi/examples/VPT2/QFFOrcaPM3/h2oVQFF_43.gab file
Save molecule in /home_nfs/ilm/allouche/tmp/CChemI-201215/cchemi/examples/VPT2/QFFOrcaPM3/h2oVQFF_43.gab

Begin /home_nfs/ilm/allouche/tmp/CChemI-201215/cchemi/examples/VPT2/QFFOrcaPM3/One0
filename=/home_nfs/ilm/allouche/tmp/CChemI-201215/cchemi/examples/VPT2/QFFOrcaPM3/One0
End /home_nfs/ilm/allouche/tmp/CChemI-201215/cchemi/examples/VPT2/QFFOrcaPM3/One0
seed = -1
----------------------------------------------------------
runType=ENERGY
model=ORCA
----------------------------------------------------------

type 1
Establishing connectivity : 2 connections...
Establishing connectivity : 3 connections...
Establishing connectivity : 4 connections...
Establishing connectivity : non bonded ...
#Number of free coordinates =3 
energy = -7490.04027849251634(kcal/mol)
Geometry saved in /home_nfs/ilm/allouche/tmp/CChemI-201215/cchemi/examples/VPT2/QFFOrcaPM3/h2oVQFF_44.gab file
Save molecule in /home_nfs/ilm/allouche/tmp/CChemI-201215/cchemi/examples/VPT2/QFFOrcaPM3/h2oVQFF_44.gab

Begin /home_nfs/ilm/allouche/tmp/CChemI-201215/cchemi/examples/VPT2/QFFOrcaPM3/One0
filename=/home_nfs/ilm/allouche/tmp/CChemI-201215/cchemi/examples/VPT2/QFFOrcaPM3/One0
End /home_nfs/ilm/allouche/tmp/CChemI-201215/cchemi/examples/VPT2/QFFOrcaPM3/One0
seed = -1
----------------------------------------------------------
runType=ENERGY
model=ORCA
----------------------------------------------------------

type 1
Establishing connectivity : 2 connections...
Establishing connectivity : 3 connections...
Establishing connectivity : 4 connections...
Establishing connectivity : non bonded ...
#Number of free coordinates =3 
energy = -7489.41567467522054(kcal/mol)
Geometry saved in /home_nfs/ilm/allouche/tmp/CChemI-201215/cchemi/examples/VPT2/QFFOrcaPM3/h2oVQFF_45.gab file
Save molecule in /home_nfs/ilm/allouche/tmp/CChemI-201215/cchemi/examples/VPT2/QFFOrcaPM3/h2oVQFF_45.gab

Begin /home_nfs/ilm/allouche/tmp/CChemI-201215/cchemi/examples/VPT2/QFFOrcaPM3/One0
filename=/home_nfs/ilm/allouche/tmp/CChemI-201215/cchemi/examples/VPT2/QFFOrcaPM3/One0
End /home_nfs/ilm/allouche/tmp/CChemI-201215/cchemi/examples/VPT2/QFFOrcaPM3/One0
seed = -1
----------------------------------------------------------
runType=ENERGY
model=ORCA
----------------------------------------------------------

type 1
Establishing connectivity : 2 connections...
Establishing connectivity : 3 connections...
Establishing connectivity : 4 connections...
Establishing connectivity : non bonded ...
#Number of free coordinates =3 
energy = -7489.41824976794214(kcal/mol)
Geometry saved in /home_nfs/ilm/allouche/tmp/CChemI-201215/cchemi/examples/VPT2/QFFOrcaPM3/h2oVQFF_46.gab file
Save molecule in /home_nfs/ilm/allouche/tmp/CChemI-201215/cchemi/examples/VPT2/QFFOrcaPM3/h2oVQFF_46.gab

Begin /home_nfs/ilm/allouche/tmp/CChemI-201215/cchemi/examples/VPT2/QFFOrcaPM3/One0
filename=/home_nfs/ilm/allouche/tmp/CChemI-201215/cchemi/examples/VPT2/QFFOrcaPM3/One0
End /home_nfs/ilm/allouche/tmp/CChemI-201215/cchemi/examples/VPT2/QFFOrcaPM3/One0
seed = -1
----------------------------------------------------------
runType=ENERGY
model=ORCA
----------------------------------------------------------

type 1
Establishing connectivity : 2 connections...
Establishing connectivity : 3 connections...
Establishing connectivity : 4 connections...
Establishing connectivity : non bonded ...
#Number of free coordinates =3 
energy = -7485.07430967050095(kcal/mol)
Geometry saved in /home_nfs/ilm/allouche/tmp/CChemI-201215/cchemi/examples/VPT2/QFFOrcaPM3/h2oVQFF_47.gab file
Save molecule in /home_nfs/ilm/allouche/tmp/CChemI-201215/cchemi/examples/VPT2/QFFOrcaPM3/h2oVQFF_47.gab

Begin /home_nfs/ilm/allouche/tmp/CChemI-201215/cchemi/examples/VPT2/QFFOrcaPM3/One0
filename=/home_nfs/ilm/allouche/tmp/CChemI-201215/cchemi/examples/VPT2/QFFOrcaPM3/One0
End /home_nfs/ilm/allouche/tmp/CChemI-201215/cchemi/examples/VPT2/QFFOrcaPM3/One0
seed = -1
----------------------------------------------------------
runType=ENERGY
model=ORCA
----------------------------------------------------------

type 1
Establishing connectivity : 2 connections...
Establishing connectivity : 3 connections...
Establishing connectivity : 4 connections...
Establishing connectivity : non bonded ...
#Number of free coordinates =3 
energy = -7485.06032808327109(kcal/mol)
Geometry saved in /home_nfs/ilm/allouche/tmp/CChemI-201215/cchemi/examples/VPT2/QFFOrcaPM3/h2oVQFF_48.gab file
Save molecule in /home_nfs/ilm/allouche/tmp/CChemI-201215/cchemi/examples/VPT2/QFFOrcaPM3/h2oVQFF_48.gab

Begin /home_nfs/ilm/allouche/tmp/CChemI-201215/cchemi/examples/VPT2/QFFOrcaPM3/One0
filename=/home_nfs/ilm/allouche/tmp/CChemI-201215/cchemi/examples/VPT2/QFFOrcaPM3/One0
End /home_nfs/ilm/allouche/tmp/CChemI-201215/cchemi/examples/VPT2/QFFOrcaPM3/One0
seed = -1
----------------------------------------------------------
runType=ENERGY
model=ORCA
----------------------------------------------------------

type 1
Establishing connectivity : 2 connections...
Establishing connectivity : 3 connections...
Establishing connectivity : 4 connections...
Establishing connectivity : non bonded ...
#Number of free coordinates =3 
energy = -7486.47053853002126(kcal/mol)
Geometry saved in /home_nfs/ilm/allouche/tmp/CChemI-201215/cchemi/examples/VPT2/QFFOrcaPM3/h2oVQFF_49.gab file
Save molecule in /home_nfs/ilm/allouche/tmp/CChemI-201215/cchemi/examples/VPT2/QFFOrcaPM3/h2oVQFF_49.gab

Begin /home_nfs/ilm/allouche/tmp/CChemI-201215/cchemi/examples/VPT2/QFFOrcaPM3/One0
filename=/home_nfs/ilm/allouche/tmp/CChemI-201215/cchemi/examples/VPT2/QFFOrcaPM3/One0
End /home_nfs/ilm/allouche/tmp/CChemI-201215/cchemi/examples/VPT2/QFFOrcaPM3/One0
seed = -1
----------------------------------------------------------
runType=ENERGY
model=ORCA
----------------------------------------------------------

type 1
Establishing connectivity : 2 connections...
Establishing connectivity : 3 connections...
Establishing connectivity : 4 connections...
Establishing connectivity : non bonded ...
#Number of free coordinates =3 
energy = -7491.92414257640212(kcal/mol)
Geometry saved in /home_nfs/ilm/allouche/tmp/CChemI-201215/cchemi/examples/VPT2/QFFOrcaPM3/h2oVQFF_4.gab file
Save molecule in /home_nfs/ilm/allouche/tmp/CChemI-201215/cchemi/examples/VPT2/QFFOrcaPM3/h2oVQFF_4.gab

Begin /home_nfs/ilm/allouche/tmp/CChemI-201215/cchemi/examples/VPT2/QFFOrcaPM3/One0
filename=/home_nfs/ilm/allouche/tmp/CChemI-201215/cchemi/examples/VPT2/QFFOrcaPM3/One0
End /home_nfs/ilm/allouche/tmp/CChemI-201215/cchemi/examples/VPT2/QFFOrcaPM3/One0
seed = -1
----------------------------------------------------------
runType=ENERGY
model=ORCA
----------------------------------------------------------

type 1
Establishing connectivity : 2 connections...
Establishing connectivity : 3 connections...
Establishing connectivity : 4 connections...
Establishing connectivity : non bonded ...
#Number of free coordinates =3 
energy = -7486.37471832642041(kcal/mol)
Geometry saved in /home_nfs/ilm/allouche/tmp/CChemI-201215/cchemi/examples/VPT2/QFFOrcaPM3/h2oVQFF_50.gab file
Save molecule in /home_nfs/ilm/allouche/tmp/CChemI-201215/cchemi/examples/VPT2/QFFOrcaPM3/h2oVQFF_50.gab

Begin /home_nfs/ilm/allouche/tmp/CChemI-201215/cchemi/examples/VPT2/QFFOrcaPM3/One0
filename=/home_nfs/ilm/allouche/tmp/CChemI-201215/cchemi/examples/VPT2/QFFOrcaPM3/One0
End /home_nfs/ilm/allouche/tmp/CChemI-201215/cchemi/examples/VPT2/QFFOrcaPM3/One0
seed = -1
----------------------------------------------------------
runType=ENERGY
model=ORCA
----------------------------------------------------------

type 1
Establishing connectivity : 2 connections...
Establishing connectivity : 3 connections...
Establishing connectivity : 4 connections...
Establishing connectivity : non bonded ...
#Number of free coordinates =3 
energy = -7480.76521117206266(kcal/mol)
Geometry saved in /home_nfs/ilm/allouche/tmp/CChemI-201215/cchemi/examples/VPT2/QFFOrcaPM3/h2oVQFF_51.gab file
Save molecule in /home_nfs/ilm/allouche/tmp/CChemI-201215/cchemi/examples/VPT2/QFFOrcaPM3/h2oVQFF_51.gab

Begin /home_nfs/ilm/allouche/tmp/CChemI-201215/cchemi/examples/VPT2/QFFOrcaPM3/One0
filename=/home_nfs/ilm/allouche/tmp/CChemI-201215/cchemi/examples/VPT2/QFFOrcaPM3/One0
End /home_nfs/ilm/allouche/tmp/CChemI-201215/cchemi/examples/VPT2/QFFOrcaPM3/One0
seed = -1
----------------------------------------------------------
runType=ENERGY
model=ORCA
----------------------------------------------------------

type 1
Establishing connectivity : 2 connections...
Establishing connectivity : 3 connections...
Establishing connectivity : 4 connections...
Establishing connectivity : non bonded ...
#Number of free coordinates =3 
energy = -7480.77808720732992(kcal/mol)
Geometry saved in /home_nfs/ilm/allouche/tmp/CChemI-201215/cchemi/examples/VPT2/QFFOrcaPM3/h2oVQFF_52.gab file
Save molecule in /home_nfs/ilm/allouche/tmp/CChemI-201215/cchemi/examples/VPT2/QFFOrcaPM3/h2oVQFF_52.gab

Begin /home_nfs/ilm/allouche/tmp/CChemI-201215/cchemi/examples/VPT2/QFFOrcaPM3/One0
filename=/home_nfs/ilm/allouche/tmp/CChemI-201215/cchemi/examples/VPT2/QFFOrcaPM3/One0
End /home_nfs/ilm/allouche/tmp/CChemI-201215/cchemi/examples/VPT2/QFFOrcaPM3/One0
seed = -1
----------------------------------------------------------
runType=ENERGY
model=ORCA
----------------------------------------------------------

type 1
Establishing connectivity : 2 connections...
Establishing connectivity : 3 connections...
Establishing connectivity : 4 connections...
Establishing connectivity : non bonded ...
#Number of free coordinates =3 
energy = -7476.28873138005383(kcal/mol)
Geometry saved in /home_nfs/ilm/allouche/tmp/CChemI-201215/cchemi/examples/VPT2/QFFOrcaPM3/h2oVQFF_53.gab file
Save molecule in /home_nfs/ilm/allouche/tmp/CChemI-201215/cchemi/examples/VPT2/QFFOrcaPM3/h2oVQFF_53.gab

Begin /home_nfs/ilm/allouche/tmp/CChemI-201215/cchemi/examples/VPT2/QFFOrcaPM3/One0
filename=/home_nfs/ilm/allouche/tmp/CChemI-201215/cchemi/examples/VPT2/QFFOrcaPM3/One0
End /home_nfs/ilm/allouche/tmp/CChemI-201215/cchemi/examples/VPT2/QFFOrcaPM3/One0
seed = -1
----------------------------------------------------------
runType=ENERGY
model=ORCA
----------------------------------------------------------

type 1
Establishing connectivity : 2 connections...
Establishing connectivity : 3 connections...
Establishing connectivity : 4 connections...
Establishing connectivity : non bonded ...
#Number of free coordinates =3 
energy = -7476.30580167405788(kcal/mol)
Geometry saved in /home_nfs/ilm/allouche/tmp/CChemI-201215/cchemi/examples/VPT2/QFFOrcaPM3/h2oVQFF_54.gab file
Save molecule in /home_nfs/ilm/allouche/tmp/CChemI-201215/cchemi/examples/VPT2/QFFOrcaPM3/h2oVQFF_54.gab

Begin /home_nfs/ilm/allouche/tmp/CChemI-201215/cchemi/examples/VPT2/QFFOrcaPM3/One0
filename=/home_nfs/ilm/allouche/tmp/CChemI-201215/cchemi/examples/VPT2/QFFOrcaPM3/One0
End /home_nfs/ilm/allouche/tmp/CChemI-201215/cchemi/examples/VPT2/QFFOrcaPM3/One0
seed = -1
----------------------------------------------------------
runType=ENERGY
model=ORCA
----------------------------------------------------------

type 1
Establishing connectivity : 2 connections...
Establishing connectivity : 3 connections...
Establishing connectivity : 4 connections...
Establishing connectivity : non bonded ...
#Number of free coordinates =3 
energy = -7490.08912591379431(kcal/mol)
Geometry saved in /home_nfs/ilm/allouche/tmp/CChemI-201215/cchemi/examples/VPT2/QFFOrcaPM3/h2oVQFF_5.gab file
Save molecule in /home_nfs/ilm/allouche/tmp/CChemI-201215/cchemi/examples/VPT2/QFFOrcaPM3/h2oVQFF_5.gab

Begin /home_nfs/ilm/allouche/tmp/CChemI-201215/cchemi/examples/VPT2/QFFOrcaPM3/One0
filename=/home_nfs/ilm/allouche/tmp/CChemI-201215/cchemi/examples/VPT2/QFFOrcaPM3/One0
End /home_nfs/ilm/allouche/tmp/CChemI-201215/cchemi/examples/VPT2/QFFOrcaPM3/One0
seed = -1
----------------------------------------------------------
runType=ENERGY
model=ORCA
----------------------------------------------------------

type 1
Establishing connectivity : 2 connections...
Establishing connectivity : 3 connections...
Establishing connectivity : 4 connections...
Establishing connectivity : non bonded ...
#Number of free coordinates =3 
energy = -7487.08724885643460(kcal/mol)
Geometry saved in /home_nfs/ilm/allouche/tmp/CChemI-201215/cchemi/examples/VPT2/QFFOrcaPM3/h2oVQFF_6.gab file
Save molecule in /home_nfs/ilm/allouche/tmp/CChemI-201215/cchemi/examples/VPT2/QFFOrcaPM3/h2oVQFF_6.gab

Begin /home_nfs/ilm/allouche/tmp/CChemI-201215/cchemi/examples/VPT2/QFFOrcaPM3/One0
filename=/home_nfs/ilm/allouche/tmp/CChemI-201215/cchemi/examples/VPT2/QFFOrcaPM3/One0
End /home_nfs/ilm/allouche/tmp/CChemI-201215/cchemi/examples/VPT2/QFFOrcaPM3/One0
seed = -1
----------------------------------------------------------
runType=ENERGY
model=ORCA
----------------------------------------------------------

type 1
Establishing connectivity : 2 connections...
Establishing connectivity : 3 connections...
Establishing connectivity : 4 connections...
Establishing connectivity : non bonded ...
#Number of free coordinates =3 
energy = -7480.00659869235733(kcal/mol)
Geometry saved in /home_nfs/ilm/allouche/tmp/CChemI-201215/cchemi/examples/VPT2/QFFOrcaPM3/h2oVQFF_7.gab file
Save molecule in /home_nfs/ilm/allouche/tmp/CChemI-201215/cchemi/examples/VPT2/QFFOrcaPM3/h2oVQFF_7.gab

Begin /home_nfs/ilm/allouche/tmp/CChemI-201215/cchemi/examples/VPT2/QFFOrcaPM3/One0
filename=/home_nfs/ilm/allouche/tmp/CChemI-201215/cchemi/examples/VPT2/QFFOrcaPM3/One0
End /home_nfs/ilm/allouche/tmp/CChemI-201215/cchemi/examples/VPT2/QFFOrcaPM3/One0
seed = -1
----------------------------------------------------------
runType=ENERGY
model=ORCA
----------------------------------------------------------

type 1
Establishing connectivity : 2 connections...
Establishing connectivity : 3 connections...
Establishing connectivity : 4 connections...
Establishing connectivity : non bonded ...
#Number of free coordinates =3 
energy = -7486.99265383384500(kcal/mol)
Geometry saved in /home_nfs/ilm/allouche/tmp/CChemI-201215/cchemi/examples/VPT2/QFFOrcaPM3/h2oVQFF_8.gab file
Save molecule in /home_nfs/ilm/allouche/tmp/CChemI-201215/cchemi/examples/VPT2/QFFOrcaPM3/h2oVQFF_8.gab

Begin /home_nfs/ilm/allouche/tmp/CChemI-201215/cchemi/examples/VPT2/QFFOrcaPM3/One0
filename=/home_nfs/ilm/allouche/tmp/CChemI-201215/cchemi/examples/VPT2/QFFOrcaPM3/One0
End /home_nfs/ilm/allouche/tmp/CChemI-201215/cchemi/examples/VPT2/QFFOrcaPM3/One0
seed = -1
----------------------------------------------------------
runType=ENERGY
model=ORCA
----------------------------------------------------------

type 1
Establishing connectivity : 2 connections...
Establishing connectivity : 3 connections...
Establishing connectivity : 4 connections...
Establishing connectivity : non bonded ...
#Number of free coordinates =3 
energy = -7491.15823435822949(kcal/mol)
Geometry saved in /home_nfs/ilm/allouche/tmp/CChemI-201215/cchemi/examples/VPT2/QFFOrcaPM3/h2oVQFF_9.gab file
Save molecule in /home_nfs/ilm/allouche/tmp/CChemI-201215/cchemi/examples/VPT2/QFFOrcaPM3/h2oVQFF_9.gab

seed = -1
----------------------------------------------------------
runType=COMPUTEQFF2MRFROMFILES
model=ORCA
----------------------------------------------------------

nAtoms = 3
numberOfFrequencies = 3
QFF parameters saved in /home_nfs/ilm/allouche/tmp/CChemI-201215/cchemi/examples/VPT2/QFFOrcaPM3/h2oVQFF.txt file

