seed = -1
----------------------------------------------------------
runType=VPT2
model=GVPT2
----------------------------------------------------------

nFrequencies=3
VPT2 model : GVPT2

Gradients
END

Hessian
1 1      1741.8661670000
2 2      3868.4360670000
3 3      3988.7921960000
END

Cubic
1 1 1        44.2582520000
1 1 2         0.1000650000
1 1 3       492.9853880000
2 2 1      -242.1289070000
2 2 2         3.1702260000
2 2 3     -1350.5945720000
3 3 1      -217.0179050000
3 3 2        -1.0802050000
3 3 3     -1186.5096470000
END

Quartic
1 1 1 1      -132.2693200000
1 1 1 2        -0.0232690000
1 1 1 3       144.2097520000
2 2 1 1      -293.9576840000
2 2 2 1        -0.0730010000
2 2 2 2       134.3548240000
2 2 2 3         0.3045090000
3 3 1 1      -405.8616380000
3 3 2 2       128.7558240000
3 3 3 1         5.3730960000
3 3 3 2        -0.2083480000
3 3 3 3       -25.1778320000
END

Coriolis
END

Rotation constants
1         1.0000000000
2         1.0000000000
3         1.0000000000
END
nFrequencies=3
nDim=3
VPT2 Properties model : GVPT2 : Gaussian method

First derivatives
1 1         1.1670680000
1 2         1.8241890000
1 3        -1.1953070000
2 1         1.3189170000
2 2        -5.3632670000
2 3        -1.3586310000
3 1         2.6853700000
3 2         1.8463940000
3 3        -2.7551560000
END


Second derivatives
1 1 1        -5.7133210000
1 1 2       -15.5230230000
1 1 3       -11.1234770000
1 2 1       -15.5230230000
1 2 2       -10.1696890000
1 2 3        13.0021870000
1 3 1       -11.1234770000
1 3 2        13.0021870000
1 3 3        -7.1833720000
2 1 1        -6.4743230000
2 1 2        45.6864880000
2 1 3       -12.4941420000
2 2 1        45.6864880000
2 2 2       -11.4325180000
2 2 3       -38.4173380000
2 3 1       -12.4941420000
2 3 2       -38.4173380000
2 3 3        -8.1220670000
3 1 1       -13.0872210000
3 1 2       -15.6787720000
3 1 3       -25.5418220000
3 2 1       -15.6787720000
3 2 2       -23.4538980000
3 2 3        13.2378760000
3 3 1       -25.5418220000
3 3 2        13.2378760000
3 3 3       -16.5969210000
END


Cubic derivatives
1 1 1 1       -58.1583620000
1 1 1 2        52.0024410000
1 1 1 3        61.6060720000
1 1 2 1        52.0024410000
1 1 2 2       103.3291340000
1 1 3 1        61.6060720000
1 1 3 3        39.9539800000
1 2 1 1        52.0024410000
1 2 1 2       103.3291340000
1 2 2 1       103.3291340000
1 2 2 2      -168.4229130000
1 2 2 3        87.9546150000
1 2 3 2        87.9546150000
1 2 3 3      -148.8539530000
1 3 1 1        61.6060720000
1 3 1 3        39.9539800000
1 3 2 2        87.9546150000
1 3 2 3      -148.8539530000
1 3 3 1        39.9539800000
1 3 3 2      -148.8539530000
1 3 3 3        95.7294830000
2 1 1 1       -73.4249310000
2 1 1 2      -156.0073240000
2 1 1 3        79.2078060000
2 1 2 1      -156.0073240000
2 1 2 2       103.3291340000
2 1 3 1        79.2078060000
2 1 3 3        26.6359860000
2 2 1 1      -156.0073240000
2 2 1 2       103.3291340000
2 2 2 1       103.3291340000
2 2 2 2       396.9968670000
2 2 2 3       117.2728200000
2 2 3 2       117.2728200000
2 2 3 3       396.9438760000
2 3 1 1        79.2078060000
2 3 1 3        26.6359860000
2 3 2 2       117.2728200000
2 3 2 3       396.9438760000
2 3 3 1        26.6359860000
2 3 3 2       396.9438760000
2 3 3 3       133.5174370000
3 1 1 1      -144.6689240000
3 1 1 2        52.0024410000
3 1 1 3       154.0151790000
3 1 2 1        52.0024410000
3 1 2 2       232.4905520000
3 1 3 1       154.0151790000
3 1 3 3        73.2489630000
3 2 1 1        52.0024410000
3 2 1 2       232.4905520000
3 2 2 1       232.4905520000
3 2 2 2      -149.1745800000
3 2 2 3       224.7729040000
3 2 3 2       224.7729040000
3 2 3 3      -148.8539530000
3 3 1 1       154.0151790000
3 3 1 3        73.2489630000
3 3 2 2       224.7729040000
3 3 2 3      -148.8539530000
3 3 3 1        73.2489630000
3 3 3 2      -148.8539530000
3 3 3 3       267.0348740000
END

nFrequencies 3
nStates 10
State n 1	0 0 0 
State n 2	1 0 0 
State n 3	0 1 0 
State n 4	0 0 1 
State n 5	2 0 0 
State n 6	0 2 0 
State n 7	0 0 2 
State n 8	1 1 0 
State n 9	1 0 1 
State n 10	0 1 1 

Xkl (cm^-1) by VPT2+K model
1 1       -32.0539984338
1 2       -32.2160453924
1 3        -8.8912270729
2 1       -32.2160453924
2 2       -42.5141494157
2 3      -156.0701279318
3 1        -8.8912270729
3 2      -156.0701279318
3 3       -41.6334176378
END

C=0.537759

Diagonal of H (cm^-1) by VPT2+K model
     4721.2024735289         0.0000000000 
     6378.4070074288      1657.2045338998  1(1) 
     8410.4671550355      3689.2646815065  2(1) 
     8544.2471567511      3823.0446832222  3(1) 
     7971.5035444610      3250.3010709321  1(2) 
    12014.7035377106      7293.5010641817  2(2) 
    12284.0250046978      7562.8225311688  3(2) 
    10035.4556435429      5314.2531700140  1(1)  2(1) 
    10192.5604635780      5471.3579900491  1(1)  3(1) 
    12077.4417103259      7356.2392367970  2(1)  3(1) 
END


Resonance Matrix (cm^-1) by VPT2+K model
========================================
 Fermi Resonances terms :
 0 Fermi Resonances 
----------------------------------------------------------------------------------------------------

 Darling-Dennison Resonances terms :
 0 Darling-Dennison Resonances 
----------------------------------------------------------------------------------------------------

END



Results
========================
       E(harm)      E(anharm)     Mode(Quanta), Coef 
       -------      ---------     ---------------- 
    0.00000000     0.00000000     [ 1.000] 
 1741.86616700  1657.20453390     [ 1.000  1(1)] 
 3483.73233400  3250.30107093     [ 1.000  1(2)] 
 3868.43606700  3689.26468151     [ 1.000  2(1)] 
 3988.79219600  3823.04468322     [ 1.000  3(1)] 
 5610.30223400  5314.25317001     [ 1.000  1(1)  2(1)] 
 5730.65836300  5471.35799005     [ 1.000  1(1)  3(1)] 
 7736.87213400  7293.50106418     [ 1.000  2(2)] 
 7857.22826300  7356.23923680     [ 1.000  2(1)  3(1)] 
 7977.58439200  7562.82253117     [ 1.000  3(2)] 



Results With intensities
========================
       E(harm)      E(anharm)        I(harm)      I(anharm)     Coef Mode(Quanta) 
       -------      ---------        -------      ---------     ---------------- 
    0.00000000     0.00000000     0.00000000     0.00000000     [ 1.000] 
 1741.86616700  1657.20453390    83.50330242    80.87978484     [ 1.000  1(1)] 
 3483.73233400  3250.30107093     0.00000000     2.33639471     [ 1.000  1(2)] 
 3868.43606700  3689.26468151   287.45727656   283.54038783     [ 1.000  2(1)] 
 3988.79219600  3823.04468322    87.97870389    88.36376793     [ 1.000  3(1)] 
 5610.30223400  5314.25317001     0.00000000    13.42479500     [ 1.000  1(1)  2(1)] 
 5730.65836300  5471.35799005     0.00000000     0.99373808     [ 1.000  1(1)  3(1)] 
 7736.87213400  7293.50106418     0.00000000     0.02945198     [ 1.000  2(2)] 
 7857.22826300  7356.23923680     0.00000000     0.00076688     [ 1.000  2(1)  3(1)] 
 7977.58439200  7562.82253117     0.00000000     0.00116554     [ 1.000  3(2)] 



Results With intensities
========================

Fundamental Bands
-----------------
       E(harm)      E(anharm)        I(harm)      I(anharm)       Coef. Mode(Quanta) 
  ------------   ------------   ------------   ------------     -------------------- 
 1741.86616700  1657.20453390    83.50330242    80.87978484     [ 1.000  1(1)] 
 3868.43606700  3689.26468151   287.45727656   283.54038783     [ 1.000  2(1)] 
 3988.79219600  3823.04468322    87.97870389    88.36376793     [ 1.000  3(1)] 

Overtones
---------
       E(harm)      E(anharm)        I(harm)      I(anharm)       Coef. Mode(Quanta) 
  ------------   ------------   ------------   ------------     -------------------- 
 3483.73233400  3250.30107093     0.00000000     2.33639471     [ 1.000  1(2)] 
 7736.87213400  7293.50106418     0.00000000     0.02945198     [ 1.000  2(2)] 
 7977.58439200  7562.82253117     0.00000000     0.00116554     [ 1.000  3(2)] 

Combination Bands
----------------
       E(harm)      E(anharm)        I(harm)      I(anharm)       Coef. Mode(Quanta) 
  ------------   ------------   ------------   ------------     -------------------- 
 5610.30223400  5314.25317001     0.00000000    13.42479500     [ 1.000  1(1)  2(1)] 
 5730.65836300  5471.35799005     0.00000000     0.99373808     [ 1.000  1(1)  3(1)] 
 7857.22826300  7356.23923680     0.00000000     0.00076688     [ 1.000  2(1)  3(1)] 


