cp: impossible d'évaluer « /home/lbarnes/iGVPT2/examples/QFFGaussianHybridB3LYPPM6/*.gab »: Aucun fichier ou dossier de ce type
/home/lbarnes/Softwares/G09DSrc-Corr5/g09/bsd/gau-unlimit: ligne 6: unlimit : commande introuvable
/home/lbarnes/Softwares/G09DSrc-Corr5/g09/bsd/gau-unlimit: ligne 8: erreur de syntaxe près du symbole inattendu « unlimit »
/home/lbarnes/Softwares/G09DSrc-Corr5/g09/bsd/gau-unlimit: ligne 8: `  ($x != "gp7kf" )) unlimit memoryuse'
mkdir: impossible de créer le répertoire « /tmp/lbarnes »: Le fichier existe

real	0m0.709s
user	0m0.316s
sys	0m0.368s
/home/lbarnes/Softwares/G09DSrc-Corr5/g09/bsd/gau-unlimit: ligne 6: unlimit : commande introuvable
/home/lbarnes/Softwares/G09DSrc-Corr5/g09/bsd/gau-unlimit: ligne 8: erreur de syntaxe près du symbole inattendu « unlimit »
/home/lbarnes/Softwares/G09DSrc-Corr5/g09/bsd/gau-unlimit: ligne 8: `  ($x != "gp7kf" )) unlimit memoryuse'
mkdir: impossible de créer le répertoire « /tmp/lbarnes »: Le fichier existe

real	0m0.701s
user	0m0.264s
sys	0m0.416s
/home/lbarnes/Softwares/G09DSrc-Corr5/g09/bsd/gau-unlimit: ligne 6: unlimit : commande introuvable
/home/lbarnes/Softwares/G09DSrc-Corr5/g09/bsd/gau-unlimit: ligne 8: erreur de syntaxe près du symbole inattendu « unlimit »
/home/lbarnes/Softwares/G09DSrc-Corr5/g09/bsd/gau-unlimit: ligne 8: `  ($x != "gp7kf" )) unlimit memoryuse'
mkdir: impossible de créer le répertoire « /tmp/lbarnes »: Le fichier existe

real	0m0.734s
user	0m0.304s
sys	0m0.412s
/home/lbarnes/Softwares/G09DSrc-Corr5/g09/bsd/gau-unlimit: ligne 6: unlimit : commande introuvable
/home/lbarnes/Softwares/G09DSrc-Corr5/g09/bsd/gau-unlimit: ligne 8: erreur de syntaxe près du symbole inattendu « unlimit »
/home/lbarnes/Softwares/G09DSrc-Corr5/g09/bsd/gau-unlimit: ligne 8: `  ($x != "gp7kf" )) unlimit memoryuse'
mkdir: impossible de créer le répertoire « /tmp/lbarnes »: Le fichier existe

real	0m0.696s
user	0m0.300s
sys	0m0.376s
/home/lbarnes/Softwares/G09DSrc-Corr5/g09/bsd/gau-unlimit: ligne 6: unlimit : commande introuvable
/home/lbarnes/Softwares/G09DSrc-Corr5/g09/bsd/gau-unlimit: ligne 8: erreur de syntaxe près du symbole inattendu « unlimit »
/home/lbarnes/Softwares/G09DSrc-Corr5/g09/bsd/gau-unlimit: ligne 8: `  ($x != "gp7kf" )) unlimit memoryuse'
mkdir: impossible de créer le répertoire « /tmp/lbarnes »: Le fichier existe

real	0m0.708s
user	0m0.288s
sys	0m0.400s
/home/lbarnes/Softwares/G09DSrc-Corr5/g09/bsd/gau-unlimit: ligne 6: unlimit : commande introuvable
/home/lbarnes/Softwares/G09DSrc-Corr5/g09/bsd/gau-unlimit: ligne 8: erreur de syntaxe près du symbole inattendu « unlimit »
/home/lbarnes/Softwares/G09DSrc-Corr5/g09/bsd/gau-unlimit: ligne 8: `  ($x != "gp7kf" )) unlimit memoryuse'
mkdir: impossible de créer le répertoire « /tmp/lbarnes »: Le fichier existe

real	0m0.710s
user	0m0.336s
sys	0m0.348s
/home/lbarnes/Softwares/G09DSrc-Corr5/g09/bsd/gau-unlimit: ligne 6: unlimit : commande introuvable
/home/lbarnes/Softwares/G09DSrc-Corr5/g09/bsd/gau-unlimit: ligne 8: erreur de syntaxe près du symbole inattendu « unlimit »
/home/lbarnes/Softwares/G09DSrc-Corr5/g09/bsd/gau-unlimit: ligne 8: `  ($x != "gp7kf" )) unlimit memoryuse'
mkdir: impossible de créer le répertoire « /tmp/lbarnes »: Le fichier existe

real	0m0.730s
user	0m0.320s
sys	0m0.388s
/home/lbarnes/Softwares/G09DSrc-Corr5/g09/bsd/gau-unlimit: ligne 6: unlimit : commande introuvable
/home/lbarnes/Softwares/G09DSrc-Corr5/g09/bsd/gau-unlimit: ligne 8: erreur de syntaxe près du symbole inattendu « unlimit »
/home/lbarnes/Softwares/G09DSrc-Corr5/g09/bsd/gau-unlimit: ligne 8: `  ($x != "gp7kf" )) unlimit memoryuse'
mkdir: impossible de créer le répertoire « /tmp/lbarnes »: Le fichier existe

real	0m0.694s
user	0m0.256s
sys	0m0.420s
/home/lbarnes/Softwares/G09DSrc-Corr5/g09/bsd/gau-unlimit: ligne 6: unlimit : commande introuvable
/home/lbarnes/Softwares/G09DSrc-Corr5/g09/bsd/gau-unlimit: ligne 8: erreur de syntaxe près du symbole inattendu « unlimit »
/home/lbarnes/Softwares/G09DSrc-Corr5/g09/bsd/gau-unlimit: ligne 8: `  ($x != "gp7kf" )) unlimit memoryuse'
mkdir: impossible de créer le répertoire « /tmp/lbarnes »: Le fichier existe

real	0m0.709s
user	0m0.324s
sys	0m0.364s
/home/lbarnes/Softwares/G09DSrc-Corr5/g09/bsd/gau-unlimit: ligne 6: unlimit : commande introuvable
/home/lbarnes/Softwares/G09DSrc-Corr5/g09/bsd/gau-unlimit: ligne 8: erreur de syntaxe près du symbole inattendu « unlimit »
/home/lbarnes/Softwares/G09DSrc-Corr5/g09/bsd/gau-unlimit: ligne 8: `  ($x != "gp7kf" )) unlimit memoryuse'
mkdir: impossible de créer le répertoire « /tmp/lbarnes »: Le fichier existe

real	0m0.699s
user	0m0.292s
sys	0m0.388s
/home/lbarnes/Softwares/G09DSrc-Corr5/g09/bsd/gau-unlimit: ligne 6: unlimit : commande introuvable
/home/lbarnes/Softwares/G09DSrc-Corr5/g09/bsd/gau-unlimit: ligne 8: erreur de syntaxe près du symbole inattendu « unlimit »
/home/lbarnes/Softwares/G09DSrc-Corr5/g09/bsd/gau-unlimit: ligne 8: `  ($x != "gp7kf" )) unlimit memoryuse'
mkdir: impossible de créer le répertoire « /tmp/lbarnes »: Le fichier existe

real	0m0.718s
user	0m0.356s
sys	0m0.340s
/home/lbarnes/Softwares/G09DSrc-Corr5/g09/bsd/gau-unlimit: ligne 6: unlimit : commande introuvable
/home/lbarnes/Softwares/G09DSrc-Corr5/g09/bsd/gau-unlimit: ligne 8: erreur de syntaxe près du symbole inattendu « unlimit »
/home/lbarnes/Softwares/G09DSrc-Corr5/g09/bsd/gau-unlimit: ligne 8: `  ($x != "gp7kf" )) unlimit memoryuse'
mkdir: impossible de créer le répertoire « /tmp/lbarnes »: Le fichier existe

real	0m0.734s
user	0m0.348s
sys	0m0.368s
/home/lbarnes/Softwares/G09DSrc-Corr5/g09/bsd/gau-unlimit: ligne 6: unlimit : commande introuvable
/home/lbarnes/Softwares/G09DSrc-Corr5/g09/bsd/gau-unlimit: ligne 8: erreur de syntaxe près du symbole inattendu « unlimit »
/home/lbarnes/Softwares/G09DSrc-Corr5/g09/bsd/gau-unlimit: ligne 8: `  ($x != "gp7kf" )) unlimit memoryuse'
mkdir: impossible de créer le répertoire « /tmp/lbarnes »: Le fichier existe

real	0m0.784s
user	0m0.348s
sys	0m0.412s
/home/lbarnes/Softwares/G09DSrc-Corr5/g09/bsd/gau-unlimit: ligne 6: unlimit : commande introuvable
/home/lbarnes/Softwares/G09DSrc-Corr5/g09/bsd/gau-unlimit: ligne 8: erreur de syntaxe près du symbole inattendu « unlimit »
/home/lbarnes/Softwares/G09DSrc-Corr5/g09/bsd/gau-unlimit: ligne 8: `  ($x != "gp7kf" )) unlimit memoryuse'
mkdir: impossible de créer le répertoire « /tmp/lbarnes »: Le fichier existe

real	0m0.665s
user	0m0.264s
sys	0m0.384s
/home/lbarnes/Softwares/G09DSrc-Corr5/g09/bsd/gau-unlimit: ligne 6: unlimit : commande introuvable
/home/lbarnes/Softwares/G09DSrc-Corr5/g09/bsd/gau-unlimit: ligne 8: erreur de syntaxe près du symbole inattendu « unlimit »
/home/lbarnes/Softwares/G09DSrc-Corr5/g09/bsd/gau-unlimit: ligne 8: `  ($x != "gp7kf" )) unlimit memoryuse'
mkdir: impossible de créer le répertoire « /tmp/lbarnes »: Le fichier existe

real	0m0.745s
user	0m0.336s
sys	0m0.388s
/home/lbarnes/Softwares/G09DSrc-Corr5/g09/bsd/gau-unlimit: ligne 6: unlimit : commande introuvable
/home/lbarnes/Softwares/G09DSrc-Corr5/g09/bsd/gau-unlimit: ligne 8: erreur de syntaxe près du symbole inattendu « unlimit »
/home/lbarnes/Softwares/G09DSrc-Corr5/g09/bsd/gau-unlimit: ligne 8: `  ($x != "gp7kf" )) unlimit memoryuse'
mkdir: impossible de créer le répertoire « /tmp/lbarnes »: Le fichier existe

real	0m0.721s
user	0m0.292s
sys	0m0.408s
/home/lbarnes/Softwares/G09DSrc-Corr5/g09/bsd/gau-unlimit: ligne 6: unlimit : commande introuvable
/home/lbarnes/Softwares/G09DSrc-Corr5/g09/bsd/gau-unlimit: ligne 8: erreur de syntaxe près du symbole inattendu « unlimit »
/home/lbarnes/Softwares/G09DSrc-Corr5/g09/bsd/gau-unlimit: ligne 8: `  ($x != "gp7kf" )) unlimit memoryuse'
mkdir: impossible de créer le répertoire « /tmp/lbarnes »: Le fichier existe

real	0m0.746s
user	0m0.360s
sys	0m0.364s
/home/lbarnes/Softwares/G09DSrc-Corr5/g09/bsd/gau-unlimit: ligne 6: unlimit : commande introuvable
/home/lbarnes/Softwares/G09DSrc-Corr5/g09/bsd/gau-unlimit: ligne 8: erreur de syntaxe près du symbole inattendu « unlimit »
/home/lbarnes/Softwares/G09DSrc-Corr5/g09/bsd/gau-unlimit: ligne 8: `  ($x != "gp7kf" )) unlimit memoryuse'
mkdir: impossible de créer le répertoire « /tmp/lbarnes »: Le fichier existe

real	0m0.681s
user	0m0.324s
sys	0m0.336s
/home/lbarnes/Softwares/G09DSrc-Corr5/g09/bsd/gau-unlimit: ligne 6: unlimit : commande introuvable
/home/lbarnes/Softwares/G09DSrc-Corr5/g09/bsd/gau-unlimit: ligne 8: erreur de syntaxe près du symbole inattendu « unlimit »
/home/lbarnes/Softwares/G09DSrc-Corr5/g09/bsd/gau-unlimit: ligne 8: `  ($x != "gp7kf" )) unlimit memoryuse'
mkdir: impossible de créer le répertoire « /tmp/lbarnes »: Le fichier existe

real	0m0.668s
user	0m0.256s
sys	0m0.392s
/home/lbarnes/Softwares/G09DSrc-Corr5/g09/bsd/gau-unlimit: ligne 6: unlimit : commande introuvable
/home/lbarnes/Softwares/G09DSrc-Corr5/g09/bsd/gau-unlimit: ligne 8: erreur de syntaxe près du symbole inattendu « unlimit »
/home/lbarnes/Softwares/G09DSrc-Corr5/g09/bsd/gau-unlimit: ligne 8: `  ($x != "gp7kf" )) unlimit memoryuse'
mkdir: impossible de créer le répertoire « /tmp/lbarnes »: Le fichier existe

real	0m0.728s
user	0m0.332s
sys	0m0.380s
/home/lbarnes/Softwares/G09DSrc-Corr5/g09/bsd/gau-unlimit: ligne 6: unlimit : commande introuvable
/home/lbarnes/Softwares/G09DSrc-Corr5/g09/bsd/gau-unlimit: ligne 8: erreur de syntaxe près du symbole inattendu « unlimit »
/home/lbarnes/Softwares/G09DSrc-Corr5/g09/bsd/gau-unlimit: ligne 8: `  ($x != "gp7kf" )) unlimit memoryuse'
mkdir: impossible de créer le répertoire « /tmp/lbarnes »: Le fichier existe

real	0m0.755s
user	0m0.284s
sys	0m0.452s
/home/lbarnes/Softwares/G09DSrc-Corr5/g09/bsd/gau-unlimit: ligne 6: unlimit : commande introuvable
/home/lbarnes/Softwares/G09DSrc-Corr5/g09/bsd/gau-unlimit: ligne 8: erreur de syntaxe près du symbole inattendu « unlimit »
/home/lbarnes/Softwares/G09DSrc-Corr5/g09/bsd/gau-unlimit: ligne 8: `  ($x != "gp7kf" )) unlimit memoryuse'
mkdir: impossible de créer le répertoire « /tmp/lbarnes »: Le fichier existe

real	0m0.736s
user	0m0.348s
sys	0m0.368s
/home/lbarnes/Softwares/G09DSrc-Corr5/g09/bsd/gau-unlimit: ligne 6: unlimit : commande introuvable
/home/lbarnes/Softwares/G09DSrc-Corr5/g09/bsd/gau-unlimit: ligne 8: erreur de syntaxe près du symbole inattendu « unlimit »
/home/lbarnes/Softwares/G09DSrc-Corr5/g09/bsd/gau-unlimit: ligne 8: `  ($x != "gp7kf" )) unlimit memoryuse'
mkdir: impossible de créer le répertoire « /tmp/lbarnes »: Le fichier existe

real	0m0.703s
user	0m0.268s
sys	0m0.412s
/home/lbarnes/Softwares/G09DSrc-Corr5/g09/bsd/gau-unlimit: ligne 6: unlimit : commande introuvable
/home/lbarnes/Softwares/G09DSrc-Corr5/g09/bsd/gau-unlimit: ligne 8: erreur de syntaxe près du symbole inattendu « unlimit »
/home/lbarnes/Softwares/G09DSrc-Corr5/g09/bsd/gau-unlimit: ligne 8: `  ($x != "gp7kf" )) unlimit memoryuse'
mkdir: impossible de créer le répertoire « /tmp/lbarnes »: Le fichier existe

real	0m0.727s
user	0m0.312s
sys	0m0.396s
/home/lbarnes/Softwares/G09DSrc-Corr5/g09/bsd/gau-unlimit: ligne 6: unlimit : commande introuvable
/home/lbarnes/Softwares/G09DSrc-Corr5/g09/bsd/gau-unlimit: ligne 8: erreur de syntaxe près du symbole inattendu « unlimit »
/home/lbarnes/Softwares/G09DSrc-Corr5/g09/bsd/gau-unlimit: ligne 8: `  ($x != "gp7kf" )) unlimit memoryuse'
mkdir: impossible de créer le répertoire « /tmp/lbarnes »: Le fichier existe

real	0m0.717s
user	0m0.288s
sys	0m0.408s
/home/lbarnes/Softwares/G09DSrc-Corr5/g09/bsd/gau-unlimit: ligne 6: unlimit : commande introuvable
/home/lbarnes/Softwares/G09DSrc-Corr5/g09/bsd/gau-unlimit: ligne 8: erreur de syntaxe près du symbole inattendu « unlimit »
/home/lbarnes/Softwares/G09DSrc-Corr5/g09/bsd/gau-unlimit: ligne 8: `  ($x != "gp7kf" )) unlimit memoryuse'
mkdir: impossible de créer le répertoire « /tmp/lbarnes »: Le fichier existe

real	0m0.743s
user	0m0.348s
sys	0m0.368s
/home/lbarnes/Softwares/G09DSrc-Corr5/g09/bsd/gau-unlimit: ligne 6: unlimit : commande introuvable
/home/lbarnes/Softwares/G09DSrc-Corr5/g09/bsd/gau-unlimit: ligne 8: erreur de syntaxe près du symbole inattendu « unlimit »
/home/lbarnes/Softwares/G09DSrc-Corr5/g09/bsd/gau-unlimit: ligne 8: `  ($x != "gp7kf" )) unlimit memoryuse'
mkdir: impossible de créer le répertoire « /tmp/lbarnes »: Le fichier existe

real	0m0.740s
user	0m0.280s
sys	0m0.440s
/home/lbarnes/Softwares/G09DSrc-Corr5/g09/bsd/gau-unlimit: ligne 6: unlimit : commande introuvable
/home/lbarnes/Softwares/G09DSrc-Corr5/g09/bsd/gau-unlimit: ligne 8: erreur de syntaxe près du symbole inattendu « unlimit »
/home/lbarnes/Softwares/G09DSrc-Corr5/g09/bsd/gau-unlimit: ligne 8: `  ($x != "gp7kf" )) unlimit memoryuse'
mkdir: impossible de créer le répertoire « /tmp/lbarnes »: Le fichier existe

real	0m0.709s
user	0m0.268s
sys	0m0.420s
/home/lbarnes/Softwares/G09DSrc-Corr5/g09/bsd/gau-unlimit: ligne 6: unlimit : commande introuvable
/home/lbarnes/Softwares/G09DSrc-Corr5/g09/bsd/gau-unlimit: ligne 8: erreur de syntaxe près du symbole inattendu « unlimit »
/home/lbarnes/Softwares/G09DSrc-Corr5/g09/bsd/gau-unlimit: ligne 8: `  ($x != "gp7kf" )) unlimit memoryuse'
mkdir: impossible de créer le répertoire « /tmp/lbarnes »: Le fichier existe

real	0m0.717s
user	0m0.284s
sys	0m0.412s
/home/lbarnes/Softwares/G09DSrc-Corr5/g09/bsd/gau-unlimit: ligne 6: unlimit : commande introuvable
/home/lbarnes/Softwares/G09DSrc-Corr5/g09/bsd/gau-unlimit: ligne 8: erreur de syntaxe près du symbole inattendu « unlimit »
/home/lbarnes/Softwares/G09DSrc-Corr5/g09/bsd/gau-unlimit: ligne 8: `  ($x != "gp7kf" )) unlimit memoryuse'
mkdir: impossible de créer le répertoire « /tmp/lbarnes »: Le fichier existe

real	0m0.706s
user	0m0.312s
sys	0m0.376s
/home/lbarnes/Softwares/G09DSrc-Corr5/g09/bsd/gau-unlimit: ligne 6: unlimit : commande introuvable
/home/lbarnes/Softwares/G09DSrc-Corr5/g09/bsd/gau-unlimit: ligne 8: erreur de syntaxe près du symbole inattendu « unlimit »
/home/lbarnes/Softwares/G09DSrc-Corr5/g09/bsd/gau-unlimit: ligne 8: `  ($x != "gp7kf" )) unlimit memoryuse'
mkdir: impossible de créer le répertoire « /tmp/lbarnes »: Le fichier existe

real	0m0.707s
user	0m0.308s
sys	0m0.380s
/home/lbarnes/Softwares/G09DSrc-Corr5/g09/bsd/gau-unlimit: ligne 6: unlimit : commande introuvable
/home/lbarnes/Softwares/G09DSrc-Corr5/g09/bsd/gau-unlimit: ligne 8: erreur de syntaxe près du symbole inattendu « unlimit »
/home/lbarnes/Softwares/G09DSrc-Corr5/g09/bsd/gau-unlimit: ligne 8: `  ($x != "gp7kf" )) unlimit memoryuse'
mkdir: impossible de créer le répertoire « /tmp/lbarnes »: Le fichier existe

real	0m0.762s
user	0m0.348s
sys	0m0.392s
/home/lbarnes/Softwares/G09DSrc-Corr5/g09/bsd/gau-unlimit: ligne 6: unlimit : commande introuvable
/home/lbarnes/Softwares/G09DSrc-Corr5/g09/bsd/gau-unlimit: ligne 8: erreur de syntaxe près du symbole inattendu « unlimit »
/home/lbarnes/Softwares/G09DSrc-Corr5/g09/bsd/gau-unlimit: ligne 8: `  ($x != "gp7kf" )) unlimit memoryuse'
mkdir: impossible de créer le répertoire « /tmp/lbarnes »: Le fichier existe

real	0m0.787s
user	0m0.376s
sys	0m0.392s
/home/lbarnes/Softwares/G09DSrc-Corr5/g09/bsd/gau-unlimit: ligne 6: unlimit : commande introuvable
/home/lbarnes/Softwares/G09DSrc-Corr5/g09/bsd/gau-unlimit: ligne 8: erreur de syntaxe près du symbole inattendu « unlimit »
/home/lbarnes/Softwares/G09DSrc-Corr5/g09/bsd/gau-unlimit: ligne 8: `  ($x != "gp7kf" )) unlimit memoryuse'
mkdir: impossible de créer le répertoire « /tmp/lbarnes »: Le fichier existe

real	0m0.743s
user	0m0.304s
sys	0m0.416s
/home/lbarnes/Softwares/G09DSrc-Corr5/g09/bsd/gau-unlimit: ligne 6: unlimit : commande introuvable
/home/lbarnes/Softwares/G09DSrc-Corr5/g09/bsd/gau-unlimit: ligne 8: erreur de syntaxe près du symbole inattendu « unlimit »
/home/lbarnes/Softwares/G09DSrc-Corr5/g09/bsd/gau-unlimit: ligne 8: `  ($x != "gp7kf" )) unlimit memoryuse'
mkdir: impossible de créer le répertoire « /tmp/lbarnes »: Le fichier existe

real	0m0.708s
user	0m0.304s
sys	0m0.388s
/home/lbarnes/Softwares/G09DSrc-Corr5/g09/bsd/gau-unlimit: ligne 6: unlimit : commande introuvable
/home/lbarnes/Softwares/G09DSrc-Corr5/g09/bsd/gau-unlimit: ligne 8: erreur de syntaxe près du symbole inattendu « unlimit »
/home/lbarnes/Softwares/G09DSrc-Corr5/g09/bsd/gau-unlimit: ligne 8: `  ($x != "gp7kf" )) unlimit memoryuse'
mkdir: impossible de créer le répertoire « /tmp/lbarnes »: Le fichier existe

real	0m0.698s
user	0m0.332s
sys	0m0.348s
/home/lbarnes/Softwares/G09DSrc-Corr5/g09/bsd/gau-unlimit: ligne 6: unlimit : commande introuvable
/home/lbarnes/Softwares/G09DSrc-Corr5/g09/bsd/gau-unlimit: ligne 8: erreur de syntaxe près du symbole inattendu « unlimit »
/home/lbarnes/Softwares/G09DSrc-Corr5/g09/bsd/gau-unlimit: ligne 8: `  ($x != "gp7kf" )) unlimit memoryuse'
mkdir: impossible de créer le répertoire « /tmp/lbarnes »: Le fichier existe

real	0m0.680s
user	0m0.304s
sys	0m0.356s
/home/lbarnes/Softwares/G09DSrc-Corr5/g09/bsd/gau-unlimit: ligne 6: unlimit : commande introuvable
/home/lbarnes/Softwares/G09DSrc-Corr5/g09/bsd/gau-unlimit: ligne 8: erreur de syntaxe près du symbole inattendu « unlimit »
/home/lbarnes/Softwares/G09DSrc-Corr5/g09/bsd/gau-unlimit: ligne 8: `  ($x != "gp7kf" )) unlimit memoryuse'
mkdir: impossible de créer le répertoire « /tmp/lbarnes »: Le fichier existe

real	0m0.695s
user	0m0.292s
sys	0m0.384s
/home/lbarnes/Softwares/G09DSrc-Corr5/g09/bsd/gau-unlimit: ligne 6: unlimit : commande introuvable
/home/lbarnes/Softwares/G09DSrc-Corr5/g09/bsd/gau-unlimit: ligne 8: erreur de syntaxe près du symbole inattendu « unlimit »
/home/lbarnes/Softwares/G09DSrc-Corr5/g09/bsd/gau-unlimit: ligne 8: `  ($x != "gp7kf" )) unlimit memoryuse'
mkdir: impossible de créer le répertoire « /tmp/lbarnes »: Le fichier existe

real	0m0.734s
user	0m0.316s
sys	0m0.396s
/home/lbarnes/Softwares/G09DSrc-Corr5/g09/bsd/gau-unlimit: ligne 6: unlimit : commande introuvable
/home/lbarnes/Softwares/G09DSrc-Corr5/g09/bsd/gau-unlimit: ligne 8: erreur de syntaxe près du symbole inattendu « unlimit »
/home/lbarnes/Softwares/G09DSrc-Corr5/g09/bsd/gau-unlimit: ligne 8: `  ($x != "gp7kf" )) unlimit memoryuse'
mkdir: impossible de créer le répertoire « /tmp/lbarnes »: Le fichier existe

real	0m0.738s
user	0m0.304s
sys	0m0.416s
/home/lbarnes/Softwares/G09DSrc-Corr5/g09/bsd/gau-unlimit: ligne 6: unlimit : commande introuvable
/home/lbarnes/Softwares/G09DSrc-Corr5/g09/bsd/gau-unlimit: ligne 8: erreur de syntaxe près du symbole inattendu « unlimit »
/home/lbarnes/Softwares/G09DSrc-Corr5/g09/bsd/gau-unlimit: ligne 8: `  ($x != "gp7kf" )) unlimit memoryuse'
mkdir: impossible de créer le répertoire « /tmp/lbarnes »: Le fichier existe

real	0m0.742s
user	0m0.308s
sys	0m0.416s
/home/lbarnes/Softwares/G09DSrc-Corr5/g09/bsd/gau-unlimit: ligne 6: unlimit : commande introuvable
/home/lbarnes/Softwares/G09DSrc-Corr5/g09/bsd/gau-unlimit: ligne 8: erreur de syntaxe près du symbole inattendu « unlimit »
/home/lbarnes/Softwares/G09DSrc-Corr5/g09/bsd/gau-unlimit: ligne 8: `  ($x != "gp7kf" )) unlimit memoryuse'
mkdir: impossible de créer le répertoire « /tmp/lbarnes »: Le fichier existe

real	0m0.738s
user	0m0.324s
sys	0m0.392s
/home/lbarnes/Softwares/G09DSrc-Corr5/g09/bsd/gau-unlimit: ligne 6: unlimit : commande introuvable
/home/lbarnes/Softwares/G09DSrc-Corr5/g09/bsd/gau-unlimit: ligne 8: erreur de syntaxe près du symbole inattendu « unlimit »
/home/lbarnes/Softwares/G09DSrc-Corr5/g09/bsd/gau-unlimit: ligne 8: `  ($x != "gp7kf" )) unlimit memoryuse'
mkdir: impossible de créer le répertoire « /tmp/lbarnes »: Le fichier existe

real	0m0.726s
user	0m0.288s
sys	0m0.416s
/home/lbarnes/Softwares/G09DSrc-Corr5/g09/bsd/gau-unlimit: ligne 6: unlimit : commande introuvable
/home/lbarnes/Softwares/G09DSrc-Corr5/g09/bsd/gau-unlimit: ligne 8: erreur de syntaxe près du symbole inattendu « unlimit »
/home/lbarnes/Softwares/G09DSrc-Corr5/g09/bsd/gau-unlimit: ligne 8: `  ($x != "gp7kf" )) unlimit memoryuse'
mkdir: impossible de créer le répertoire « /tmp/lbarnes »: Le fichier existe

real	0m0.685s
user	0m0.324s
sys	0m0.340s
/home/lbarnes/Softwares/G09DSrc-Corr5/g09/bsd/gau-unlimit: ligne 6: unlimit : commande introuvable
/home/lbarnes/Softwares/G09DSrc-Corr5/g09/bsd/gau-unlimit: ligne 8: erreur de syntaxe près du symbole inattendu « unlimit »
/home/lbarnes/Softwares/G09DSrc-Corr5/g09/bsd/gau-unlimit: ligne 8: `  ($x != "gp7kf" )) unlimit memoryuse'
mkdir: impossible de créer le répertoire « /tmp/lbarnes »: Le fichier existe

real	0m0.705s
user	0m0.308s
sys	0m0.376s
/home/lbarnes/Softwares/G09DSrc-Corr5/g09/bsd/gau-unlimit: ligne 6: unlimit : commande introuvable
/home/lbarnes/Softwares/G09DSrc-Corr5/g09/bsd/gau-unlimit: ligne 8: erreur de syntaxe près du symbole inattendu « unlimit »
/home/lbarnes/Softwares/G09DSrc-Corr5/g09/bsd/gau-unlimit: ligne 8: `  ($x != "gp7kf" )) unlimit memoryuse'
mkdir: impossible de créer le répertoire « /tmp/lbarnes »: Le fichier existe

real	0m0.736s
user	0m0.336s
sys	0m0.376s
/home/lbarnes/Softwares/G09DSrc-Corr5/g09/bsd/gau-unlimit: ligne 6: unlimit : commande introuvable
/home/lbarnes/Softwares/G09DSrc-Corr5/g09/bsd/gau-unlimit: ligne 8: erreur de syntaxe près du symbole inattendu « unlimit »
/home/lbarnes/Softwares/G09DSrc-Corr5/g09/bsd/gau-unlimit: ligne 8: `  ($x != "gp7kf" )) unlimit memoryuse'
mkdir: impossible de créer le répertoire « /tmp/lbarnes »: Le fichier existe

real	0m0.703s
user	0m0.348s
sys	0m0.336s
/home/lbarnes/Softwares/G09DSrc-Corr5/g09/bsd/gau-unlimit: ligne 6: unlimit : commande introuvable
/home/lbarnes/Softwares/G09DSrc-Corr5/g09/bsd/gau-unlimit: ligne 8: erreur de syntaxe près du symbole inattendu « unlimit »
/home/lbarnes/Softwares/G09DSrc-Corr5/g09/bsd/gau-unlimit: ligne 8: `  ($x != "gp7kf" )) unlimit memoryuse'
mkdir: impossible de créer le répertoire « /tmp/lbarnes »: Le fichier existe

real	0m0.704s
user	0m0.288s
sys	0m0.392s
/home/lbarnes/Softwares/G09DSrc-Corr5/g09/bsd/gau-unlimit: ligne 6: unlimit : commande introuvable
/home/lbarnes/Softwares/G09DSrc-Corr5/g09/bsd/gau-unlimit: ligne 8: erreur de syntaxe près du symbole inattendu « unlimit »
/home/lbarnes/Softwares/G09DSrc-Corr5/g09/bsd/gau-unlimit: ligne 8: `  ($x != "gp7kf" )) unlimit memoryuse'
mkdir: impossible de créer le répertoire « /tmp/lbarnes »: Le fichier existe

real	0m0.687s
user	0m0.280s
sys	0m0.392s
/home/lbarnes/Softwares/G09DSrc-Corr5/g09/bsd/gau-unlimit: ligne 6: unlimit : commande introuvable
/home/lbarnes/Softwares/G09DSrc-Corr5/g09/bsd/gau-unlimit: ligne 8: erreur de syntaxe près du symbole inattendu « unlimit »
/home/lbarnes/Softwares/G09DSrc-Corr5/g09/bsd/gau-unlimit: ligne 8: `  ($x != "gp7kf" )) unlimit memoryuse'
mkdir: impossible de créer le répertoire « /tmp/lbarnes »: Le fichier existe

real	0m0.694s
user	0m0.264s
sys	0m0.412s
/home/lbarnes/Softwares/G09DSrc-Corr5/g09/bsd/gau-unlimit: ligne 6: unlimit : commande introuvable
/home/lbarnes/Softwares/G09DSrc-Corr5/g09/bsd/gau-unlimit: ligne 8: erreur de syntaxe près du symbole inattendu « unlimit »
/home/lbarnes/Softwares/G09DSrc-Corr5/g09/bsd/gau-unlimit: ligne 8: `  ($x != "gp7kf" )) unlimit memoryuse'
mkdir: impossible de créer le répertoire « /tmp/lbarnes »: Le fichier existe

real	0m0.722s
user	0m0.316s
sys	0m0.384s
/home/lbarnes/Softwares/G09DSrc-Corr5/g09/bsd/gau-unlimit: ligne 6: unlimit : commande introuvable
/home/lbarnes/Softwares/G09DSrc-Corr5/g09/bsd/gau-unlimit: ligne 8: erreur de syntaxe près du symbole inattendu « unlimit »
/home/lbarnes/Softwares/G09DSrc-Corr5/g09/bsd/gau-unlimit: ligne 8: `  ($x != "gp7kf" )) unlimit memoryuse'
mkdir: impossible de créer le répertoire « /tmp/lbarnes »: Le fichier existe

real	0m0.774s
user	0m0.352s
sys	0m0.400s
mkdir: impossible de créer le répertoire « /tmp/igvpt2_24614 »: Le fichier existe
/home/lbarnes/Softwares/G09DSrc-Corr5/g09/bsd/gau-unlimit: ligne 6: unlimit : commande introuvable
/home/lbarnes/Softwares/G09DSrc-Corr5/g09/bsd/gau-unlimit: ligne 8: erreur de syntaxe près du symbole inattendu « unlimit »
/home/lbarnes/Softwares/G09DSrc-Corr5/g09/bsd/gau-unlimit: ligne 8: `  ($x != "gp7kf" )) unlimit memoryuse'
mkdir: impossible de créer le répertoire « /tmp/lbarnes »: Le fichier existe

real	0m0.709s
user	0m0.348s
sys	0m0.344s
/home/lbarnes/Softwares/G09DSrc-Corr5/g09/bsd/gau-unlimit: ligne 6: unlimit : commande introuvable
/home/lbarnes/Softwares/G09DSrc-Corr5/g09/bsd/gau-unlimit: ligne 8: erreur de syntaxe près du symbole inattendu « unlimit »
/home/lbarnes/Softwares/G09DSrc-Corr5/g09/bsd/gau-unlimit: ligne 8: `  ($x != "gp7kf" )) unlimit memoryuse'
mkdir: impossible de créer le répertoire « /tmp/lbarnes »: Le fichier existe

real	0m0.727s
user	0m0.332s
sys	0m0.372s
/home/lbarnes/Softwares/G09DSrc-Corr5/g09/bsd/gau-unlimit: ligne 6: unlimit : commande introuvable
/home/lbarnes/Softwares/G09DSrc-Corr5/g09/bsd/gau-unlimit: ligne 8: erreur de syntaxe près du symbole inattendu « unlimit »
/home/lbarnes/Softwares/G09DSrc-Corr5/g09/bsd/gau-unlimit: ligne 8: `  ($x != "gp7kf" )) unlimit memoryuse'
mkdir: impossible de créer le répertoire « /tmp/lbarnes »: Le fichier existe

real	0m0.737s
user	0m0.300s
sys	0m0.416s
