cp: impossible d'évaluer « /home/lbarnes/iGVPT2/examples/QFFGaussianHybridB3LYPHF/*.gab »: Aucun fichier ou dossier de ce type
/home/lbarnes/Softwares/G09DSrc-Corr5/g09/bsd/gau-unlimit: ligne 6: unlimit : commande introuvable
/home/lbarnes/Softwares/G09DSrc-Corr5/g09/bsd/gau-unlimit: ligne 8: erreur de syntaxe près du symbole inattendu « unlimit »
/home/lbarnes/Softwares/G09DSrc-Corr5/g09/bsd/gau-unlimit: ligne 8: `  ($x != "gp7kf" )) unlimit memoryuse'
mkdir: impossible de créer le répertoire « /tmp/lbarnes »: Le fichier existe

real	0m0.980s
user	0m0.544s
sys	0m0.416s
/home/lbarnes/Softwares/G09DSrc-Corr5/g09/bsd/gau-unlimit: ligne 6: unlimit : commande introuvable
/home/lbarnes/Softwares/G09DSrc-Corr5/g09/bsd/gau-unlimit: ligne 8: erreur de syntaxe près du symbole inattendu « unlimit »
/home/lbarnes/Softwares/G09DSrc-Corr5/g09/bsd/gau-unlimit: ligne 8: `  ($x != "gp7kf" )) unlimit memoryuse'
mkdir: impossible de créer le répertoire « /tmp/lbarnes »: Le fichier existe

real	0m1.001s
user	0m0.580s
sys	0m0.396s
/home/lbarnes/Softwares/G09DSrc-Corr5/g09/bsd/gau-unlimit: ligne 6: unlimit : commande introuvable
/home/lbarnes/Softwares/G09DSrc-Corr5/g09/bsd/gau-unlimit: ligne 8: erreur de syntaxe près du symbole inattendu « unlimit »
/home/lbarnes/Softwares/G09DSrc-Corr5/g09/bsd/gau-unlimit: ligne 8: `  ($x != "gp7kf" )) unlimit memoryuse'
mkdir: impossible de créer le répertoire « /tmp/lbarnes »: Le fichier existe

real	0m0.839s
user	0m0.480s
sys	0m0.336s
/home/lbarnes/Softwares/G09DSrc-Corr5/g09/bsd/gau-unlimit: ligne 6: unlimit : commande introuvable
/home/lbarnes/Softwares/G09DSrc-Corr5/g09/bsd/gau-unlimit: ligne 8: erreur de syntaxe près du symbole inattendu « unlimit »
/home/lbarnes/Softwares/G09DSrc-Corr5/g09/bsd/gau-unlimit: ligne 8: `  ($x != "gp7kf" )) unlimit memoryuse'
mkdir: impossible de créer le répertoire « /tmp/lbarnes »: Le fichier existe

real	0m0.898s
user	0m0.520s
sys	0m0.360s
/home/lbarnes/Softwares/G09DSrc-Corr5/g09/bsd/gau-unlimit: ligne 6: unlimit : commande introuvable
/home/lbarnes/Softwares/G09DSrc-Corr5/g09/bsd/gau-unlimit: ligne 8: erreur de syntaxe près du symbole inattendu « unlimit »
/home/lbarnes/Softwares/G09DSrc-Corr5/g09/bsd/gau-unlimit: ligne 8: `  ($x != "gp7kf" )) unlimit memoryuse'
mkdir: impossible de créer le répertoire « /tmp/lbarnes »: Le fichier existe

real	0m0.894s
user	0m0.528s
sys	0m0.344s
/home/lbarnes/Softwares/G09DSrc-Corr5/g09/bsd/gau-unlimit: ligne 6: unlimit : commande introuvable
/home/lbarnes/Softwares/G09DSrc-Corr5/g09/bsd/gau-unlimit: ligne 8: erreur de syntaxe près du symbole inattendu « unlimit »
/home/lbarnes/Softwares/G09DSrc-Corr5/g09/bsd/gau-unlimit: ligne 8: `  ($x != "gp7kf" )) unlimit memoryuse'
mkdir: impossible de créer le répertoire « /tmp/lbarnes »: Le fichier existe

real	0m0.958s
user	0m0.536s
sys	0m0.396s
/home/lbarnes/Softwares/G09DSrc-Corr5/g09/bsd/gau-unlimit: ligne 6: unlimit : commande introuvable
/home/lbarnes/Softwares/G09DSrc-Corr5/g09/bsd/gau-unlimit: ligne 8: erreur de syntaxe près du symbole inattendu « unlimit »
/home/lbarnes/Softwares/G09DSrc-Corr5/g09/bsd/gau-unlimit: ligne 8: `  ($x != "gp7kf" )) unlimit memoryuse'
mkdir: impossible de créer le répertoire « /tmp/lbarnes »: Le fichier existe

real	0m0.983s
user	0m0.512s
sys	0m0.456s
/home/lbarnes/Softwares/G09DSrc-Corr5/g09/bsd/gau-unlimit: ligne 6: unlimit : commande introuvable
/home/lbarnes/Softwares/G09DSrc-Corr5/g09/bsd/gau-unlimit: ligne 8: erreur de syntaxe près du symbole inattendu « unlimit »
/home/lbarnes/Softwares/G09DSrc-Corr5/g09/bsd/gau-unlimit: ligne 8: `  ($x != "gp7kf" )) unlimit memoryuse'
mkdir: impossible de créer le répertoire « /tmp/lbarnes »: Le fichier existe

real	0m0.861s
user	0m0.452s
sys	0m0.388s
/home/lbarnes/Softwares/G09DSrc-Corr5/g09/bsd/gau-unlimit: ligne 6: unlimit : commande introuvable
/home/lbarnes/Softwares/G09DSrc-Corr5/g09/bsd/gau-unlimit: ligne 8: erreur de syntaxe près du symbole inattendu « unlimit »
/home/lbarnes/Softwares/G09DSrc-Corr5/g09/bsd/gau-unlimit: ligne 8: `  ($x != "gp7kf" )) unlimit memoryuse'
mkdir: impossible de créer le répertoire « /tmp/lbarnes »: Le fichier existe

real	0m0.865s
user	0m0.496s
sys	0m0.348s
/home/lbarnes/Softwares/G09DSrc-Corr5/g09/bsd/gau-unlimit: ligne 6: unlimit : commande introuvable
/home/lbarnes/Softwares/G09DSrc-Corr5/g09/bsd/gau-unlimit: ligne 8: erreur de syntaxe près du symbole inattendu « unlimit »
/home/lbarnes/Softwares/G09DSrc-Corr5/g09/bsd/gau-unlimit: ligne 8: `  ($x != "gp7kf" )) unlimit memoryuse'
mkdir: impossible de créer le répertoire « /tmp/lbarnes »: Le fichier existe

real	0m0.894s
user	0m0.536s
sys	0m0.340s
/home/lbarnes/Softwares/G09DSrc-Corr5/g09/bsd/gau-unlimit: ligne 6: unlimit : commande introuvable
/home/lbarnes/Softwares/G09DSrc-Corr5/g09/bsd/gau-unlimit: ligne 8: erreur de syntaxe près du symbole inattendu « unlimit »
/home/lbarnes/Softwares/G09DSrc-Corr5/g09/bsd/gau-unlimit: ligne 8: `  ($x != "gp7kf" )) unlimit memoryuse'
mkdir: impossible de créer le répertoire « /tmp/lbarnes »: Le fichier existe

real	0m0.879s
user	0m0.492s
sys	0m0.364s
/home/lbarnes/Softwares/G09DSrc-Corr5/g09/bsd/gau-unlimit: ligne 6: unlimit : commande introuvable
/home/lbarnes/Softwares/G09DSrc-Corr5/g09/bsd/gau-unlimit: ligne 8: erreur de syntaxe près du symbole inattendu « unlimit »
/home/lbarnes/Softwares/G09DSrc-Corr5/g09/bsd/gau-unlimit: ligne 8: `  ($x != "gp7kf" )) unlimit memoryuse'
mkdir: impossible de créer le répertoire « /tmp/lbarnes »: Le fichier existe

real	0m0.873s
user	0m0.492s
sys	0m0.364s
/home/lbarnes/Softwares/G09DSrc-Corr5/g09/bsd/gau-unlimit: ligne 6: unlimit : commande introuvable
/home/lbarnes/Softwares/G09DSrc-Corr5/g09/bsd/gau-unlimit: ligne 8: erreur de syntaxe près du symbole inattendu « unlimit »
/home/lbarnes/Softwares/G09DSrc-Corr5/g09/bsd/gau-unlimit: ligne 8: `  ($x != "gp7kf" )) unlimit memoryuse'
mkdir: impossible de créer le répertoire « /tmp/lbarnes »: Le fichier existe

real	0m0.898s
user	0m0.512s
sys	0m0.364s
/home/lbarnes/Softwares/G09DSrc-Corr5/g09/bsd/gau-unlimit: ligne 6: unlimit : commande introuvable
/home/lbarnes/Softwares/G09DSrc-Corr5/g09/bsd/gau-unlimit: ligne 8: erreur de syntaxe près du symbole inattendu « unlimit »
/home/lbarnes/Softwares/G09DSrc-Corr5/g09/bsd/gau-unlimit: ligne 8: `  ($x != "gp7kf" )) unlimit memoryuse'
mkdir: impossible de créer le répertoire « /tmp/lbarnes »: Le fichier existe

real	0m0.893s
user	0m0.492s
sys	0m0.384s
/home/lbarnes/Softwares/G09DSrc-Corr5/g09/bsd/gau-unlimit: ligne 6: unlimit : commande introuvable
/home/lbarnes/Softwares/G09DSrc-Corr5/g09/bsd/gau-unlimit: ligne 8: erreur de syntaxe près du symbole inattendu « unlimit »
/home/lbarnes/Softwares/G09DSrc-Corr5/g09/bsd/gau-unlimit: ligne 8: `  ($x != "gp7kf" )) unlimit memoryuse'
mkdir: impossible de créer le répertoire « /tmp/lbarnes »: Le fichier existe

real	0m0.880s
user	0m0.500s
sys	0m0.360s
/home/lbarnes/Softwares/G09DSrc-Corr5/g09/bsd/gau-unlimit: ligne 6: unlimit : commande introuvable
/home/lbarnes/Softwares/G09DSrc-Corr5/g09/bsd/gau-unlimit: ligne 8: erreur de syntaxe près du symbole inattendu « unlimit »
/home/lbarnes/Softwares/G09DSrc-Corr5/g09/bsd/gau-unlimit: ligne 8: `  ($x != "gp7kf" )) unlimit memoryuse'
mkdir: impossible de créer le répertoire « /tmp/lbarnes »: Le fichier existe

real	0m0.918s
user	0m0.528s
sys	0m0.368s
/home/lbarnes/Softwares/G09DSrc-Corr5/g09/bsd/gau-unlimit: ligne 6: unlimit : commande introuvable
/home/lbarnes/Softwares/G09DSrc-Corr5/g09/bsd/gau-unlimit: ligne 8: erreur de syntaxe près du symbole inattendu « unlimit »
/home/lbarnes/Softwares/G09DSrc-Corr5/g09/bsd/gau-unlimit: ligne 8: `  ($x != "gp7kf" )) unlimit memoryuse'
mkdir: impossible de créer le répertoire « /tmp/lbarnes »: Le fichier existe

real	0m0.863s
user	0m0.520s
sys	0m0.324s
/home/lbarnes/Softwares/G09DSrc-Corr5/g09/bsd/gau-unlimit: ligne 6: unlimit : commande introuvable
/home/lbarnes/Softwares/G09DSrc-Corr5/g09/bsd/gau-unlimit: ligne 8: erreur de syntaxe près du symbole inattendu « unlimit »
/home/lbarnes/Softwares/G09DSrc-Corr5/g09/bsd/gau-unlimit: ligne 8: `  ($x != "gp7kf" )) unlimit memoryuse'
mkdir: impossible de créer le répertoire « /tmp/lbarnes »: Le fichier existe

real	0m0.858s
user	0m0.496s
sys	0m0.344s
/home/lbarnes/Softwares/G09DSrc-Corr5/g09/bsd/gau-unlimit: ligne 6: unlimit : commande introuvable
/home/lbarnes/Softwares/G09DSrc-Corr5/g09/bsd/gau-unlimit: ligne 8: erreur de syntaxe près du symbole inattendu « unlimit »
/home/lbarnes/Softwares/G09DSrc-Corr5/g09/bsd/gau-unlimit: ligne 8: `  ($x != "gp7kf" )) unlimit memoryuse'
mkdir: impossible de créer le répertoire « /tmp/lbarnes »: Le fichier existe

real	0m0.916s
user	0m0.524s
sys	0m0.372s
/home/lbarnes/Softwares/G09DSrc-Corr5/g09/bsd/gau-unlimit: ligne 6: unlimit : commande introuvable
/home/lbarnes/Softwares/G09DSrc-Corr5/g09/bsd/gau-unlimit: ligne 8: erreur de syntaxe près du symbole inattendu « unlimit »
/home/lbarnes/Softwares/G09DSrc-Corr5/g09/bsd/gau-unlimit: ligne 8: `  ($x != "gp7kf" )) unlimit memoryuse'
mkdir: impossible de créer le répertoire « /tmp/lbarnes »: Le fichier existe

real	0m0.893s
user	0m0.492s
sys	0m0.380s
/home/lbarnes/Softwares/G09DSrc-Corr5/g09/bsd/gau-unlimit: ligne 6: unlimit : commande introuvable
/home/lbarnes/Softwares/G09DSrc-Corr5/g09/bsd/gau-unlimit: ligne 8: erreur de syntaxe près du symbole inattendu « unlimit »
/home/lbarnes/Softwares/G09DSrc-Corr5/g09/bsd/gau-unlimit: ligne 8: `  ($x != "gp7kf" )) unlimit memoryuse'
mkdir: impossible de créer le répertoire « /tmp/lbarnes »: Le fichier existe

real	0m0.912s
user	0m0.504s
sys	0m0.388s
/home/lbarnes/Softwares/G09DSrc-Corr5/g09/bsd/gau-unlimit: ligne 6: unlimit : commande introuvable
/home/lbarnes/Softwares/G09DSrc-Corr5/g09/bsd/gau-unlimit: ligne 8: erreur de syntaxe près du symbole inattendu « unlimit »
/home/lbarnes/Softwares/G09DSrc-Corr5/g09/bsd/gau-unlimit: ligne 8: `  ($x != "gp7kf" )) unlimit memoryuse'
mkdir: impossible de créer le répertoire « /tmp/lbarnes »: Le fichier existe

real	0m0.882s
user	0m0.532s
sys	0m0.332s
/home/lbarnes/Softwares/G09DSrc-Corr5/g09/bsd/gau-unlimit: ligne 6: unlimit : commande introuvable
/home/lbarnes/Softwares/G09DSrc-Corr5/g09/bsd/gau-unlimit: ligne 8: erreur de syntaxe près du symbole inattendu « unlimit »
/home/lbarnes/Softwares/G09DSrc-Corr5/g09/bsd/gau-unlimit: ligne 8: `  ($x != "gp7kf" )) unlimit memoryuse'
mkdir: impossible de créer le répertoire « /tmp/lbarnes »: Le fichier existe

real	0m0.862s
user	0m0.520s
sys	0m0.316s
/home/lbarnes/Softwares/G09DSrc-Corr5/g09/bsd/gau-unlimit: ligne 6: unlimit : commande introuvable
/home/lbarnes/Softwares/G09DSrc-Corr5/g09/bsd/gau-unlimit: ligne 8: erreur de syntaxe près du symbole inattendu « unlimit »
/home/lbarnes/Softwares/G09DSrc-Corr5/g09/bsd/gau-unlimit: ligne 8: `  ($x != "gp7kf" )) unlimit memoryuse'
mkdir: impossible de créer le répertoire « /tmp/lbarnes »: Le fichier existe

real	0m0.905s
user	0m0.528s
sys	0m0.356s
/home/lbarnes/Softwares/G09DSrc-Corr5/g09/bsd/gau-unlimit: ligne 6: unlimit : commande introuvable
/home/lbarnes/Softwares/G09DSrc-Corr5/g09/bsd/gau-unlimit: ligne 8: erreur de syntaxe près du symbole inattendu « unlimit »
/home/lbarnes/Softwares/G09DSrc-Corr5/g09/bsd/gau-unlimit: ligne 8: `  ($x != "gp7kf" )) unlimit memoryuse'
mkdir: impossible de créer le répertoire « /tmp/lbarnes »: Le fichier existe

real	0m0.921s
user	0m0.528s
sys	0m0.372s
/home/lbarnes/Softwares/G09DSrc-Corr5/g09/bsd/gau-unlimit: ligne 6: unlimit : commande introuvable
/home/lbarnes/Softwares/G09DSrc-Corr5/g09/bsd/gau-unlimit: ligne 8: erreur de syntaxe près du symbole inattendu « unlimit »
/home/lbarnes/Softwares/G09DSrc-Corr5/g09/bsd/gau-unlimit: ligne 8: `  ($x != "gp7kf" )) unlimit memoryuse'
mkdir: impossible de créer le répertoire « /tmp/lbarnes »: Le fichier existe

real	0m0.877s
user	0m0.468s
sys	0m0.388s
/home/lbarnes/Softwares/G09DSrc-Corr5/g09/bsd/gau-unlimit: ligne 6: unlimit : commande introuvable
/home/lbarnes/Softwares/G09DSrc-Corr5/g09/bsd/gau-unlimit: ligne 8: erreur de syntaxe près du symbole inattendu « unlimit »
/home/lbarnes/Softwares/G09DSrc-Corr5/g09/bsd/gau-unlimit: ligne 8: `  ($x != "gp7kf" )) unlimit memoryuse'
mkdir: impossible de créer le répertoire « /tmp/lbarnes »: Le fichier existe

real	0m0.953s
user	0m0.520s
sys	0m0.416s
/home/lbarnes/Softwares/G09DSrc-Corr5/g09/bsd/gau-unlimit: ligne 6: unlimit : commande introuvable
/home/lbarnes/Softwares/G09DSrc-Corr5/g09/bsd/gau-unlimit: ligne 8: erreur de syntaxe près du symbole inattendu « unlimit »
/home/lbarnes/Softwares/G09DSrc-Corr5/g09/bsd/gau-unlimit: ligne 8: `  ($x != "gp7kf" )) unlimit memoryuse'
mkdir: impossible de créer le répertoire « /tmp/lbarnes »: Le fichier existe

real	0m0.888s
user	0m0.508s
sys	0m0.356s
/home/lbarnes/Softwares/G09DSrc-Corr5/g09/bsd/gau-unlimit: ligne 6: unlimit : commande introuvable
/home/lbarnes/Softwares/G09DSrc-Corr5/g09/bsd/gau-unlimit: ligne 8: erreur de syntaxe près du symbole inattendu « unlimit »
/home/lbarnes/Softwares/G09DSrc-Corr5/g09/bsd/gau-unlimit: ligne 8: `  ($x != "gp7kf" )) unlimit memoryuse'
mkdir: impossible de créer le répertoire « /tmp/lbarnes »: Le fichier existe

real	0m0.957s
user	0m0.564s
sys	0m0.372s
/home/lbarnes/Softwares/G09DSrc-Corr5/g09/bsd/gau-unlimit: ligne 6: unlimit : commande introuvable
/home/lbarnes/Softwares/G09DSrc-Corr5/g09/bsd/gau-unlimit: ligne 8: erreur de syntaxe près du symbole inattendu « unlimit »
/home/lbarnes/Softwares/G09DSrc-Corr5/g09/bsd/gau-unlimit: ligne 8: `  ($x != "gp7kf" )) unlimit memoryuse'
mkdir: impossible de créer le répertoire « /tmp/lbarnes »: Le fichier existe

real	0m0.934s
user	0m0.496s
sys	0m0.420s
/home/lbarnes/Softwares/G09DSrc-Corr5/g09/bsd/gau-unlimit: ligne 6: unlimit : commande introuvable
/home/lbarnes/Softwares/G09DSrc-Corr5/g09/bsd/gau-unlimit: ligne 8: erreur de syntaxe près du symbole inattendu « unlimit »
/home/lbarnes/Softwares/G09DSrc-Corr5/g09/bsd/gau-unlimit: ligne 8: `  ($x != "gp7kf" )) unlimit memoryuse'
mkdir: impossible de créer le répertoire « /tmp/lbarnes »: Le fichier existe

real	0m0.909s
user	0m0.588s
sys	0m0.300s
/home/lbarnes/Softwares/G09DSrc-Corr5/g09/bsd/gau-unlimit: ligne 6: unlimit : commande introuvable
/home/lbarnes/Softwares/G09DSrc-Corr5/g09/bsd/gau-unlimit: ligne 8: erreur de syntaxe près du symbole inattendu « unlimit »
/home/lbarnes/Softwares/G09DSrc-Corr5/g09/bsd/gau-unlimit: ligne 8: `  ($x != "gp7kf" )) unlimit memoryuse'
mkdir: impossible de créer le répertoire « /tmp/lbarnes »: Le fichier existe

real	0m0.998s
user	0m0.572s
sys	0m0.404s
/home/lbarnes/Softwares/G09DSrc-Corr5/g09/bsd/gau-unlimit: ligne 6: unlimit : commande introuvable
/home/lbarnes/Softwares/G09DSrc-Corr5/g09/bsd/gau-unlimit: ligne 8: erreur de syntaxe près du symbole inattendu « unlimit »
/home/lbarnes/Softwares/G09DSrc-Corr5/g09/bsd/gau-unlimit: ligne 8: `  ($x != "gp7kf" )) unlimit memoryuse'
mkdir: impossible de créer le répertoire « /tmp/lbarnes »: Le fichier existe

real	0m0.993s
user	0m0.520s
sys	0m0.456s
/home/lbarnes/Softwares/G09DSrc-Corr5/g09/bsd/gau-unlimit: ligne 6: unlimit : commande introuvable
/home/lbarnes/Softwares/G09DSrc-Corr5/g09/bsd/gau-unlimit: ligne 8: erreur de syntaxe près du symbole inattendu « unlimit »
/home/lbarnes/Softwares/G09DSrc-Corr5/g09/bsd/gau-unlimit: ligne 8: `  ($x != "gp7kf" )) unlimit memoryuse'
mkdir: impossible de créer le répertoire « /tmp/lbarnes »: Le fichier existe

real	0m0.907s
user	0m0.516s
sys	0m0.372s
/home/lbarnes/Softwares/G09DSrc-Corr5/g09/bsd/gau-unlimit: ligne 6: unlimit : commande introuvable
/home/lbarnes/Softwares/G09DSrc-Corr5/g09/bsd/gau-unlimit: ligne 8: erreur de syntaxe près du symbole inattendu « unlimit »
/home/lbarnes/Softwares/G09DSrc-Corr5/g09/bsd/gau-unlimit: ligne 8: `  ($x != "gp7kf" )) unlimit memoryuse'
mkdir: impossible de créer le répertoire « /tmp/lbarnes »: Le fichier existe

real	0m0.931s
user	0m0.508s
sys	0m0.404s
mkdir: impossible de créer le répertoire « /tmp/igvpt2_5331 »: Le fichier existe
/home/lbarnes/Softwares/G09DSrc-Corr5/g09/bsd/gau-unlimit: ligne 6: unlimit : commande introuvable
/home/lbarnes/Softwares/G09DSrc-Corr5/g09/bsd/gau-unlimit: ligne 8: erreur de syntaxe près du symbole inattendu « unlimit »
/home/lbarnes/Softwares/G09DSrc-Corr5/g09/bsd/gau-unlimit: ligne 8: `  ($x != "gp7kf" )) unlimit memoryuse'
mkdir: impossible de créer le répertoire « /tmp/lbarnes »: Le fichier existe

real	0m0.985s
user	0m0.532s
sys	0m0.432s
/home/lbarnes/Softwares/G09DSrc-Corr5/g09/bsd/gau-unlimit: ligne 6: unlimit : commande introuvable
/home/lbarnes/Softwares/G09DSrc-Corr5/g09/bsd/gau-unlimit: ligne 8: erreur de syntaxe près du symbole inattendu « unlimit »
/home/lbarnes/Softwares/G09DSrc-Corr5/g09/bsd/gau-unlimit: ligne 8: `  ($x != "gp7kf" )) unlimit memoryuse'
mkdir: impossible de créer le répertoire « /tmp/lbarnes »: Le fichier existe

real	0m0.958s
user	0m0.532s
sys	0m0.404s
/home/lbarnes/Softwares/G09DSrc-Corr5/g09/bsd/gau-unlimit: ligne 6: unlimit : commande introuvable
/home/lbarnes/Softwares/G09DSrc-Corr5/g09/bsd/gau-unlimit: ligne 8: erreur de syntaxe près du symbole inattendu « unlimit »
/home/lbarnes/Softwares/G09DSrc-Corr5/g09/bsd/gau-unlimit: ligne 8: `  ($x != "gp7kf" )) unlimit memoryuse'
mkdir: impossible de créer le répertoire « /tmp/lbarnes »: Le fichier existe

real	0m0.941s
user	0m0.528s
sys	0m0.392s
/home/lbarnes/Softwares/G09DSrc-Corr5/g09/bsd/gau-unlimit: ligne 6: unlimit : commande introuvable
/home/lbarnes/Softwares/G09DSrc-Corr5/g09/bsd/gau-unlimit: ligne 8: erreur de syntaxe près du symbole inattendu « unlimit »
/home/lbarnes/Softwares/G09DSrc-Corr5/g09/bsd/gau-unlimit: ligne 8: `  ($x != "gp7kf" )) unlimit memoryuse'
mkdir: impossible de créer le répertoire « /tmp/lbarnes »: Le fichier existe

real	0m0.922s
user	0m0.496s
sys	0m0.404s
/home/lbarnes/Softwares/G09DSrc-Corr5/g09/bsd/gau-unlimit: ligne 6: unlimit : commande introuvable
/home/lbarnes/Softwares/G09DSrc-Corr5/g09/bsd/gau-unlimit: ligne 8: erreur de syntaxe près du symbole inattendu « unlimit »
/home/lbarnes/Softwares/G09DSrc-Corr5/g09/bsd/gau-unlimit: ligne 8: `  ($x != "gp7kf" )) unlimit memoryuse'
mkdir: impossible de créer le répertoire « /tmp/lbarnes »: Le fichier existe

real	0m0.857s
user	0m0.488s
sys	0m0.352s
/home/lbarnes/Softwares/G09DSrc-Corr5/g09/bsd/gau-unlimit: ligne 6: unlimit : commande introuvable
/home/lbarnes/Softwares/G09DSrc-Corr5/g09/bsd/gau-unlimit: ligne 8: erreur de syntaxe près du symbole inattendu « unlimit »
/home/lbarnes/Softwares/G09DSrc-Corr5/g09/bsd/gau-unlimit: ligne 8: `  ($x != "gp7kf" )) unlimit memoryuse'
mkdir: impossible de créer le répertoire « /tmp/lbarnes »: Le fichier existe

real	0m0.908s
user	0m0.472s
sys	0m0.420s
/home/lbarnes/Softwares/G09DSrc-Corr5/g09/bsd/gau-unlimit: ligne 6: unlimit : commande introuvable
/home/lbarnes/Softwares/G09DSrc-Corr5/g09/bsd/gau-unlimit: ligne 8: erreur de syntaxe près du symbole inattendu « unlimit »
/home/lbarnes/Softwares/G09DSrc-Corr5/g09/bsd/gau-unlimit: ligne 8: `  ($x != "gp7kf" )) unlimit memoryuse'
mkdir: impossible de créer le répertoire « /tmp/lbarnes »: Le fichier existe

real	0m0.937s
user	0m0.568s
sys	0m0.344s
/home/lbarnes/Softwares/G09DSrc-Corr5/g09/bsd/gau-unlimit: ligne 6: unlimit : commande introuvable
/home/lbarnes/Softwares/G09DSrc-Corr5/g09/bsd/gau-unlimit: ligne 8: erreur de syntaxe près du symbole inattendu « unlimit »
/home/lbarnes/Softwares/G09DSrc-Corr5/g09/bsd/gau-unlimit: ligne 8: `  ($x != "gp7kf" )) unlimit memoryuse'
mkdir: impossible de créer le répertoire « /tmp/lbarnes »: Le fichier existe

real	0m0.853s
user	0m0.476s
sys	0m0.356s
/home/lbarnes/Softwares/G09DSrc-Corr5/g09/bsd/gau-unlimit: ligne 6: unlimit : commande introuvable
/home/lbarnes/Softwares/G09DSrc-Corr5/g09/bsd/gau-unlimit: ligne 8: erreur de syntaxe près du symbole inattendu « unlimit »
/home/lbarnes/Softwares/G09DSrc-Corr5/g09/bsd/gau-unlimit: ligne 8: `  ($x != "gp7kf" )) unlimit memoryuse'
mkdir: impossible de créer le répertoire « /tmp/lbarnes »: Le fichier existe

real	0m0.890s
user	0m0.492s
sys	0m0.376s
/home/lbarnes/Softwares/G09DSrc-Corr5/g09/bsd/gau-unlimit: ligne 6: unlimit : commande introuvable
/home/lbarnes/Softwares/G09DSrc-Corr5/g09/bsd/gau-unlimit: ligne 8: erreur de syntaxe près du symbole inattendu « unlimit »
/home/lbarnes/Softwares/G09DSrc-Corr5/g09/bsd/gau-unlimit: ligne 8: `  ($x != "gp7kf" )) unlimit memoryuse'
mkdir: impossible de créer le répertoire « /tmp/lbarnes »: Le fichier existe

real	0m0.996s
user	0m0.548s
sys	0m0.424s
/home/lbarnes/Softwares/G09DSrc-Corr5/g09/bsd/gau-unlimit: ligne 6: unlimit : commande introuvable
/home/lbarnes/Softwares/G09DSrc-Corr5/g09/bsd/gau-unlimit: ligne 8: erreur de syntaxe près du symbole inattendu « unlimit »
/home/lbarnes/Softwares/G09DSrc-Corr5/g09/bsd/gau-unlimit: ligne 8: `  ($x != "gp7kf" )) unlimit memoryuse'
mkdir: impossible de créer le répertoire « /tmp/lbarnes »: Le fichier existe

real	0m0.895s
user	0m0.500s
sys	0m0.376s
/home/lbarnes/Softwares/G09DSrc-Corr5/g09/bsd/gau-unlimit: ligne 6: unlimit : commande introuvable
/home/lbarnes/Softwares/G09DSrc-Corr5/g09/bsd/gau-unlimit: ligne 8: erreur de syntaxe près du symbole inattendu « unlimit »
/home/lbarnes/Softwares/G09DSrc-Corr5/g09/bsd/gau-unlimit: ligne 8: `  ($x != "gp7kf" )) unlimit memoryuse'
mkdir: impossible de créer le répertoire « /tmp/lbarnes »: Le fichier existe

real	0m0.817s
user	0m0.468s
sys	0m0.332s
/home/lbarnes/Softwares/G09DSrc-Corr5/g09/bsd/gau-unlimit: ligne 6: unlimit : commande introuvable
/home/lbarnes/Softwares/G09DSrc-Corr5/g09/bsd/gau-unlimit: ligne 8: erreur de syntaxe près du symbole inattendu « unlimit »
/home/lbarnes/Softwares/G09DSrc-Corr5/g09/bsd/gau-unlimit: ligne 8: `  ($x != "gp7kf" )) unlimit memoryuse'
mkdir: impossible de créer le répertoire « /tmp/lbarnes »: Le fichier existe

real	0m0.836s
user	0m0.460s
sys	0m0.356s
/home/lbarnes/Softwares/G09DSrc-Corr5/g09/bsd/gau-unlimit: ligne 6: unlimit : commande introuvable
/home/lbarnes/Softwares/G09DSrc-Corr5/g09/bsd/gau-unlimit: ligne 8: erreur de syntaxe près du symbole inattendu « unlimit »
/home/lbarnes/Softwares/G09DSrc-Corr5/g09/bsd/gau-unlimit: ligne 8: `  ($x != "gp7kf" )) unlimit memoryuse'
mkdir: impossible de créer le répertoire « /tmp/lbarnes »: Le fichier existe

real	0m0.894s
user	0m0.520s
sys	0m0.356s
/home/lbarnes/Softwares/G09DSrc-Corr5/g09/bsd/gau-unlimit: ligne 6: unlimit : commande introuvable
/home/lbarnes/Softwares/G09DSrc-Corr5/g09/bsd/gau-unlimit: ligne 8: erreur de syntaxe près du symbole inattendu « unlimit »
/home/lbarnes/Softwares/G09DSrc-Corr5/g09/bsd/gau-unlimit: ligne 8: `  ($x != "gp7kf" )) unlimit memoryuse'
mkdir: impossible de créer le répertoire « /tmp/lbarnes »: Le fichier existe

real	0m0.839s
user	0m0.504s
sys	0m0.320s
/home/lbarnes/Softwares/G09DSrc-Corr5/g09/bsd/gau-unlimit: ligne 6: unlimit : commande introuvable
/home/lbarnes/Softwares/G09DSrc-Corr5/g09/bsd/gau-unlimit: ligne 8: erreur de syntaxe près du symbole inattendu « unlimit »
/home/lbarnes/Softwares/G09DSrc-Corr5/g09/bsd/gau-unlimit: ligne 8: `  ($x != "gp7kf" )) unlimit memoryuse'
mkdir: impossible de créer le répertoire « /tmp/lbarnes »: Le fichier existe

real	0m0.847s
user	0m0.524s
sys	0m0.304s
/home/lbarnes/Softwares/G09DSrc-Corr5/g09/bsd/gau-unlimit: ligne 6: unlimit : commande introuvable
/home/lbarnes/Softwares/G09DSrc-Corr5/g09/bsd/gau-unlimit: ligne 8: erreur de syntaxe près du symbole inattendu « unlimit »
/home/lbarnes/Softwares/G09DSrc-Corr5/g09/bsd/gau-unlimit: ligne 8: `  ($x != "gp7kf" )) unlimit memoryuse'
mkdir: impossible de créer le répertoire « /tmp/lbarnes »: Le fichier existe

real	0m0.859s
user	0m0.508s
sys	0m0.332s
/home/lbarnes/Softwares/G09DSrc-Corr5/g09/bsd/gau-unlimit: ligne 6: unlimit : commande introuvable
/home/lbarnes/Softwares/G09DSrc-Corr5/g09/bsd/gau-unlimit: ligne 8: erreur de syntaxe près du symbole inattendu « unlimit »
/home/lbarnes/Softwares/G09DSrc-Corr5/g09/bsd/gau-unlimit: ligne 8: `  ($x != "gp7kf" )) unlimit memoryuse'
mkdir: impossible de créer le répertoire « /tmp/lbarnes »: Le fichier existe

real	0m0.887s
user	0m0.504s
sys	0m0.364s
/home/lbarnes/Softwares/G09DSrc-Corr5/g09/bsd/gau-unlimit: ligne 6: unlimit : commande introuvable
/home/lbarnes/Softwares/G09DSrc-Corr5/g09/bsd/gau-unlimit: ligne 8: erreur de syntaxe près du symbole inattendu « unlimit »
/home/lbarnes/Softwares/G09DSrc-Corr5/g09/bsd/gau-unlimit: ligne 8: `  ($x != "gp7kf" )) unlimit memoryuse'
mkdir: impossible de créer le répertoire « /tmp/lbarnes »: Le fichier existe

real	0m0.861s
user	0m0.496s
sys	0m0.340s
/home/lbarnes/Softwares/G09DSrc-Corr5/g09/bsd/gau-unlimit: ligne 6: unlimit : commande introuvable
/home/lbarnes/Softwares/G09DSrc-Corr5/g09/bsd/gau-unlimit: ligne 8: erreur de syntaxe près du symbole inattendu « unlimit »
/home/lbarnes/Softwares/G09DSrc-Corr5/g09/bsd/gau-unlimit: ligne 8: `  ($x != "gp7kf" )) unlimit memoryuse'
mkdir: impossible de créer le répertoire « /tmp/lbarnes »: Le fichier existe

real	0m0.930s
user	0m0.540s
sys	0m0.372s
