seed = -1
----------------------------------------------------------
runType=VPT2
model=GENERIC
----------------------------------------------------------

nFrequencies=3
VPT2 model : GVPT2

Gradients
END

Hessian
1 1      1697.0600000000
2 2      3963.4100000000
3 3      4127.7200000000
END

Cubic
1 1 1       397.7079910000
1 1 2      -347.0508530000
2 2 1       -90.6644460000
2 2 2      1799.5670270000
3 3 1      -311.3626970000
3 3 2      1831.6452420000
END

Quartic
1 1 1 1      -156.4132530000
1 1 1 2       -77.9808090000
2 2 1 1      -304.0106480000
2 2 2 1       164.5104840000
2 2 2 2       750.8282910000
3 3 1 1      -363.6108290000
3 3 2 2       763.4507750000
3 3 3 3       762.7573520000
END

Coriolis
END

Rotation constants
1         1.0000000000
2         1.0000000000
3         1.0000000000
END
nFrequencies=3
nDim=3
VPT2 Properties model : GVPT2 : Gaussian method

First derivatives
1 3         2.6241350000
2 1         4.2172970000
2 2        -0.0645110000
END


Second derivatives
1 1 3       -39.4092720000
1 2 3        16.7128270000
1 3 1       -39.4092720000
1 3 2        16.7128270000
2 1 1       -40.5094260000
2 1 2        19.1813870000
2 2 1        19.1813870000
2 2 2       -17.8910970000
2 3 3         3.0928550000
END


Cubic derivatives
1 1 1 3       145.6661930000
1 1 3 1       145.6661930000
1 2 2 3        20.3710820000
1 2 3 2        20.3710820000
1 3 1 1       145.6661930000
1 3 2 2        20.3710820000
1 3 3 3       368.0906710000
2 1 1 1       -99.2037730000
2 1 1 2      -508.5558450000
2 1 2 1      -508.5558450000
2 1 2 2       173.7237630000
2 1 3 3      -221.7361080000
2 2 1 1      -508.5558450000
2 2 1 2       173.7237630000
2 2 2 1       173.7237630000
2 2 2 2      -182.1488200000
2 2 3 3      -145.5233750000
2 3 1 3      -221.7361080000
2 3 2 3      -145.5233750000
2 3 3 1      -221.7361080000
2 3 3 2      -145.5233750000
END

nFrequencies 3
nStates 10
State n 1	0 0 0 
State n 2	1 0 0 
State n 3	0 1 0 
State n 4	0 0 1 
State n 5	2 0 0 
State n 6	0 2 0 
State n 7	0 0 2 
State n 8	1 1 0 
State n 9	1 0 1 
State n 10	0 1 1 

Xkl (cm^-1) by VPT2+K model
1 1       -30.4062509353
1 2        -7.1684574425
1 3       -35.6296269926
2 1        -7.1684574425
2 2       -38.7771362451
2 3      -153.2374665379
3 1       -35.6296269926
3 2      -153.2374665379
3 3       -49.2734950716
END

C=30.949483

Diagonal of H (cm^-1) by VPT2+K model
     4815.4718916938         0.0000000000 
     6430.3203476056      1614.8484559118  1(1) 
     8621.1246572134      3805.6527655197  2(1) 
     8750.2113547854      3934.7394630916  3(1) 
     7984.3563016468      3168.8844099530  1(2) 
    12349.2231502430      7533.7512585492  2(2) 
    12586.4038277339      7770.9319360401  3(2) 
    10228.8046556827      5413.3327639890  1(1)  2(1) 
    10329.4301837045      5513.9582920108  1(1)  3(1) 
    12402.6266537671      7587.1547620734  2(1)  3(1) 
END


Resonance Matrix (cm^-1) by VPT2+K model
========================================
 Fermi Resonances terms :
 0 Fermi Resonances 
----------------------------------------------------------------------------------------------------

 Darling-Dennison Resonances terms :
 0 Darling-Dennison Resonances 
----------------------------------------------------------------------------------------------------

END



Results
========================
       E(harm)      E(anharm)     Mode(Quanta), Coef 
       -------      ---------     ---------------- 
    0.00000000     0.00000000     [ 1.000] 
 1697.06000000  1614.84845591     [ 1.000  1(1)] 
 3394.12000000  3168.88440995     [ 1.000  1(2)] 
 3963.41000000  3805.65276552     [ 1.000  2(1)] 
 4127.72000000  3934.73946309     [ 1.000  3(1)] 
 5660.47000000  5413.33276399     [ 1.000  1(1)  2(1)] 
 5824.78000000  5513.95829201     [ 1.000  1(1)  3(1)] 
 7926.82000000  7533.75125855     [ 1.000  2(2)] 
 8091.13000000  7587.15476207     [ 1.000  2(1)  3(1)] 
 8255.44000000  7770.93193604     [ 1.000  3(2)] 



Results With intensities
========================
       E(harm)      E(anharm)        I(harm)      I(anharm)     Coef Mode(Quanta) 
       -------      ---------        -------      ---------     ---------------- 
    0.00000000     0.00000000     0.00000000     0.00000000     [ 1.000] 
 1697.06000000  1614.84845591   144.01089648   141.13644738     [ 1.000  1(1)] 
 3394.12000000  3168.88440995     0.00000000     1.68549642     [ 1.000  1(2)] 
 3963.41000000  3805.65276552     0.03369726     0.02934736     [ 1.000  2(1)] 
 4127.72000000  3934.73946309    55.75699089    50.04118821     [ 1.000  3(1)] 
 5660.47000000  5413.33276399     0.00000000     0.62750375     [ 1.000  1(1)  2(1)] 
 5824.78000000  5513.95829201     0.00000000     7.23116191     [ 1.000  1(1)  3(1)] 
 7926.82000000  7533.75125855     0.00000000     0.37093926     [ 1.000  2(2)] 
 8091.13000000  7587.15476207     0.00000000     3.39202100     [ 1.000  2(1)  3(1)] 
 8255.44000000  7770.93193604     0.00000000     0.00077039     [ 1.000  3(2)] 



Results With intensities
========================

Fundamental Bands
-----------------
       E(harm)      E(anharm)        I(harm)      I(anharm)       Coef. Mode(Quanta) 
  ------------   ------------   ------------   ------------     -------------------- 
 1697.06000000  1614.84845591   144.01089648   141.13644738     [ 1.000  1(1)] 
 3963.41000000  3805.65276552     0.03369726     0.02934736     [ 1.000  2(1)] 
 4127.72000000  3934.73946309    55.75699089    50.04118821     [ 1.000  3(1)] 

Overtones
---------
       E(harm)      E(anharm)        I(harm)      I(anharm)       Coef. Mode(Quanta) 
  ------------   ------------   ------------   ------------     -------------------- 
 3394.12000000  3168.88440995     0.00000000     1.68549642     [ 1.000  1(2)] 
 7926.82000000  7533.75125855     0.00000000     0.37093926     [ 1.000  2(2)] 
 8255.44000000  7770.93193604     0.00000000     0.00077039     [ 1.000  3(2)] 

Combination Bands
----------------
       E(harm)      E(anharm)        I(harm)      I(anharm)       Coef. Mode(Quanta) 
  ------------   ------------   ------------   ------------     -------------------- 
 5660.47000000  5413.33276399     0.00000000     0.62750375     [ 1.000  1(1)  2(1)] 
 5824.78000000  5513.95829201     0.00000000     7.23116191     [ 1.000  1(1)  3(1)] 
 8091.13000000  7587.15476207     0.00000000     3.39202100     [ 1.000  2(1)  3(1)] 


