seed = -1
----------------------------------------------------------
runType=VPT2
model=GENERIC
----------------------------------------------------------

nFrequencies=3
VPT2 model : GVPT2

Gradients
END

Hessian
1 1      1697.0368350000
2 2      3963.4171150000
3 3      4127.7499430000
END

Cubic
1 1 1      -397.7500650000
1 1 2      -347.0764000000
1 1 3        -0.0020190000
2 2 1        90.6585640000
2 2 2      1799.5845630000
2 2 3        -0.0107100000
3 3 1       311.3552350000
3 3 2      1831.6598160000
3 3 3         0.0294750000
END

Quartic
1 1 1 1      -156.4024250000
1 1 1 2        77.9764630000
1 1 1 3         0.0024580000
2 2 1 1      -304.0243430000
2 2 2 1      -164.5184070000
2 2 2 2       750.8326800000
2 2 2 3         0.0083840000
3 3 1 1      -363.6245240000
3 3 2 2       763.4549890000
3 3 3 1        -0.0010100000
3 3 3 2        -0.0092180000
3 3 3 3       762.7555380000
END

Coriolis
END

Rotation constants
1         1.0000000000
2         1.0000000000
3         1.0000000000
END
nFrequencies=3
nDim=3
VPT2 Properties model : GVPT2 : Gaussian method

First derivatives
1 3         2.6244660000
2 1         4.2175060000
2 2         0.0645880000
END


Second derivatives
1 1 3        39.4091460000
1 2 3        16.7088580000
1 3 1        39.4091460000
1 3 2        16.7088580000
2 1 1        40.5162260000
2 1 2        19.1864600000
2 2 1        19.1864600000
2 2 2        17.9127080000
2 3 3        -3.0928770000
END


Cubic derivatives
1 1 1 3       143.9202450000
1 1 3 1       143.9202450000
1 2 2 3        15.2783950000
1 2 3 2        15.2783950000
1 2 3 3        -1.0394610000
1 3 1 1       143.9202450000
1 3 2 2        15.2783950000
1 3 2 3        -1.0394610000
1 3 3 2        -1.0394610000
1 3 3 3       361.1995310000
2 1 1 1      -100.5999340000
2 1 1 2       507.6946550000
2 1 2 1       507.6946550000
2 1 2 2       172.4167020000
2 1 3 3      -224.4568920000
2 2 1 1       507.6946550000
2 2 1 2       172.4167020000
2 2 2 1       172.4167020000
2 2 2 2       180.6521920000
2 2 3 3       145.5245610000
2 3 1 3      -224.4568920000
2 3 2 3       145.5245610000
2 3 3 1      -224.4568920000
2 3 3 2       145.5245610000
END

nFrequencies 3
nStates 10
State n 1	0 0 0 
State n 2	1 0 0 
State n 3	0 1 0 
State n 4	0 0 1 
State n 5	2 0 0 
State n 6	0 2 0 
State n 7	0 0 2 
State n 8	1 1 0 
State n 9	1 0 1 
State n 10	0 1 1 

Xkl (cm^-1) by VPT2+K model
1 1       -30.4087442106
1 2        -7.1672436319
1 3       -35.6279356329
2 1        -7.1672436319
2 2       -38.7782997913
2 3      -153.2401189623
3 1       -35.6279356329
3 2      -153.2401189623
3 3       -49.2748709182
END

C=30.949150

Diagonal of H (cm^-1) by VPT2+K model
     4815.4776432132         0.0000000000 
     6430.2994001596      1614.8217569464  1(1) 
     8621.1344773336      3805.6568341204  2(1) 
     8750.2438170792      3934.7661738660  3(1) 
     7984.3036686847      3168.8260254715  1(2) 
    12349.2347118714      7533.7570686582  2(2) 
    12586.4602491087      7770.9826058955  3(2) 
    10228.7889906481      5413.3113474349  1(1)  2(1) 
    10329.4376383926      5513.9599951794  1(1)  3(1) 
    12402.6605322372      7587.1828890240  2(1)  3(1) 
END


Resonance Matrix (cm^-1) by VPT2+K model
========================================
 Fermi Resonances terms :
 0 Fermi Resonances 
----------------------------------------------------------------------------------------------------

 Darling-Dennison Resonances terms :
 0 Darling-Dennison Resonances 
----------------------------------------------------------------------------------------------------

END



Results
========================
       E(harm)      E(anharm)     Mode(Quanta), Coef 
       -------      ---------     ---------------- 
    0.00000000     0.00000000     [ 1.000] 
 1697.03683500  1614.82175695     [ 1.000  1(1)] 
 3394.07367000  3168.82602547     [ 1.000  1(2)] 
 3963.41711500  3805.65683412     [ 1.000  2(1)] 
 4127.74994300  3934.76617387     [ 1.000  3(1)] 
 5660.45395000  5413.31134743     [ 1.000  1(1)  2(1)] 
 5824.78677800  5513.95999518     [ 1.000  1(1)  3(1)] 
 7926.83423000  7533.75706866     [ 1.000  2(2)] 
 8091.16705800  7587.18288902     [ 1.000  2(1)  3(1)] 
 8255.49988600  7770.98260590     [ 1.000  3(2)] 



Results With intensities
========================
       E(harm)      E(anharm)        I(harm)      I(anharm)     Coef Mode(Quanta) 
       -------      ---------        -------      ---------     ---------------- 
    0.00000000     0.00000000     0.00000000     0.00000000     [ 1.000] 
 1697.03683500  1614.82175695   144.02517056   141.12095825     [ 1.000  1(1)] 
 3394.07367000  3168.82602547     0.00000000     1.68615660     [ 1.000  1(2)] 
 3963.41711500  3805.65683412     0.03377775     0.02959337     [ 1.000  2(1)] 
 4127.74994300  3934.76617387    55.77105779    50.01638738     [ 1.000  3(1)] 
 5660.45395000  5413.31134743     0.00000000     0.62791831     [ 1.000  1(1)  2(1)] 
 5824.78677800  5513.95999518     0.00000000     7.23145326     [ 1.000  1(1)  3(1)] 
 7926.83423000  7533.75706866     0.00000000     0.37178596     [ 1.000  2(2)] 
 8091.16705800  7587.18288902     0.00000000     3.39192499     [ 1.000  2(1)  3(1)] 
 8255.49988600  7770.98260590     0.00000000     0.00077158     [ 1.000  3(2)] 



Results With intensities
========================

Fundamental Bands
-----------------
       E(harm)      E(anharm)        I(harm)      I(anharm)       Coef. Mode(Quanta) 
  ------------   ------------   ------------   ------------     -------------------- 
 1697.03683500  1614.82175695   144.02517056   141.12095825     [ 1.000  1(1)] 
 3963.41711500  3805.65683412     0.03377775     0.02959337     [ 1.000  2(1)] 
 4127.74994300  3934.76617387    55.77105779    50.01638738     [ 1.000  3(1)] 

Overtones
---------
       E(harm)      E(anharm)        I(harm)      I(anharm)       Coef. Mode(Quanta) 
  ------------   ------------   ------------   ------------     -------------------- 
 3394.07367000  3168.82602547     0.00000000     1.68615660     [ 1.000  1(2)] 
 7926.83423000  7533.75706866     0.00000000     0.37178596     [ 1.000  2(2)] 
 8255.49988600  7770.98260590     0.00000000     0.00077158     [ 1.000  3(2)] 

Combination Bands
----------------
       E(harm)      E(anharm)        I(harm)      I(anharm)       Coef. Mode(Quanta) 
  ------------   ------------   ------------   ------------     -------------------- 
 5660.45395000  5413.31134743     0.00000000     0.62791831     [ 1.000  1(1)  2(1)] 
 5824.78677800  5513.95999518     0.00000000     7.23145326     [ 1.000  1(1)  3(1)] 
 8091.16705800  7587.18288902     0.00000000     3.39192499     [ 1.000  2(1)  3(1)] 


