cp: impossible d'évaluer « /home/allouche/MySoftwares/CChemI/CChemI-08042019/iGVPT2/tests/HDNN/key.txt »: Aucun fichier ou dossier de ce type
cp: impossible d'évaluer « /home/allouche/MySoftwares/CChemI/CChemI-08042019/iGVPT2/tests/HDNN/xyz.txt »: Aucun fichier ou dossier de ce type
mkdir: impossible de créer le répertoire « /tmp/allouche »: Le fichier existe
cat: input.engrad: Aucun fichier ou dossier de ce type
cp: impossible d'évaluer « input.hess »: Aucun fichier ou dossier de ce type
cp: « /home/allouche/tmp/igvpt2_h2oVQFF_0/One0.out » et « /home/allouche/tmp/igvpt2_h2oVQFF_0/./One0.out » identifient le même fichier
cat: /home/allouche/tmp/igvpt2_h2oVQFF_0/One0.hess: Aucun fichier ou dossier de ce type

real	0m4.773s
user	0m4.544s
sys	0m0.188s
cp: impossible d'évaluer « /home/allouche/MySoftwares/CChemI/CChemI-08042019/iGVPT2/tests/HDNN/key.txt »: Aucun fichier ou dossier de ce type
cp: impossible d'évaluer « /home/allouche/MySoftwares/CChemI/CChemI-08042019/iGVPT2/tests/HDNN/xyz.txt »: Aucun fichier ou dossier de ce type
mkdir: impossible de créer le répertoire « /tmp/allouche »: Le fichier existe
cat: input.engrad: Aucun fichier ou dossier de ce type
cp: impossible d'évaluer « input.hess »: Aucun fichier ou dossier de ce type
cp: « /home/allouche/tmp/igvpt2_h2oVQFF_10/One0.out » et « /home/allouche/tmp/igvpt2_h2oVQFF_10/./One0.out » identifient le même fichier
cat: /home/allouche/tmp/igvpt2_h2oVQFF_10/One0.hess: Aucun fichier ou dossier de ce type

real	0m4.758s
user	0m4.500s
sys	0m0.224s
cp: impossible d'évaluer « /home/allouche/MySoftwares/CChemI/CChemI-08042019/iGVPT2/tests/HDNN/key.txt »: Aucun fichier ou dossier de ce type
cp: impossible d'évaluer « /home/allouche/MySoftwares/CChemI/CChemI-08042019/iGVPT2/tests/HDNN/xyz.txt »: Aucun fichier ou dossier de ce type
mkdir: impossible de créer le répertoire « /tmp/allouche »: Le fichier existe
cat: input.engrad: Aucun fichier ou dossier de ce type
cp: impossible d'évaluer « input.hess »: Aucun fichier ou dossier de ce type
cp: « /home/allouche/tmp/igvpt2_h2oVQFF_11/One0.out » et « /home/allouche/tmp/igvpt2_h2oVQFF_11/./One0.out » identifient le même fichier
cat: /home/allouche/tmp/igvpt2_h2oVQFF_11/One0.hess: Aucun fichier ou dossier de ce type

real	0m4.745s
user	0m4.512s
sys	0m0.196s
cp: impossible d'évaluer « /home/allouche/MySoftwares/CChemI/CChemI-08042019/iGVPT2/tests/HDNN/key.txt »: Aucun fichier ou dossier de ce type
cp: impossible d'évaluer « /home/allouche/MySoftwares/CChemI/CChemI-08042019/iGVPT2/tests/HDNN/xyz.txt »: Aucun fichier ou dossier de ce type
mkdir: impossible de créer le répertoire « /tmp/allouche »: Le fichier existe
cat: input.engrad: Aucun fichier ou dossier de ce type
cp: impossible d'évaluer « input.hess »: Aucun fichier ou dossier de ce type
cp: « /home/allouche/tmp/igvpt2_h2oVQFF_12/One0.out » et « /home/allouche/tmp/igvpt2_h2oVQFF_12/./One0.out » identifient le même fichier
cat: /home/allouche/tmp/igvpt2_h2oVQFF_12/One0.hess: Aucun fichier ou dossier de ce type

real	0m4.532s
user	0m4.280s
sys	0m0.212s
cp: impossible d'évaluer « /home/allouche/MySoftwares/CChemI/CChemI-08042019/iGVPT2/tests/HDNN/key.txt »: Aucun fichier ou dossier de ce type
cp: impossible d'évaluer « /home/allouche/MySoftwares/CChemI/CChemI-08042019/iGVPT2/tests/HDNN/xyz.txt »: Aucun fichier ou dossier de ce type
mkdir: impossible de créer le répertoire « /tmp/allouche »: Le fichier existe
cat: input.engrad: Aucun fichier ou dossier de ce type
cp: impossible d'évaluer « input.hess »: Aucun fichier ou dossier de ce type
cp: « /home/allouche/tmp/igvpt2_h2oVQFF_13/One0.out » et « /home/allouche/tmp/igvpt2_h2oVQFF_13/./One0.out » identifient le même fichier
cat: /home/allouche/tmp/igvpt2_h2oVQFF_13/One0.hess: Aucun fichier ou dossier de ce type

real	0m4.851s
user	0m4.624s
sys	0m0.188s
cp: impossible d'évaluer « /home/allouche/MySoftwares/CChemI/CChemI-08042019/iGVPT2/tests/HDNN/key.txt »: Aucun fichier ou dossier de ce type
cp: impossible d'évaluer « /home/allouche/MySoftwares/CChemI/CChemI-08042019/iGVPT2/tests/HDNN/xyz.txt »: Aucun fichier ou dossier de ce type
mkdir: impossible de créer le répertoire « /tmp/allouche »: Le fichier existe
cat: input.engrad: Aucun fichier ou dossier de ce type
cp: impossible d'évaluer « input.hess »: Aucun fichier ou dossier de ce type
cp: « /home/allouche/tmp/igvpt2_h2oVQFF_14/One0.out » et « /home/allouche/tmp/igvpt2_h2oVQFF_14/./One0.out » identifient le même fichier
cat: /home/allouche/tmp/igvpt2_h2oVQFF_14/One0.hess: Aucun fichier ou dossier de ce type

real	0m4.836s
user	0m4.560s
sys	0m0.236s
cp: impossible d'évaluer « /home/allouche/MySoftwares/CChemI/CChemI-08042019/iGVPT2/tests/HDNN/key.txt »: Aucun fichier ou dossier de ce type
cp: impossible d'évaluer « /home/allouche/MySoftwares/CChemI/CChemI-08042019/iGVPT2/tests/HDNN/xyz.txt »: Aucun fichier ou dossier de ce type
mkdir: impossible de créer le répertoire « /tmp/allouche »: Le fichier existe
cat: input.engrad: Aucun fichier ou dossier de ce type
cp: impossible d'évaluer « input.hess »: Aucun fichier ou dossier de ce type
cp: « /home/allouche/tmp/igvpt2_h2oVQFF_15/One0.out » et « /home/allouche/tmp/igvpt2_h2oVQFF_15/./One0.out » identifient le même fichier
cat: /home/allouche/tmp/igvpt2_h2oVQFF_15/One0.hess: Aucun fichier ou dossier de ce type

real	0m4.767s
user	0m4.504s
sys	0m0.224s
cp: impossible d'évaluer « /home/allouche/MySoftwares/CChemI/CChemI-08042019/iGVPT2/tests/HDNN/key.txt »: Aucun fichier ou dossier de ce type
cp: impossible d'évaluer « /home/allouche/MySoftwares/CChemI/CChemI-08042019/iGVPT2/tests/HDNN/xyz.txt »: Aucun fichier ou dossier de ce type
mkdir: impossible de créer le répertoire « /tmp/allouche »: Le fichier existe
cat: input.engrad: Aucun fichier ou dossier de ce type
cp: impossible d'évaluer « input.hess »: Aucun fichier ou dossier de ce type
cp: « /home/allouche/tmp/igvpt2_h2oVQFF_16/One0.out » et « /home/allouche/tmp/igvpt2_h2oVQFF_16/./One0.out » identifient le même fichier
cat: /home/allouche/tmp/igvpt2_h2oVQFF_16/One0.hess: Aucun fichier ou dossier de ce type

real	0m4.784s
user	0m4.556s
sys	0m0.188s
cp: impossible d'évaluer « /home/allouche/MySoftwares/CChemI/CChemI-08042019/iGVPT2/tests/HDNN/key.txt »: Aucun fichier ou dossier de ce type
cp: impossible d'évaluer « /home/allouche/MySoftwares/CChemI/CChemI-08042019/iGVPT2/tests/HDNN/xyz.txt »: Aucun fichier ou dossier de ce type
mkdir: impossible de créer le répertoire « /tmp/allouche »: Le fichier existe
cat: input.engrad: Aucun fichier ou dossier de ce type
cp: impossible d'évaluer « input.hess »: Aucun fichier ou dossier de ce type
cp: « /home/allouche/tmp/igvpt2_h2oVQFF_17/One0.out » et « /home/allouche/tmp/igvpt2_h2oVQFF_17/./One0.out » identifient le même fichier
cat: /home/allouche/tmp/igvpt2_h2oVQFF_17/One0.hess: Aucun fichier ou dossier de ce type

real	0m4.768s
user	0m4.512s
sys	0m0.220s
cp: impossible d'évaluer « /home/allouche/MySoftwares/CChemI/CChemI-08042019/iGVPT2/tests/HDNN/key.txt »: Aucun fichier ou dossier de ce type
cp: impossible d'évaluer « /home/allouche/MySoftwares/CChemI/CChemI-08042019/iGVPT2/tests/HDNN/xyz.txt »: Aucun fichier ou dossier de ce type
mkdir: impossible de créer le répertoire « /tmp/allouche »: Le fichier existe
cat: input.engrad: Aucun fichier ou dossier de ce type
cp: impossible d'évaluer « input.hess »: Aucun fichier ou dossier de ce type
cp: « /home/allouche/tmp/igvpt2_h2oVQFF_18/One0.out » et « /home/allouche/tmp/igvpt2_h2oVQFF_18/./One0.out » identifient le même fichier
cat: /home/allouche/tmp/igvpt2_h2oVQFF_18/One0.hess: Aucun fichier ou dossier de ce type

real	0m4.748s
user	0m4.500s
sys	0m0.212s
cp: impossible d'évaluer « /home/allouche/MySoftwares/CChemI/CChemI-08042019/iGVPT2/tests/HDNN/key.txt »: Aucun fichier ou dossier de ce type
cp: impossible d'évaluer « /home/allouche/MySoftwares/CChemI/CChemI-08042019/iGVPT2/tests/HDNN/xyz.txt »: Aucun fichier ou dossier de ce type
mkdir: impossible de créer le répertoire « /tmp/allouche »: Le fichier existe
cat: input.engrad: Aucun fichier ou dossier de ce type
cp: impossible d'évaluer « input.hess »: Aucun fichier ou dossier de ce type
cp: « /home/allouche/tmp/igvpt2_h2oVQFF_19/One0.out » et « /home/allouche/tmp/igvpt2_h2oVQFF_19/./One0.out » identifient le même fichier
cat: /home/allouche/tmp/igvpt2_h2oVQFF_19/One0.hess: Aucun fichier ou dossier de ce type

real	0m4.515s
user	0m4.220s
sys	0m0.260s
cp: impossible d'évaluer « /home/allouche/MySoftwares/CChemI/CChemI-08042019/iGVPT2/tests/HDNN/key.txt »: Aucun fichier ou dossier de ce type
cp: impossible d'évaluer « /home/allouche/MySoftwares/CChemI/CChemI-08042019/iGVPT2/tests/HDNN/xyz.txt »: Aucun fichier ou dossier de ce type
mkdir: impossible de créer le répertoire « /tmp/allouche »: Le fichier existe
cat: input.engrad: Aucun fichier ou dossier de ce type
cp: impossible d'évaluer « input.hess »: Aucun fichier ou dossier de ce type
cp: « /home/allouche/tmp/igvpt2_h2oVQFF_1/One0.out » et « /home/allouche/tmp/igvpt2_h2oVQFF_1/./One0.out » identifient le même fichier
cat: /home/allouche/tmp/igvpt2_h2oVQFF_1/One0.hess: Aucun fichier ou dossier de ce type

real	0m4.797s
user	0m4.532s
sys	0m0.228s
cp: impossible d'évaluer « /home/allouche/MySoftwares/CChemI/CChemI-08042019/iGVPT2/tests/HDNN/key.txt »: Aucun fichier ou dossier de ce type
cp: impossible d'évaluer « /home/allouche/MySoftwares/CChemI/CChemI-08042019/iGVPT2/tests/HDNN/xyz.txt »: Aucun fichier ou dossier de ce type
mkdir: impossible de créer le répertoire « /tmp/allouche »: Le fichier existe
cat: input.engrad: Aucun fichier ou dossier de ce type
cp: impossible d'évaluer « input.hess »: Aucun fichier ou dossier de ce type
cp: « /home/allouche/tmp/igvpt2_h2oVQFF_20/One0.out » et « /home/allouche/tmp/igvpt2_h2oVQFF_20/./One0.out » identifient le même fichier
cat: /home/allouche/tmp/igvpt2_h2oVQFF_20/One0.hess: Aucun fichier ou dossier de ce type

real	0m4.438s
user	0m4.196s
sys	0m0.204s
cp: impossible d'évaluer « /home/allouche/MySoftwares/CChemI/CChemI-08042019/iGVPT2/tests/HDNN/key.txt »: Aucun fichier ou dossier de ce type
cp: impossible d'évaluer « /home/allouche/MySoftwares/CChemI/CChemI-08042019/iGVPT2/tests/HDNN/xyz.txt »: Aucun fichier ou dossier de ce type
mkdir: impossible de créer le répertoire « /tmp/allouche »: Le fichier existe
cat: input.engrad: Aucun fichier ou dossier de ce type
cp: impossible d'évaluer « input.hess »: Aucun fichier ou dossier de ce type
cp: « /home/allouche/tmp/igvpt2_h2oVQFF_21/One0.out » et « /home/allouche/tmp/igvpt2_h2oVQFF_21/./One0.out » identifient le même fichier
cat: /home/allouche/tmp/igvpt2_h2oVQFF_21/One0.hess: Aucun fichier ou dossier de ce type

real	0m4.400s
user	0m4.132s
sys	0m0.220s
cp: impossible d'évaluer « /home/allouche/MySoftwares/CChemI/CChemI-08042019/iGVPT2/tests/HDNN/key.txt »: Aucun fichier ou dossier de ce type
cp: impossible d'évaluer « /home/allouche/MySoftwares/CChemI/CChemI-08042019/iGVPT2/tests/HDNN/xyz.txt »: Aucun fichier ou dossier de ce type
mkdir: impossible de créer le répertoire « /tmp/allouche »: Le fichier existe
cat: input.engrad: Aucun fichier ou dossier de ce type
cp: impossible d'évaluer « input.hess »: Aucun fichier ou dossier de ce type
cp: « /home/allouche/tmp/igvpt2_h2oVQFF_22/One0.out » et « /home/allouche/tmp/igvpt2_h2oVQFF_22/./One0.out » identifient le même fichier
cat: /home/allouche/tmp/igvpt2_h2oVQFF_22/One0.hess: Aucun fichier ou dossier de ce type

real	0m4.333s
user	0m4.120s
sys	0m0.180s
cp: impossible d'évaluer « /home/allouche/MySoftwares/CChemI/CChemI-08042019/iGVPT2/tests/HDNN/key.txt »: Aucun fichier ou dossier de ce type
cp: impossible d'évaluer « /home/allouche/MySoftwares/CChemI/CChemI-08042019/iGVPT2/tests/HDNN/xyz.txt »: Aucun fichier ou dossier de ce type
mkdir: impossible de créer le répertoire « /tmp/allouche »: Le fichier existe
cat: input.engrad: Aucun fichier ou dossier de ce type
cp: impossible d'évaluer « input.hess »: Aucun fichier ou dossier de ce type
cp: « /home/allouche/tmp/igvpt2_h2oVQFF_23/One0.out » et « /home/allouche/tmp/igvpt2_h2oVQFF_23/./One0.out » identifient le même fichier
cat: /home/allouche/tmp/igvpt2_h2oVQFF_23/One0.hess: Aucun fichier ou dossier de ce type

real	0m4.667s
user	0m4.456s
sys	0m0.176s
cp: impossible d'évaluer « /home/allouche/MySoftwares/CChemI/CChemI-08042019/iGVPT2/tests/HDNN/key.txt »: Aucun fichier ou dossier de ce type
cp: impossible d'évaluer « /home/allouche/MySoftwares/CChemI/CChemI-08042019/iGVPT2/tests/HDNN/xyz.txt »: Aucun fichier ou dossier de ce type
mkdir: impossible de créer le répertoire « /tmp/allouche »: Le fichier existe
cat: input.engrad: Aucun fichier ou dossier de ce type
cp: impossible d'évaluer « input.hess »: Aucun fichier ou dossier de ce type
cp: « /home/allouche/tmp/igvpt2_h2oVQFF_24/One0.out » et « /home/allouche/tmp/igvpt2_h2oVQFF_24/./One0.out » identifient le même fichier
cat: /home/allouche/tmp/igvpt2_h2oVQFF_24/One0.hess: Aucun fichier ou dossier de ce type

real	0m4.745s
user	0m4.512s
sys	0m0.204s
cp: impossible d'évaluer « /home/allouche/MySoftwares/CChemI/CChemI-08042019/iGVPT2/tests/HDNN/key.txt »: Aucun fichier ou dossier de ce type
cp: impossible d'évaluer « /home/allouche/MySoftwares/CChemI/CChemI-08042019/iGVPT2/tests/HDNN/xyz.txt »: Aucun fichier ou dossier de ce type
mkdir: impossible de créer le répertoire « /tmp/allouche »: Le fichier existe
cat: input.engrad: Aucun fichier ou dossier de ce type
cp: impossible d'évaluer « input.hess »: Aucun fichier ou dossier de ce type
cp: « /home/allouche/tmp/igvpt2_h2oVQFF_25/One0.out » et « /home/allouche/tmp/igvpt2_h2oVQFF_25/./One0.out » identifient le même fichier
cat: /home/allouche/tmp/igvpt2_h2oVQFF_25/One0.hess: Aucun fichier ou dossier de ce type

real	0m4.763s
user	0m4.500s
sys	0m0.224s
cp: impossible d'évaluer « /home/allouche/MySoftwares/CChemI/CChemI-08042019/iGVPT2/tests/HDNN/key.txt »: Aucun fichier ou dossier de ce type
cp: impossible d'évaluer « /home/allouche/MySoftwares/CChemI/CChemI-08042019/iGVPT2/tests/HDNN/xyz.txt »: Aucun fichier ou dossier de ce type
mkdir: impossible de créer le répertoire « /tmp/allouche »: Le fichier existe
cat: input.engrad: Aucun fichier ou dossier de ce type
cp: impossible d'évaluer « input.hess »: Aucun fichier ou dossier de ce type
cp: « /home/allouche/tmp/igvpt2_h2oVQFF_26/One0.out » et « /home/allouche/tmp/igvpt2_h2oVQFF_26/./One0.out » identifient le même fichier
cat: /home/allouche/tmp/igvpt2_h2oVQFF_26/One0.hess: Aucun fichier ou dossier de ce type

real	0m4.886s
user	0m4.640s
sys	0m0.204s
cp: impossible d'évaluer « /home/allouche/MySoftwares/CChemI/CChemI-08042019/iGVPT2/tests/HDNN/key.txt »: Aucun fichier ou dossier de ce type
cp: impossible d'évaluer « /home/allouche/MySoftwares/CChemI/CChemI-08042019/iGVPT2/tests/HDNN/xyz.txt »: Aucun fichier ou dossier de ce type
mkdir: impossible de créer le répertoire « /tmp/allouche »: Le fichier existe
cat: input.engrad: Aucun fichier ou dossier de ce type
cp: impossible d'évaluer « input.hess »: Aucun fichier ou dossier de ce type
cp: « /home/allouche/tmp/igvpt2_h2oVQFF_27/One0.out » et « /home/allouche/tmp/igvpt2_h2oVQFF_27/./One0.out » identifient le même fichier
cat: /home/allouche/tmp/igvpt2_h2oVQFF_27/One0.hess: Aucun fichier ou dossier de ce type

real	0m4.476s
user	0m4.200s
sys	0m0.232s
cp: impossible d'évaluer « /home/allouche/MySoftwares/CChemI/CChemI-08042019/iGVPT2/tests/HDNN/key.txt »: Aucun fichier ou dossier de ce type
cp: impossible d'évaluer « /home/allouche/MySoftwares/CChemI/CChemI-08042019/iGVPT2/tests/HDNN/xyz.txt »: Aucun fichier ou dossier de ce type
mkdir: impossible de créer le répertoire « /tmp/allouche »: Le fichier existe
cat: input.engrad: Aucun fichier ou dossier de ce type
cp: impossible d'évaluer « input.hess »: Aucun fichier ou dossier de ce type
cp: « /home/allouche/tmp/igvpt2_h2oVQFF_28/One0.out » et « /home/allouche/tmp/igvpt2_h2oVQFF_28/./One0.out » identifient le même fichier
cat: /home/allouche/tmp/igvpt2_h2oVQFF_28/One0.hess: Aucun fichier ou dossier de ce type

real	0m4.516s
user	0m4.300s
sys	0m0.176s
cp: impossible d'évaluer « /home/allouche/MySoftwares/CChemI/CChemI-08042019/iGVPT2/tests/HDNN/key.txt »: Aucun fichier ou dossier de ce type
cp: impossible d'évaluer « /home/allouche/MySoftwares/CChemI/CChemI-08042019/iGVPT2/tests/HDNN/xyz.txt »: Aucun fichier ou dossier de ce type
mkdir: impossible de créer le répertoire « /tmp/allouche »: Le fichier existe
cat: input.engrad: Aucun fichier ou dossier de ce type
cp: impossible d'évaluer « input.hess »: Aucun fichier ou dossier de ce type
cp: « /home/allouche/tmp/igvpt2_h2oVQFF_29/One0.out » et « /home/allouche/tmp/igvpt2_h2oVQFF_29/./One0.out » identifient le même fichier
cat: /home/allouche/tmp/igvpt2_h2oVQFF_29/One0.hess: Aucun fichier ou dossier de ce type

real	0m4.729s
user	0m4.456s
sys	0m0.240s
cp: impossible d'évaluer « /home/allouche/MySoftwares/CChemI/CChemI-08042019/iGVPT2/tests/HDNN/key.txt »: Aucun fichier ou dossier de ce type
cp: impossible d'évaluer « /home/allouche/MySoftwares/CChemI/CChemI-08042019/iGVPT2/tests/HDNN/xyz.txt »: Aucun fichier ou dossier de ce type
mkdir: impossible de créer le répertoire « /tmp/allouche »: Le fichier existe
cat: input.engrad: Aucun fichier ou dossier de ce type
cp: impossible d'évaluer « input.hess »: Aucun fichier ou dossier de ce type
cp: « /home/allouche/tmp/igvpt2_h2oVQFF_2/One0.out » et « /home/allouche/tmp/igvpt2_h2oVQFF_2/./One0.out » identifient le même fichier
cat: /home/allouche/tmp/igvpt2_h2oVQFF_2/One0.hess: Aucun fichier ou dossier de ce type

real	0m4.835s
user	0m4.576s
sys	0m0.204s
cp: impossible d'évaluer « /home/allouche/MySoftwares/CChemI/CChemI-08042019/iGVPT2/tests/HDNN/key.txt »: Aucun fichier ou dossier de ce type
cp: impossible d'évaluer « /home/allouche/MySoftwares/CChemI/CChemI-08042019/iGVPT2/tests/HDNN/xyz.txt »: Aucun fichier ou dossier de ce type
mkdir: impossible de créer le répertoire « /tmp/allouche »: Le fichier existe
cat: input.engrad: Aucun fichier ou dossier de ce type
cp: impossible d'évaluer « input.hess »: Aucun fichier ou dossier de ce type
cp: « /home/allouche/tmp/igvpt2_h2oVQFF_30/One0.out » et « /home/allouche/tmp/igvpt2_h2oVQFF_30/./One0.out » identifient le même fichier
cat: /home/allouche/tmp/igvpt2_h2oVQFF_30/One0.hess: Aucun fichier ou dossier de ce type

real	0m4.718s
user	0m4.476s
sys	0m0.216s
cp: impossible d'évaluer « /home/allouche/MySoftwares/CChemI/CChemI-08042019/iGVPT2/tests/HDNN/key.txt »: Aucun fichier ou dossier de ce type
cp: impossible d'évaluer « /home/allouche/MySoftwares/CChemI/CChemI-08042019/iGVPT2/tests/HDNN/xyz.txt »: Aucun fichier ou dossier de ce type
mkdir: impossible de créer le répertoire « /tmp/allouche »: Le fichier existe
cat: input.engrad: Aucun fichier ou dossier de ce type
cp: impossible d'évaluer « input.hess »: Aucun fichier ou dossier de ce type
cp: « /home/allouche/tmp/igvpt2_h2oVQFF_31/One0.out » et « /home/allouche/tmp/igvpt2_h2oVQFF_31/./One0.out » identifient le même fichier
cat: /home/allouche/tmp/igvpt2_h2oVQFF_31/One0.hess: Aucun fichier ou dossier de ce type

real	0m4.793s
user	0m4.572s
sys	0m0.184s
cp: impossible d'évaluer « /home/allouche/MySoftwares/CChemI/CChemI-08042019/iGVPT2/tests/HDNN/key.txt »: Aucun fichier ou dossier de ce type
cp: impossible d'évaluer « /home/allouche/MySoftwares/CChemI/CChemI-08042019/iGVPT2/tests/HDNN/xyz.txt »: Aucun fichier ou dossier de ce type
mkdir: impossible de créer le répertoire « /tmp/allouche »: Le fichier existe
cat: input.engrad: Aucun fichier ou dossier de ce type
cp: impossible d'évaluer « input.hess »: Aucun fichier ou dossier de ce type
cp: « /home/allouche/tmp/igvpt2_h2oVQFF_32/One0.out » et « /home/allouche/tmp/igvpt2_h2oVQFF_32/./One0.out » identifient le même fichier
cat: /home/allouche/tmp/igvpt2_h2oVQFF_32/One0.hess: Aucun fichier ou dossier de ce type

real	0m4.503s
user	0m4.236s
sys	0m0.232s
cp: impossible d'évaluer « /home/allouche/MySoftwares/CChemI/CChemI-08042019/iGVPT2/tests/HDNN/key.txt »: Aucun fichier ou dossier de ce type
cp: impossible d'évaluer « /home/allouche/MySoftwares/CChemI/CChemI-08042019/iGVPT2/tests/HDNN/xyz.txt »: Aucun fichier ou dossier de ce type
mkdir: impossible de créer le répertoire « /tmp/allouche »: Le fichier existe
cat: input.engrad: Aucun fichier ou dossier de ce type
cp: impossible d'évaluer « input.hess »: Aucun fichier ou dossier de ce type
cp: « /home/allouche/tmp/igvpt2_h2oVQFF_33/One0.out » et « /home/allouche/tmp/igvpt2_h2oVQFF_33/./One0.out » identifient le même fichier
cat: /home/allouche/tmp/igvpt2_h2oVQFF_33/One0.hess: Aucun fichier ou dossier de ce type

real	0m4.808s
user	0m4.568s
sys	0m0.204s
cp: impossible d'évaluer « /home/allouche/MySoftwares/CChemI/CChemI-08042019/iGVPT2/tests/HDNN/key.txt »: Aucun fichier ou dossier de ce type
cp: impossible d'évaluer « /home/allouche/MySoftwares/CChemI/CChemI-08042019/iGVPT2/tests/HDNN/xyz.txt »: Aucun fichier ou dossier de ce type
mkdir: impossible de créer le répertoire « /tmp/allouche »: Le fichier existe
cat: input.engrad: Aucun fichier ou dossier de ce type
cp: impossible d'évaluer « input.hess »: Aucun fichier ou dossier de ce type
cp: « /home/allouche/tmp/igvpt2_h2oVQFF_34/One0.out » et « /home/allouche/tmp/igvpt2_h2oVQFF_34/./One0.out » identifient le même fichier
cat: /home/allouche/tmp/igvpt2_h2oVQFF_34/One0.hess: Aucun fichier ou dossier de ce type

real	0m4.460s
user	0m4.224s
sys	0m0.200s
cp: impossible d'évaluer « /home/allouche/MySoftwares/CChemI/CChemI-08042019/iGVPT2/tests/HDNN/key.txt »: Aucun fichier ou dossier de ce type
cp: impossible d'évaluer « /home/allouche/MySoftwares/CChemI/CChemI-08042019/iGVPT2/tests/HDNN/xyz.txt »: Aucun fichier ou dossier de ce type
mkdir: impossible de créer le répertoire « /tmp/allouche »: Le fichier existe
cat: input.engrad: Aucun fichier ou dossier de ce type
cp: impossible d'évaluer « input.hess »: Aucun fichier ou dossier de ce type
cp: « /home/allouche/tmp/igvpt2_h2oVQFF_35/One0.out » et « /home/allouche/tmp/igvpt2_h2oVQFF_35/./One0.out » identifient le même fichier
cat: /home/allouche/tmp/igvpt2_h2oVQFF_35/One0.hess: Aucun fichier ou dossier de ce type

real	0m4.777s
user	0m4.536s
sys	0m0.204s
cp: impossible d'évaluer « /home/allouche/MySoftwares/CChemI/CChemI-08042019/iGVPT2/tests/HDNN/key.txt »: Aucun fichier ou dossier de ce type
cp: impossible d'évaluer « /home/allouche/MySoftwares/CChemI/CChemI-08042019/iGVPT2/tests/HDNN/xyz.txt »: Aucun fichier ou dossier de ce type
mkdir: impossible de créer le répertoire « /tmp/allouche »: Le fichier existe
cat: input.engrad: Aucun fichier ou dossier de ce type
cp: impossible d'évaluer « input.hess »: Aucun fichier ou dossier de ce type
cp: « /home/allouche/tmp/igvpt2_h2oVQFF_36/One0.out » et « /home/allouche/tmp/igvpt2_h2oVQFF_36/./One0.out » identifient le même fichier
cat: /home/allouche/tmp/igvpt2_h2oVQFF_36/One0.hess: Aucun fichier ou dossier de ce type

real	0m4.780s
user	0m4.548s
sys	0m0.196s
cp: impossible d'évaluer « /home/allouche/MySoftwares/CChemI/CChemI-08042019/iGVPT2/tests/HDNN/key.txt »: Aucun fichier ou dossier de ce type
cp: impossible d'évaluer « /home/allouche/MySoftwares/CChemI/CChemI-08042019/iGVPT2/tests/HDNN/xyz.txt »: Aucun fichier ou dossier de ce type
mkdir: impossible de créer le répertoire « /tmp/allouche »: Le fichier existe
cat: input.engrad: Aucun fichier ou dossier de ce type
cp: impossible d'évaluer « input.hess »: Aucun fichier ou dossier de ce type
cp: « /home/allouche/tmp/igvpt2_h2oVQFF_37/One0.out » et « /home/allouche/tmp/igvpt2_h2oVQFF_37/./One0.out » identifient le même fichier
cat: /home/allouche/tmp/igvpt2_h2oVQFF_37/One0.hess: Aucun fichier ou dossier de ce type

real	0m4.715s
user	0m4.428s
sys	0m0.248s
cp: impossible d'évaluer « /home/allouche/MySoftwares/CChemI/CChemI-08042019/iGVPT2/tests/HDNN/key.txt »: Aucun fichier ou dossier de ce type
cp: impossible d'évaluer « /home/allouche/MySoftwares/CChemI/CChemI-08042019/iGVPT2/tests/HDNN/xyz.txt »: Aucun fichier ou dossier de ce type
mkdir: impossible de créer le répertoire « /tmp/allouche »: Le fichier existe
cat: input.engrad: Aucun fichier ou dossier de ce type
cp: impossible d'évaluer « input.hess »: Aucun fichier ou dossier de ce type
cp: « /home/allouche/tmp/igvpt2_h2oVQFF_38/One0.out » et « /home/allouche/tmp/igvpt2_h2oVQFF_38/./One0.out » identifient le même fichier
cat: /home/allouche/tmp/igvpt2_h2oVQFF_38/One0.hess: Aucun fichier ou dossier de ce type

real	0m4.770s
user	0m4.524s
sys	0m0.208s
cp: impossible d'évaluer « /home/allouche/MySoftwares/CChemI/CChemI-08042019/iGVPT2/tests/HDNN/key.txt »: Aucun fichier ou dossier de ce type
cp: impossible d'évaluer « /home/allouche/MySoftwares/CChemI/CChemI-08042019/iGVPT2/tests/HDNN/xyz.txt »: Aucun fichier ou dossier de ce type
mkdir: impossible de créer le répertoire « /tmp/allouche »: Le fichier existe
cat: input.engrad: Aucun fichier ou dossier de ce type
cp: impossible d'évaluer « input.hess »: Aucun fichier ou dossier de ce type
cp: « /home/allouche/tmp/igvpt2_h2oVQFF_39/One0.out » et « /home/allouche/tmp/igvpt2_h2oVQFF_39/./One0.out » identifient le même fichier
cat: /home/allouche/tmp/igvpt2_h2oVQFF_39/One0.hess: Aucun fichier ou dossier de ce type

real	0m4.702s
user	0m4.476s
sys	0m0.192s
cp: impossible d'évaluer « /home/allouche/MySoftwares/CChemI/CChemI-08042019/iGVPT2/tests/HDNN/key.txt »: Aucun fichier ou dossier de ce type
cp: impossible d'évaluer « /home/allouche/MySoftwares/CChemI/CChemI-08042019/iGVPT2/tests/HDNN/xyz.txt »: Aucun fichier ou dossier de ce type
mkdir: impossible de créer le répertoire « /tmp/allouche »: Le fichier existe
cat: input.engrad: Aucun fichier ou dossier de ce type
cp: impossible d'évaluer « input.hess »: Aucun fichier ou dossier de ce type
cp: « /home/allouche/tmp/igvpt2_h2oVQFF_3/One0.out » et « /home/allouche/tmp/igvpt2_h2oVQFF_3/./One0.out » identifient le même fichier
cat: /home/allouche/tmp/igvpt2_h2oVQFF_3/One0.hess: Aucun fichier ou dossier de ce type

real	0m4.791s
user	0m4.552s
sys	0m0.200s
cp: impossible d'évaluer « /home/allouche/MySoftwares/CChemI/CChemI-08042019/iGVPT2/tests/HDNN/key.txt »: Aucun fichier ou dossier de ce type
cp: impossible d'évaluer « /home/allouche/MySoftwares/CChemI/CChemI-08042019/iGVPT2/tests/HDNN/xyz.txt »: Aucun fichier ou dossier de ce type
mkdir: impossible de créer le répertoire « /tmp/allouche »: Le fichier existe
cat: input.engrad: Aucun fichier ou dossier de ce type
cp: impossible d'évaluer « input.hess »: Aucun fichier ou dossier de ce type
cp: « /home/allouche/tmp/igvpt2_h2oVQFF_40/One0.out » et « /home/allouche/tmp/igvpt2_h2oVQFF_40/./One0.out » identifient le même fichier
cat: /home/allouche/tmp/igvpt2_h2oVQFF_40/One0.hess: Aucun fichier ou dossier de ce type

real	0m4.755s
user	0m4.540s
sys	0m0.176s
cp: impossible d'évaluer « /home/allouche/MySoftwares/CChemI/CChemI-08042019/iGVPT2/tests/HDNN/key.txt »: Aucun fichier ou dossier de ce type
cp: impossible d'évaluer « /home/allouche/MySoftwares/CChemI/CChemI-08042019/iGVPT2/tests/HDNN/xyz.txt »: Aucun fichier ou dossier de ce type
mkdir: impossible de créer le répertoire « /tmp/allouche »: Le fichier existe
cat: input.engrad: Aucun fichier ou dossier de ce type
cp: impossible d'évaluer « input.hess »: Aucun fichier ou dossier de ce type
cp: « /home/allouche/tmp/igvpt2_h2oVQFF_41/One0.out » et « /home/allouche/tmp/igvpt2_h2oVQFF_41/./One0.out » identifient le même fichier
cat: /home/allouche/tmp/igvpt2_h2oVQFF_41/One0.hess: Aucun fichier ou dossier de ce type

real	0m4.748s
user	0m4.496s
sys	0m0.216s
cp: impossible d'évaluer « /home/allouche/MySoftwares/CChemI/CChemI-08042019/iGVPT2/tests/HDNN/key.txt »: Aucun fichier ou dossier de ce type
cp: impossible d'évaluer « /home/allouche/MySoftwares/CChemI/CChemI-08042019/iGVPT2/tests/HDNN/xyz.txt »: Aucun fichier ou dossier de ce type
mkdir: impossible de créer le répertoire « /tmp/allouche »: Le fichier existe
cat: input.engrad: Aucun fichier ou dossier de ce type
cp: impossible d'évaluer « input.hess »: Aucun fichier ou dossier de ce type
cp: « /home/allouche/tmp/igvpt2_h2oVQFF_42/One0.out » et « /home/allouche/tmp/igvpt2_h2oVQFF_42/./One0.out » identifient le même fichier
cat: /home/allouche/tmp/igvpt2_h2oVQFF_42/One0.hess: Aucun fichier ou dossier de ce type

real	0m4.638s
user	0m4.428s
sys	0m0.180s
cp: impossible d'évaluer « /home/allouche/MySoftwares/CChemI/CChemI-08042019/iGVPT2/tests/HDNN/key.txt »: Aucun fichier ou dossier de ce type
cp: impossible d'évaluer « /home/allouche/MySoftwares/CChemI/CChemI-08042019/iGVPT2/tests/HDNN/xyz.txt »: Aucun fichier ou dossier de ce type
mkdir: impossible de créer le répertoire « /tmp/allouche »: Le fichier existe
cat: input.engrad: Aucun fichier ou dossier de ce type
cp: impossible d'évaluer « input.hess »: Aucun fichier ou dossier de ce type
cp: « /home/allouche/tmp/igvpt2_h2oVQFF_43/One0.out » et « /home/allouche/tmp/igvpt2_h2oVQFF_43/./One0.out » identifient le même fichier
cat: /home/allouche/tmp/igvpt2_h2oVQFF_43/One0.hess: Aucun fichier ou dossier de ce type

real	0m4.818s
user	0m4.484s
sys	0m0.212s
cp: impossible d'évaluer « /home/allouche/MySoftwares/CChemI/CChemI-08042019/iGVPT2/tests/HDNN/key.txt »: Aucun fichier ou dossier de ce type
cp: impossible d'évaluer « /home/allouche/MySoftwares/CChemI/CChemI-08042019/iGVPT2/tests/HDNN/xyz.txt »: Aucun fichier ou dossier de ce type
mkdir: impossible de créer le répertoire « /tmp/allouche »: Le fichier existe
cat: input.engrad: Aucun fichier ou dossier de ce type
cp: impossible d'évaluer « input.hess »: Aucun fichier ou dossier de ce type
cp: « /home/allouche/tmp/igvpt2_h2oVQFF_44/One0.out » et « /home/allouche/tmp/igvpt2_h2oVQFF_44/./One0.out » identifient le même fichier
cat: /home/allouche/tmp/igvpt2_h2oVQFF_44/One0.hess: Aucun fichier ou dossier de ce type

real	0m4.742s
user	0m4.516s
sys	0m0.196s
cp: impossible d'évaluer « /home/allouche/MySoftwares/CChemI/CChemI-08042019/iGVPT2/tests/HDNN/key.txt »: Aucun fichier ou dossier de ce type
cp: impossible d'évaluer « /home/allouche/MySoftwares/CChemI/CChemI-08042019/iGVPT2/tests/HDNN/xyz.txt »: Aucun fichier ou dossier de ce type
mkdir: impossible de créer le répertoire « /tmp/allouche »: Le fichier existe
cat: input.engrad: Aucun fichier ou dossier de ce type
cp: impossible d'évaluer « input.hess »: Aucun fichier ou dossier de ce type
cp: « /home/allouche/tmp/igvpt2_h2oVQFF_45/One0.out » et « /home/allouche/tmp/igvpt2_h2oVQFF_45/./One0.out » identifient le même fichier
cat: /home/allouche/tmp/igvpt2_h2oVQFF_45/One0.hess: Aucun fichier ou dossier de ce type

real	0m4.753s
user	0m4.492s
sys	0m0.220s
cp: impossible d'évaluer « /home/allouche/MySoftwares/CChemI/CChemI-08042019/iGVPT2/tests/HDNN/key.txt »: Aucun fichier ou dossier de ce type
cp: impossible d'évaluer « /home/allouche/MySoftwares/CChemI/CChemI-08042019/iGVPT2/tests/HDNN/xyz.txt »: Aucun fichier ou dossier de ce type
mkdir: impossible de créer le répertoire « /tmp/allouche »: Le fichier existe
cat: input.engrad: Aucun fichier ou dossier de ce type
cp: impossible d'évaluer « input.hess »: Aucun fichier ou dossier de ce type
cp: « /home/allouche/tmp/igvpt2_h2oVQFF_46/One0.out » et « /home/allouche/tmp/igvpt2_h2oVQFF_46/./One0.out » identifient le même fichier
cat: /home/allouche/tmp/igvpt2_h2oVQFF_46/One0.hess: Aucun fichier ou dossier de ce type

real	0m4.765s
user	0m4.488s
sys	0m0.244s
cp: impossible d'évaluer « /home/allouche/MySoftwares/CChemI/CChemI-08042019/iGVPT2/tests/HDNN/key.txt »: Aucun fichier ou dossier de ce type
cp: impossible d'évaluer « /home/allouche/MySoftwares/CChemI/CChemI-08042019/iGVPT2/tests/HDNN/xyz.txt »: Aucun fichier ou dossier de ce type
mkdir: impossible de créer le répertoire « /tmp/allouche »: Le fichier existe
cat: input.engrad: Aucun fichier ou dossier de ce type
cp: impossible d'évaluer « input.hess »: Aucun fichier ou dossier de ce type
cp: « /home/allouche/tmp/igvpt2_h2oVQFF_47/One0.out » et « /home/allouche/tmp/igvpt2_h2oVQFF_47/./One0.out » identifient le même fichier
cat: /home/allouche/tmp/igvpt2_h2oVQFF_47/One0.hess: Aucun fichier ou dossier de ce type

real	0m4.702s
user	0m4.500s
sys	0m0.168s
cp: impossible d'évaluer « /home/allouche/MySoftwares/CChemI/CChemI-08042019/iGVPT2/tests/HDNN/key.txt »: Aucun fichier ou dossier de ce type
cp: impossible d'évaluer « /home/allouche/MySoftwares/CChemI/CChemI-08042019/iGVPT2/tests/HDNN/xyz.txt »: Aucun fichier ou dossier de ce type
mkdir: impossible de créer le répertoire « /tmp/allouche »: Le fichier existe
cat: input.engrad: Aucun fichier ou dossier de ce type
cp: impossible d'évaluer « input.hess »: Aucun fichier ou dossier de ce type
cp: « /home/allouche/tmp/igvpt2_h2oVQFF_48/One0.out » et « /home/allouche/tmp/igvpt2_h2oVQFF_48/./One0.out » identifient le même fichier
cat: /home/allouche/tmp/igvpt2_h2oVQFF_48/One0.hess: Aucun fichier ou dossier de ce type

real	0m4.855s
user	0m4.568s
sys	0m0.248s
cp: impossible d'évaluer « /home/allouche/MySoftwares/CChemI/CChemI-08042019/iGVPT2/tests/HDNN/key.txt »: Aucun fichier ou dossier de ce type
cp: impossible d'évaluer « /home/allouche/MySoftwares/CChemI/CChemI-08042019/iGVPT2/tests/HDNN/xyz.txt »: Aucun fichier ou dossier de ce type
mkdir: impossible de créer le répertoire « /tmp/allouche »: Le fichier existe
cat: input.engrad: Aucun fichier ou dossier de ce type
cp: impossible d'évaluer « input.hess »: Aucun fichier ou dossier de ce type
cp: « /home/allouche/tmp/igvpt2_h2oVQFF_49/One0.out » et « /home/allouche/tmp/igvpt2_h2oVQFF_49/./One0.out » identifient le même fichier
cat: /home/allouche/tmp/igvpt2_h2oVQFF_49/One0.hess: Aucun fichier ou dossier de ce type

real	0m4.801s
user	0m4.520s
sys	0m0.244s
cp: impossible d'évaluer « /home/allouche/MySoftwares/CChemI/CChemI-08042019/iGVPT2/tests/HDNN/key.txt »: Aucun fichier ou dossier de ce type
cp: impossible d'évaluer « /home/allouche/MySoftwares/CChemI/CChemI-08042019/iGVPT2/tests/HDNN/xyz.txt »: Aucun fichier ou dossier de ce type
mkdir: impossible de créer le répertoire « /tmp/allouche »: Le fichier existe
cat: input.engrad: Aucun fichier ou dossier de ce type
cp: impossible d'évaluer « input.hess »: Aucun fichier ou dossier de ce type
cp: « /home/allouche/tmp/igvpt2_h2oVQFF_4/One0.out » et « /home/allouche/tmp/igvpt2_h2oVQFF_4/./One0.out » identifient le même fichier
cat: /home/allouche/tmp/igvpt2_h2oVQFF_4/One0.hess: Aucun fichier ou dossier de ce type

real	0m4.466s
user	0m4.184s
sys	0m0.244s
cp: impossible d'évaluer « /home/allouche/MySoftwares/CChemI/CChemI-08042019/iGVPT2/tests/HDNN/key.txt »: Aucun fichier ou dossier de ce type
cp: impossible d'évaluer « /home/allouche/MySoftwares/CChemI/CChemI-08042019/iGVPT2/tests/HDNN/xyz.txt »: Aucun fichier ou dossier de ce type
mkdir: impossible de créer le répertoire « /tmp/allouche »: Le fichier existe
cat: input.engrad: Aucun fichier ou dossier de ce type
cp: impossible d'évaluer « input.hess »: Aucun fichier ou dossier de ce type
cp: « /home/allouche/tmp/igvpt2_h2oVQFF_50/One0.out » et « /home/allouche/tmp/igvpt2_h2oVQFF_50/./One0.out » identifient le même fichier
cat: /home/allouche/tmp/igvpt2_h2oVQFF_50/One0.hess: Aucun fichier ou dossier de ce type

real	0m4.788s
user	0m4.520s
sys	0m0.232s
cp: impossible d'évaluer « /home/allouche/MySoftwares/CChemI/CChemI-08042019/iGVPT2/tests/HDNN/key.txt »: Aucun fichier ou dossier de ce type
cp: impossible d'évaluer « /home/allouche/MySoftwares/CChemI/CChemI-08042019/iGVPT2/tests/HDNN/xyz.txt »: Aucun fichier ou dossier de ce type
mkdir: impossible de créer le répertoire « /tmp/allouche »: Le fichier existe
cat: input.engrad: Aucun fichier ou dossier de ce type
cp: impossible d'évaluer « input.hess »: Aucun fichier ou dossier de ce type
cp: « /home/allouche/tmp/igvpt2_h2oVQFF_51/One0.out » et « /home/allouche/tmp/igvpt2_h2oVQFF_51/./One0.out » identifient le même fichier
cat: /home/allouche/tmp/igvpt2_h2oVQFF_51/One0.hess: Aucun fichier ou dossier de ce type

real	0m4.746s
user	0m4.496s
sys	0m0.216s
cp: impossible d'évaluer « /home/allouche/MySoftwares/CChemI/CChemI-08042019/iGVPT2/tests/HDNN/key.txt »: Aucun fichier ou dossier de ce type
cp: impossible d'évaluer « /home/allouche/MySoftwares/CChemI/CChemI-08042019/iGVPT2/tests/HDNN/xyz.txt »: Aucun fichier ou dossier de ce type
mkdir: impossible de créer le répertoire « /tmp/allouche »: Le fichier existe
cat: input.engrad: Aucun fichier ou dossier de ce type
cp: impossible d'évaluer « input.hess »: Aucun fichier ou dossier de ce type
cp: « /home/allouche/tmp/igvpt2_h2oVQFF_52/One0.out » et « /home/allouche/tmp/igvpt2_h2oVQFF_52/./One0.out » identifient le même fichier
cat: /home/allouche/tmp/igvpt2_h2oVQFF_52/One0.hess: Aucun fichier ou dossier de ce type

real	0m4.432s
user	0m4.216s
sys	0m0.188s
cp: impossible d'évaluer « /home/allouche/MySoftwares/CChemI/CChemI-08042019/iGVPT2/tests/HDNN/key.txt »: Aucun fichier ou dossier de ce type
cp: impossible d'évaluer « /home/allouche/MySoftwares/CChemI/CChemI-08042019/iGVPT2/tests/HDNN/xyz.txt »: Aucun fichier ou dossier de ce type
mkdir: impossible de créer le répertoire « /tmp/allouche »: Le fichier existe
cat: input.engrad: Aucun fichier ou dossier de ce type
cp: impossible d'évaluer « input.hess »: Aucun fichier ou dossier de ce type
cp: « /home/allouche/tmp/igvpt2_h2oVQFF_53/One0.out » et « /home/allouche/tmp/igvpt2_h2oVQFF_53/./One0.out » identifient le même fichier
cat: /home/allouche/tmp/igvpt2_h2oVQFF_53/One0.hess: Aucun fichier ou dossier de ce type

real	0m4.568s
user	0m4.312s
sys	0m0.216s
cp: impossible d'évaluer « /home/allouche/MySoftwares/CChemI/CChemI-08042019/iGVPT2/tests/HDNN/key.txt »: Aucun fichier ou dossier de ce type
cp: impossible d'évaluer « /home/allouche/MySoftwares/CChemI/CChemI-08042019/iGVPT2/tests/HDNN/xyz.txt »: Aucun fichier ou dossier de ce type
mkdir: impossible de créer le répertoire « /tmp/allouche »: Le fichier existe
cat: input.engrad: Aucun fichier ou dossier de ce type
cp: impossible d'évaluer « input.hess »: Aucun fichier ou dossier de ce type
cp: « /home/allouche/tmp/igvpt2_h2oVQFF_54/One0.out » et « /home/allouche/tmp/igvpt2_h2oVQFF_54/./One0.out » identifient le même fichier
cat: /home/allouche/tmp/igvpt2_h2oVQFF_54/One0.hess: Aucun fichier ou dossier de ce type

real	0m4.458s
user	0m4.180s
sys	0m0.244s
cp: impossible d'évaluer « /home/allouche/MySoftwares/CChemI/CChemI-08042019/iGVPT2/tests/HDNN/key.txt »: Aucun fichier ou dossier de ce type
cp: impossible d'évaluer « /home/allouche/MySoftwares/CChemI/CChemI-08042019/iGVPT2/tests/HDNN/xyz.txt »: Aucun fichier ou dossier de ce type
mkdir: impossible de créer le répertoire « /tmp/allouche »: Le fichier existe
cat: input.engrad: Aucun fichier ou dossier de ce type
cp: impossible d'évaluer « input.hess »: Aucun fichier ou dossier de ce type
cp: « /home/allouche/tmp/igvpt2_h2oVQFF_55/One0.out » et « /home/allouche/tmp/igvpt2_h2oVQFF_55/./One0.out » identifient le même fichier
cat: /home/allouche/tmp/igvpt2_h2oVQFF_55/One0.hess: Aucun fichier ou dossier de ce type

real	0m4.854s
user	0m4.612s
sys	0m0.204s
cp: impossible d'évaluer « /home/allouche/MySoftwares/CChemI/CChemI-08042019/iGVPT2/tests/HDNN/key.txt »: Aucun fichier ou dossier de ce type
cp: impossible d'évaluer « /home/allouche/MySoftwares/CChemI/CChemI-08042019/iGVPT2/tests/HDNN/xyz.txt »: Aucun fichier ou dossier de ce type
mkdir: impossible de créer le répertoire « /tmp/allouche »: Le fichier existe
cat: input.engrad: Aucun fichier ou dossier de ce type
cp: impossible d'évaluer « input.hess »: Aucun fichier ou dossier de ce type
cp: « /home/allouche/tmp/igvpt2_h2oVQFF_56/One0.out » et « /home/allouche/tmp/igvpt2_h2oVQFF_56/./One0.out » identifient le même fichier
cat: /home/allouche/tmp/igvpt2_h2oVQFF_56/One0.hess: Aucun fichier ou dossier de ce type

real	0m4.745s
user	0m4.468s
sys	0m0.240s
cp: impossible d'évaluer « /home/allouche/MySoftwares/CChemI/CChemI-08042019/iGVPT2/tests/HDNN/key.txt »: Aucun fichier ou dossier de ce type
cp: impossible d'évaluer « /home/allouche/MySoftwares/CChemI/CChemI-08042019/iGVPT2/tests/HDNN/xyz.txt »: Aucun fichier ou dossier de ce type
mkdir: impossible de créer le répertoire « /tmp/allouche »: Le fichier existe
cat: input.engrad: Aucun fichier ou dossier de ce type
cp: impossible d'évaluer « input.hess »: Aucun fichier ou dossier de ce type
cp: « /home/allouche/tmp/igvpt2_h2oVQFF_57/One0.out » et « /home/allouche/tmp/igvpt2_h2oVQFF_57/./One0.out » identifient le même fichier
cat: /home/allouche/tmp/igvpt2_h2oVQFF_57/One0.hess: Aucun fichier ou dossier de ce type

real	0m4.737s
user	0m4.444s
sys	0m0.260s
cp: impossible d'évaluer « /home/allouche/MySoftwares/CChemI/CChemI-08042019/iGVPT2/tests/HDNN/key.txt »: Aucun fichier ou dossier de ce type
cp: impossible d'évaluer « /home/allouche/MySoftwares/CChemI/CChemI-08042019/iGVPT2/tests/HDNN/xyz.txt »: Aucun fichier ou dossier de ce type
mkdir: impossible de créer le répertoire « /tmp/allouche »: Le fichier existe
cat: input.engrad: Aucun fichier ou dossier de ce type
cp: impossible d'évaluer « input.hess »: Aucun fichier ou dossier de ce type
cp: « /home/allouche/tmp/igvpt2_h2oVQFF_58/One0.out » et « /home/allouche/tmp/igvpt2_h2oVQFF_58/./One0.out » identifient le même fichier
cat: /home/allouche/tmp/igvpt2_h2oVQFF_58/One0.hess: Aucun fichier ou dossier de ce type

real	0m4.759s
user	0m4.520s
sys	0m0.208s
cp: impossible d'évaluer « /home/allouche/MySoftwares/CChemI/CChemI-08042019/iGVPT2/tests/HDNN/key.txt »: Aucun fichier ou dossier de ce type
cp: impossible d'évaluer « /home/allouche/MySoftwares/CChemI/CChemI-08042019/iGVPT2/tests/HDNN/xyz.txt »: Aucun fichier ou dossier de ce type
mkdir: impossible de créer le répertoire « /tmp/allouche »: Le fichier existe
cat: input.engrad: Aucun fichier ou dossier de ce type
cp: impossible d'évaluer « input.hess »: Aucun fichier ou dossier de ce type
cp: « /home/allouche/tmp/igvpt2_h2oVQFF_59/One0.out » et « /home/allouche/tmp/igvpt2_h2oVQFF_59/./One0.out » identifient le même fichier
cat: /home/allouche/tmp/igvpt2_h2oVQFF_59/One0.hess: Aucun fichier ou dossier de ce type

real	0m4.803s
user	0m4.536s
sys	0m0.232s
cp: impossible d'évaluer « /home/allouche/MySoftwares/CChemI/CChemI-08042019/iGVPT2/tests/HDNN/key.txt »: Aucun fichier ou dossier de ce type
cp: impossible d'évaluer « /home/allouche/MySoftwares/CChemI/CChemI-08042019/iGVPT2/tests/HDNN/xyz.txt »: Aucun fichier ou dossier de ce type
mkdir: impossible de créer le répertoire « /tmp/allouche »: Le fichier existe
cat: input.engrad: Aucun fichier ou dossier de ce type
cp: impossible d'évaluer « input.hess »: Aucun fichier ou dossier de ce type
cp: « /home/allouche/tmp/igvpt2_h2oVQFF_5/One0.out » et « /home/allouche/tmp/igvpt2_h2oVQFF_5/./One0.out » identifient le même fichier
cat: /home/allouche/tmp/igvpt2_h2oVQFF_5/One0.hess: Aucun fichier ou dossier de ce type

real	0m4.497s
user	0m4.240s
sys	0m0.216s
cp: impossible d'évaluer « /home/allouche/MySoftwares/CChemI/CChemI-08042019/iGVPT2/tests/HDNN/key.txt »: Aucun fichier ou dossier de ce type
cp: impossible d'évaluer « /home/allouche/MySoftwares/CChemI/CChemI-08042019/iGVPT2/tests/HDNN/xyz.txt »: Aucun fichier ou dossier de ce type
mkdir: impossible de créer le répertoire « /tmp/allouche »: Le fichier existe
cat: input.engrad: Aucun fichier ou dossier de ce type
cp: impossible d'évaluer « input.hess »: Aucun fichier ou dossier de ce type
cp: « /home/allouche/tmp/igvpt2_h2oVQFF_60/One0.out » et « /home/allouche/tmp/igvpt2_h2oVQFF_60/./One0.out » identifient le même fichier
cat: /home/allouche/tmp/igvpt2_h2oVQFF_60/One0.hess: Aucun fichier ou dossier de ce type

real	0m4.707s
user	0m4.472s
sys	0m0.200s
cp: impossible d'évaluer « /home/allouche/MySoftwares/CChemI/CChemI-08042019/iGVPT2/tests/HDNN/key.txt »: Aucun fichier ou dossier de ce type
cp: impossible d'évaluer « /home/allouche/MySoftwares/CChemI/CChemI-08042019/iGVPT2/tests/HDNN/xyz.txt »: Aucun fichier ou dossier de ce type
mkdir: impossible de créer le répertoire « /tmp/allouche »: Le fichier existe
cat: input.engrad: Aucun fichier ou dossier de ce type
cp: impossible d'évaluer « input.hess »: Aucun fichier ou dossier de ce type
cp: « /home/allouche/tmp/igvpt2_h2oVQFF_61/One0.out » et « /home/allouche/tmp/igvpt2_h2oVQFF_61/./One0.out » identifient le même fichier
cat: /home/allouche/tmp/igvpt2_h2oVQFF_61/One0.hess: Aucun fichier ou dossier de ce type

real	0m4.707s
user	0m4.436s
sys	0m0.236s
cp: impossible d'évaluer « /home/allouche/MySoftwares/CChemI/CChemI-08042019/iGVPT2/tests/HDNN/key.txt »: Aucun fichier ou dossier de ce type
cp: impossible d'évaluer « /home/allouche/MySoftwares/CChemI/CChemI-08042019/iGVPT2/tests/HDNN/xyz.txt »: Aucun fichier ou dossier de ce type
mkdir: impossible de créer le répertoire « /tmp/allouche »: Le fichier existe
cat: input.engrad: Aucun fichier ou dossier de ce type
cp: impossible d'évaluer « input.hess »: Aucun fichier ou dossier de ce type
cp: « /home/allouche/tmp/igvpt2_h2oVQFF_62/One0.out » et « /home/allouche/tmp/igvpt2_h2oVQFF_62/./One0.out » identifient le même fichier
cat: /home/allouche/tmp/igvpt2_h2oVQFF_62/One0.hess: Aucun fichier ou dossier de ce type

real	0m4.732s
user	0m4.504s
sys	0m0.188s
cp: impossible d'évaluer « /home/allouche/MySoftwares/CChemI/CChemI-08042019/iGVPT2/tests/HDNN/key.txt »: Aucun fichier ou dossier de ce type
cp: impossible d'évaluer « /home/allouche/MySoftwares/CChemI/CChemI-08042019/iGVPT2/tests/HDNN/xyz.txt »: Aucun fichier ou dossier de ce type
mkdir: impossible de créer le répertoire « /tmp/allouche »: Le fichier existe
cat: input.engrad: Aucun fichier ou dossier de ce type
cp: impossible d'évaluer « input.hess »: Aucun fichier ou dossier de ce type
cp: « /home/allouche/tmp/igvpt2_h2oVQFF_6/One0.out » et « /home/allouche/tmp/igvpt2_h2oVQFF_6/./One0.out » identifient le même fichier
cat: /home/allouche/tmp/igvpt2_h2oVQFF_6/One0.hess: Aucun fichier ou dossier de ce type

real	0m4.437s
user	0m4.176s
sys	0m0.224s
cp: impossible d'évaluer « /home/allouche/MySoftwares/CChemI/CChemI-08042019/iGVPT2/tests/HDNN/key.txt »: Aucun fichier ou dossier de ce type
cp: impossible d'évaluer « /home/allouche/MySoftwares/CChemI/CChemI-08042019/iGVPT2/tests/HDNN/xyz.txt »: Aucun fichier ou dossier de ce type
mkdir: impossible de créer le répertoire « /tmp/allouche »: Le fichier existe
cat: input.engrad: Aucun fichier ou dossier de ce type
cp: impossible d'évaluer « input.hess »: Aucun fichier ou dossier de ce type
cp: « /home/allouche/tmp/igvpt2_h2oVQFF_7/One0.out » et « /home/allouche/tmp/igvpt2_h2oVQFF_7/./One0.out » identifient le même fichier
cat: /home/allouche/tmp/igvpt2_h2oVQFF_7/One0.hess: Aucun fichier ou dossier de ce type

real	0m4.429s
user	0m4.148s
sys	0m0.244s
cp: impossible d'évaluer « /home/allouche/MySoftwares/CChemI/CChemI-08042019/iGVPT2/tests/HDNN/key.txt »: Aucun fichier ou dossier de ce type
cp: impossible d'évaluer « /home/allouche/MySoftwares/CChemI/CChemI-08042019/iGVPT2/tests/HDNN/xyz.txt »: Aucun fichier ou dossier de ce type
mkdir: impossible de créer le répertoire « /tmp/allouche »: Le fichier existe
cat: input.engrad: Aucun fichier ou dossier de ce type
cp: impossible d'évaluer « input.hess »: Aucun fichier ou dossier de ce type
cp: « /home/allouche/tmp/igvpt2_h2oVQFF_8/One0.out » et « /home/allouche/tmp/igvpt2_h2oVQFF_8/./One0.out » identifient le même fichier
cat: /home/allouche/tmp/igvpt2_h2oVQFF_8/One0.hess: Aucun fichier ou dossier de ce type

real	0m4.486s
user	0m4.228s
sys	0m0.220s
cp: impossible d'évaluer « /home/allouche/MySoftwares/CChemI/CChemI-08042019/iGVPT2/tests/HDNN/key.txt »: Aucun fichier ou dossier de ce type
cp: impossible d'évaluer « /home/allouche/MySoftwares/CChemI/CChemI-08042019/iGVPT2/tests/HDNN/xyz.txt »: Aucun fichier ou dossier de ce type
mkdir: impossible de créer le répertoire « /tmp/allouche »: Le fichier existe
cat: input.engrad: Aucun fichier ou dossier de ce type
cp: impossible d'évaluer « input.hess »: Aucun fichier ou dossier de ce type
cp: « /home/allouche/tmp/igvpt2_h2oVQFF_9/One0.out » et « /home/allouche/tmp/igvpt2_h2oVQFF_9/./One0.out » identifient le même fichier
cat: /home/allouche/tmp/igvpt2_h2oVQFF_9/One0.hess: Aucun fichier ou dossier de ce type

real	0m4.434s
user	0m4.208s
sys	0m0.192s
