
$orca_hessian_file

$act_atom
  0

$act_coord
  0

$act_energy
      -76.413676

$hessian
9
                    0                  1                  2                  3                  4        
    0      1.1532134141E-02  -2.3634211055E-02   1.4963963401E-02  -1.4498927838E-03   2.4369496144E-02
    1     -2.3634211055E-02   5.1474947441E-01   1.1701051565E-01  -3.7462413130E-03  -2.3468574662E-02
    2      1.4963963401E-02   1.1701051565E-01   6.6102008004E-02  -3.9588124811E-03   3.9991985548E-02
    3     -1.4498927838E-03  -3.7462413130E-03  -3.9588124811E-03   1.1582011646E-01  -1.1820322818E-01
    4      2.4369496144E-02  -2.3468574662E-02   3.9991985548E-02  -1.1820322818E-01   1.6722894907E-01
    5      4.9974415118E-03  -1.4699358678E-02   4.9416495655E-03   1.8772512806E-01  -1.7697544467E-01
    6     -1.0032276470E-02   2.7434447301E-02  -1.1043972895E-02  -1.1456174421E-01   9.3806601876E-02
    7     -8.2578982152E-04  -4.9121736083E-01  -1.5718908726E-01   1.2182455572E-01  -1.4377327369E-01
    8     -1.9939810868E-02  -1.0230489531E-01  -7.1082474270E-02  -1.8367430487E-01   1.3690143424E-01
                    5                  6                  7                  8        
     0      4.9974415118E-03  -1.0032276470E-02  -8.2578982152E-04  -1.9939810868E-02
     1     -1.4699358678E-02   2.7434447301E-02  -4.9121736083E-01  -1.0230489531E-01
     2      4.9416495655E-03  -1.1043972895E-02  -1.5718908726E-01  -7.1082474270E-02
     3      1.8772512806E-01  -1.1456174421E-01   1.2182455572E-01  -1.8367430487E-01
     4     -1.7697544467E-01   9.3806601876E-02  -1.4377327369E-01   1.3690143424E-01
     5      3.0915759628E-01  -1.9275805429E-01   1.9152550694E-01  -3.1422297622E-01
     6     -1.9275805429E-01   1.2473810534E-01  -1.2102590421E-01   2.0366070923E-01
     7      1.9152550694E-01  -1.2102590421E-01   6.3493764689E-01  -3.4263732594E-02
     8     -3.1422297622E-01   2.0366070923E-01  -3.4263732594E-02   3.8546753201E-01

$vibrational_frequencies
9
    0        0.000000
    1        0.000000
    2        0.000000
    3        0.000000
    4        0.000000
    5        0.000000
    6     1644.213172
    7     3833.653073
    8     3942.300106

$normal_modes
9 9
                    0                  1                  2                  3                  4        
    0      0.0000000000E+00   0.0000000000E+00   0.0000000000E+00   0.0000000000E+00   0.0000000000E+00
    1      0.0000000000E+00   0.0000000000E+00   0.0000000000E+00   0.0000000000E+00   0.0000000000E+00
    2      0.0000000000E+00   0.0000000000E+00   0.0000000000E+00   0.0000000000E+00   0.0000000000E+00
    3      0.0000000000E+00   0.0000000000E+00   0.0000000000E+00   0.0000000000E+00   0.0000000000E+00
    4      0.0000000000E+00   0.0000000000E+00   0.0000000000E+00   0.0000000000E+00   0.0000000000E+00
    5      0.0000000000E+00   0.0000000000E+00   0.0000000000E+00   0.0000000000E+00   0.0000000000E+00
    6      0.0000000000E+00   0.0000000000E+00   0.0000000000E+00   0.0000000000E+00   0.0000000000E+00
    7      0.0000000000E+00   0.0000000000E+00   0.0000000000E+00   0.0000000000E+00   0.0000000000E+00
    8      0.0000000000E+00   0.0000000000E+00   0.0000000000E+00   0.0000000000E+00   0.0000000000E+00
                    5                  6                  7                  8        
     0      0.0000000000E+00  -3.3448567792E-01   3.6204935803E-02   1.4229193512E-02
     1      0.0000000000E+00   1.5193763997E-01  -6.8550555901E-01  -6.8399221395E-01
     2      0.0000000000E+00  -6.0211301951E-01  -1.4672173540E-01  -1.8896278997E-01
     3      0.0000000000E+00  -7.4338567847E-02  -3.2429261206E-01   3.2534113633E-01
     4      0.0000000000E+00  -6.1403114709E-01   3.6832051757E-01  -3.2317282660E-01
     5      0.0000000000E+00  -3.3897944069E-01  -5.1376831116E-01   5.3010513504E-01
     6      0.0000000000E+00   2.5757537329E-02   1.8150658020E-02  -2.1394267922E-02
     7      0.0000000000E+00   2.9113710556E-02   1.9983906605E-02   6.3455363515E-02
     8      0.0000000000E+00   5.9292530776E-02   4.1613473775E-02  -2.1493311071E-02

#
# The atoms: label  mass x y z (in bohrs)
#
$atoms
3
 H      1.00800      1.123157688787    -0.812782340382    -0.382075118394
 H      1.00800      0.246262469479     1.769340730033    -1.268967041836
 O     15.99900      1.087223815831     0.933169633997     0.101022644773

$actual_temperature
  0.000000

$frequency_scale_factor
  1.000000

$dipole_derivatives
9
    3.2974223151E-01   -1.4937241057E-02   -3.6534728796E-02
   -1.0626894057E-02    1.8757214403E-01   -7.1647941858E-02
   -3.5435519956E-02   -8.0584534837E-02    2.5348076721E-01
    3.0026962159E-01    1.7030711213E-02   -8.7010084625E-02
    1.2676685817E-02    2.9152174763E-01    6.9962749241E-03
   -8.8561487455E-02    1.6110905693E-02    1.8097651246E-01
   -6.2792878053E-01   -3.9035206302E-03    1.2493443262E-01
   -1.7507553740E-03   -4.8050290454E-01    6.4683917730E-02
    1.2406182385E-01    6.4521245054E-02   -4.3442244202E-01

#
# The IR spectrum
#  wavenumber eps Int TX TY TZ
#
$ir_spectrum
9
      0.00   0.00000000   0.00000000     0.000000     0.000000     0.000000
      0.00   0.00000000   0.00000000     0.000000     0.000000     0.000000
      0.00   0.00000000   0.00000000     0.000000     0.000000     0.000000
      0.00   0.00000000   0.00000000     0.000000     0.000000     0.000000
      0.00   0.00000000   0.00000000     0.000000     0.000000     0.000000
      0.00   0.00000000   0.00000000     0.000000     0.000000     0.000000
   1644.21   0.01358887  68.67258319    -0.018297    -0.020953    -0.042489
   3833.65   0.00113672   5.74452320    -0.003562    -0.003765    -0.008104
   3942.30   0.01111921  56.19191724     0.009023    -0.026752     0.009114


$end

