seed = -1
----------------------------------------------------------
runType=VPT2
model=GAUSSIAN
----------------------------------------------------------

nFrequencies=3
VPT2 model : GVPT2

Gradients
END

Hessian
1 1      1632.7707060000
2 2      3810.0418000000
3 3      3913.0694210000
END

Cubic
1 1 1       -81.7925280000
1 1 2       -72.6490670000
1 1 3        -0.0254990000
2 2 1      -387.2029600000
2 2 2       100.7355510000
2 2 3        -0.0254990000
3 3 1       -48.6134180000
3 3 2        29.5882630000
3 3 3        -0.0438700000
END

Quartic
1 1 1 1      -134.9857830000
1 1 1 2      -135.0831760000
1 1 1 3        -0.0243080000
2 2 1 1        -8.7467330000
2 2 2 1        -9.9001830000
2 2 2 2         6.9159130000
2 2 2 3        -0.0502530000
3 3 1 1       -74.3719320000
3 3 2 2       -68.9869070000
3 3 3 3       -79.7489980000
END

Coriolis
END

Rotation constants
1         1.0000000000
2         1.0000000000
3         1.0000000000
END
nFrequencies=3
nDim=3
VPT2 Properties model : GVPT2 : Gaussian method

First derivatives
1 1        -0.0000001054
1 2         0.0000059646
1 3         2.4609000147
2 1         2.9361889765
2 2         0.7484399828
2 3        -0.0000018043
3 1         0.0000000002
3 2         0.0000000005
3 3         0.0000000007
END


Second derivatives
1 1 2         0.0001590000
1 1 3        27.3696850000
1 2 1         0.0001590000
1 2 2        -0.0000130000
1 2 3       -17.3614130000
1 3 1        27.3696850000
1 3 2       -17.3614130000
1 3 3         0.0008660000
2 1 1         1.7682760000
2 1 2        14.0865030000
2 2 1        14.0865030000
2 2 2         6.0639140000
2 3 3       -45.0940540000
END


Cubic derivatives
1 1 1 2         0.6172910000
1 1 1 3       448.8546290000
1 1 2 1         0.6172910000
1 1 2 2         0.9429580000
1 1 3 1       448.8546290000
1 2 1 1         0.6172910000
1 2 1 2         0.9429580000
1 2 2 1         0.9429580000
1 2 2 2        -0.0196590000
1 2 2 3       207.5913200000
1 2 3 2       207.5913200000
1 3 1 1       448.8546290000
1 3 2 2       207.5913200000
1 3 3 3       860.5565300000
2 1 1 1       746.3152240000
2 1 1 2       354.2705880000
2 1 1 3         0.8210880000
2 1 2 1       354.2705880000
2 1 2 2       835.1255200000
2 1 3 1         0.8210880000
2 1 3 3       299.5850150000
2 2 1 1       354.2705880000
2 2 1 2       835.1255200000
2 2 2 1       835.1255200000
2 2 2 2      1057.5197780000
2 2 2 3         1.9159940000
2 2 3 2         1.9159940000
2 2 3 3       174.3532910000
2 3 1 1         0.8210880000
2 3 1 3       299.5850150000
2 3 2 2         1.9159940000
2 3 2 3       174.3532910000
2 3 3 1       299.5850150000
2 3 3 2       174.3532910000
2 3 3 3         3.4485300000
END

nFrequencies 3
nStates 10
State n 1	0 0 0 
State n 2	1 0 0 
State n 3	0 1 0 
State n 4	0 0 1 
State n 5	2 0 0 
State n 6	0 2 0 
State n 7	0 0 2 
State n 8	1 1 0 
State n 9	1 0 1 
State n 10	0 1 1 

Xkl (cm^-1) by VPT2+K model
1 1        -9.3627940351
1 2       -10.5927383818
1 3       -19.1396793799
2 1       -10.5927383818
2 2       -11.0469160336
2 3       -20.3610585808
3 1       -19.1396793799
3 2       -20.3610585808
3 3        -5.1853813986
END

C=-2.550706

Diagonal of H (cm^-1) by VPT2+K model
     4659.0188215476         0.0000000000 
     6258.1977305966      1599.1789090491  1(1) 
     8431.4898909991      3772.4710694516  2(1) 
     8541.9671107700      3882.9482892224  3(1) 
     7838.6510515756      3179.6322300280  1(2) 
    12181.8671283835      7522.8483068360  2(2) 
    12414.5446371952      7755.5258156476  3(2) 
    10020.0760616664      5361.0572401189  1(1)  2(1) 
    10122.0063404392      5462.9875188916  1(1)  3(1) 
    12294.0771216408      7635.0583000932  2(1)  3(1) 
END


Resonance Matrix (cm^-1) by VPT2+K model
========================================
 Fermi Resonances terms :
 0 Fermi Resonances 
----------------------------------------------------------------------------------------------------

 Darling-Dennison Resonances terms :
 0 Darling-Dennison Resonances 
----------------------------------------------------------------------------------------------------

END



Results
========================
       E(harm)      E(anharm)     Mode(Quanta), Coef 
       -------      ---------     ---------------- 
    0.00000000     0.00000000     [ 1.000] 
 1632.77070600  1599.17890905     [ 1.000  1(1)] 
 3265.54141200  3179.63223003     [ 1.000  1(2)] 
 3810.04180000  3772.47106945     [ 1.000  2(1)] 
 3913.06942100  3882.94828922     [ 1.000  3(1)] 
 5442.81250600  5361.05724012     [ 1.000  1(1)  2(1)] 
 5545.84012700  5462.98751889     [ 1.000  1(1)  3(1)] 
 7620.08360000  7522.84830684     [ 1.000  2(2)] 
 7723.11122100  7635.05830009     [ 1.000  2(1)  3(1)] 
 7826.13884200  7755.52581565     [ 1.000  3(2)] 



Results With intensities
========================
       E(harm)      E(anharm)        I(harm)      I(anharm)     Coef Mode(Quanta) 
       -------      ---------        -------      ---------     ---------------- 
    0.00000000     0.00000000     0.00000000     0.00000000     [ 1.000] 
 1632.77070600  1599.17890905    69.80635920    79.47025604     [ 1.000  1(1)] 
 3265.54141200  3179.63223003     0.00000000     0.00353203     [ 1.000  1(2)] 
 3810.04180000  3772.47106945     4.53566468     6.61867311     [ 1.000  2(1)] 
 3913.06942100  3882.94828922    49.03598660    57.23330524     [ 1.000  3(1)] 
 5442.81250600  5361.05724012     0.00000000     0.37272379     [ 1.000  1(1)  2(1)] 
 5545.84012700  5462.98751889     0.00000000     2.36623580     [ 1.000  1(1)  3(1)] 
 7620.08360000  7522.84830684     0.00000000     0.01150474     [ 1.000  2(2)] 
 7723.11122100  7635.05830009     0.00000000     0.59669911     [ 1.000  2(1)  3(1)] 
 7826.13884200  7755.52581565     0.00000000     2.10999870     [ 1.000  3(2)] 



Results With intensities
========================

Fundamental Bands
-----------------
       E(harm)      E(anharm)        I(harm)      I(anharm)       Coef. Mode(Quanta) 
  ------------   ------------   ------------   ------------     -------------------- 
 1632.77070600  1599.17890905    69.80635920    79.47025604     [ 1.000  1(1)] 
 3810.04180000  3772.47106945     4.53566468     6.61867311     [ 1.000  2(1)] 
 3913.06942100  3882.94828922    49.03598660    57.23330524     [ 1.000  3(1)] 

Overtones
---------
       E(harm)      E(anharm)        I(harm)      I(anharm)       Coef. Mode(Quanta) 
  ------------   ------------   ------------   ------------     -------------------- 
 3265.54141200  3179.63223003     0.00000000     0.00353203     [ 1.000  1(2)] 
 7620.08360000  7522.84830684     0.00000000     0.01150474     [ 1.000  2(2)] 
 7826.13884200  7755.52581565     0.00000000     2.10999870     [ 1.000  3(2)] 

Combination Bands
----------------
       E(harm)      E(anharm)        I(harm)      I(anharm)       Coef. Mode(Quanta) 
  ------------   ------------   ------------   ------------     -------------------- 
 5442.81250600  5361.05724012     0.00000000     0.37272379     [ 1.000  1(1)  2(1)] 
 5545.84012700  5462.98751889     0.00000000     2.36623580     [ 1.000  1(1)  3(1)] 
 7723.11122100  7635.05830009     0.00000000     0.59669911     [ 1.000  2(1)  3(1)] 


