seed = -1
----------------------------------------------------------
runType=VPT2
model=ORCA
----------------------------------------------------------

nFrequencies=3
VPT2 model : GVPT2

Gradients
END

Hessian
1 1      1642.7924150000
2 2      3833.9975130000
3 3      3943.9541210000
END

Cubic
1 1 1       274.5131600000
1 1 2       327.7771900000
1 1 3         0.7335150000
2 2 1       -76.7255910000
2 2 2     -1820.0671520000
2 2 3        -2.0456980000
3 3 1      -264.9081590000
3 3 2     -1841.4110070000
3 3 3        -2.1607990000
END

Quartic
1 1 1 1       -49.7841740000
1 1 1 2        65.5334550000
1 1 1 3        -1.1099530000
2 2 1 1      -312.7603780000
2 2 2 1      -152.9276280000
2 2 2 2       750.6657870000
2 2 2 3        -0.4857630000
3 3 1 1      -370.1017260000
3 3 2 2       766.2232000000
3 3 3 1        -1.6120520000
3 3 3 2        -0.7407370000
3 3 3 3       767.0011340000
END

Coriolis
END

Rotation constants
1         1.0000000000
2         1.0000000000
3         1.0000000000
END
nFrequencies=3
nDim=3
VPT2 Properties model : GVPT2 : Gaussian method

First derivatives
1 1        -1.1276770000
1 2        -0.3998750000
1 3        -0.8300190000
2 1        -1.2794540000
2 2        -0.4384500000
2 3         2.4513080000
3 1        -2.6064650000
3 2        -0.8614210000
3 3        -0.8581740000
END


Second derivatives
1 1 1         4.3917320000
1 1 2         3.0618020000
1 1 3         8.3234820000
1 2 1         3.0618020000
1 2 2         3.4667860000
1 2 3         4.5885330000
1 3 1         8.3234820000
1 3 2         4.5885330000
1 3 3        -2.5425360000
2 1 1         5.6220010000
2 1 2         3.3378660000
2 1 3       -25.3522560000
2 2 1         3.3378660000
2 2 2         4.7882370000
2 2 3       -12.3657070000
2 3 1       -25.3522560000
2 3 2       -12.3657070000
2 3 3        -1.9938880000
3 1 1        11.6521440000
3 1 2         6.7008290000
3 1 3         8.8071090000
3 2 1         6.7008290000
3 2 2         9.8261100000
3 2 3         4.0830170000
3 3 1         8.8071090000
3 3 2         4.0830170000
3 3 3        -4.5986510000
END


Cubic derivatives
1 1 1 1       -92.5526450000
1 1 1 2       -24.4129270000
1 1 1 3       -86.6618390000
1 1 2 1       -24.4129270000
1 1 2 2       -24.8635510000
1 1 3 1       -86.6618390000
1 1 3 3        57.5473990000
1 2 1 1       -24.4129270000
1 2 1 2       -24.8635510000
1 2 2 1       -24.8635510000
1 2 2 2        45.1056910000
1 2 2 3        77.0491290000
1 2 3 2        77.0491290000
1 2 3 3        39.0730890000
1 3 1 1       -86.6618390000
1 3 1 3        57.5473990000
1 3 2 2        77.0491290000
1 3 2 3        39.0730890000
1 3 3 1        57.5473990000
1 3 3 2        39.0730890000
1 3 3 3       -17.3378730000
2 1 1 1      -117.8548070000
2 1 1 2       -20.3441050000
2 1 1 3       239.3517470000
2 1 2 1       -20.3441050000
2 1 2 2       -43.5112140000
2 1 3 1       239.3517470000
2 1 3 3        51.1532440000
2 2 1 1       -20.3441050000
2 2 1 2       -43.5112140000
2 2 2 1       -43.5112140000
2 2 2 2        64.0975610000
2 2 2 3      -211.8851040000
2 2 3 2      -211.8851040000
2 2 3 3        58.6096340000
2 3 1 1       239.3517470000
2 3 1 3        51.1532440000
2 3 2 2      -211.8851040000
2 3 2 3        58.6096340000
2 3 3 1        51.1532440000
2 3 3 2        58.6096340000
2 3 3 3        99.0735610000
3 1 1 1      -230.3828420000
3 1 1 2       -61.0323160000
3 1 1 3       -66.0280680000
3 1 2 1       -61.0323160000
3 1 2 2       -68.3747650000
3 1 3 1       -66.0280680000
3 1 3 3       102.3064870000
3 2 1 1       -61.0323160000
3 2 1 2       -68.3747650000
3 2 2 1       -68.3747650000
3 2 2 2        68.8455290000
3 2 2 3        86.6802700000
3 2 3 2        86.6802700000
3 2 3 3        87.9144510000
3 3 1 1       -66.0280680000
3 3 1 3       102.3064870000
3 3 2 2        86.6802700000
3 3 2 3        87.9144510000
3 3 3 1       102.3064870000
3 3 3 2        87.9144510000
3 3 3 3       -29.7220680000
END

nFrequencies 3
nStates 10
State n 1	0 0 0 
State n 2	1 0 0 
State n 3	0 1 0 
State n 4	0 0 1 
State n 5	2 0 0 
State n 6	0 2 0 
State n 7	0 0 2 
State n 8	1 1 0 
State n 9	1 0 1 
State n 10	0 1 1 

Xkl (cm^-1) by VPT2+K model
1 1       -17.9863185338
1 2       -13.6834303732
1 3       -44.4270133740
2 1       -13.6834303732
2 2       -43.5225682572
2 3      -170.7873688900
3 1       -44.4270133740
3 2      -170.7873688900
3 3       -50.7328273018
END

C=34.497239

Diagonal of H (cm^-1) by VPT2+K model
     4625.0871428175         0.0000000000 
     6202.8516988762      1577.7645560587  1(1) 
     8279.8041196715      3654.7169768540  2(1) 
     8359.9684180819      3734.8812752644  3(1) 
     7744.6436178672      3119.5564750497  1(2) 
    11847.4759600110      7222.3888171935  2(2) 
    11993.3840387427      7368.2968959252  3(2) 
     9843.8852453570      5218.7981025395  1(1)  2(1) 
     9893.3059607665      5268.2188179491  1(1)  3(1) 
    11843.8980260459      7218.8108832284  2(1)  3(1) 
END


Resonance Matrix (cm^-1) by VPT2+K model
========================================
 Fermi Resonances terms :
 0 Fermi Resonances 
----------------------------------------------------------------------------------------------------

 Darling-Dennison Resonances terms :
 0 Darling-Dennison Resonances 
----------------------------------------------------------------------------------------------------

END



Results
========================
       E(harm)      E(anharm)     Mode(Quanta), Coef 
       -------      ---------     ---------------- 
    0.00000000     0.00000000     [ 1.000] 
 1642.79241500  1577.76455606     [ 1.000  1(1)] 
 3285.58483000  3119.55647505     [ 1.000  1(2)] 
 3833.99751300  3654.71697685     [ 1.000  2(1)] 
 3943.95412100  3734.88127526     [ 1.000  3(1)] 
 5476.78992800  5218.79810254     [ 1.000  1(1)  2(1)] 
 5586.74653600  5268.21881795     [ 1.000  1(1)  3(1)] 
 7777.95163400  7218.81088323     [ 1.000  2(1)  3(1)] 
 7667.99502600  7222.38881719     [ 1.000  2(2)] 
 7887.90824200  7368.29689593     [ 1.000  3(2)] 



Results With intensities
========================
       E(harm)      E(anharm)        I(harm)      I(anharm)     Coef Mode(Quanta) 
       -------      ---------        -------      ---------     ---------------- 
    0.00000000     0.00000000     0.00000000     0.00000000     [ 1.000] 
 1642.79241500  1577.76455606    78.56018069    80.02666346     [ 1.000  1(1)] 
 3285.58483000  3119.55647505     0.00000000     0.56592040     [ 1.000  1(2)] 
 3833.99751300  3654.71697685     8.85967031     6.68056782     [ 1.000  2(1)] 
 3943.95412100  3734.88127526    60.19596186    54.51838698     [ 1.000  3(1)] 
 5476.78992800  5218.79810254     0.00000000     0.08725049     [ 1.000  1(1)  2(1)] 
 5586.74653600  5268.21881795     0.00000000     4.14248144     [ 1.000  1(1)  3(1)] 
 7777.95163400  7218.81088323     0.00000000     3.26229666     [ 1.000  2(1)  3(1)] 
 7667.99502600  7222.38881719     0.00000000     0.49716048     [ 1.000  2(2)] 
 7887.90824200  7368.29689593     0.00000000     0.04103101     [ 1.000  3(2)] 



Results With intensities
========================

Fundamental Bands
-----------------
       E(harm)      E(anharm)        I(harm)      I(anharm)       Coef. Mode(Quanta) 
  ------------   ------------   ------------   ------------     -------------------- 
 1642.79241500  1577.76455606    78.56018069    80.02666346     [ 1.000  1(1)] 
 3833.99751300  3654.71697685     8.85967031     6.68056782     [ 1.000  2(1)] 
 3943.95412100  3734.88127526    60.19596186    54.51838698     [ 1.000  3(1)] 

Overtones
---------
       E(harm)      E(anharm)        I(harm)      I(anharm)       Coef. Mode(Quanta) 
  ------------   ------------   ------------   ------------     -------------------- 
 3285.58483000  3119.55647505     0.00000000     0.56592040     [ 1.000  1(2)] 
 7667.99502600  7222.38881719     0.00000000     0.49716048     [ 1.000  2(2)] 
 7887.90824200  7368.29689593     0.00000000     0.04103101     [ 1.000  3(2)] 

Combination Bands
----------------
       E(harm)      E(anharm)        I(harm)      I(anharm)       Coef. Mode(Quanta) 
  ------------   ------------   ------------   ------------     -------------------- 
 5476.78992800  5218.79810254     0.00000000     0.08725049     [ 1.000  1(1)  2(1)] 
 5586.74653600  5268.21881795     0.00000000     4.14248144     [ 1.000  1(1)  3(1)] 
 7777.95163400  7218.81088323     0.00000000     3.26229666     [ 1.000  2(1)  3(1)] 


