cp: impossible d'évaluer « /home/allouche/MySoftwares/CChemI/CChemI-100716/iGVPT2/tests/QFFOrcaRIB2PLYP/*.gab »: Aucun fichier ou dossier de ce type
cat: input.engrad: Aucun fichier ou dossier de ce type
cat: input.hess: Aucun fichier ou dossier de ce type
cp: « /home/allouche/tmp/igvpt2_17316/h2oVQFF_0/One0.out » et « /home/allouche/tmp/igvpt2_17316/h2oVQFF_0/./One0.out » identifient le même fichier

real	0m5.926s
user	0m5.620s
sys	0m0.268s
cat: input.engrad: Aucun fichier ou dossier de ce type
cat: input.hess: Aucun fichier ou dossier de ce type
cp: « /home/allouche/tmp/igvpt2_12940/h2oVQFF_10/One0.out » et « /home/allouche/tmp/igvpt2_12940/h2oVQFF_10/./One0.out » identifient le même fichier

real	0m5.955s
user	0m5.652s
sys	0m0.256s
cat: input.engrad: Aucun fichier ou dossier de ce type
cat: input.hess: Aucun fichier ou dossier de ce type
cp: « /home/allouche/tmp/igvpt2_28606/h2oVQFF_11/One0.out » et « /home/allouche/tmp/igvpt2_28606/h2oVQFF_11/./One0.out » identifient le même fichier

real	0m5.962s
user	0m5.668s
sys	0m0.260s
cat: input.engrad: Aucun fichier ou dossier de ce type
cat: input.hess: Aucun fichier ou dossier de ce type
cp: « /home/allouche/tmp/igvpt2_10193/h2oVQFF_12/One0.out » et « /home/allouche/tmp/igvpt2_10193/h2oVQFF_12/./One0.out » identifient le même fichier

real	0m5.929s
user	0m5.640s
sys	0m0.244s
cat: input.engrad: Aucun fichier ou dossier de ce type
cat: input.hess: Aucun fichier ou dossier de ce type
cp: « /home/allouche/tmp/igvpt2_2670/h2oVQFF_13/One0.out » et « /home/allouche/tmp/igvpt2_2670/h2oVQFF_13/./One0.out » identifient le même fichier

real	0m6.062s
user	0m5.752s
sys	0m0.268s
cat: input.engrad: Aucun fichier ou dossier de ce type
cat: input.hess: Aucun fichier ou dossier de ce type
cp: « /home/allouche/tmp/igvpt2_7500/h2oVQFF_14/One0.out » et « /home/allouche/tmp/igvpt2_7500/h2oVQFF_14/./One0.out » identifient le même fichier

real	0m6.093s
user	0m5.648s
sys	0m0.296s
cat: input.engrad: Aucun fichier ou dossier de ce type
cat: input.hess: Aucun fichier ou dossier de ce type
cp: « /home/allouche/tmp/igvpt2_9568/h2oVQFF_15/One0.out » et « /home/allouche/tmp/igvpt2_9568/h2oVQFF_15/./One0.out » identifient le même fichier

real	0m5.969s
user	0m5.640s
sys	0m0.276s
cat: input.engrad: Aucun fichier ou dossier de ce type
cat: input.hess: Aucun fichier ou dossier de ce type
cp: « /home/allouche/tmp/igvpt2_16480/h2oVQFF_16/One0.out » et « /home/allouche/tmp/igvpt2_16480/h2oVQFF_16/./One0.out » identifient le même fichier

real	0m6.100s
user	0m5.720s
sys	0m0.348s
cat: input.engrad: Aucun fichier ou dossier de ce type
cat: input.hess: Aucun fichier ou dossier de ce type
cp: « /home/allouche/tmp/igvpt2_5710/h2oVQFF_17/One0.out » et « /home/allouche/tmp/igvpt2_5710/h2oVQFF_17/./One0.out » identifient le même fichier

real	0m6.042s
user	0m5.684s
sys	0m0.320s
cat: input.engrad: Aucun fichier ou dossier de ce type
cat: input.hess: Aucun fichier ou dossier de ce type
cp: « /home/allouche/tmp/igvpt2_15835/h2oVQFF_18/One0.out » et « /home/allouche/tmp/igvpt2_15835/h2oVQFF_18/./One0.out » identifient le même fichier

real	0m6.084s
user	0m5.712s
sys	0m0.316s
cat: input.engrad: Aucun fichier ou dossier de ce type
cat: input.hess: Aucun fichier ou dossier de ce type
cp: « /home/allouche/tmp/igvpt2_17793/h2oVQFF_19/One0.out » et « /home/allouche/tmp/igvpt2_17793/h2oVQFF_19/./One0.out » identifient le même fichier

real	0m5.915s
user	0m5.628s
sys	0m0.248s
cat: input.engrad: Aucun fichier ou dossier de ce type
cat: input.hess: Aucun fichier ou dossier de ce type
cp: « /home/allouche/tmp/igvpt2_115/h2oVQFF_1/One0.out » et « /home/allouche/tmp/igvpt2_115/h2oVQFF_1/./One0.out » identifient le même fichier

real	0m6.126s
user	0m5.796s
sys	0m0.276s
cat: input.engrad: Aucun fichier ou dossier de ce type
cat: input.hess: Aucun fichier ou dossier de ce type
cp: « /home/allouche/tmp/igvpt2_11075/h2oVQFF_20/One0.out » et « /home/allouche/tmp/igvpt2_11075/h2oVQFF_20/./One0.out » identifient le même fichier

real	0m5.971s
user	0m5.680s
sys	0m0.256s
cat: input.engrad: Aucun fichier ou dossier de ce type
cat: input.hess: Aucun fichier ou dossier de ce type
cp: « /home/allouche/tmp/igvpt2_1282/h2oVQFF_21/One0.out » et « /home/allouche/tmp/igvpt2_1282/h2oVQFF_21/./One0.out » identifient le même fichier

real	0m6.049s
user	0m5.676s
sys	0m0.336s
cat: input.engrad: Aucun fichier ou dossier de ce type
cat: input.hess: Aucun fichier ou dossier de ce type
cp: « /home/allouche/tmp/igvpt2_30227/h2oVQFF_22/One0.out » et « /home/allouche/tmp/igvpt2_30227/h2oVQFF_22/./One0.out » identifient le même fichier

real	0m5.949s
user	0m5.632s
sys	0m0.280s
cat: input.engrad: Aucun fichier ou dossier de ce type
cat: input.hess: Aucun fichier ou dossier de ce type
cp: « /home/allouche/tmp/igvpt2_24263/h2oVQFF_23/One0.out » et « /home/allouche/tmp/igvpt2_24263/h2oVQFF_23/./One0.out » identifient le même fichier

real	0m5.895s
user	0m5.628s
sys	0m0.220s
cat: input.engrad: Aucun fichier ou dossier de ce type
cat: input.hess: Aucun fichier ou dossier de ce type
cp: « /home/allouche/tmp/igvpt2_21696/h2oVQFF_24/One0.out » et « /home/allouche/tmp/igvpt2_21696/h2oVQFF_24/./One0.out » identifient le même fichier

real	0m5.985s
user	0m5.672s
sys	0m0.260s
cat: input.engrad: Aucun fichier ou dossier de ce type
cat: input.hess: Aucun fichier ou dossier de ce type
cp: « /home/allouche/tmp/igvpt2_1449/h2oVQFF_25/One0.out » et « /home/allouche/tmp/igvpt2_1449/h2oVQFF_25/./One0.out » identifient le même fichier

real	0m5.917s
user	0m5.588s
sys	0m0.288s
cat: input.engrad: Aucun fichier ou dossier de ce type
cat: input.hess: Aucun fichier ou dossier de ce type
cp: « /home/allouche/tmp/igvpt2_4398/h2oVQFF_26/One0.out » et « /home/allouche/tmp/igvpt2_4398/h2oVQFF_26/./One0.out » identifient le même fichier

real	0m6.122s
user	0m5.748s
sys	0m0.316s
cat: input.engrad: Aucun fichier ou dossier de ce type
cat: input.hess: Aucun fichier ou dossier de ce type
cp: « /home/allouche/tmp/igvpt2_28494/h2oVQFF_27/One0.out » et « /home/allouche/tmp/igvpt2_28494/h2oVQFF_27/./One0.out » identifient le même fichier

real	0m6.114s
user	0m5.704s
sys	0m0.352s
cat: input.engrad: Aucun fichier ou dossier de ce type
cat: input.hess: Aucun fichier ou dossier de ce type
cp: « /home/allouche/tmp/igvpt2_12428/h2oVQFF_28/One0.out » et « /home/allouche/tmp/igvpt2_12428/h2oVQFF_28/./One0.out » identifient le même fichier

real	0m6.119s
user	0m5.700s
sys	0m0.360s
cat: input.engrad: Aucun fichier ou dossier de ce type
cat: input.hess: Aucun fichier ou dossier de ce type
cp: « /home/allouche/tmp/igvpt2_29543/h2oVQFF_29/One0.out » et « /home/allouche/tmp/igvpt2_29543/h2oVQFF_29/./One0.out » identifient le même fichier

real	0m6.129s
user	0m5.716s
sys	0m0.368s
cat: input.engrad: Aucun fichier ou dossier de ce type
cat: input.hess: Aucun fichier ou dossier de ce type
cp: « /home/allouche/tmp/igvpt2_25186/h2oVQFF_2/One0.out » et « /home/allouche/tmp/igvpt2_25186/h2oVQFF_2/./One0.out » identifient le même fichier

real	0m6.115s
user	0m5.792s
sys	0m0.268s
cat: input.engrad: Aucun fichier ou dossier de ce type
cat: input.hess: Aucun fichier ou dossier de ce type
cp: « /home/allouche/tmp/igvpt2_30160/h2oVQFF_30/One0.out » et « /home/allouche/tmp/igvpt2_30160/h2oVQFF_30/./One0.out » identifient le même fichier

real	0m5.928s
user	0m5.608s
sys	0m0.268s
cat: input.engrad: Aucun fichier ou dossier de ce type
cat: input.hess: Aucun fichier ou dossier de ce type
cp: « /home/allouche/tmp/igvpt2_28911/h2oVQFF_31/One0.out » et « /home/allouche/tmp/igvpt2_28911/h2oVQFF_31/./One0.out » identifient le même fichier

real	0m6.062s
user	0m5.732s
sys	0m0.288s
cat: input.engrad: Aucun fichier ou dossier de ce type
cat: input.hess: Aucun fichier ou dossier de ce type
cp: « /home/allouche/tmp/igvpt2_30659/h2oVQFF_32/One0.out » et « /home/allouche/tmp/igvpt2_30659/h2oVQFF_32/./One0.out » identifient le même fichier

real	0m5.882s
user	0m5.596s
sys	0m0.236s
cat: input.engrad: Aucun fichier ou dossier de ce type
cat: input.hess: Aucun fichier ou dossier de ce type
cp: « /home/allouche/tmp/igvpt2_10242/h2oVQFF_33/One0.out » et « /home/allouche/tmp/igvpt2_10242/h2oVQFF_33/./One0.out » identifient le même fichier

real	0m6.095s
user	0m5.744s
sys	0m0.308s
cat: input.engrad: Aucun fichier ou dossier de ce type
cat: input.hess: Aucun fichier ou dossier de ce type
cp: « /home/allouche/tmp/igvpt2_20973/h2oVQFF_34/One0.out » et « /home/allouche/tmp/igvpt2_20973/h2oVQFF_34/./One0.out » identifient le même fichier

real	0m5.950s
user	0m5.684s
sys	0m0.236s
cat: input.engrad: Aucun fichier ou dossier de ce type
cat: input.hess: Aucun fichier ou dossier de ce type
cp: « /home/allouche/tmp/igvpt2_4457/h2oVQFF_35/One0.out » et « /home/allouche/tmp/igvpt2_4457/h2oVQFF_35/./One0.out » identifient le même fichier

real	0m5.977s
user	0m5.620s
sys	0m0.308s
cat: input.engrad: Aucun fichier ou dossier de ce type
cat: input.hess: Aucun fichier ou dossier de ce type
cp: « /home/allouche/tmp/igvpt2_23484/h2oVQFF_36/One0.out » et « /home/allouche/tmp/igvpt2_23484/h2oVQFF_36/./One0.out » identifient le même fichier

real	0m6.095s
user	0m5.756s
sys	0m0.276s
cat: input.engrad: Aucun fichier ou dossier de ce type
cat: input.hess: Aucun fichier ou dossier de ce type
cp: « /home/allouche/tmp/igvpt2_544/h2oVQFF_37/One0.out » et « /home/allouche/tmp/igvpt2_544/h2oVQFF_37/./One0.out » identifient le même fichier

real	0m5.961s
user	0m5.676s
sys	0m0.244s
cat: input.engrad: Aucun fichier ou dossier de ce type
cat: input.hess: Aucun fichier ou dossier de ce type
cp: « /home/allouche/tmp/igvpt2_26263/h2oVQFF_38/One0.out » et « /home/allouche/tmp/igvpt2_26263/h2oVQFF_38/./One0.out » identifient le même fichier

real	0m5.970s
user	0m5.664s
sys	0m0.256s
cat: input.engrad: Aucun fichier ou dossier de ce type
cat: input.hess: Aucun fichier ou dossier de ce type
cp: « /home/allouche/tmp/igvpt2_32699/h2oVQFF_39/One0.out » et « /home/allouche/tmp/igvpt2_32699/h2oVQFF_39/./One0.out » identifient le même fichier

real	0m5.946s
user	0m5.624s
sys	0m0.268s
cat: input.engrad: Aucun fichier ou dossier de ce type
cat: input.hess: Aucun fichier ou dossier de ce type
cp: « /home/allouche/tmp/igvpt2_8164/h2oVQFF_3/One0.out » et « /home/allouche/tmp/igvpt2_8164/h2oVQFF_3/./One0.out » identifient le même fichier

real	0m5.935s
user	0m5.624s
sys	0m0.284s
cat: input.engrad: Aucun fichier ou dossier de ce type
cat: input.hess: Aucun fichier ou dossier de ce type
cp: « /home/allouche/tmp/igvpt2_2603/h2oVQFF_40/One0.out » et « /home/allouche/tmp/igvpt2_2603/h2oVQFF_40/./One0.out » identifient le même fichier

real	0m5.881s
user	0m5.600s
sys	0m0.248s
cat: input.engrad: Aucun fichier ou dossier de ce type
cat: input.hess: Aucun fichier ou dossier de ce type
cp: « /home/allouche/tmp/igvpt2_8377/h2oVQFF_41/One0.out » et « /home/allouche/tmp/igvpt2_8377/h2oVQFF_41/./One0.out » identifient le même fichier

real	0m6.140s
user	0m5.704s
sys	0m0.376s
cat: input.engrad: Aucun fichier ou dossier de ce type
cat: input.hess: Aucun fichier ou dossier de ce type
cp: « /home/allouche/tmp/igvpt2_10359/h2oVQFF_42/One0.out » et « /home/allouche/tmp/igvpt2_10359/h2oVQFF_42/./One0.out » identifient le même fichier

real	0m5.955s
user	0m5.640s
sys	0m0.280s
cat: input.engrad: Aucun fichier ou dossier de ce type
cat: input.hess: Aucun fichier ou dossier de ce type
cp: « /home/allouche/tmp/igvpt2_22565/h2oVQFF_43/One0.out » et « /home/allouche/tmp/igvpt2_22565/h2oVQFF_43/./One0.out » identifient le même fichier

real	0m6.080s
user	0m5.724s
sys	0m0.320s
cat: input.engrad: Aucun fichier ou dossier de ce type
cat: input.hess: Aucun fichier ou dossier de ce type
cp: « /home/allouche/tmp/igvpt2_15685/h2oVQFF_44/One0.out » et « /home/allouche/tmp/igvpt2_15685/h2oVQFF_44/./One0.out » identifient le même fichier

real	0m5.925s
user	0m5.608s
sys	0m0.280s
cat: input.engrad: Aucun fichier ou dossier de ce type
cat: input.hess: Aucun fichier ou dossier de ce type
cp: « /home/allouche/tmp/igvpt2_30179/h2oVQFF_45/One0.out » et « /home/allouche/tmp/igvpt2_30179/h2oVQFF_45/./One0.out » identifient le même fichier

real	0m5.903s
user	0m5.580s
sys	0m0.284s
cat: input.engrad: Aucun fichier ou dossier de ce type
cat: input.hess: Aucun fichier ou dossier de ce type
cp: « /home/allouche/tmp/igvpt2_19289/h2oVQFF_46/One0.out » et « /home/allouche/tmp/igvpt2_19289/h2oVQFF_46/./One0.out » identifient le même fichier

real	0m5.976s
user	0m5.652s
sys	0m0.288s
cat: input.engrad: Aucun fichier ou dossier de ce type
cat: input.hess: Aucun fichier ou dossier de ce type
cp: « /home/allouche/tmp/igvpt2_12098/h2oVQFF_47/One0.out » et « /home/allouche/tmp/igvpt2_12098/h2oVQFF_47/./One0.out » identifient le même fichier

real	0m6.096s
user	0m5.744s
sys	0m0.288s
cat: input.engrad: Aucun fichier ou dossier de ce type
cat: input.hess: Aucun fichier ou dossier de ce type
cp: « /home/allouche/tmp/igvpt2_9484/h2oVQFF_48/One0.out » et « /home/allouche/tmp/igvpt2_9484/h2oVQFF_48/./One0.out » identifient le même fichier

real	0m5.953s
user	0m5.652s
sys	0m0.264s
cat: input.engrad: Aucun fichier ou dossier de ce type
cat: input.hess: Aucun fichier ou dossier de ce type
cp: « /home/allouche/tmp/igvpt2_29861/h2oVQFF_49/One0.out » et « /home/allouche/tmp/igvpt2_29861/h2oVQFF_49/./One0.out » identifient le même fichier

real	0m5.979s
user	0m5.644s
sys	0m0.280s
cat: input.engrad: Aucun fichier ou dossier de ce type
cat: input.hess: Aucun fichier ou dossier de ce type
cp: « /home/allouche/tmp/igvpt2_31229/h2oVQFF_4/One0.out » et « /home/allouche/tmp/igvpt2_31229/h2oVQFF_4/./One0.out » identifient le même fichier

real	0m5.948s
user	0m5.624s
sys	0m0.284s
cat: input.engrad: Aucun fichier ou dossier de ce type
cat: input.hess: Aucun fichier ou dossier de ce type
cp: « /home/allouche/tmp/igvpt2_29468/h2oVQFF_50/One0.out » et « /home/allouche/tmp/igvpt2_29468/h2oVQFF_50/./One0.out » identifient le même fichier

real	0m6.072s
user	0m5.728s
sys	0m0.300s
cat: input.engrad: Aucun fichier ou dossier de ce type
cat: input.hess: Aucun fichier ou dossier de ce type
cp: « /home/allouche/tmp/igvpt2_17597/h2oVQFF_51/One0.out » et « /home/allouche/tmp/igvpt2_17597/h2oVQFF_51/./One0.out » identifient le même fichier

real	0m5.992s
user	0m5.624s
sys	0m0.328s
cat: input.engrad: Aucun fichier ou dossier de ce type
cat: input.hess: Aucun fichier ou dossier de ce type
cp: « /home/allouche/tmp/igvpt2_18547/h2oVQFF_52/One0.out » et « /home/allouche/tmp/igvpt2_18547/h2oVQFF_52/./One0.out » identifient le même fichier

real	0m5.978s
user	0m5.644s
sys	0m0.276s
cat: input.engrad: Aucun fichier ou dossier de ce type
cat: input.hess: Aucun fichier ou dossier de ce type
cp: « /home/allouche/tmp/igvpt2_28017/h2oVQFF_53/One0.out » et « /home/allouche/tmp/igvpt2_28017/h2oVQFF_53/./One0.out » identifient le même fichier

real	0m6.091s
user	0m5.684s
sys	0m0.348s
cat: input.engrad: Aucun fichier ou dossier de ce type
cat: input.hess: Aucun fichier ou dossier de ce type
cp: « /home/allouche/tmp/igvpt2_28284/h2oVQFF_54/One0.out » et « /home/allouche/tmp/igvpt2_28284/h2oVQFF_54/./One0.out » identifient le même fichier

real	0m6.002s
user	0m5.668s
sys	0m0.272s
cat: input.engrad: Aucun fichier ou dossier de ce type
cat: input.hess: Aucun fichier ou dossier de ce type
cp: « /home/allouche/tmp/igvpt2_17633/h2oVQFF_5/One0.out » et « /home/allouche/tmp/igvpt2_17633/h2oVQFF_5/./One0.out » identifient le même fichier

real	0m5.892s
user	0m5.608s
sys	0m0.240s
cat: input.engrad: Aucun fichier ou dossier de ce type
cat: input.hess: Aucun fichier ou dossier de ce type
cp: « /home/allouche/tmp/igvpt2_26076/h2oVQFF_6/One0.out » et « /home/allouche/tmp/igvpt2_26076/h2oVQFF_6/./One0.out » identifient le même fichier

real	0m5.894s
user	0m5.560s
sys	0m0.280s
cat: input.engrad: Aucun fichier ou dossier de ce type
cat: input.hess: Aucun fichier ou dossier de ce type
cp: « /home/allouche/tmp/igvpt2_25117/h2oVQFF_7/One0.out » et « /home/allouche/tmp/igvpt2_25117/h2oVQFF_7/./One0.out » identifient le même fichier

real	0m6.118s
user	0m5.692s
sys	0m0.392s
cat: input.engrad: Aucun fichier ou dossier de ce type
cat: input.hess: Aucun fichier ou dossier de ce type
cp: « /home/allouche/tmp/igvpt2_10535/h2oVQFF_8/One0.out » et « /home/allouche/tmp/igvpt2_10535/h2oVQFF_8/./One0.out » identifient le même fichier

real	0m5.956s
user	0m5.640s
sys	0m0.280s
cat: input.engrad: Aucun fichier ou dossier de ce type
cat: input.hess: Aucun fichier ou dossier de ce type
cp: « /home/allouche/tmp/igvpt2_16451/h2oVQFF_9/One0.out » et « /home/allouche/tmp/igvpt2_16451/h2oVQFF_9/./One0.out » identifient le même fichier

real	0m5.962s
user	0m5.636s
sys	0m0.288s
