seed = -1
----------------------------------------------------------
runType=VPT2
model=GENERIC
----------------------------------------------------------

nFrequencies=3
VPT2 model : GVPT2

Gradients
END

Hessian
1 1      1775.4200000000
2 2      4113.5800000000
3 3      4211.8900000000
END

Cubic
1 1 1      -311.4174940000
1 1 2       344.6661510000
2 2 1        37.0940870000
2 2 2     -1847.5909110000
3 3 1       244.4888700000
3 3 2     -1873.4867740000
END

Quartic
1 1 1 1       -78.4504940000
1 1 1 2       -49.3085470000
2 2 1 1      -330.6281840000
2 2 2 1       130.4540690000
2 2 2 2       737.8014520000
3 3 1 1      -367.6964560000
3 3 2 2       755.9658750000
3 3 3 3       762.5932580000
END

Coriolis
END

Rotation constants
1         1.0000000000
2         1.0000000000
3         1.0000000000
END
nFrequencies=3
nDim=3
VPT2 Properties model : GVPT2 : Gaussian method

First derivatives
1 3         2.7331160000
2 1         3.1565370000
2 2        -1.6169910000
END


Second derivatives
1 1 3        32.8203110000
1 2 3       -24.0089810000
1 3 1        32.8203110000
1 3 2       -24.0089810000
2 1 1        13.4545670000
2 1 2        -7.8479660000
2 2 1        -7.8479660000
2 2 2        13.8335120000
2 3 3         0.7381100000
END


Cubic derivatives
1 1 1 3       282.9879740000
1 1 3 1       282.9879740000
1 2 2 3      -354.5328920000
1 2 3 2      -354.5328920000
1 3 1 1       282.9879740000
1 3 2 2      -354.5328920000
1 3 3 3       136.1271880000
2 1 1 1       416.3099880000
2 1 1 2        13.6644550000
2 1 2 1        13.6644550000
2 1 2 2        77.6512620000
2 1 3 3      -241.3606590000
2 2 1 1        13.6644550000
2 2 1 2        77.6512620000
2 2 2 1        77.6512620000
2 2 2 2       255.6546510000
2 2 3 3       244.2054910000
2 3 1 3      -241.3606590000
2 3 2 3       244.2054910000
2 3 3 1      -241.3606590000
2 3 3 2       244.2054910000
END

nFrequencies 3
nStates 10
State n 1	0 0 0 
State n 2	1 0 0 
State n 3	0 1 0 
State n 4	0 0 1 
State n 5	2 0 0 
State n 6	0 2 0 
State n 7	0 0 2 
State n 8	1 1 0 
State n 9	1 0 1 
State n 10	0 1 1 

Xkl (cm^-1) by VPT2+K model
1 1       -21.2842627858
1 2       -17.9229339728
1 3       -43.8157848953
2 1       -17.9229339728
2 2       -40.4230533400
2 3      -159.4390134440
3 1       -43.8157848953
3 2      -159.4390134440
3 3       -46.4068049404
END

C=32.888711

Diagonal of H (cm^-1) by VPT2+K model
     4968.1220366554         0.0000000000 
     6670.1041516498      1701.9821149944  1(1) 
     8912.1749562672      3944.0529196117  2(1) 
     8985.5710276049      4017.4489909495  3(1) 
     8329.5177410727      3361.3957044172  1(2) 
    12775.3817691990      7807.2597325436  2(2) 
    12910.2064086736      7942.0843720181  3(2) 
    10596.2341372888      5628.1121006334  1(1)  2(1) 
    10643.7373577040      5675.6153210486  1(1)  3(1) 
    12770.1849337727      7802.0628971173  2(1)  3(1) 
END


Resonance Matrix (cm^-1) by VPT2+K model
========================================
 Fermi Resonances terms :
 0 Fermi Resonances 
----------------------------------------------------------------------------------------------------

 Darling-Dennison Resonances terms :
 0 Darling-Dennison Resonances 
----------------------------------------------------------------------------------------------------

END



Results
========================
       E(harm)      E(anharm)     Mode(Quanta), Coef 
       -------      ---------     ---------------- 
    0.00000000     0.00000000     [ 1.000] 
 1775.42000000  1701.98211499     [ 1.000  1(1)] 
 3550.84000000  3361.39570442     [ 1.000  1(2)] 
 4113.58000000  3944.05291961     [ 1.000  2(1)] 
 4211.89000000  4017.44899095     [ 1.000  3(1)] 
 5889.00000000  5628.11210063     [ 1.000  1(1)  2(1)] 
 5987.31000000  5675.61532105     [ 1.000  1(1)  3(1)] 
 8325.47000000  7802.06289712     [ 1.000  2(1)  3(1)] 
 8227.16000000  7807.25973254     [ 1.000  2(2)] 
 8423.78000000  7942.08437202     [ 1.000  3(2)] 



Results With intensities
========================
       E(harm)      E(anharm)        I(harm)      I(anharm)     Coef Mode(Quanta) 
       -------      ---------        -------      ---------     ---------------- 
    0.00000000     0.00000000     0.00000000     0.00000000     [ 1.000] 
 1775.42000000  1701.98211499    80.67681577    83.18734510     [ 1.000  1(1)] 
 3550.84000000  3361.39570442     0.00000000     0.89765151     [ 1.000  1(2)] 
 4113.58000000  3944.05291961    21.17103964    16.77471699     [ 1.000  2(1)] 
 4211.89000000  4017.44899095    60.48436272    53.26645081     [ 1.000  3(1)] 
 5889.00000000  5628.11210063     0.00000000     0.06329098     [ 1.000  1(1)  2(1)] 
 5987.31000000  5675.61532105     0.00000000     4.76264573     [ 1.000  1(1)  3(1)] 
 8325.47000000  7802.06289712     0.00000000     4.71024767     [ 1.000  2(1)  3(1)] 
 8227.16000000  7807.25973254     0.00000000     0.82243469     [ 1.000  2(2)] 
 8423.78000000  7942.08437202     0.00000000     0.29043569     [ 1.000  3(2)] 



Results With intensities
========================

Fundamental Bands
-----------------
       E(harm)      E(anharm)        I(harm)      I(anharm)       Coef. Mode(Quanta) 
  ------------   ------------   ------------   ------------     -------------------- 
 1775.42000000  1701.98211499    80.67681577    83.18734510     [ 1.000  1(1)] 
 4113.58000000  3944.05291961    21.17103964    16.77471699     [ 1.000  2(1)] 
 4211.89000000  4017.44899095    60.48436272    53.26645081     [ 1.000  3(1)] 

Overtones
---------
       E(harm)      E(anharm)        I(harm)      I(anharm)       Coef. Mode(Quanta) 
  ------------   ------------   ------------   ------------     -------------------- 
 3550.84000000  3361.39570442     0.00000000     0.89765151     [ 1.000  1(2)] 
 8227.16000000  7807.25973254     0.00000000     0.82243469     [ 1.000  2(2)] 
 8423.78000000  7942.08437202     0.00000000     0.29043569     [ 1.000  3(2)] 

Combination Bands
----------------
       E(harm)      E(anharm)        I(harm)      I(anharm)       Coef. Mode(Quanta) 
  ------------   ------------   ------------   ------------     -------------------- 
 5889.00000000  5628.11210063     0.00000000     0.06329098     [ 1.000  1(1)  2(1)] 
 5987.31000000  5675.61532105     0.00000000     4.76264573     [ 1.000  1(1)  3(1)] 
 8325.47000000  7802.06289712     0.00000000     4.71024767     [ 1.000  2(1)  3(1)] 


