cp: impossible d'évaluer « /tmp/igvpt2_21919/h2oVQFF_0/*.txt »: Aucun fichier ou dossier de ce type

real	0m0.097s
user	0m0.052s
sys	0m0.020s
cp: impossible d'évaluer « /tmp/igvpt2_25819/h2oVQFF_10/*.txt »: Aucun fichier ou dossier de ce type

real	0m0.099s
user	0m0.068s
sys	0m0.004s
cp: impossible d'évaluer « /tmp/igvpt2_18691/h2oVQFF_11/*.txt »: Aucun fichier ou dossier de ce type

real	0m0.091s
user	0m0.044s
sys	0m0.020s
cp: impossible d'évaluer « /tmp/igvpt2_28169/h2oVQFF_12/*.txt »: Aucun fichier ou dossier de ce type

real	0m0.079s
user	0m0.044s
sys	0m0.012s
cp: impossible d'évaluer « /tmp/igvpt2_31341/h2oVQFF_13/*.txt »: Aucun fichier ou dossier de ce type

real	0m0.086s
user	0m0.044s
sys	0m0.016s
cp: impossible d'évaluer « /tmp/igvpt2_30215/h2oVQFF_14/*.txt »: Aucun fichier ou dossier de ce type

real	0m0.102s
user	0m0.064s
sys	0m0.012s
cp: impossible d'évaluer « /tmp/igvpt2_29409/h2oVQFF_15/*.txt »: Aucun fichier ou dossier de ce type

real	0m0.104s
user	0m0.068s
sys	0m0.008s
cp: impossible d'évaluer « /tmp/igvpt2_2309/h2oVQFF_16/*.txt »: Aucun fichier ou dossier de ce type

real	0m0.096s
user	0m0.052s
sys	0m0.016s
cp: impossible d'évaluer « /tmp/igvpt2_31776/h2oVQFF_17/*.txt »: Aucun fichier ou dossier de ce type

real	0m0.100s
user	0m0.048s
sys	0m0.028s
cp: impossible d'évaluer « /tmp/igvpt2_14354/h2oVQFF_18/*.txt »: Aucun fichier ou dossier de ce type

real	0m0.089s
user	0m0.044s
sys	0m0.020s
cp: impossible d'évaluer « /tmp/igvpt2_29572/h2oVQFF_19/*.txt »: Aucun fichier ou dossier de ce type

real	0m0.080s
user	0m0.048s
sys	0m0.008s
cp: impossible d'évaluer « /tmp/igvpt2_29400/h2oVQFF_1/*.txt »: Aucun fichier ou dossier de ce type

real	0m0.076s
user	0m0.048s
sys	0m0.004s
cp: impossible d'évaluer « /tmp/igvpt2_1618/h2oVQFF_20/*.txt »: Aucun fichier ou dossier de ce type

real	0m0.096s
user	0m0.052s
sys	0m0.020s
cp: impossible d'évaluer « /tmp/igvpt2_648/h2oVQFF_21/*.txt »: Aucun fichier ou dossier de ce type

real	0m0.096s
user	0m0.060s
sys	0m0.008s
cp: impossible d'évaluer « /tmp/igvpt2_8195/h2oVQFF_22/*.txt »: Aucun fichier ou dossier de ce type

real	0m0.088s
user	0m0.052s
sys	0m0.012s
cp: impossible d'évaluer « /tmp/igvpt2_18317/h2oVQFF_23/*.txt »: Aucun fichier ou dossier de ce type

real	0m0.093s
user	0m0.064s
sys	0m0.004s
cp: impossible d'évaluer « /tmp/igvpt2_31893/h2oVQFF_24/*.txt »: Aucun fichier ou dossier de ce type

real	0m0.080s
user	0m0.048s
sys	0m0.008s
cp: impossible d'évaluer « /tmp/igvpt2_32283/h2oVQFF_25/*.txt »: Aucun fichier ou dossier de ce type

real	0m0.084s
user	0m0.044s
sys	0m0.016s
cp: impossible d'évaluer « /tmp/igvpt2_27464/h2oVQFF_26/*.txt »: Aucun fichier ou dossier de ce type

real	0m0.084s
user	0m0.036s
sys	0m0.024s
cp: impossible d'évaluer « /tmp/igvpt2_1860/h2oVQFF_27/*.txt »: Aucun fichier ou dossier de ce type

real	0m0.091s
user	0m0.052s
sys	0m0.016s
cp: impossible d'évaluer « /tmp/igvpt2_21508/h2oVQFF_28/*.txt »: Aucun fichier ou dossier de ce type

real	0m0.083s
user	0m0.048s
sys	0m0.008s
cp: impossible d'évaluer « /tmp/igvpt2_9836/h2oVQFF_29/*.txt »: Aucun fichier ou dossier de ce type

real	0m0.080s
user	0m0.052s
sys	0m0.008s
cp: impossible d'évaluer « /tmp/igvpt2_2858/h2oVQFF_2/*.txt »: Aucun fichier ou dossier de ce type

real	0m0.092s
user	0m0.056s
sys	0m0.008s
cp: impossible d'évaluer « /tmp/igvpt2_11530/h2oVQFF_30/*.txt »: Aucun fichier ou dossier de ce type

real	0m0.105s
user	0m0.052s
sys	0m0.024s
mkdir: impossible de créer le répertoire « /tmp/igvpt2_17127 »: Le fichier existe
cp: impossible d'évaluer « /tmp/igvpt2_17127/h2oVQFF_31/*.txt »: Aucun fichier ou dossier de ce type

real	0m0.083s
user	0m0.044s
sys	0m0.012s
cp: impossible d'évaluer « /tmp/igvpt2_4106/h2oVQFF_32/*.txt »: Aucun fichier ou dossier de ce type

real	0m0.090s
user	0m0.056s
sys	0m0.008s
cp: impossible d'évaluer « /tmp/igvpt2_21583/h2oVQFF_33/*.txt »: Aucun fichier ou dossier de ce type

real	0m0.083s
user	0m0.044s
sys	0m0.012s
cp: impossible d'évaluer « /tmp/igvpt2_32140/h2oVQFF_34/*.txt »: Aucun fichier ou dossier de ce type

real	0m0.082s
user	0m0.048s
sys	0m0.008s
cp: impossible d'évaluer « /tmp/igvpt2_32092/h2oVQFF_35/*.txt »: Aucun fichier ou dossier de ce type

real	0m0.093s
user	0m0.052s
sys	0m0.012s
cp: impossible d'évaluer « /tmp/igvpt2_13746/h2oVQFF_36/*.txt »: Aucun fichier ou dossier de ce type

real	0m0.082s
user	0m0.048s
sys	0m0.012s
cp: impossible d'évaluer « /tmp/igvpt2_31933/h2oVQFF_37/*.txt »: Aucun fichier ou dossier de ce type

real	0m0.102s
user	0m0.060s
sys	0m0.012s
cp: impossible d'évaluer « /tmp/igvpt2_1667/h2oVQFF_38/*.txt »: Aucun fichier ou dossier de ce type

real	0m0.099s
user	0m0.052s
sys	0m0.020s
cp: impossible d'évaluer « /tmp/igvpt2_12837/h2oVQFF_39/*.txt »: Aucun fichier ou dossier de ce type

real	0m0.094s
user	0m0.052s
sys	0m0.016s
cp: impossible d'évaluer « /tmp/igvpt2_19755/h2oVQFF_3/*.txt »: Aucun fichier ou dossier de ce type

real	0m0.089s
user	0m0.052s
sys	0m0.012s
cp: impossible d'évaluer « /tmp/igvpt2_11216/h2oVQFF_40/*.txt »: Aucun fichier ou dossier de ce type

real	0m0.087s
user	0m0.056s
sys	0m0.008s
cp: impossible d'évaluer « /tmp/igvpt2_23613/h2oVQFF_41/*.txt »: Aucun fichier ou dossier de ce type

real	0m0.086s
user	0m0.052s
sys	0m0.008s
cp: impossible d'évaluer « /tmp/igvpt2_6001/h2oVQFF_42/*.txt »: Aucun fichier ou dossier de ce type

real	0m0.087s
user	0m0.048s
sys	0m0.016s
cp: impossible d'évaluer « /tmp/igvpt2_14786/h2oVQFF_43/*.txt »: Aucun fichier ou dossier de ce type

real	0m0.099s
user	0m0.052s
sys	0m0.016s
cp: impossible d'évaluer « /tmp/igvpt2_20318/h2oVQFF_44/*.txt »: Aucun fichier ou dossier de ce type

real	0m0.086s
user	0m0.048s
sys	0m0.012s
cp: impossible d'évaluer « /tmp/igvpt2_5760/h2oVQFF_45/*.txt »: Aucun fichier ou dossier de ce type

real	0m0.085s
user	0m0.052s
sys	0m0.008s
cp: impossible d'évaluer « /tmp/igvpt2_1253/h2oVQFF_46/*.txt »: Aucun fichier ou dossier de ce type

real	0m0.081s
user	0m0.040s
sys	0m0.020s
cp: impossible d'évaluer « /tmp/igvpt2_27511/h2oVQFF_47/*.txt »: Aucun fichier ou dossier de ce type

real	0m0.084s
user	0m0.044s
sys	0m0.012s
cp: impossible d'évaluer « /tmp/igvpt2_5129/h2oVQFF_48/*.txt »: Aucun fichier ou dossier de ce type

real	0m0.105s
user	0m0.032s
sys	0m0.024s
cp: impossible d'évaluer « /tmp/igvpt2_12314/h2oVQFF_49/*.txt »: Aucun fichier ou dossier de ce type

real	0m0.093s
user	0m0.052s
sys	0m0.012s
cp: impossible d'évaluer « /tmp/igvpt2_1460/h2oVQFF_4/*.txt »: Aucun fichier ou dossier de ce type

real	0m0.098s
user	0m0.064s
sys	0m0.008s
cp: impossible d'évaluer « /tmp/igvpt2_23852/h2oVQFF_50/*.txt »: Aucun fichier ou dossier de ce type

real	0m0.095s
user	0m0.068s
sys	0m0.004s
cp: impossible d'évaluer « /tmp/igvpt2_7759/h2oVQFF_51/*.txt »: Aucun fichier ou dossier de ce type

real	0m0.103s
user	0m0.068s
sys	0m0.008s
cp: impossible d'évaluer « /tmp/igvpt2_12690/h2oVQFF_52/*.txt »: Aucun fichier ou dossier de ce type

real	0m0.102s
user	0m0.060s
sys	0m0.012s
cp: impossible d'évaluer « /tmp/igvpt2_2250/h2oVQFF_53/*.txt »: Aucun fichier ou dossier de ce type

real	0m0.086s
user	0m0.044s
sys	0m0.012s
cp: impossible d'évaluer « /tmp/igvpt2_6865/h2oVQFF_54/*.txt »: Aucun fichier ou dossier de ce type

real	0m0.101s
user	0m0.056s
sys	0m0.016s
cp: impossible d'évaluer « /tmp/igvpt2_30033/h2oVQFF_55/*.txt »: Aucun fichier ou dossier de ce type

real	0m0.098s
user	0m0.052s
sys	0m0.020s
cp: impossible d'évaluer « /tmp/igvpt2_30878/h2oVQFF_56/*.txt »: Aucun fichier ou dossier de ce type

real	0m0.110s
user	0m0.048s
sys	0m0.024s
cp: impossible d'évaluer « /tmp/igvpt2_9759/h2oVQFF_57/*.txt »: Aucun fichier ou dossier de ce type

real	0m0.091s
user	0m0.052s
sys	0m0.016s
cp: impossible d'évaluer « /tmp/igvpt2_29830/h2oVQFF_58/*.txt »: Aucun fichier ou dossier de ce type

real	0m0.103s
user	0m0.064s
sys	0m0.008s
cp: impossible d'évaluer « /tmp/igvpt2_14264/h2oVQFF_59/*.txt »: Aucun fichier ou dossier de ce type

real	0m0.094s
user	0m0.040s
sys	0m0.024s
cp: impossible d'évaluer « /tmp/igvpt2_25323/h2oVQFF_5/*.txt »: Aucun fichier ou dossier de ce type

real	0m0.083s
user	0m0.036s
sys	0m0.020s
cp: impossible d'évaluer « /tmp/igvpt2_30482/h2oVQFF_60/*.txt »: Aucun fichier ou dossier de ce type

real	0m0.092s
user	0m0.040s
sys	0m0.024s
cp: impossible d'évaluer « /tmp/igvpt2_14757/h2oVQFF_61/*.txt »: Aucun fichier ou dossier de ce type

real	0m0.088s
user	0m0.052s
sys	0m0.012s
cp: impossible d'évaluer « /tmp/igvpt2_10602/h2oVQFF_62/*.txt »: Aucun fichier ou dossier de ce type

real	0m0.095s
user	0m0.040s
sys	0m0.020s
cp: impossible d'évaluer « /tmp/igvpt2_25474/h2oVQFF_6/*.txt »: Aucun fichier ou dossier de ce type

real	0m0.085s
user	0m0.048s
sys	0m0.012s
cp: impossible d'évaluer « /tmp/igvpt2_17765/h2oVQFF_7/*.txt »: Aucun fichier ou dossier de ce type

real	0m0.096s
user	0m0.056s
sys	0m0.012s
cp: impossible d'évaluer « /tmp/igvpt2_26353/h2oVQFF_8/*.txt »: Aucun fichier ou dossier de ce type

real	0m0.093s
user	0m0.048s
sys	0m0.016s
cp: impossible d'évaluer « /tmp/igvpt2_9466/h2oVQFF_9/*.txt »: Aucun fichier ou dossier de ce type

real	0m0.084s
user	0m0.044s
sys	0m0.020s
