seed = -1
----------------------------------------------------------
runType=VPT2
model=GENERIC
----------------------------------------------------------

nFrequencies=3
VPT2 model : GVPT2

Gradients
END

Hessian
1 1      1642.7927630000
2 2      3833.9971290000
3 3      3943.9539900000
END

Cubic
1 1 1       407.7098890000
1 1 2       337.0198960000
1 1 3         1.5962830000
2 2 1      -125.7564210000
2 2 2     -1344.5361890000
2 2 3        -0.1532810000
3 2 1         0.4464330000
3 3 1      -221.9280990000
3 3 2     -1453.7278280000
3 3 3        -0.0180410000
END

Quartic
1 1 1 1        67.6755020000
1 1 1 2        46.2885180000
1 1 1 3        -0.1950690000
2 2 1 1      -252.2079620000
2 2 2 1      -170.4878980000
2 2 2 2       199.8663040000
2 2 2 3         0.2081940000
3 3 1 1      -311.0089040000
3 3 2 1        18.0056640000
3 3 2 2       323.1867610000
3 3 3 1        -0.0958880000
3 3 3 2         0.2492130000
3 3 3 3       226.5812840000
END

Coriolis
END

Rotation constants
1         1.0000000000
2         1.0000000000
3         1.0000000000
END
nFrequencies=3
nDim=3
VPT2 Properties model : GVPT2 : Gaussian method

First derivatives
1 1        -1.1216980489
1 2        -0.4191720674
1 3        -0.8550307868
2 1        -1.2895658753
2 2        -0.4565350054
2 3         2.5344421287
3 1        -2.6153519277
3 2        -0.9036898828
3 3        -0.8849731549
END


Second derivatives
1 1 1        -1.5056090000
1 1 2         3.9341500000
1 1 3         2.5381820000
1 2 1         3.9341500000
1 2 2         6.4964240000
1 2 3         5.2705930000
1 3 1         2.5381820000
1 3 2         5.2705930000
1 3 3         5.8706360000
2 1 1        -1.7020930000
2 1 2         4.4551020000
2 1 3        -7.4860120000
2 2 1         4.4551020000
2 2 2         7.3441010000
2 2 3       -15.5196110000
2 3 1        -7.4860120000
2 3 2       -15.5196110000
2 3 3         6.6378040000
3 1 1        -3.4618890000
3 1 2         9.0654290000
3 1 3         2.5700120000
3 2 1         9.0654290000
3 2 2        14.9594230000
3 2 3         5.3328040000
3 3 1         2.5700120000
3 3 2         5.3328040000
3 3 3        13.5293360000
END


Cubic derivatives
1 1 1 1       -97.6834900000
1 1 1 2        66.0321730000
1 1 1 3       -41.3557180000
1 1 2 1        66.0321730000
1 1 2 2        23.6286800000
1 1 3 1       -41.3557180000
1 1 3 3        53.9225970000
1 2 1 1        66.0321730000
1 2 1 2        23.6286800000
1 2 2 1        23.6286800000
1 2 2 2       124.3445490000
1 2 2 3        51.5128620000
1 2 3 2        51.5128620000
1 2 3 3         8.9474340000
1 3 1 1       -41.3557180000
1 3 1 3        53.9225970000
1 3 2 2        51.5128620000
1 3 2 3         8.9474340000
1 3 3 1        53.9225970000
1 3 3 2         8.9474340000
1 3 3 3       -17.1423320000
2 1 1 1      -110.9615260000
2 1 1 2        74.5877330000
2 1 1 3       122.0239820000
2 1 2 1        74.5877330000
2 1 2 2        26.9049470000
2 1 3 1       122.0239820000
2 1 3 3        61.2810590000
2 2 1 1        74.5877330000
2 2 1 2        26.9049470000
2 2 2 1        26.9049470000
2 2 2 2       140.6781970000
2 2 2 3      -151.7414700000
2 2 3 2      -151.7414700000
2 2 3 3        10.1709780000
2 3 1 1       122.0239820000
2 3 1 3        61.2810590000
2 3 2 2      -151.7414700000
2 3 2 3        10.1709780000
2 3 3 1        61.2810590000
2 3 3 2        10.1709780000
2 3 3 3        50.5346300000
3 1 1 1      -225.1485090000
3 1 1 2       151.9211400000
3 1 1 3       -41.7129110000
3 1 2 1       151.9211400000
3 1 2 2        54.6175550000
3 1 3 1       -41.7129110000
3 1 3 3       124.3726610000
3 2 1 1       151.9211400000
3 2 1 2        54.6175550000
3 2 2 1        54.6175550000
3 2 2 2       286.6946760000
3 2 2 3        52.1570230000
3 2 3 2        52.1570230000
3 2 3 3        20.8629880000
3 3 1 1       -41.7129110000
3 3 1 3       124.3726610000
3 3 2 2        52.1570230000
3 3 2 3        20.8629880000
3 3 3 1       124.3726610000
3 3 3 2        20.8629880000
3 3 3 3       -17.2324210000
END

nFrequencies 3
nStates 10
State n 1	0 0 0 
State n 2	1 0 0 
State n 3	0 1 0 
State n 4	0 0 1 
State n 5	2 0 0 
State n 6	0 2 0 
State n 7	0 0 2 
State n 8	1 1 0 
State n 9	1 0 1 
State n 10	0 1 1 

Xkl (cm^-1) by VPT2+K model
1 1       -16.9846031018
1 2        -2.3478468048
1 3       -33.6672254270
2 1        -2.3478468048
2 2       -37.7986352051
2 3      -138.6008851607
3 1       -33.6672254270
3 2      -138.6008851607
3 3       -47.7453530594
END

C=13.131342

Diagonal of H (cm^-1) by VPT2+K model
     4641.0858038103         0.0000000000 
     6231.9018244907      1590.8160206804  1(1) 
     8329.0112964174      3687.9254926071  2(1) 
     8403.4150323976      3762.3292285873  3(1) 
     7788.7486389675      3147.6628351572  1(2) 
    11941.3395186144      7300.2537148041  2(2) 
    12070.2535548661      7429.1677510558  3(2) 
     9917.4794702931      5276.3936664828  1(1)  2(1) 
     9960.5638276511      5319.4780238408  1(1)  3(1) 
    11952.7396398441      7311.6538360338  2(1)  3(1) 
END


Resonance Matrix (cm^-1) by VPT2+K model
========================================
 Fermi Resonances terms :
 0 Fermi Resonances 
----------------------------------------------------------------------------------------------------

 Darling-Dennison Resonances terms :
 0 Darling-Dennison Resonances 
----------------------------------------------------------------------------------------------------

END



Results
========================
       E(harm)      E(anharm)     Mode(Quanta), Coef 
       -------      ---------     ---------------- 
    0.00000000     0.00000000     [ 1.000] 
 1642.79276300  1590.81602068     [ 1.000  1(1)] 
 3285.58552600  3147.66283516     [ 1.000  1(2)] 
 3833.99712900  3687.92549261     [ 1.000  2(1)] 
 3943.95399000  3762.32922859     [ 1.000  3(1)] 
 5476.78989200  5276.39366648     [ 1.000  1(1)  2(1)] 
 5586.74675300  5319.47802384     [ 1.000  1(1)  3(1)] 
 7667.99425800  7300.25371480     [ 1.000  2(2)] 
 7777.95111900  7311.65383603     [ 1.000  2(1)  3(1)] 
 7887.90798000  7429.16775106     [ 1.000  3(2)] 



Results With intensities
========================
       E(harm)      E(anharm)        I(harm)      I(anharm)     Coef Mode(Quanta) 
       -------      ---------        -------      ---------     ---------------- 
    0.00000000     0.00000000     0.00000000     0.00000000     [ 1.000] 
 1642.79276300  1590.81602068    79.03737739    79.41693172     [ 1.000  1(1)] 
 3285.58552600  3147.66283516     0.00000000     0.05915442     [ 1.000  1(2)] 
 3833.99712900  3687.92549261     9.72281843     7.04366245     [ 1.000  2(1)] 
 3943.95399000  3762.32922859    64.27158893    59.85754510     [ 1.000  3(1)] 
 5476.78989200  5276.39366648     0.00000000     0.23454761     [ 1.000  1(1)  2(1)] 
 5586.74675300  5319.47802384     0.00000000     0.71783981     [ 1.000  1(1)  3(1)] 
 7667.99425800  7300.25371480     0.00000000     0.72771162     [ 1.000  2(2)] 
 7777.95111900  7311.65383603     0.00000000     3.05302642     [ 1.000  2(1)  3(1)] 
 7887.90798000  7429.16775106     0.00000000     0.66468222     [ 1.000  3(2)] 



Results With intensities
========================

Fundamental Bands
-----------------
       E(harm)      E(anharm)        I(harm)      I(anharm)       Coef. Mode(Quanta) 
  ------------   ------------   ------------   ------------     -------------------- 
 1642.79276300  1590.81602068    79.03737739    79.41693172     [ 1.000  1(1)] 
 3833.99712900  3687.92549261     9.72281843     7.04366245     [ 1.000  2(1)] 
 3943.95399000  3762.32922859    64.27158893    59.85754510     [ 1.000  3(1)] 

Overtones
---------
       E(harm)      E(anharm)        I(harm)      I(anharm)       Coef. Mode(Quanta) 
  ------------   ------------   ------------   ------------     -------------------- 
 3285.58552600  3147.66283516     0.00000000     0.05915442     [ 1.000  1(2)] 
 7667.99425800  7300.25371480     0.00000000     0.72771162     [ 1.000  2(2)] 
 7887.90798000  7429.16775106     0.00000000     0.66468222     [ 1.000  3(2)] 

Combination Bands
----------------
       E(harm)      E(anharm)        I(harm)      I(anharm)       Coef. Mode(Quanta) 
  ------------   ------------   ------------   ------------     -------------------- 
 5476.78989200  5276.39366648     0.00000000     0.23454761     [ 1.000  1(1)  2(1)] 
 5586.74675300  5319.47802384     0.00000000     0.71783981     [ 1.000  1(1)  3(1)] 
 7777.95111900  7311.65383603     0.00000000     3.05302642     [ 1.000  2(1)  3(1)] 


