seed = -1
----------------------------------------------------------
runType=VPT2
model=GENERIC
----------------------------------------------------------

nFrequencies=3
VPT2 model : GVPT2

Gradients
END

Hessian
1 1      1629.8200000000
2 2      3816.4000000000
3 3      3943.6100000000
END

Cubic
1 1 1      -246.7065050000
1 1 2       315.1994730000
1 1 3         0.0000010000
2 2 1        76.3810960000
2 2 2     -1791.1170360000
3 3 1       258.6848520000
3 3 2     -1805.9346970000
3 3 3         0.0000020000
END

Quartic
1 1 1 1       -72.4424910000
1 1 1 2      1622.2510110000
1 1 1 3        -0.0000010000
2 2 1 1      -309.7034050000
2 2 2 1      1863.0084490000
2 2 2 2       744.3705470000
3 3 1 1      -367.6095480000
3 3 2 2       755.1887030000
3 3 3 1        -0.0000010000
3 3 3 3       736.7330680000
END

Coriolis
END

Rotation constants
1         1.0000000000
2         1.0000000000
3         1.0000000000
END
nFrequencies=3
nDim=3
VPT2 Properties model : GVPT2 : Gaussian method

First derivatives
1 3         3.0420770000
2 1         2.9727540000
2 2        -0.8213600000
END


Second derivatives
1 1 3        26.2091740000
1 2 3        -4.6864160000
1 3 1        26.2091740000
1 3 2        -4.6864160000
2 1 1        15.6003470000
2 1 2        -7.1029170000
2 2 1        -7.1029170000
2 2 2         9.5939210000
2 3 3       -13.6124650000
END


Cubic derivatives
1 1 1 3       228.4445560000
1 1 3 1       228.4445560000
1 2 2 3      -115.0382070000
1 2 3 2      -115.0382070000
1 3 1 1       228.4445560000
1 3 2 2      -115.0382070000
1 3 3 3        94.1075650000
2 1 1 1       148.1101970000
2 1 1 2       -62.0222190000
2 1 2 1       -62.0222190000
2 1 2 2       106.0015330000
2 1 3 3         1.2736610000
2 2 1 1       -62.0222190000
2 2 1 2       106.0015330000
2 2 2 1       106.0015330000
2 2 2 2       121.8909250000
2 2 3 3        66.2658550000
2 3 1 3         1.2736610000
2 3 2 3        66.2658550000
2 3 3 1         1.2736610000
2 3 3 2        66.2658550000
END

nFrequencies 3
nStates 10
State n 1	0 0 0 
State n 2	1 0 0 
State n 3	0 1 0 
State n 4	0 0 1 
State n 5	2 0 0 
State n 6	0 2 0 
State n 7	0 0 2 
State n 8	1 1 0 
State n 9	1 0 1 
State n 10	0 1 1 

Xkl (cm^-1) by VPT2+K model
1 1       -17.6868850984
1 2       -17.2026696258
1 3       -47.0403842943
2 1       -17.2026696258
2 2       -41.4770393505
2 3      -161.1033533925
3 1       -47.0403842943
3 2      -161.1033533925
3 3       -49.4657937876
END

C=33.249073

Diagonal of H (cm^-1) by VPT2+K model
     4611.4209686127         0.0000000000 
     6173.7456714558      1562.3247028431  1(1) 
     8255.7138784025      3644.2929097898  2(1) 
     8352.0275121940      3740.6065435813  3(1) 
     7700.6966041021      3089.2756354894  1(2) 
    11817.0527094912      7205.6317408785  2(2) 
    11993.7024682002      7382.2814995875  3(2) 
     9800.8359116198      5189.4149430071  1(1)  2(1) 
     9867.3118307428      5255.8908621301  1(1)  3(1) 
    11835.2170685913      7223.7960999786  2(1)  3(1) 
END


Resonance Matrix (cm^-1) by VPT2+K model
========================================
 Fermi Resonances terms :
 0 Fermi Resonances 
----------------------------------------------------------------------------------------------------

 Darling-Dennison Resonances terms :
 0 Darling-Dennison Resonances 
----------------------------------------------------------------------------------------------------

END



Results
========================
       E(harm)      E(anharm)     Mode(Quanta), Coef 
       -------      ---------     ---------------- 
    0.00000000     0.00000000     [ 1.000] 
 1629.82000000  1562.32470284     [ 1.000  1(1)] 
 3259.64000000  3089.27563549     [ 1.000  1(2)] 
 3816.40000000  3644.29290979     [ 1.000  2(1)] 
 3943.61000000  3740.60654358     [ 1.000  3(1)] 
 5446.22000000  5189.41494301     [ 1.000  1(1)  2(1)] 
 5573.43000000  5255.89086213     [ 1.000  1(1)  3(1)] 
 7632.80000000  7205.63174088     [ 1.000  2(2)] 
 7760.01000000  7223.79609998     [ 1.000  2(1)  3(1)] 
 7887.22000000  7382.28149959     [ 1.000  3(2)] 



Results With intensities
========================
       E(harm)      E(anharm)        I(harm)      I(anharm)     Coef Mode(Quanta) 
       -------      ---------        -------      ---------     ---------------- 
    0.00000000     0.00000000     0.00000000     0.00000000     [ 1.000] 
 1629.82000000  1562.32470284    71.55581364    79.57587762     [ 1.000  1(1)] 
 3259.64000000  3089.27563549     0.00000000     0.61489333     [ 1.000  1(2)] 
 3816.40000000  3644.29290979     5.46253306     0.28930209     [ 1.000  2(1)] 
 3943.61000000  3740.60654358    74.93201047    71.16321430     [ 1.000  3(1)] 
 5446.22000000  5189.41494301     0.00000000     0.06099969     [ 1.000  1(1)  2(1)] 
 5573.43000000  5255.89086213     0.00000000     3.89183183     [ 1.000  1(1)  3(1)] 
 7632.80000000  7205.63174088     0.00000000     0.33030381     [ 1.000  2(2)] 
 7760.01000000  7223.79609998     0.00000000     2.33326911     [ 1.000  2(1)  3(1)] 
 7887.22000000  7382.28149959     0.00000000     0.01515660     [ 1.000  3(2)] 



Results With intensities
========================

Fundamental Bands
-----------------
       E(harm)      E(anharm)        I(harm)      I(anharm)       Coef. Mode(Quanta) 
  ------------   ------------   ------------   ------------     -------------------- 
 1629.82000000  1562.32470284    71.55581364    79.57587762     [ 1.000  1(1)] 
 3816.40000000  3644.29290979     5.46253306     0.28930209     [ 1.000  2(1)] 
 3943.61000000  3740.60654358    74.93201047    71.16321430     [ 1.000  3(1)] 

Overtones
---------
       E(harm)      E(anharm)        I(harm)      I(anharm)       Coef. Mode(Quanta) 
  ------------   ------------   ------------   ------------     -------------------- 
 3259.64000000  3089.27563549     0.00000000     0.61489333     [ 1.000  1(2)] 
 7632.80000000  7205.63174088     0.00000000     0.33030381     [ 1.000  2(2)] 
 7887.22000000  7382.28149959     0.00000000     0.01515660     [ 1.000  3(2)] 

Combination Bands
----------------
       E(harm)      E(anharm)        I(harm)      I(anharm)       Coef. Mode(Quanta) 
  ------------   ------------   ------------   ------------     -------------------- 
 5446.22000000  5189.41494301     0.00000000     0.06099969     [ 1.000  1(1)  2(1)] 
 5573.43000000  5255.89086213     0.00000000     3.89183183     [ 1.000  1(1)  3(1)] 
 7760.01000000  7223.79609998     0.00000000     2.33326911     [ 1.000  2(1)  3(1)] 


