

          MOPAC Job: "/home/allouche/tmp/igvpt2_4883/h2oVQFF_0/One0.mop" ended normally on Jul 10, 2016, at 19:23.


real	0m0.036s
user	0m0.020s
sys	0m0.004s


          MOPAC Job: "/home/allouche/tmp/igvpt2_12588/h2oVQFF_10/One0.mop" ended normally on Jul 10, 2016, at 19:23.


real	0m0.037s
user	0m0.024s
sys	0m0.000s


          MOPAC Job: "/home/allouche/tmp/igvpt2_6240/h2oVQFF_11/One0.mop" ended normally on Jul 10, 2016, at 19:23.


real	0m0.036s
user	0m0.024s
sys	0m0.004s


          MOPAC Job: "/home/allouche/tmp/igvpt2_31029/h2oVQFF_12/One0.mop" ended normally on Jul 10, 2016, at 19:23.


real	0m0.035s
user	0m0.024s
sys	0m0.000s


          MOPAC Job: "/home/allouche/tmp/igvpt2_576/h2oVQFF_13/One0.mop" ended normally on Jul 10, 2016, at 19:23.


real	0m0.036s
user	0m0.020s
sys	0m0.008s


          MOPAC Job: "/home/allouche/tmp/igvpt2_24626/h2oVQFF_14/One0.mop" ended normally on Jul 10, 2016, at 19:23.


real	0m0.035s
user	0m0.020s
sys	0m0.004s


          MOPAC Job: "/home/allouche/tmp/igvpt2_17661/h2oVQFF_15/One0.mop" ended normally on Jul 10, 2016, at 19:23.


real	0m0.035s
user	0m0.028s
sys	0m0.000s


          MOPAC Job: "/home/allouche/tmp/igvpt2_20184/h2oVQFF_16/One0.mop" ended normally on Jul 10, 2016, at 19:23.


real	0m0.032s
user	0m0.016s
sys	0m0.012s


          MOPAC Job: "/home/allouche/tmp/igvpt2_15682/h2oVQFF_17/One0.mop" ended normally on Jul 10, 2016, at 19:23.


real	0m0.033s
user	0m0.012s
sys	0m0.012s


          MOPAC Job: "/home/allouche/tmp/igvpt2_11462/h2oVQFF_18/One0.mop" ended normally on Jul 10, 2016, at 19:23.


real	0m0.031s
user	0m0.020s
sys	0m0.000s


          MOPAC Job: "/home/allouche/tmp/igvpt2_12385/h2oVQFF_19/One0.mop" ended normally on Jul 10, 2016, at 19:23.


real	0m0.032s
user	0m0.016s
sys	0m0.008s


          MOPAC Job: "/home/allouche/tmp/igvpt2_18650/h2oVQFF_1/One0.mop" ended normally on Jul 10, 2016, at 19:23.


real	0m0.029s
user	0m0.016s
sys	0m0.004s


          MOPAC Job: "/home/allouche/tmp/igvpt2_2138/h2oVQFF_20/One0.mop" ended normally on Jul 10, 2016, at 19:23.


real	0m0.030s
user	0m0.012s
sys	0m0.004s


          MOPAC Job: "/home/allouche/tmp/igvpt2_10724/h2oVQFF_21/One0.mop" ended normally on Jul 10, 2016, at 19:23.


real	0m0.033s
user	0m0.016s
sys	0m0.004s


          MOPAC Job: "/home/allouche/tmp/igvpt2_9241/h2oVQFF_22/One0.mop" ended normally on Jul 10, 2016, at 19:23.


real	0m0.032s
user	0m0.020s
sys	0m0.000s


          MOPAC Job: "/home/allouche/tmp/igvpt2_31892/h2oVQFF_23/One0.mop" ended normally on Jul 10, 2016, at 19:23.


real	0m0.034s
user	0m0.020s
sys	0m0.004s


          MOPAC Job: "/home/allouche/tmp/igvpt2_19397/h2oVQFF_24/One0.mop" ended normally on Jul 10, 2016, at 19:23.


real	0m0.034s
user	0m0.012s
sys	0m0.008s


          MOPAC Job: "/home/allouche/tmp/igvpt2_99/h2oVQFF_25/One0.mop" ended normally on Jul 10, 2016, at 19:23.


real	0m0.032s
user	0m0.016s
sys	0m0.004s


          MOPAC Job: "/home/allouche/tmp/igvpt2_9131/h2oVQFF_26/One0.mop" ended normally on Jul 10, 2016, at 19:23.


real	0m0.033s
user	0m0.016s
sys	0m0.004s


          MOPAC Job: "/home/allouche/tmp/igvpt2_3129/h2oVQFF_27/One0.mop" ended normally on Jul 10, 2016, at 19:23.


real	0m0.033s
user	0m0.020s
sys	0m0.004s


          MOPAC Job: "/home/allouche/tmp/igvpt2_27050/h2oVQFF_28/One0.mop" ended normally on Jul 10, 2016, at 19:23.


real	0m0.033s
user	0m0.020s
sys	0m0.004s


          MOPAC Job: "/home/allouche/tmp/igvpt2_13644/h2oVQFF_29/One0.mop" ended normally on Jul 10, 2016, at 19:23.


real	0m0.034s
user	0m0.016s
sys	0m0.008s


          MOPAC Job: "/home/allouche/tmp/igvpt2_7201/h2oVQFF_2/One0.mop" ended normally on Jul 10, 2016, at 19:23.


real	0m0.035s
user	0m0.016s
sys	0m0.008s


          MOPAC Job: "/home/allouche/tmp/igvpt2_22465/h2oVQFF_30/One0.mop" ended normally on Jul 10, 2016, at 19:23.


real	0m0.033s
user	0m0.016s
sys	0m0.008s


          MOPAC Job: "/home/allouche/tmp/igvpt2_15674/h2oVQFF_31/One0.mop" ended normally on Jul 10, 2016, at 19:23.


real	0m0.034s
user	0m0.012s
sys	0m0.012s


          MOPAC Job: "/home/allouche/tmp/igvpt2_10621/h2oVQFF_32/One0.mop" ended normally on Jul 10, 2016, at 19:23.


real	0m0.035s
user	0m0.020s
sys	0m0.004s


          MOPAC Job: "/home/allouche/tmp/igvpt2_24677/h2oVQFF_33/One0.mop" ended normally on Jul 10, 2016, at 19:23.


real	0m0.033s
user	0m0.016s
sys	0m0.004s


          MOPAC Job: "/home/allouche/tmp/igvpt2_5210/h2oVQFF_34/One0.mop" ended normally on Jul 10, 2016, at 19:23.


real	0m0.035s
user	0m0.024s
sys	0m0.000s


          MOPAC Job: "/home/allouche/tmp/igvpt2_20692/h2oVQFF_35/One0.mop" ended normally on Jul 10, 2016, at 19:23.


real	0m0.034s
user	0m0.016s
sys	0m0.004s


          MOPAC Job: "/home/allouche/tmp/igvpt2_15530/h2oVQFF_36/One0.mop" ended normally on Jul 10, 2016, at 19:23.


real	0m0.035s
user	0m0.016s
sys	0m0.008s


          MOPAC Job: "/home/allouche/tmp/igvpt2_562/h2oVQFF_37/One0.mop" ended normally on Jul 10, 2016, at 19:23.


real	0m0.036s
user	0m0.016s
sys	0m0.008s


          MOPAC Job: "/home/allouche/tmp/igvpt2_26845/h2oVQFF_38/One0.mop" ended normally on Jul 10, 2016, at 19:23.


real	0m0.035s
user	0m0.012s
sys	0m0.012s


          MOPAC Job: "/home/allouche/tmp/igvpt2_23347/h2oVQFF_39/One0.mop" ended normally on Jul 10, 2016, at 19:23.


real	0m0.035s
user	0m0.024s
sys	0m0.000s


          MOPAC Job: "/home/allouche/tmp/igvpt2_15223/h2oVQFF_3/One0.mop" ended normally on Jul 10, 2016, at 19:23.


real	0m0.029s
user	0m0.012s
sys	0m0.004s


          MOPAC Job: "/home/allouche/tmp/igvpt2_24142/h2oVQFF_40/One0.mop" ended normally on Jul 10, 2016, at 19:23.


real	0m0.032s
user	0m0.016s
sys	0m0.004s


          MOPAC Job: "/home/allouche/tmp/igvpt2_24577/h2oVQFF_41/One0.mop" ended normally on Jul 10, 2016, at 19:23.


real	0m0.033s
user	0m0.020s
sys	0m0.004s


          MOPAC Job: "/home/allouche/tmp/igvpt2_8276/h2oVQFF_42/One0.mop" ended normally on Jul 10, 2016, at 19:23.


real	0m0.033s
user	0m0.020s
sys	0m0.004s


          MOPAC Job: "/home/allouche/tmp/igvpt2_7796/h2oVQFF_43/One0.mop" ended normally on Jul 10, 2016, at 19:23.


real	0m0.033s
user	0m0.020s
sys	0m0.004s


          MOPAC Job: "/home/allouche/tmp/igvpt2_9755/h2oVQFF_44/One0.mop" ended normally on Jul 10, 2016, at 19:23.


real	0m0.032s
user	0m0.012s
sys	0m0.008s


          MOPAC Job: "/home/allouche/tmp/igvpt2_1098/h2oVQFF_45/One0.mop" ended normally on Jul 10, 2016, at 19:23.


real	0m0.032s
user	0m0.016s
sys	0m0.008s


          MOPAC Job: "/home/allouche/tmp/igvpt2_30837/h2oVQFF_46/One0.mop" ended normally on Jul 10, 2016, at 19:23.


real	0m0.036s
user	0m0.020s
sys	0m0.004s


          MOPAC Job: "/home/allouche/tmp/igvpt2_13011/h2oVQFF_47/One0.mop" ended normally on Jul 10, 2016, at 19:23.


real	0m0.036s
user	0m0.020s
sys	0m0.004s


          MOPAC Job: "/home/allouche/tmp/igvpt2_24785/h2oVQFF_48/One0.mop" ended normally on Jul 10, 2016, at 19:23.


real	0m0.035s
user	0m0.012s
sys	0m0.008s


          MOPAC Job: "/home/allouche/tmp/igvpt2_24530/h2oVQFF_49/One0.mop" ended normally on Jul 10, 2016, at 19:23.


real	0m0.034s
user	0m0.016s
sys	0m0.004s


          MOPAC Job: "/home/allouche/tmp/igvpt2_16213/h2oVQFF_4/One0.mop" ended normally on Jul 10, 2016, at 19:23.


real	0m0.038s
user	0m0.016s
sys	0m0.008s


          MOPAC Job: "/home/allouche/tmp/igvpt2_30494/h2oVQFF_50/One0.mop" ended normally on Jul 10, 2016, at 19:23.


real	0m0.036s
user	0m0.024s
sys	0m0.000s


          MOPAC Job: "/home/allouche/tmp/igvpt2_21978/h2oVQFF_51/One0.mop" ended normally on Jul 10, 2016, at 19:23.


real	0m0.037s
user	0m0.016s
sys	0m0.008s


          MOPAC Job: "/home/allouche/tmp/igvpt2_25198/h2oVQFF_52/One0.mop" ended normally on Jul 10, 2016, at 19:23.


real	0m0.034s
user	0m0.016s
sys	0m0.004s


          MOPAC Job: "/home/allouche/tmp/igvpt2_6495/h2oVQFF_53/One0.mop" ended normally on Jul 10, 2016, at 19:23.


real	0m0.034s
user	0m0.020s
sys	0m0.004s


          MOPAC Job: "/home/allouche/tmp/igvpt2_7900/h2oVQFF_54/One0.mop" ended normally on Jul 10, 2016, at 19:23.


real	0m0.036s
user	0m0.016s
sys	0m0.008s


          MOPAC Job: "/home/allouche/tmp/igvpt2_30090/h2oVQFF_55/One0.mop" ended normally on Jul 10, 2016, at 19:23.


real	0m0.035s
user	0m0.012s
sys	0m0.012s


          MOPAC Job: "/home/allouche/tmp/igvpt2_17512/h2oVQFF_56/One0.mop" ended normally on Jul 10, 2016, at 19:23.


real	0m0.031s
user	0m0.016s
sys	0m0.000s


          MOPAC Job: "/home/allouche/tmp/igvpt2_32760/h2oVQFF_57/One0.mop" ended normally on Jul 10, 2016, at 19:23.


real	0m0.033s
user	0m0.020s
sys	0m0.004s


          MOPAC Job: "/home/allouche/tmp/igvpt2_22954/h2oVQFF_58/One0.mop" ended normally on Jul 10, 2016, at 19:23.


real	0m0.034s
user	0m0.016s
sys	0m0.008s


          MOPAC Job: "/home/allouche/tmp/igvpt2_440/h2oVQFF_59/One0.mop" ended normally on Jul 10, 2016, at 19:23.


real	0m0.033s
user	0m0.016s
sys	0m0.004s
mkdir: impossible de créer le répertoire « /home/allouche/tmp/igvpt2_11466 »: Le fichier existe


          MOPAC Job: "/home/allouche/tmp/igvpt2_11466/h2oVQFF_5/One0.mop" ended normally on Jul 10, 2016, at 19:23.


real	0m0.034s
user	0m0.016s
sys	0m0.008s


          MOPAC Job: "/home/allouche/tmp/igvpt2_21827/h2oVQFF_60/One0.mop" ended normally on Jul 10, 2016, at 19:23.


real	0m0.034s
user	0m0.020s
sys	0m0.004s


          MOPAC Job: "/home/allouche/tmp/igvpt2_32578/h2oVQFF_61/One0.mop" ended normally on Jul 10, 2016, at 19:23.


real	0m0.034s
user	0m0.020s
sys	0m0.004s


          MOPAC Job: "/home/allouche/tmp/igvpt2_22859/h2oVQFF_62/One0.mop" ended normally on Jul 10, 2016, at 19:23.


real	0m0.035s
user	0m0.020s
sys	0m0.008s


          MOPAC Job: "/home/allouche/tmp/igvpt2_21377/h2oVQFF_6/One0.mop" ended normally on Jul 10, 2016, at 19:23.


real	0m0.031s
user	0m0.012s
sys	0m0.004s


          MOPAC Job: "/home/allouche/tmp/igvpt2_27632/h2oVQFF_7/One0.mop" ended normally on Jul 10, 2016, at 19:23.


real	0m0.030s
user	0m0.016s
sys	0m0.004s


          MOPAC Job: "/home/allouche/tmp/igvpt2_26750/h2oVQFF_8/One0.mop" ended normally on Jul 10, 2016, at 19:23.


real	0m0.032s
user	0m0.020s
sys	0m0.000s


          MOPAC Job: "/home/allouche/tmp/igvpt2_7243/h2oVQFF_9/One0.mop" ended normally on Jul 10, 2016, at 19:23.


real	0m0.037s
user	0m0.024s
sys	0m0.000s
