mkdir: impossible de créer le répertoire « /tmp »: Le fichier existe
cp: impossible d'évaluer « /home/allouche/tmp/QFFIGVPT2FireFly/*.gab »: Aucun fichier ou dossier de ce type

real	0m0.148s
user	0m0.096s
sys	0m0.036s

real	0m0.141s
user	0m0.092s
sys	0m0.032s

real	0m0.162s
user	0m0.096s
sys	0m0.052s

real	0m0.163s
user	0m0.112s
sys	0m0.036s

real	0m0.148s
user	0m0.092s
sys	0m0.040s

real	0m0.127s
user	0m0.084s
sys	0m0.028s

real	0m0.167s
user	0m0.100s
sys	0m0.048s

real	0m0.159s
user	0m0.108s
sys	0m0.036s

real	0m0.165s
user	0m0.112s
sys	0m0.044s

real	0m0.159s
user	0m0.112s
sys	0m0.032s

real	0m0.158s
user	0m0.104s
sys	0m0.040s

real	0m0.166s
user	0m0.100s
sys	0m0.052s

real	0m0.168s
user	0m0.096s
sys	0m0.056s

real	0m0.170s
user	0m0.108s
sys	0m0.044s

real	0m0.150s
user	0m0.096s
sys	0m0.036s

real	0m0.126s
user	0m0.092s
sys	0m0.020s

real	0m0.136s
user	0m0.092s
sys	0m0.028s

real	0m0.170s
user	0m0.096s
sys	0m0.056s

real	0m0.167s
user	0m0.100s
sys	0m0.056s

real	0m0.153s
user	0m0.096s
sys	0m0.044s

real	0m0.159s
user	0m0.092s
sys	0m0.056s

real	0m0.167s
user	0m0.112s
sys	0m0.036s

real	0m0.172s
user	0m0.104s
sys	0m0.052s

real	0m0.152s
user	0m0.104s
sys	0m0.036s

real	0m0.160s
user	0m0.108s
sys	0m0.036s

real	0m0.131s
user	0m0.072s
sys	0m0.040s

real	0m0.167s
user	0m0.112s
sys	0m0.044s

real	0m0.140s
user	0m0.092s
sys	0m0.036s

real	0m0.143s
user	0m0.104s
sys	0m0.024s

real	0m0.161s
user	0m0.096s
sys	0m0.052s

real	0m0.146s
user	0m0.092s
sys	0m0.040s

real	0m0.149s
user	0m0.084s
sys	0m0.056s

real	0m0.159s
user	0m0.100s
sys	0m0.044s

real	0m0.165s
user	0m0.120s
sys	0m0.028s

real	0m0.164s
user	0m0.096s
sys	0m0.052s

real	0m0.134s
user	0m0.084s
sys	0m0.032s

real	0m0.164s
user	0m0.104s
sys	0m0.048s

real	0m0.160s
user	0m0.100s
sys	0m0.044s

real	0m0.162s
user	0m0.124s
sys	0m0.024s

real	0m0.162s
user	0m0.104s
sys	0m0.044s

real	0m0.167s
user	0m0.104s
sys	0m0.048s

real	0m0.156s
user	0m0.112s
sys	0m0.028s

real	0m0.159s
user	0m0.112s
sys	0m0.032s

real	0m0.151s
user	0m0.096s
sys	0m0.040s

real	0m0.170s
user	0m0.104s
sys	0m0.048s

real	0m0.154s
user	0m0.096s
sys	0m0.044s

real	0m0.139s
user	0m0.088s
sys	0m0.036s

real	0m0.166s
user	0m0.124s
sys	0m0.024s

real	0m0.150s
user	0m0.096s
sys	0m0.040s

real	0m0.163s
user	0m0.104s
sys	0m0.044s

real	0m0.165s
user	0m0.096s
sys	0m0.052s

real	0m0.160s
user	0m0.092s
sys	0m0.052s

real	0m0.164s
user	0m0.096s
sys	0m0.052s

real	0m0.135s
user	0m0.088s
sys	0m0.028s

real	0m0.158s
user	0m0.096s
sys	0m0.048s
