seed = -1
----------------------------------------------------------
runType=VPT2
model=GAUSSIAN
----------------------------------------------------------

nFrequencies=3
VPT2 model : GVPT2

Gradients
END

Hessian
1 1      1632.7707060000
2 2      3810.0418000000
3 3      3913.0694210000
END

Cubic
1 1 1      -247.7189810000
1 1 2      -301.8551430000
1 1 3         0.1071040000
2 2 1         7.0216960000
2 2 2      1835.4164970000
2 2 3         0.1071040000
3 3 1       275.0893340000
3 3 2      1842.9894470000
3 3 3         0.2268930000
END

Quartic
1 1 1 1      -194.5011730000
1 1 1 2        58.1180030000
1 1 1 3        -0.0642620000
2 2 1 1      -329.8766990000
2 2 2 1      -102.5489750000
2 2 2 2       788.4233010000
2 2 2 3        -0.1424610000
3 3 1 1      -368.2812490000
3 3 2 2       802.9112610000
3 3 3 3       807.3467560000
END

Coriolis
END

Rotation constants
1         1.0000000000
2         1.0000000000
3         1.0000000000
END
nFrequencies=3
nDim=3
VPT2 Properties model : GVPT2 : Gaussian method

First derivatives
1 1        -0.0000001054
1 2         0.0000059646
1 3         2.4609000147
2 1         2.9361889765
2 2         0.7484399828
2 3        -0.0000018043
3 1         0.0000000002
3 2         0.0000000005
3 3         0.0000000007
END


Second derivatives
1 1 2         0.0003800000
1 1 3        35.3134590000
1 2 1         0.0003800000
1 2 2         0.0000110000
1 2 3        44.8432200000
1 3 1        35.3134590000
1 3 2        44.8432200000
1 3 3        -0.0031910000
2 1 1        21.0794760000
2 1 2        21.1162400000
2 2 1        21.1162400000
2 2 2        32.0275390000
2 3 3        18.8534210000
END


Cubic derivatives
1 1 1 2         0.2929080000
1 1 1 3       101.2744060000
1 1 2 1         0.2929080000
1 1 2 2         0.4474390000
1 1 3 1       101.2744060000
1 2 1 1         0.2929080000
1 2 1 2         0.4474390000
1 2 2 1         0.4474390000
1 2 2 2         0.1678010000
1 2 2 3      -274.7032120000
1 2 3 2      -274.7032120000
1 3 1 1       101.2744060000
1 3 2 2      -274.7032120000
1 3 3 3        83.5442940000
2 1 1 1       107.3318410000
2 1 1 2       128.0001550000
2 1 1 3         0.1662060000
2 1 2 1       128.0001550000
2 1 2 2       167.1681050000
2 1 3 1         0.1662060000
2 1 3 3      -327.7118640000
2 2 1 1       128.0001550000
2 2 1 2       167.1681050000
2 2 2 1       167.1681050000
2 2 2 2      -332.8095740000
2 2 2 3         0.3878390000
2 2 3 2         0.3878390000
2 2 3 3      -242.3206550000
2 3 1 1         0.1662060000
2 3 1 3      -327.7118640000
2 3 2 2         0.3878390000
2 3 2 3      -242.3206550000
2 3 3 1      -327.7118640000
2 3 3 2      -242.3206550000
2 3 3 3         0.6909260000
END

nFrequencies 3
nStates 10
State n 1	0 0 0 
State n 2	1 0 0 
State n 3	0 1 0 
State n 4	0 0 1 
State n 5	2 0 0 
State n 6	0 2 0 
State n 7	0 0 2 
State n 8	1 1 0 
State n 9	1 0 1 
State n 10	0 1 1 

Xkl (cm^-1) by VPT2+K model
1 1       -24.6923824286
1 2       -26.5435120063
1 3       -47.6604797021
2 1       -26.5435120063
2 2       -42.8290638951
2 3      -163.7306021191
3 1       -47.6604797021
3 2      -163.7306021191
3 3       -49.3307513062
END

C=34.210531

Diagonal of H (cm^-1) by VPT2+K model
     4589.2442656357         0.0000000000 
     6135.5282109243      1546.2839452887  1(1) 
     8218.4908807827      3629.2466151470  2(1) 
     8297.9566431128      3708.7123774771  3(1) 
     7632.4273913559      3043.1831257202  1(2) 
    11762.0793681395      7172.8351025038  2(2) 
    11908.0075179776      7318.7632523419  3(2) 
     9738.2313140651      5148.9870484294  1(1)  2(1) 
     9796.5801086994      5207.3358430637  1(1)  3(1) 
    11763.4726561407      7174.2283905051  2(1)  3(1) 
END


Resonance Matrix (cm^-1) by VPT2+K model
========================================
 Fermi Resonances terms :
 0 Fermi Resonances 
----------------------------------------------------------------------------------------------------

 Darling-Dennison Resonances terms :
 0 Darling-Dennison Resonances 
----------------------------------------------------------------------------------------------------

END



Results
========================
       E(harm)      E(anharm)     Mode(Quanta), Coef 
       -------      ---------     ---------------- 
    0.00000000     0.00000000     [ 1.000] 
 1632.77070600  1546.28394529     [ 1.000  1(1)] 
 3265.54141200  3043.18312572     [ 1.000  1(2)] 
 3810.04180000  3629.24661515     [ 1.000  2(1)] 
 3913.06942100  3708.71237748     [ 1.000  3(1)] 
 5442.81250600  5148.98704843     [ 1.000  1(1)  2(1)] 
 5545.84012700  5207.33584306     [ 1.000  1(1)  3(1)] 
 7620.08360000  7172.83510250     [ 1.000  2(2)] 
 7723.11122100  7174.22839051     [ 1.000  2(1)  3(1)] 
 7826.13884200  7318.76325234     [ 1.000  3(2)] 



Results With intensities
========================
       E(harm)      E(anharm)        I(harm)      I(anharm)     Coef Mode(Quanta) 
       -------      ---------        -------      ---------     ---------------- 
    0.00000000     0.00000000     0.00000000     0.00000000     [ 1.000] 
 1632.77070600  1546.28394529    69.80635920    67.47953686     [ 1.000  1(1)] 
 3265.54141200  3043.18312572     0.00000000     1.01798630     [ 1.000  1(2)] 
 3810.04180000  3629.24661515     4.53566468     1.83630901     [ 1.000  2(1)] 
 3913.06942100  3708.71237748    49.03598660    36.01275773     [ 1.000  3(1)] 
 5442.81250600  5148.98704843     0.00000000     1.06843678     [ 1.000  1(1)  2(1)] 
 5545.84012700  5207.33584306     0.00000000     5.88849938     [ 1.000  1(1)  3(1)] 
 7620.08360000  7172.83510250     0.00000000     1.56085246     [ 1.000  2(2)] 
 7723.11122100  7174.22839051     0.00000000     9.42431159     [ 1.000  2(1)  3(1)] 
 7826.13884200  7318.76325234     0.00000000     0.76739903     [ 1.000  3(2)] 



Results With intensities
========================

Fundamental Bands
-----------------
       E(harm)      E(anharm)        I(harm)      I(anharm)       Coef. Mode(Quanta) 
  ------------   ------------   ------------   ------------     -------------------- 
 1632.77070600  1546.28394529    69.80635920    67.47953686     [ 1.000  1(1)] 
 3810.04180000  3629.24661515     4.53566468     1.83630901     [ 1.000  2(1)] 
 3913.06942100  3708.71237748    49.03598660    36.01275773     [ 1.000  3(1)] 

Overtones
---------
       E(harm)      E(anharm)        I(harm)      I(anharm)       Coef. Mode(Quanta) 
  ------------   ------------   ------------   ------------     -------------------- 
 3265.54141200  3043.18312572     0.00000000     1.01798630     [ 1.000  1(2)] 
 7620.08360000  7172.83510250     0.00000000     1.56085246     [ 1.000  2(2)] 
 7826.13884200  7318.76325234     0.00000000     0.76739903     [ 1.000  3(2)] 

Combination Bands
----------------
       E(harm)      E(anharm)        I(harm)      I(anharm)       Coef. Mode(Quanta) 
  ------------   ------------   ------------   ------------     -------------------- 
 5442.81250600  5148.98704843     0.00000000     1.06843678     [ 1.000  1(1)  2(1)] 
 5545.84012700  5207.33584306     0.00000000     5.88849938     [ 1.000  1(1)  3(1)] 
 7723.11122100  7174.22839051     0.00000000     9.42431159     [ 1.000  2(1)  3(1)] 


