mkdir: impossible de créer le répertoire « /tmp »: Le fichier existe

real	0m0.226s
user	0m0.080s
sys	0m0.076s

real	0m0.261s
user	0m0.116s
sys	0m0.092s

real	0m0.285s
user	0m0.112s
sys	0m0.108s

real	0m0.269s
user	0m0.112s
sys	0m0.096s

real	0m0.256s
user	0m0.124s
sys	0m0.084s

real	0m0.301s
user	0m0.124s
sys	0m0.116s

real	0m0.222s
user	0m0.088s
sys	0m0.084s

real	0m0.271s
user	0m0.116s
sys	0m0.092s

real	0m0.261s
user	0m0.120s
sys	0m0.084s

real	0m0.265s
user	0m0.124s
sys	0m0.092s

real	0m0.256s
user	0m0.112s
sys	0m0.092s

real	0m0.305s
user	0m0.120s
sys	0m0.112s

real	0m0.233s
user	0m0.096s
sys	0m0.080s

real	0m0.246s
user	0m0.112s
sys	0m0.080s

real	0m0.274s
user	0m0.116s
sys	0m0.096s

real	0m0.259s
user	0m0.100s
sys	0m0.104s

real	0m0.272s
user	0m0.116s
sys	0m0.096s

real	0m0.273s
user	0m0.120s
sys	0m0.096s

real	0m0.268s
user	0m0.112s
sys	0m0.100s

real	0m0.246s
user	0m0.104s
sys	0m0.096s

real	0m0.271s
user	0m0.120s
sys	0m0.100s

real	0m0.196s
user	0m0.092s
sys	0m0.064s

real	0m0.267s
user	0m0.120s
sys	0m0.088s

real	0m0.256s
user	0m0.108s
sys	0m0.084s

real	0m0.261s
user	0m0.124s
sys	0m0.084s

real	0m0.263s
user	0m0.108s
sys	0m0.096s

real	0m0.243s
user	0m0.116s
sys	0m0.076s

real	0m0.251s
user	0m0.120s
sys	0m0.072s

real	0m0.247s
user	0m0.120s
sys	0m0.080s

real	0m0.288s
user	0m0.128s
sys	0m0.104s

real	0m0.254s
user	0m0.112s
sys	0m0.088s

real	0m0.280s
user	0m0.112s
sys	0m0.116s

real	0m0.256s
user	0m0.116s
sys	0m0.088s

real	0m0.244s
user	0m0.108s
sys	0m0.088s

real	0m0.259s
user	0m0.120s
sys	0m0.088s

real	0m0.257s
user	0m0.120s
sys	0m0.088s

real	0m0.259s
user	0m0.104s
sys	0m0.100s

real	0m0.250s
user	0m0.104s
sys	0m0.080s

real	0m0.228s
user	0m0.104s
sys	0m0.068s

real	0m0.274s
user	0m0.128s
sys	0m0.084s

real	0m0.228s
user	0m0.092s
sys	0m0.088s

real	0m0.234s
user	0m0.112s
sys	0m0.068s

real	0m0.265s
user	0m0.124s
sys	0m0.088s

real	0m0.222s
user	0m0.084s
sys	0m0.084s

real	0m0.268s
user	0m0.124s
sys	0m0.096s

real	0m0.280s
user	0m0.124s
sys	0m0.096s

real	0m0.230s
user	0m0.104s
sys	0m0.080s

real	0m0.232s
user	0m0.096s
sys	0m0.080s

real	0m0.281s
user	0m0.116s
sys	0m0.104s

real	0m0.246s
user	0m0.120s
sys	0m0.076s

real	0m0.245s
user	0m0.092s
sys	0m0.096s

real	0m0.257s
user	0m0.124s
sys	0m0.080s
mkdir: impossible de créer le répertoire « /home/allouche/tmp/igvpt2_30746 »: Le fichier existe

real	0m0.280s
user	0m0.112s
sys	0m0.104s

real	0m0.261s
user	0m0.120s
sys	0m0.088s

real	0m0.283s
user	0m0.124s
sys	0m0.096s
