seed = -1
----------------------------------------------------------
runType=VPT2
model=GENERIC
----------------------------------------------------------

nFrequencies=3
VPT2 model : GVPT2

Gradients
END

Hessian
1 1      1609.5100000000
2 2      3604.1500000000
3 3      3796.7400000000
END

Cubic
1 1 1      -242.7441930000
1 1 2       255.4369600000
1 1 3        14.1904400000
2 2 1       139.1185630000
2 2 2     -1792.8780770000
2 2 3       157.7930460000
3 3 1       344.8052760000
3 3 2     -1734.0705940000
3 3 3      -433.0859860000
END

Quartic
1 1 1 1      -238.6403900000
1 1 1 2      -118.3319010000
1 1 1 3       -48.1392810000
2 2 1 1      -269.1998630000
2 2 2 1       150.7691770000
2 2 2 2       794.3977520000
2 2 2 3       128.0015370000
3 3 1 1      -332.0103440000
3 3 2 2       747.0575990000
3 3 3 1        14.2797440000
3 3 3 2      -142.2310650000
3 3 3 3       778.1029600000
END

Coriolis
END

Rotation constants
1         1.0000000000
2         1.0000000000
3         1.0000000000
END
nFrequencies=3
nDim=3
VPT2 Properties model : GVPT2 : Gaussian method

First derivatives
1 1        -0.0020860000
1 2         0.0086350000
1 3         0.0006180000
2 1         0.0294990000
2 2         0.1918320000
2 3        -2.3229420000
3 1         3.9811160000
3 2         0.1268270000
3 3         0.0202870000
END


Second derivatives
1 1 1        -0.0128760000
1 1 2         0.0289020000
1 1 3         0.0049440000
1 2 1         0.0289020000
1 2 2        -0.0739250000
1 3 1         0.0049440000
1 3 3        -0.0644600000
2 1 1         0.1144540000
2 1 2         3.2225850000
2 1 3       -39.1147980000
2 2 1         3.2225850000
2 2 2        -2.6672310000
2 2 3        15.7918500000
2 3 1       -39.1147980000
2 3 2        15.7918500000
2 3 3         2.5474440000
3 1 1        38.3200720000
3 1 2       -16.3128310000
3 1 3        -1.2607310000
3 2 1       -16.3128310000
3 2 2        15.8106850000
3 2 3         1.5573600000
3 3 1        -1.2607310000
3 3 2         1.5573600000
3 3 3        -2.8341400000
END


Cubic derivatives
1 1 1 1        -3.3577150000
1 1 1 2        -2.3190300000
1 1 2 1        -2.3190300000
1 1 2 2        -6.9405030000
1 2 1 1        -2.3190300000
1 2 1 2        -6.9405030000
1 2 2 1        -6.9405030000
1 2 2 2        -4.7602190000
1 2 2 3         1.7766350000
1 2 3 2         1.7766350000
1 2 3 3         1.8234850000
1 3 2 2         1.7766350000
1 3 2 3         1.8234850000
1 3 3 2         1.8234850000
1 3 3 3        -0.2339460000
2 1 1 1         4.1971440000
2 1 1 2        13.1411690000
2 1 1 3      -152.7284090000
2 1 2 1        13.1411690000
2 1 2 2         1.1567500000
2 1 3 1      -152.7284090000
2 1 3 3        -1.8278430000
2 2 1 1        13.1411690000
2 2 1 2         1.1567500000
2 2 2 1         1.1567500000
2 2 2 2         8.4385710000
2 2 2 3       -36.4210230000
2 2 3 2       -36.4210230000
2 2 3 3        26.4405370000
2 3 1 1      -152.7284090000
2 3 1 3        -1.8278430000
2 3 2 2       -36.4210230000
2 3 2 3        26.4405370000
2 3 3 1        -1.8278430000
2 3 3 2        26.4405370000
2 3 3 3      -375.0160100000
3 1 1 1       -83.3617380000
3 1 1 2      -488.9288060000
3 1 1 3       -41.2565050000
3 1 2 1      -488.9288060000
3 1 2 2       148.6424350000
3 1 3 1       -41.2565050000
3 1 3 3      -192.5328200000
3 2 1 1      -488.9288060000
3 2 1 2       148.6424350000
3 2 2 1       148.6424350000
3 2 2 2      -206.2040480000
3 2 2 3         7.9948590000
3 2 3 2         7.9948590000
3 2 3 3      -148.6140540000
3 3 1 1       -41.2565050000
3 3 1 3      -192.5328200000
3 3 2 2         7.9948590000
3 3 2 3      -148.6140540000
3 3 3 1      -192.5328200000
3 3 3 2      -148.6140540000
3 3 3 3       -40.7066660000
END

nFrequencies 3
nStates 10
State n 1	0 0 0 
State n 2	1 0 0 
State n 3	0 1 0 
State n 4	0 0 1 
State n 5	2 0 0 
State n 6	0 2 0 
State n 7	0 0 2 
State n 8	1 1 0 
State n 9	1 0 1 
State n 10	0 1 1 

Xkl (cm^-1) by VPT2+K model
1 1       -26.6031254099
1 2       -11.1598408581
1 3       -42.9308268482
2 1       -11.1598408581
2 2       -45.3786724501
2 3      -160.8218418608
3 1       -42.9308268482
3 2      -160.8218418608
3 3       -54.6571497454
END

C=30.288692

Diagonal of H (cm^-1) by VPT2+K model
     4419.8121357069         0.0000000000 
     5949.0705510340      1529.2584153271  1(1) 
     7847.2139494473      3427.4018137404  2(1) 
     8005.3615018617      3585.5493661548  3(1) 
     7425.1227155413      3005.3105798344  1(2) 
    11183.8584182876      6764.0462825807  2(2) 
    11481.5965685257      7061.7844328188  3(2) 
     9365.3125239163      4945.5003882094  1(1)  2(1) 
     9491.6890903406      5071.8769546337  1(1)  3(1) 
    11271.9414737413      6852.1293380344  2(1)  3(1) 
END


Resonance Matrix (cm^-1) by VPT2+K model
========================================
 Fermi Resonances terms :
 0 Fermi Resonances 
----------------------------------------------------------------------------------------------------

 Darling-Dennison Resonances terms :
 0 Darling-Dennison Resonances 
----------------------------------------------------------------------------------------------------

END



Results
========================
       E(harm)      E(anharm)     Mode(Quanta), Coef 
       -------      ---------     ---------------- 
    0.00000000     0.00000000     [ 1.000] 
 1609.51000000  1529.25841533     [ 1.000  1(1)] 
 3219.02000000  3005.31057983     [ 1.000  1(2)] 
 3604.15000000  3427.40181374     [ 1.000  2(1)] 
 3796.74000000  3585.54936615     [ 1.000  3(1)] 
 5213.66000000  4945.50038821     [ 1.000  1(1)  2(1)] 
 5406.25000000  5071.87695463     [ 1.000  1(1)  3(1)] 
 7208.30000000  6764.04628258     [ 1.000  2(2)] 
 7400.89000000  6852.12933803     [ 1.000  2(1)  3(1)] 
 7593.48000000  7061.78443282     [ 1.000  3(2)] 



Results With intensities
========================
       E(harm)      E(anharm)        I(harm)      I(anharm)     Coef Mode(Quanta) 
       -------      ---------        -------      ---------     ---------------- 
    0.00000000     0.00000000     0.00000000     0.00000000     [ 1.000] 
 1609.51000000  1529.25841533   128.33957809   122.64307272     [ 1.000  1(1)] 
 3219.02000000  3005.31057983     0.00000000     1.98968405     [ 1.000  1(2)] 
 3604.15000000  3427.40181374     0.42881318     1.03164704     [ 1.000  2(1)] 
 3796.74000000  3585.54936615    43.69551538    36.85577273     [ 1.000  3(1)] 
 5213.66000000  4945.50038821     0.00000000     0.55133275     [ 1.000  1(1)  2(1)] 
 5406.25000000  5071.87695463     0.00000000     7.53673733     [ 1.000  1(1)  3(1)] 
 7208.30000000  6764.04628258     0.00000000     0.32407238     [ 1.000  2(2)] 
 7400.89000000  6852.12933803     0.00000000     3.04104092     [ 1.000  2(1)  3(1)] 
 7593.48000000  7061.78443282     0.00000000     0.03967917     [ 1.000  3(2)] 



Results With intensities
========================

Fundamental Bands
-----------------
       E(harm)      E(anharm)        I(harm)      I(anharm)       Coef. Mode(Quanta) 
  ------------   ------------   ------------   ------------     -------------------- 
 1609.51000000  1529.25841533   128.33957809   122.64307272     [ 1.000  1(1)] 
 3604.15000000  3427.40181374     0.42881318     1.03164704     [ 1.000  2(1)] 
 3796.74000000  3585.54936615    43.69551538    36.85577273     [ 1.000  3(1)] 

Overtones
---------
       E(harm)      E(anharm)        I(harm)      I(anharm)       Coef. Mode(Quanta) 
  ------------   ------------   ------------   ------------     -------------------- 
 3219.02000000  3005.31057983     0.00000000     1.98968405     [ 1.000  1(2)] 
 7208.30000000  6764.04628258     0.00000000     0.32407238     [ 1.000  2(2)] 
 7593.48000000  7061.78443282     0.00000000     0.03967917     [ 1.000  3(2)] 

Combination Bands
----------------
       E(harm)      E(anharm)        I(harm)      I(anharm)       Coef. Mode(Quanta) 
  ------------   ------------   ------------   ------------     -------------------- 
 5213.66000000  4945.50038821     0.00000000     0.55133275     [ 1.000  1(1)  2(1)] 
 5406.25000000  5071.87695463     0.00000000     7.53673733     [ 1.000  1(1)  3(1)] 
 7400.89000000  6852.12933803     0.00000000     3.04104092     [ 1.000  2(1)  3(1)] 


